[1.335s] Invoking command in '/home/srinjoy/hb_task2_ws/src/eYRC-2023_Hologlyph_Bots/hb_task2a': PYTHONPATH=/home/srinjoy/hb_task2_ws/build/hb_task2a/prefix_override:/home/srinjoy/hb_task2_ws/install/hb_task2a/lib/python3.10/site-packages:${PYTHONPATH} /usr/bin/python3 setup.py egg_info --egg-base ../../../build/hb_task2a build --build-base /home/srinjoy/hb_task2_ws/build/hb_task2a/build install --record /home/srinjoy/hb_task2_ws/build/hb_task2a/install.log --single-version-externally-managed
[1.575s] running egg_info
[1.576s] creating ../../../build/hb_task2a/hb_task2a.egg-info
[1.576s] writing ../../../build/hb_task2a/hb_task2a.egg-info/PKG-INFO
[1.577s] writing dependency_links to ../../../build/hb_task2a/hb_task2a.egg-info/dependency_links.txt
[1.577s] writing entry points to ../../../build/hb_task2a/hb_task2a.egg-info/entry_points.txt
[1.577s] writing requirements to ../../../build/hb_task2a/hb_task2a.egg-info/requires.txt
[1.577s] writing top-level names to ../../../build/hb_task2a/hb_task2a.egg-info/top_level.txt
[1.577s] writing manifest file '../../../build/hb_task2a/hb_task2a.egg-info/SOURCES.txt'
[1.579s] reading manifest file '../../../build/hb_task2a/hb_task2a.egg-info/SOURCES.txt'
[1.580s] writing manifest file '../../../build/hb_task2a/hb_task2a.egg-info/SOURCES.txt'
[1.580s] running build
[1.580s] running build_py
[1.580s] creating /home/srinjoy/hb_task2_ws/build/hb_task2a/build
[1.581s] creating /home/srinjoy/hb_task2_ws/build/hb_task2a/build/lib
[1.581s] creating /home/srinjoy/hb_task2_ws/build/hb_task2a/build/lib/hb_task2a
[1.581s] copying hb_task2a/__init__.py -> /home/srinjoy/hb_task2_ws/build/hb_task2a/build/lib/hb_task2a
[1.581s] running install
[1.581s] /usr/lib/python3/dist-packages/setuptools/command/install.py:34: SetuptoolsDeprecationWarning: setup.py install is deprecated. Use build and pip and other standards-based tools.
[1.581s]   warnings.warn(
[1.581s] running install_lib
[1.583s] creating /home/srinjoy/hb_task2_ws/install/hb_task2a/lib/python3.10/site-packages/hb_task2a
[1.583s] copying /home/srinjoy/hb_task2_ws/build/hb_task2a/build/lib/hb_task2a/__init__.py -> /home/srinjoy/hb_task2_ws/install/hb_task2a/lib/python3.10/site-packages/hb_task2a
[1.583s] byte-compiling /home/srinjoy/hb_task2_ws/install/hb_task2a/lib/python3.10/site-packages/hb_task2a/__init__.py to __init__.cpython-310.pyc
[1.584s] running install_data
[1.584s] creating /home/srinjoy/hb_task2_ws/install/hb_task2a/share/ament_index
[1.584s] creating /home/srinjoy/hb_task2_ws/install/hb_task2a/share/ament_index/resource_index
[1.585s] creating /home/srinjoy/hb_task2_ws/install/hb_task2a/share/ament_index/resource_index/packages
[1.585s] copying resource/hb_task2a -> /home/srinjoy/hb_task2_ws/install/hb_task2a/share/ament_index/resource_index/packages
[1.585s] copying package.xml -> /home/srinjoy/hb_task2_ws/install/hb_task2a/share/hb_task2a
[1.585s] creating /home/srinjoy/hb_task2_ws/install/hb_task2a/share/hb_task2a/launch
[1.585s] copying launch/task2a.launch.py -> /home/srinjoy/hb_task2_ws/install/hb_task2a/share/hb_task2a/launch
[1.585s] creating /home/srinjoy/hb_task2_ws/install/hb_task2a/share/hb_task2a/scripts
[1.585s] copying scripts/controller.py -> /home/srinjoy/hb_task2_ws/install/hb_task2a/share/hb_task2a/scripts
[1.585s] copying scripts/service_node.py -> /home/srinjoy/hb_task2_ws/install/hb_task2a/share/hb_task2a/scripts
[1.585s] copying scripts/feedback.py -> /home/srinjoy/hb_task2_ws/install/hb_task2a/share/hb_task2a/scripts
[1.585s] running install_egg_info
[1.587s] Copying ../../../build/hb_task2a/hb_task2a.egg-info to /home/srinjoy/hb_task2_ws/install/hb_task2a/lib/python3.10/site-packages/hb_task2a-0.0.0-py3.10.egg-info
[1.588s] running install_scripts
[1.608s] Installing feedback script to /home/srinjoy/hb_task2_ws/install/hb_task2a/lib/hb_task2a
[1.608s] writing list of installed files to '/home/srinjoy/hb_task2_ws/build/hb_task2a/install.log'
[1.658s] Invoked command in '/home/srinjoy/hb_task2_ws/src/eYRC-2023_Hologlyph_Bots/hb_task2a' returned '0': PYTHONPATH=/home/srinjoy/hb_task2_ws/build/hb_task2a/prefix_override:/home/srinjoy/hb_task2_ws/install/hb_task2a/lib/python3.10/site-packages:${PYTHONPATH} /usr/bin/python3 setup.py egg_info --egg-base ../../../build/hb_task2a build --build-base /home/srinjoy/hb_task2_ws/build/hb_task2a/build install --record /home/srinjoy/hb_task2_ws/build/hb_task2a/install.log --single-version-externally-managed
