[1.307s] DEBUG:colcon:Command line arguments: ['/usr/bin/colcon', 'build', '--symlink-install']
[1.307s] DEBUG:colcon:Parsed command line arguments: Namespace(log_base=None, log_level=None, verb_name='build', build_base='build', install_base='install', merge_install=False, symlink_install=True, test_result_base=None, continue_on_error=False, executor='parallel', parallel_workers=12, event_handlers=None, ignore_user_meta=False, metas=['./colcon.meta'], base_paths=['.'], packages_ignore=None, packages_ignore_regex=None, paths=None, packages_up_to=None, packages_up_to_regex=None, packages_above=None, packages_above_and_dependencies=None, packages_above_depth=None, packages_select_by_dep=None, packages_skip_by_dep=None, packages_skip_up_to=None, packages_select_build_failed=False, packages_skip_build_finished=False, packages_select_test_failures=False, packages_skip_test_passed=False, packages_select=None, packages_skip=None, packages_select_regex=None, packages_skip_regex=None, packages_start=None, packages_end=None, allow_overriding=[], cmake_args=None, cmake_target=None, cmake_target_skip_unavailable=False, cmake_clean_cache=False, cmake_clean_first=False, cmake_force_configure=False, ament_cmake_args=None, catkin_cmake_args=None, catkin_skip_building_tests=False, mixin_files=None, mixin=None, verb_parser=<colcon_mixin.mixin.mixin_argument.MixinArgumentDecorator object at 0x7f0e1006a860>, verb_extension=<colcon_core.verb.build.BuildVerb object at 0x7f0e102e4820>, main=<bound method BuildVerb.main of <colcon_core.verb.build.BuildVerb object at 0x7f0e102e4820>>, mixin_verb=('build',))
[1.362s] Level 1:colcon.colcon_core.package_discovery:discover_packages(colcon_meta) check parameters
[1.363s] Level 1:colcon.colcon_core.package_discovery:discover_packages(recursive) check parameters
[1.363s] Level 1:colcon.colcon_core.package_discovery:discover_packages(ignore) check parameters
[1.363s] Level 1:colcon.colcon_core.package_discovery:discover_packages(path) check parameters
[1.363s] Level 1:colcon.colcon_core.package_discovery:discover_packages(colcon_meta) discover
[1.363s] Level 1:colcon.colcon_core.package_discovery:discover_packages(recursive) discover
[1.363s] INFO:colcon.colcon_core.package_discovery:Crawling recursively for packages in '/home/srinjoy/hb_task2_ws'
[1.363s] Level 1:colcon.colcon_core.package_identification:_identify(.) by extensions ['ignore', 'ignore_ament_install']
[1.363s] Level 1:colcon.colcon_core.package_identification:_identify(.) by extension 'ignore'
[1.363s] Level 1:colcon.colcon_core.package_identification:_identify(.) by extension 'ignore_ament_install'
[1.363s] Level 1:colcon.colcon_core.package_identification:_identify(.) by extensions ['colcon_pkg']
[1.363s] Level 1:colcon.colcon_core.package_identification:_identify(.) by extension 'colcon_pkg'
[1.363s] Level 1:colcon.colcon_core.package_identification:_identify(.) by extensions ['colcon_meta']
[1.363s] Level 1:colcon.colcon_core.package_identification:_identify(.) by extension 'colcon_meta'
[1.363s] Level 1:colcon.colcon_core.package_identification:_identify(.) by extensions ['ros']
[1.363s] Level 1:colcon.colcon_core.package_identification:_identify(.) by extension 'ros'
[1.373s] Level 1:colcon.colcon_core.package_identification:_identify(.) by extensions ['cmake', 'python']
[1.373s] Level 1:colcon.colcon_core.package_identification:_identify(.) by extension 'cmake'
[1.373s] Level 1:colcon.colcon_core.package_identification:_identify(.) by extension 'python'
[1.373s] Level 1:colcon.colcon_core.package_identification:_identify(.) by extensions ['python_setup_py']
[1.373s] Level 1:colcon.colcon_core.package_identification:_identify(.) by extension 'python_setup_py'
[1.373s] Level 1:colcon.colcon_core.package_identification:_identify(build) by extensions ['ignore', 'ignore_ament_install']
[1.373s] Level 1:colcon.colcon_core.package_identification:_identify(build) by extension 'ignore'
[1.373s] Level 1:colcon.colcon_core.package_identification:_identify(build) ignored
[1.373s] Level 1:colcon.colcon_core.package_identification:_identify(install) by extensions ['ignore', 'ignore_ament_install']
[1.373s] Level 1:colcon.colcon_core.package_identification:_identify(install) by extension 'ignore'
[1.373s] Level 1:colcon.colcon_core.package_identification:_identify(install) ignored
[1.373s] Level 1:colcon.colcon_core.package_identification:_identify(log) by extensions ['ignore', 'ignore_ament_install']
[1.373s] Level 1:colcon.colcon_core.package_identification:_identify(log) by extension 'ignore'
[1.373s] Level 1:colcon.colcon_core.package_identification:_identify(log) ignored
[1.373s] Level 1:colcon.colcon_core.package_identification:_identify(src) by extensions ['ignore', 'ignore_ament_install']
[1.373s] Level 1:colcon.colcon_core.package_identification:_identify(src) by extension 'ignore'
[1.373s] Level 1:colcon.colcon_core.package_identification:_identify(src) by extension 'ignore_ament_install'
[1.373s] Level 1:colcon.colcon_core.package_identification:_identify(src) by extensions ['colcon_pkg']
[1.374s] Level 1:colcon.colcon_core.package_identification:_identify(src) by extension 'colcon_pkg'
[1.374s] Level 1:colcon.colcon_core.package_identification:_identify(src) by extensions ['colcon_meta']
[1.374s] Level 1:colcon.colcon_core.package_identification:_identify(src) by extension 'colcon_meta'
[1.374s] Level 1:colcon.colcon_core.package_identification:_identify(src) by extensions ['ros']
[1.374s] Level 1:colcon.colcon_core.package_identification:_identify(src) by extension 'ros'
[1.374s] Level 1:colcon.colcon_core.package_identification:_identify(src) by extensions ['cmake', 'python']
[1.374s] Level 1:colcon.colcon_core.package_identification:_identify(src) by extension 'cmake'
[1.374s] Level 1:colcon.colcon_core.package_identification:_identify(src) by extension 'python'
[1.374s] Level 1:colcon.colcon_core.package_identification:_identify(src) by extensions ['python_setup_py']
[1.374s] Level 1:colcon.colcon_core.package_identification:_identify(src) by extension 'python_setup_py'
[1.374s] Level 1:colcon.colcon_core.package_identification:_identify(src/eYRC-2023_Hologlyph_Bots) by extensions ['ignore', 'ignore_ament_install']
[1.374s] Level 1:colcon.colcon_core.package_identification:_identify(src/eYRC-2023_Hologlyph_Bots) by extension 'ignore'
[1.374s] Level 1:colcon.colcon_core.package_identification:_identify(src/eYRC-2023_Hologlyph_Bots) by extension 'ignore_ament_install'
[1.374s] Level 1:colcon.colcon_core.package_identification:_identify(src/eYRC-2023_Hologlyph_Bots) by extensions ['colcon_pkg']
[1.374s] Level 1:colcon.colcon_core.package_identification:_identify(src/eYRC-2023_Hologlyph_Bots) by extension 'colcon_pkg'
[1.374s] Level 1:colcon.colcon_core.package_identification:_identify(src/eYRC-2023_Hologlyph_Bots) by extensions ['colcon_meta']
[1.374s] Level 1:colcon.colcon_core.package_identification:_identify(src/eYRC-2023_Hologlyph_Bots) by extension 'colcon_meta'
[1.374s] Level 1:colcon.colcon_core.package_identification:_identify(src/eYRC-2023_Hologlyph_Bots) by extensions ['ros']
[1.374s] Level 1:colcon.colcon_core.package_identification:_identify(src/eYRC-2023_Hologlyph_Bots) by extension 'ros'
[1.374s] Level 1:colcon.colcon_core.package_identification:_identify(src/eYRC-2023_Hologlyph_Bots) by extensions ['cmake', 'python']
[1.374s] Level 1:colcon.colcon_core.package_identification:_identify(src/eYRC-2023_Hologlyph_Bots) by extension 'cmake'
[1.374s] Level 1:colcon.colcon_core.package_identification:_identify(src/eYRC-2023_Hologlyph_Bots) by extension 'python'
[1.374s] Level 1:colcon.colcon_core.package_identification:_identify(src/eYRC-2023_Hologlyph_Bots) by extensions ['python_setup_py']
[1.374s] Level 1:colcon.colcon_core.package_identification:_identify(src/eYRC-2023_Hologlyph_Bots) by extension 'python_setup_py'
[1.374s] Level 1:colcon.colcon_core.package_identification:_identify(src/eYRC-2023_Hologlyph_Bots/hb_bot) by extensions ['ignore', 'ignore_ament_install']
[1.374s] Level 1:colcon.colcon_core.package_identification:_identify(src/eYRC-2023_Hologlyph_Bots/hb_bot) by extension 'ignore'
[1.375s] Level 1:colcon.colcon_core.package_identification:_identify(src/eYRC-2023_Hologlyph_Bots/hb_bot) by extension 'ignore_ament_install'
[1.375s] Level 1:colcon.colcon_core.package_identification:_identify(src/eYRC-2023_Hologlyph_Bots/hb_bot) by extensions ['colcon_pkg']
[1.375s] Level 1:colcon.colcon_core.package_identification:_identify(src/eYRC-2023_Hologlyph_Bots/hb_bot) by extension 'colcon_pkg'
[1.375s] Level 1:colcon.colcon_core.package_identification:_identify(src/eYRC-2023_Hologlyph_Bots/hb_bot) by extensions ['colcon_meta']
[1.375s] Level 1:colcon.colcon_core.package_identification:_identify(src/eYRC-2023_Hologlyph_Bots/hb_bot) by extension 'colcon_meta'
[1.375s] Level 1:colcon.colcon_core.package_identification:_identify(src/eYRC-2023_Hologlyph_Bots/hb_bot) by extensions ['ros']
[1.375s] Level 1:colcon.colcon_core.package_identification:_identify(src/eYRC-2023_Hologlyph_Bots/hb_bot) by extension 'ros'
[1.377s] DEBUG:colcon.colcon_core.package_identification:Package 'src/eYRC-2023_Hologlyph_Bots/hb_bot' with type 'ros.ament_cmake' and name 'hb_bot'
[1.377s] Level 1:colcon.colcon_core.package_identification:_identify(src/eYRC-2023_Hologlyph_Bots/hb_task2a) by extensions ['ignore', 'ignore_ament_install']
[1.377s] Level 1:colcon.colcon_core.package_identification:_identify(src/eYRC-2023_Hologlyph_Bots/hb_task2a) by extension 'ignore'
[1.377s] Level 1:colcon.colcon_core.package_identification:_identify(src/eYRC-2023_Hologlyph_Bots/hb_task2a) by extension 'ignore_ament_install'
[1.377s] Level 1:colcon.colcon_core.package_identification:_identify(src/eYRC-2023_Hologlyph_Bots/hb_task2a) by extensions ['colcon_pkg']
[1.377s] Level 1:colcon.colcon_core.package_identification:_identify(src/eYRC-2023_Hologlyph_Bots/hb_task2a) by extension 'colcon_pkg'
[1.377s] Level 1:colcon.colcon_core.package_identification:_identify(src/eYRC-2023_Hologlyph_Bots/hb_task2a) by extensions ['colcon_meta']
[1.377s] Level 1:colcon.colcon_core.package_identification:_identify(src/eYRC-2023_Hologlyph_Bots/hb_task2a) by extension 'colcon_meta'
[1.377s] Level 1:colcon.colcon_core.package_identification:_identify(src/eYRC-2023_Hologlyph_Bots/hb_task2a) by extensions ['ros']
[1.377s] Level 1:colcon.colcon_core.package_identification:_identify(src/eYRC-2023_Hologlyph_Bots/hb_task2a) by extension 'ros'
[1.378s] DEBUG:colcon.colcon_core.package_identification:Package 'src/eYRC-2023_Hologlyph_Bots/hb_task2a' with type 'ros.ament_python' and name 'hb_task2a'
[1.378s] Level 1:colcon.colcon_core.package_identification:_identify(src/eYRC-2023_Hologlyph_Bots/hb_task2b) by extensions ['ignore', 'ignore_ament_install']
[1.378s] Level 1:colcon.colcon_core.package_identification:_identify(src/eYRC-2023_Hologlyph_Bots/hb_task2b) by extension 'ignore'
[1.378s] Level 1:colcon.colcon_core.package_identification:_identify(src/eYRC-2023_Hologlyph_Bots/hb_task2b) by extension 'ignore_ament_install'
[1.378s] Level 1:colcon.colcon_core.package_identification:_identify(src/eYRC-2023_Hologlyph_Bots/hb_task2b) by extensions ['colcon_pkg']
[1.378s] Level 1:colcon.colcon_core.package_identification:_identify(src/eYRC-2023_Hologlyph_Bots/hb_task2b) by extension 'colcon_pkg'
[1.378s] Level 1:colcon.colcon_core.package_identification:_identify(src/eYRC-2023_Hologlyph_Bots/hb_task2b) by extensions ['colcon_meta']
[1.378s] Level 1:colcon.colcon_core.package_identification:_identify(src/eYRC-2023_Hologlyph_Bots/hb_task2b) by extension 'colcon_meta'
[1.378s] Level 1:colcon.colcon_core.package_identification:_identify(src/eYRC-2023_Hologlyph_Bots/hb_task2b) by extensions ['ros']
[1.378s] Level 1:colcon.colcon_core.package_identification:_identify(src/eYRC-2023_Hologlyph_Bots/hb_task2b) by extension 'ros'
[1.379s] DEBUG:colcon.colcon_core.package_identification:Package 'src/eYRC-2023_Hologlyph_Bots/hb_task2b' with type 'ros.ament_python' and name 'hb_task2b'
[1.379s] Level 1:colcon.colcon_core.package_identification:_identify(src/eYRC-2023_Hologlyph_Bots/hb_world) by extensions ['ignore', 'ignore_ament_install']
[1.379s] Level 1:colcon.colcon_core.package_identification:_identify(src/eYRC-2023_Hologlyph_Bots/hb_world) by extension 'ignore'
[1.379s] Level 1:colcon.colcon_core.package_identification:_identify(src/eYRC-2023_Hologlyph_Bots/hb_world) by extension 'ignore_ament_install'
[1.379s] Level 1:colcon.colcon_core.package_identification:_identify(src/eYRC-2023_Hologlyph_Bots/hb_world) by extensions ['colcon_pkg']
[1.379s] Level 1:colcon.colcon_core.package_identification:_identify(src/eYRC-2023_Hologlyph_Bots/hb_world) by extension 'colcon_pkg'
[1.379s] Level 1:colcon.colcon_core.package_identification:_identify(src/eYRC-2023_Hologlyph_Bots/hb_world) by extensions ['colcon_meta']
[1.379s] Level 1:colcon.colcon_core.package_identification:_identify(src/eYRC-2023_Hologlyph_Bots/hb_world) by extension 'colcon_meta'
[1.379s] Level 1:colcon.colcon_core.package_identification:_identify(src/eYRC-2023_Hologlyph_Bots/hb_world) by extensions ['ros']
[1.379s] Level 1:colcon.colcon_core.package_identification:_identify(src/eYRC-2023_Hologlyph_Bots/hb_world) by extension 'ros'
[1.380s] DEBUG:colcon.colcon_core.package_identification:Package 'src/eYRC-2023_Hologlyph_Bots/hb_world' with type 'ros.ament_cmake' and name 'hb_world'
[1.380s] Level 1:colcon.colcon_core.package_identification:_identify(src/eYRC-2023_Hologlyph_Bots/my_robot_interfaces) by extensions ['ignore', 'ignore_ament_install']
[1.380s] Level 1:colcon.colcon_core.package_identification:_identify(src/eYRC-2023_Hologlyph_Bots/my_robot_interfaces) by extension 'ignore'
[1.380s] Level 1:colcon.colcon_core.package_identification:_identify(src/eYRC-2023_Hologlyph_Bots/my_robot_interfaces) by extension 'ignore_ament_install'
[1.380s] Level 1:colcon.colcon_core.package_identification:_identify(src/eYRC-2023_Hologlyph_Bots/my_robot_interfaces) by extensions ['colcon_pkg']
[1.380s] Level 1:colcon.colcon_core.package_identification:_identify(src/eYRC-2023_Hologlyph_Bots/my_robot_interfaces) by extension 'colcon_pkg'
[1.380s] Level 1:colcon.colcon_core.package_identification:_identify(src/eYRC-2023_Hologlyph_Bots/my_robot_interfaces) by extensions ['colcon_meta']
[1.380s] Level 1:colcon.colcon_core.package_identification:_identify(src/eYRC-2023_Hologlyph_Bots/my_robot_interfaces) by extension 'colcon_meta'
[1.380s] Level 1:colcon.colcon_core.package_identification:_identify(src/eYRC-2023_Hologlyph_Bots/my_robot_interfaces) by extensions ['ros']
[1.380s] Level 1:colcon.colcon_core.package_identification:_identify(src/eYRC-2023_Hologlyph_Bots/my_robot_interfaces) by extension 'ros'
[1.381s] DEBUG:colcon.colcon_core.package_identification:Package 'src/eYRC-2023_Hologlyph_Bots/my_robot_interfaces' with type 'ros.ament_cmake' and name 'my_robot_interfaces'
[1.381s] Level 1:colcon.colcon_core.package_discovery:discover_packages(recursive) using defaults
[1.381s] Level 1:colcon.colcon_core.package_discovery:discover_packages(ignore) discover
[1.381s] Level 1:colcon.colcon_core.package_discovery:discover_packages(ignore) using defaults
[1.381s] Level 1:colcon.colcon_core.package_discovery:discover_packages(path) discover
[1.381s] Level 1:colcon.colcon_core.package_discovery:discover_packages(path) using defaults
[1.472s] Level 1:colcon.colcon_core.package_discovery:discover_packages(prefix_path) check parameters
[1.472s] Level 1:colcon.colcon_core.package_discovery:discover_packages(prefix_path) discover
[1.488s] WARNING:colcon.colcon_ros.prefix_path.ament:The path '/home/srinjoy/hb_task2_ws/install/my_robot_interfaces' in the environment variable AMENT_PREFIX_PATH doesn't exist
[1.488s] WARNING:colcon.colcon_ros.prefix_path.ament:The path '/home/srinjoy/hb_task2_ws/install/hb_world' in the environment variable AMENT_PREFIX_PATH doesn't exist
[1.488s] WARNING:colcon.colcon_ros.prefix_path.ament:The path '/home/srinjoy/hb_task2_ws/install/hb_task2b' in the environment variable AMENT_PREFIX_PATH doesn't exist
[1.488s] WARNING:colcon.colcon_ros.prefix_path.ament:The path '/home/srinjoy/hb_task2_ws/install/hb_task2a' in the environment variable AMENT_PREFIX_PATH doesn't exist
[1.488s] WARNING:colcon.colcon_ros.prefix_path.ament:The path '/home/srinjoy/hb_task2_ws/install/hb_bot' in the environment variable AMENT_PREFIX_PATH doesn't exist
[1.490s] WARNING:colcon.colcon_ros.prefix_path.catkin:The path '/home/srinjoy/hb_task2_ws/install/my_robot_interfaces' in the environment variable CMAKE_PREFIX_PATH doesn't exist
[1.490s] WARNING:colcon.colcon_ros.prefix_path.catkin:The path '/home/srinjoy/hb_task2_ws/install/hb_world' in the environment variable CMAKE_PREFIX_PATH doesn't exist
[1.490s] WARNING:colcon.colcon_ros.prefix_path.catkin:The path '/home/srinjoy/hb_task2_ws/install/hb_bot' in the environment variable CMAKE_PREFIX_PATH doesn't exist
[1.506s] DEBUG:colcon.colcon_installed_package_information.package_discovery:Found 33 installed packages in /home/srinjoy/ws_moveit/install
[1.521s] DEBUG:colcon.colcon_installed_package_information.package_discovery:Found 0 installed packages in /home/srinjoy/hb_task2_ws/install
[1.538s] DEBUG:colcon.colcon_installed_package_information.package_discovery:Found 329 installed packages in /opt/ros/humble
[1.539s] Level 1:colcon.colcon_core.package_discovery:discover_packages(prefix_path) using defaults
[1.627s] Level 5:colcon.colcon_core.verb:set package 'hb_bot' build argument 'cmake_args' from command line to 'None'
[1.628s] Level 5:colcon.colcon_core.verb:set package 'hb_bot' build argument 'cmake_target' from command line to 'None'
[1.628s] Level 5:colcon.colcon_core.verb:set package 'hb_bot' build argument 'cmake_target_skip_unavailable' from command line to 'False'
[1.628s] Level 5:colcon.colcon_core.verb:set package 'hb_bot' build argument 'cmake_clean_cache' from command line to 'False'
[1.628s] Level 5:colcon.colcon_core.verb:set package 'hb_bot' build argument 'cmake_clean_first' from command line to 'False'
[1.628s] Level 5:colcon.colcon_core.verb:set package 'hb_bot' build argument 'cmake_force_configure' from command line to 'False'
[1.628s] Level 5:colcon.colcon_core.verb:set package 'hb_bot' build argument 'ament_cmake_args' from command line to 'None'
[1.628s] Level 5:colcon.colcon_core.verb:set package 'hb_bot' build argument 'catkin_cmake_args' from command line to 'None'
[1.628s] Level 5:colcon.colcon_core.verb:set package 'hb_bot' build argument 'catkin_skip_building_tests' from command line to 'False'
[1.628s] DEBUG:colcon.colcon_core.verb:Building package 'hb_bot' with the following arguments: {'ament_cmake_args': None, 'build_base': '/home/srinjoy/hb_task2_ws/build/hb_bot', 'catkin_cmake_args': None, 'catkin_skip_building_tests': False, 'cmake_args': None, 'cmake_clean_cache': False, 'cmake_clean_first': False, 'cmake_force_configure': False, 'cmake_target': None, 'cmake_target_skip_unavailable': False, 'install_base': '/home/srinjoy/hb_task2_ws/install/hb_bot', 'merge_install': False, 'path': '/home/srinjoy/hb_task2_ws/src/eYRC-2023_Hologlyph_Bots/hb_bot', 'symlink_install': True, 'test_result_base': None}
[1.643s] Level 5:colcon.colcon_core.verb:set package 'hb_task2a' build argument 'cmake_args' from command line to 'None'
[1.643s] Level 5:colcon.colcon_core.verb:set package 'hb_task2a' build argument 'cmake_target' from command line to 'None'
[1.643s] Level 5:colcon.colcon_core.verb:set package 'hb_task2a' build argument 'cmake_target_skip_unavailable' from command line to 'False'
[1.643s] Level 5:colcon.colcon_core.verb:set package 'hb_task2a' build argument 'cmake_clean_cache' from command line to 'False'
[1.643s] Level 5:colcon.colcon_core.verb:set package 'hb_task2a' build argument 'cmake_clean_first' from command line to 'False'
[1.643s] Level 5:colcon.colcon_core.verb:set package 'hb_task2a' build argument 'cmake_force_configure' from command line to 'False'
[1.643s] Level 5:colcon.colcon_core.verb:set package 'hb_task2a' build argument 'ament_cmake_args' from command line to 'None'
[1.643s] Level 5:colcon.colcon_core.verb:set package 'hb_task2a' build argument 'catkin_cmake_args' from command line to 'None'
[1.643s] Level 5:colcon.colcon_core.verb:set package 'hb_task2a' build argument 'catkin_skip_building_tests' from command line to 'False'
[1.643s] DEBUG:colcon.colcon_core.verb:Building package 'hb_task2a' with the following arguments: {'ament_cmake_args': None, 'build_base': '/home/srinjoy/hb_task2_ws/build/hb_task2a', 'catkin_cmake_args': None, 'catkin_skip_building_tests': False, 'cmake_args': None, 'cmake_clean_cache': False, 'cmake_clean_first': False, 'cmake_force_configure': False, 'cmake_target': None, 'cmake_target_skip_unavailable': False, 'install_base': '/home/srinjoy/hb_task2_ws/install/hb_task2a', 'merge_install': False, 'path': '/home/srinjoy/hb_task2_ws/src/eYRC-2023_Hologlyph_Bots/hb_task2a', 'symlink_install': True, 'test_result_base': None}
[1.658s] Level 5:colcon.colcon_core.verb:set package 'hb_task2b' build argument 'cmake_args' from command line to 'None'
[1.658s] Level 5:colcon.colcon_core.verb:set package 'hb_task2b' build argument 'cmake_target' from command line to 'None'
[1.658s] Level 5:colcon.colcon_core.verb:set package 'hb_task2b' build argument 'cmake_target_skip_unavailable' from command line to 'False'
[1.658s] Level 5:colcon.colcon_core.verb:set package 'hb_task2b' build argument 'cmake_clean_cache' from command line to 'False'
[1.658s] Level 5:colcon.colcon_core.verb:set package 'hb_task2b' build argument 'cmake_clean_first' from command line to 'False'
[1.659s] Level 5:colcon.colcon_core.verb:set package 'hb_task2b' build argument 'cmake_force_configure' from command line to 'False'
[1.659s] Level 5:colcon.colcon_core.verb:set package 'hb_task2b' build argument 'ament_cmake_args' from command line to 'None'
[1.659s] Level 5:colcon.colcon_core.verb:set package 'hb_task2b' build argument 'catkin_cmake_args' from command line to 'None'
[1.659s] Level 5:colcon.colcon_core.verb:set package 'hb_task2b' build argument 'catkin_skip_building_tests' from command line to 'False'
[1.659s] DEBUG:colcon.colcon_core.verb:Building package 'hb_task2b' with the following arguments: {'ament_cmake_args': None, 'build_base': '/home/srinjoy/hb_task2_ws/build/hb_task2b', 'catkin_cmake_args': None, 'catkin_skip_building_tests': False, 'cmake_args': None, 'cmake_clean_cache': False, 'cmake_clean_first': False, 'cmake_force_configure': False, 'cmake_target': None, 'cmake_target_skip_unavailable': False, 'install_base': '/home/srinjoy/hb_task2_ws/install/hb_task2b', 'merge_install': False, 'path': '/home/srinjoy/hb_task2_ws/src/eYRC-2023_Hologlyph_Bots/hb_task2b', 'symlink_install': True, 'test_result_base': None}
[1.674s] Level 5:colcon.colcon_core.verb:set package 'hb_world' build argument 'cmake_args' from command line to 'None'
[1.674s] Level 5:colcon.colcon_core.verb:set package 'hb_world' build argument 'cmake_target' from command line to 'None'
[1.674s] Level 5:colcon.colcon_core.verb:set package 'hb_world' build argument 'cmake_target_skip_unavailable' from command line to 'False'
[1.674s] Level 5:colcon.colcon_core.verb:set package 'hb_world' build argument 'cmake_clean_cache' from command line to 'False'
[1.674s] Level 5:colcon.colcon_core.verb:set package 'hb_world' build argument 'cmake_clean_first' from command line to 'False'
[1.674s] Level 5:colcon.colcon_core.verb:set package 'hb_world' build argument 'cmake_force_configure' from command line to 'False'
[1.674s] Level 5:colcon.colcon_core.verb:set package 'hb_world' build argument 'ament_cmake_args' from command line to 'None'
[1.674s] Level 5:colcon.colcon_core.verb:set package 'hb_world' build argument 'catkin_cmake_args' from command line to 'None'
[1.674s] Level 5:colcon.colcon_core.verb:set package 'hb_world' build argument 'catkin_skip_building_tests' from command line to 'False'
[1.674s] DEBUG:colcon.colcon_core.verb:Building package 'hb_world' with the following arguments: {'ament_cmake_args': None, 'build_base': '/home/srinjoy/hb_task2_ws/build/hb_world', 'catkin_cmake_args': None, 'catkin_skip_building_tests': False, 'cmake_args': None, 'cmake_clean_cache': False, 'cmake_clean_first': False, 'cmake_force_configure': False, 'cmake_target': None, 'cmake_target_skip_unavailable': False, 'install_base': '/home/srinjoy/hb_task2_ws/install/hb_world', 'merge_install': False, 'path': '/home/srinjoy/hb_task2_ws/src/eYRC-2023_Hologlyph_Bots/hb_world', 'symlink_install': True, 'test_result_base': None}
[1.689s] Level 5:colcon.colcon_core.verb:set package 'my_robot_interfaces' build argument 'cmake_args' from command line to 'None'
[1.690s] Level 5:colcon.colcon_core.verb:set package 'my_robot_interfaces' build argument 'cmake_target' from command line to 'None'
[1.690s] Level 5:colcon.colcon_core.verb:set package 'my_robot_interfaces' build argument 'cmake_target_skip_unavailable' from command line to 'False'
[1.690s] Level 5:colcon.colcon_core.verb:set package 'my_robot_interfaces' build argument 'cmake_clean_cache' from command line to 'False'
[1.690s] Level 5:colcon.colcon_core.verb:set package 'my_robot_interfaces' build argument 'cmake_clean_first' from command line to 'False'
[1.690s] Level 5:colcon.colcon_core.verb:set package 'my_robot_interfaces' build argument 'cmake_force_configure' from command line to 'False'
[1.690s] Level 5:colcon.colcon_core.verb:set package 'my_robot_interfaces' build argument 'ament_cmake_args' from command line to 'None'
[1.690s] Level 5:colcon.colcon_core.verb:set package 'my_robot_interfaces' build argument 'catkin_cmake_args' from command line to 'None'
[1.690s] Level 5:colcon.colcon_core.verb:set package 'my_robot_interfaces' build argument 'catkin_skip_building_tests' from command line to 'False'
[1.690s] DEBUG:colcon.colcon_core.verb:Building package 'my_robot_interfaces' with the following arguments: {'ament_cmake_args': None, 'build_base': '/home/srinjoy/hb_task2_ws/build/my_robot_interfaces', 'catkin_cmake_args': None, 'catkin_skip_building_tests': False, 'cmake_args': None, 'cmake_clean_cache': False, 'cmake_clean_first': False, 'cmake_force_configure': False, 'cmake_target': None, 'cmake_target_skip_unavailable': False, 'install_base': '/home/srinjoy/hb_task2_ws/install/my_robot_interfaces', 'merge_install': False, 'path': '/home/srinjoy/hb_task2_ws/src/eYRC-2023_Hologlyph_Bots/my_robot_interfaces', 'symlink_install': True, 'test_result_base': None}
[1.705s] INFO:colcon.colcon_core.executor:Executing jobs using 'parallel' executor
[1.721s] DEBUG:colcon.colcon_parallel_executor.executor.parallel:run_until_complete
[1.721s] INFO:colcon.colcon_ros.task.ament_cmake.build:Building ROS package in '/home/srinjoy/hb_task2_ws/src/eYRC-2023_Hologlyph_Bots/hb_bot' with build type 'ament_cmake'
[1.721s] INFO:colcon.colcon_cmake.task.cmake.build:Building CMake package in '/home/srinjoy/hb_task2_ws/src/eYRC-2023_Hologlyph_Bots/hb_bot'
[1.737s] INFO:colcon.colcon_core.plugin_system:Skipping extension 'colcon_core.shell.bat': Not used on non-Windows systems
[1.737s] INFO:colcon.colcon_core.shell:Skip shell extension 'powershell' for command environment: Not usable outside of PowerShell
[1.738s] DEBUG:colcon.colcon_core.shell:Skip shell extension 'dsv' for command environment
[1.803s] INFO:colcon.colcon_ros.task.ament_python.build:Building ROS package in '/home/srinjoy/hb_task2_ws/src/eYRC-2023_Hologlyph_Bots/hb_task2a' with build type 'ament_python'
[1.803s] Level 1:colcon.colcon_core.shell:create_environment_hook('hb_task2a', 'ament_prefix_path')
[1.819s] INFO:colcon.colcon_core.shell:Creating environment hook '/home/srinjoy/hb_task2_ws/install/hb_task2a/share/hb_task2a/hook/ament_prefix_path.ps1'
[1.819s] INFO:colcon.colcon_core.shell:Creating environment descriptor '/home/srinjoy/hb_task2_ws/install/hb_task2a/share/hb_task2a/hook/ament_prefix_path.dsv'
[1.819s] INFO:colcon.colcon_core.shell:Creating environment hook '/home/srinjoy/hb_task2_ws/install/hb_task2a/share/hb_task2a/hook/ament_prefix_path.sh'
[1.835s] INFO:colcon.colcon_core.shell:Skip shell extension 'powershell' for command environment: Not usable outside of PowerShell
[1.835s] DEBUG:colcon.colcon_core.shell:Skip shell extension 'dsv' for command environment
[1.900s] INFO:colcon.colcon_ros.task.ament_python.build:Building ROS package in '/home/srinjoy/hb_task2_ws/src/eYRC-2023_Hologlyph_Bots/hb_task2b' with build type 'ament_python'
[1.900s] Level 1:colcon.colcon_core.shell:create_environment_hook('hb_task2b', 'ament_prefix_path')
[1.916s] INFO:colcon.colcon_core.shell:Creating environment hook '/home/srinjoy/hb_task2_ws/install/hb_task2b/share/hb_task2b/hook/ament_prefix_path.ps1'
[1.916s] INFO:colcon.colcon_core.shell:Creating environment descriptor '/home/srinjoy/hb_task2_ws/install/hb_task2b/share/hb_task2b/hook/ament_prefix_path.dsv'
[1.916s] INFO:colcon.colcon_core.shell:Creating environment hook '/home/srinjoy/hb_task2_ws/install/hb_task2b/share/hb_task2b/hook/ament_prefix_path.sh'
[1.932s] INFO:colcon.colcon_core.shell:Skip shell extension 'powershell' for command environment: Not usable outside of PowerShell
[1.932s] DEBUG:colcon.colcon_core.shell:Skip shell extension 'dsv' for command environment
[1.997s] INFO:colcon.colcon_ros.task.ament_cmake.build:Building ROS package in '/home/srinjoy/hb_task2_ws/src/eYRC-2023_Hologlyph_Bots/hb_world' with build type 'ament_cmake'
[1.997s] INFO:colcon.colcon_cmake.task.cmake.build:Building CMake package in '/home/srinjoy/hb_task2_ws/src/eYRC-2023_Hologlyph_Bots/hb_world'
[2.013s] INFO:colcon.colcon_core.shell:Skip shell extension 'powershell' for command environment: Not usable outside of PowerShell
[2.013s] DEBUG:colcon.colcon_core.shell:Skip shell extension 'dsv' for command environment
[2.092s] INFO:colcon.colcon_ros.task.ament_cmake.build:Building ROS package in '/home/srinjoy/hb_task2_ws/src/eYRC-2023_Hologlyph_Bots/my_robot_interfaces' with build type 'ament_cmake'
[2.092s] INFO:colcon.colcon_cmake.task.cmake.build:Building CMake package in '/home/srinjoy/hb_task2_ws/src/eYRC-2023_Hologlyph_Bots/my_robot_interfaces'
[2.108s] INFO:colcon.colcon_core.shell:Skip shell extension 'powershell' for command environment: Not usable outside of PowerShell
[2.108s] DEBUG:colcon.colcon_core.shell:Skip shell extension 'dsv' for command environment
[2.177s] DEBUG:colcon.colcon_core.event_handler.log_command:Invoking command in '/home/srinjoy/hb_task2_ws/build/hb_bot': CMAKE_PREFIX_PATH=${CMAKE_PREFIX_PATH}:/home/srinjoy/hb_task2_ws/install/hb_task2b:/home/srinjoy/hb_task2_ws/install/hb_task2a:/home/srinjoy/ws_moveit/install/moveit_configs_utils:/opt/ros/humble /home/srinjoy/.local/bin/cmake /home/srinjoy/hb_task2_ws/src/eYRC-2023_Hologlyph_Bots/hb_bot -DAMENT_CMAKE_SYMLINK_INSTALL=1 -DCMAKE_INSTALL_PREFIX=/home/srinjoy/hb_task2_ws/install/hb_bot
[2.421s] INFO:colcon.colcon_core.task.python.build:Building Python package in '/home/srinjoy/hb_task2_ws/src/eYRC-2023_Hologlyph_Bots/hb_task2a'
[2.436s] INFO:colcon.colcon_core.shell:Skip shell extension 'powershell' for command environment: Not usable outside of PowerShell
[2.436s] DEBUG:colcon.colcon_core.shell:Skip shell extension 'dsv' for command environment
[2.748s] INFO:colcon.colcon_core.task.python.build:Building Python package in '/home/srinjoy/hb_task2_ws/src/eYRC-2023_Hologlyph_Bots/hb_task2b'
[2.764s] INFO:colcon.colcon_core.shell:Skip shell extension 'powershell' for command environment: Not usable outside of PowerShell
[2.764s] DEBUG:colcon.colcon_core.shell:Skip shell extension 'dsv' for command environment
[2.833s] DEBUG:colcon.colcon_core.event_handler.log_command:Invoking command in '/home/srinjoy/hb_task2_ws/build/hb_world': CMAKE_PREFIX_PATH=${CMAKE_PREFIX_PATH}:/home/srinjoy/hb_task2_ws/install/hb_task2b:/home/srinjoy/hb_task2_ws/install/hb_task2a:/home/srinjoy/ws_moveit/install/moveit_configs_utils:/opt/ros/humble /home/srinjoy/.local/bin/cmake /home/srinjoy/hb_task2_ws/src/eYRC-2023_Hologlyph_Bots/hb_world -DAMENT_CMAKE_SYMLINK_INSTALL=1 -DCMAKE_INSTALL_PREFIX=/home/srinjoy/hb_task2_ws/install/hb_world
[2.836s] DEBUG:colcon.colcon_core.event_handler.log_command:Invoking command in '/home/srinjoy/hb_task2_ws/build/my_robot_interfaces': CMAKE_PREFIX_PATH=${CMAKE_PREFIX_PATH}:/home/srinjoy/hb_task2_ws/install/hb_task2b:/home/srinjoy/hb_task2_ws/install/hb_task2a:/home/srinjoy/ws_moveit/install/moveit_configs_utils:/opt/ros/humble /home/srinjoy/.local/bin/cmake /home/srinjoy/hb_task2_ws/src/eYRC-2023_Hologlyph_Bots/my_robot_interfaces -DAMENT_CMAKE_SYMLINK_INSTALL=1 -DCMAKE_INSTALL_PREFIX=/home/srinjoy/hb_task2_ws/install/my_robot_interfaces
[3.252s] DEBUG:colcon.colcon_core.event_handler.log_command:Invoking command in '/home/srinjoy/hb_task2_ws/build/hb_task2b': PYTHONPATH=/home/srinjoy/hb_task2_ws/build/hb_task2b/prefix_override:/home/srinjoy/hb_task2_ws/install/hb_task2b/lib/python3.10/site-packages:${PYTHONPATH} /usr/bin/python3 setup.py develop --editable --build-directory /home/srinjoy/hb_task2_ws/build/hb_task2b/build --no-deps install_data
[3.255s] DEBUG:colcon.colcon_core.event_handler.log_command:Invoking command in '/home/srinjoy/hb_task2_ws/build/hb_task2a': PYTHONPATH=/home/srinjoy/hb_task2_ws/build/hb_task2a/prefix_override:/home/srinjoy/hb_task2_ws/install/hb_task2a/lib/python3.10/site-packages:${PYTHONPATH} /usr/bin/python3 setup.py develop --editable --build-directory /home/srinjoy/hb_task2_ws/build/hb_task2a/build --no-deps install_data
[3.766s] Level 1:colcon.colcon_core.shell:create_environment_hook('hb_task2b', 'pythonpath_develop')
[3.767s] DEBUG:colcon.colcon_core.event_handler.log_command:Invoked command in '/home/srinjoy/hb_task2_ws/build/hb_task2b' returned '0': PYTHONPATH=/home/srinjoy/hb_task2_ws/build/hb_task2b/prefix_override:/home/srinjoy/hb_task2_ws/install/hb_task2b/lib/python3.10/site-packages:${PYTHONPATH} /usr/bin/python3 setup.py develop --editable --build-directory /home/srinjoy/hb_task2_ws/build/hb_task2b/build --no-deps install_data
[3.788s] INFO:colcon.colcon_core.shell:Creating environment hook '/home/srinjoy/hb_task2_ws/build/hb_task2b/share/hb_task2b/hook/pythonpath_develop.ps1'
[3.789s] INFO:colcon.colcon_core.shell:Creating environment descriptor '/home/srinjoy/hb_task2_ws/build/hb_task2b/share/hb_task2b/hook/pythonpath_develop.dsv'
[3.789s] INFO:colcon.colcon_core.shell:Creating environment hook '/home/srinjoy/hb_task2_ws/build/hb_task2b/share/hb_task2b/hook/pythonpath_develop.sh'
[3.810s] Level 1:colcon.colcon_core.environment:checking '/home/srinjoy/hb_task2_ws/install/hb_task2b' for CMake module files
[3.811s] Level 1:colcon.colcon_core.environment:checking '/home/srinjoy/hb_task2_ws/install/hb_task2b' for CMake config files
[3.811s] Level 1:colcon.colcon_core.environment:checking '/home/srinjoy/hb_task2_ws/install/hb_task2b/lib'
[3.811s] Level 1:colcon.colcon_core.environment:checking '/home/srinjoy/hb_task2_ws/install/hb_task2b/bin'
[3.812s] Level 1:colcon.colcon_core.environment:checking '/home/srinjoy/hb_task2_ws/install/hb_task2b/lib/pkgconfig/hb_task2b.pc'
[3.812s] Level 1:colcon.colcon_core.environment:checking '/home/srinjoy/hb_task2_ws/install/hb_task2b/lib/python3.10/site-packages'
[3.812s] Level 1:colcon.colcon_core.shell:create_environment_hook('hb_task2b', 'pythonpath')
[3.827s] INFO:colcon.colcon_core.shell:Creating environment hook '/home/srinjoy/hb_task2_ws/install/hb_task2b/share/hb_task2b/hook/pythonpath.ps1'
[3.828s] INFO:colcon.colcon_core.shell:Creating environment descriptor '/home/srinjoy/hb_task2_ws/install/hb_task2b/share/hb_task2b/hook/pythonpath.dsv'
[3.828s] INFO:colcon.colcon_core.shell:Creating environment hook '/home/srinjoy/hb_task2_ws/install/hb_task2b/share/hb_task2b/hook/pythonpath.sh'
[3.829s] Level 1:colcon.colcon_core.environment:checking '/home/srinjoy/hb_task2_ws/install/hb_task2b/bin'
[3.829s] Level 1:colcon.colcon_core.environment:create_environment_scripts_only(hb_task2b)
[3.845s] INFO:colcon.colcon_core.shell:Creating package script '/home/srinjoy/hb_task2_ws/install/hb_task2b/share/hb_task2b/package.ps1'
[3.846s] INFO:colcon.colcon_core.shell:Creating package descriptor '/home/srinjoy/hb_task2_ws/install/hb_task2b/share/hb_task2b/package.dsv'
[3.847s] INFO:colcon.colcon_core.shell:Creating package script '/home/srinjoy/hb_task2_ws/install/hb_task2b/share/hb_task2b/package.sh'
[3.847s] INFO:colcon.colcon_core.shell:Creating package script '/home/srinjoy/hb_task2_ws/install/hb_task2b/share/hb_task2b/package.bash'
[3.848s] INFO:colcon.colcon_core.shell:Creating package script '/home/srinjoy/hb_task2_ws/install/hb_task2b/share/hb_task2b/package.zsh'
[3.848s] Level 1:colcon.colcon_core.environment:create_file_with_runtime_dependencies(/home/srinjoy/hb_task2_ws/install/hb_task2b/share/colcon-core/packages/hb_task2b)
[3.849s] Level 1:colcon.colcon_core.shell:create_environment_hook('hb_task2a', 'pythonpath_develop')
[3.851s] DEBUG:colcon.colcon_core.event_handler.log_command:Invoked command in '/home/srinjoy/hb_task2_ws/build/hb_task2a' returned '0': PYTHONPATH=/home/srinjoy/hb_task2_ws/build/hb_task2a/prefix_override:/home/srinjoy/hb_task2_ws/install/hb_task2a/lib/python3.10/site-packages:${PYTHONPATH} /usr/bin/python3 setup.py develop --editable --build-directory /home/srinjoy/hb_task2_ws/build/hb_task2a/build --no-deps install_data
[3.874s] INFO:colcon.colcon_core.shell:Creating environment hook '/home/srinjoy/hb_task2_ws/build/hb_task2a/share/hb_task2a/hook/pythonpath_develop.ps1'
[3.874s] INFO:colcon.colcon_core.shell:Creating environment descriptor '/home/srinjoy/hb_task2_ws/build/hb_task2a/share/hb_task2a/hook/pythonpath_develop.dsv'
[3.875s] INFO:colcon.colcon_core.shell:Creating environment hook '/home/srinjoy/hb_task2_ws/build/hb_task2a/share/hb_task2a/hook/pythonpath_develop.sh'
[3.891s] Level 1:colcon.colcon_core.environment:checking '/home/srinjoy/hb_task2_ws/install/hb_task2a' for CMake module files
[3.891s] Level 1:colcon.colcon_core.environment:checking '/home/srinjoy/hb_task2_ws/install/hb_task2a' for CMake config files
[3.891s] Level 1:colcon.colcon_core.environment:checking '/home/srinjoy/hb_task2_ws/install/hb_task2a/lib'
[3.891s] Level 1:colcon.colcon_core.environment:checking '/home/srinjoy/hb_task2_ws/install/hb_task2a/bin'
[3.891s] Level 1:colcon.colcon_core.environment:checking '/home/srinjoy/hb_task2_ws/install/hb_task2a/lib/pkgconfig/hb_task2a.pc'
[3.892s] Level 1:colcon.colcon_core.environment:checking '/home/srinjoy/hb_task2_ws/install/hb_task2a/lib/python3.10/site-packages'
[3.892s] Level 1:colcon.colcon_core.shell:create_environment_hook('hb_task2a', 'pythonpath')
[3.908s] INFO:colcon.colcon_core.shell:Creating environment hook '/home/srinjoy/hb_task2_ws/install/hb_task2a/share/hb_task2a/hook/pythonpath.ps1'
[3.908s] INFO:colcon.colcon_core.shell:Creating environment descriptor '/home/srinjoy/hb_task2_ws/install/hb_task2a/share/hb_task2a/hook/pythonpath.dsv'
[3.908s] INFO:colcon.colcon_core.shell:Creating environment hook '/home/srinjoy/hb_task2_ws/install/hb_task2a/share/hb_task2a/hook/pythonpath.sh'
[3.909s] Level 1:colcon.colcon_core.environment:checking '/home/srinjoy/hb_task2_ws/install/hb_task2a/bin'
[3.909s] Level 1:colcon.colcon_core.environment:create_environment_scripts_only(hb_task2a)
[3.925s] INFO:colcon.colcon_core.shell:Creating package script '/home/srinjoy/hb_task2_ws/install/hb_task2a/share/hb_task2a/package.ps1'
[3.925s] INFO:colcon.colcon_core.shell:Creating package descriptor '/home/srinjoy/hb_task2_ws/install/hb_task2a/share/hb_task2a/package.dsv'
[3.926s] INFO:colcon.colcon_core.shell:Creating package script '/home/srinjoy/hb_task2_ws/install/hb_task2a/share/hb_task2a/package.sh'
[3.926s] INFO:colcon.colcon_core.shell:Creating package script '/home/srinjoy/hb_task2_ws/install/hb_task2a/share/hb_task2a/package.bash'
[3.926s] INFO:colcon.colcon_core.shell:Creating package script '/home/srinjoy/hb_task2_ws/install/hb_task2a/share/hb_task2a/package.zsh'
[3.926s] Level 1:colcon.colcon_core.environment:create_file_with_runtime_dependencies(/home/srinjoy/hb_task2_ws/install/hb_task2a/share/colcon-core/packages/hb_task2a)
[4.522s] DEBUG:colcon.colcon_core.event_handler.log_command:Invoked command in '/home/srinjoy/hb_task2_ws/build/hb_bot' returned '0': CMAKE_PREFIX_PATH=${CMAKE_PREFIX_PATH}:/home/srinjoy/hb_task2_ws/install/hb_task2b:/home/srinjoy/hb_task2_ws/install/hb_task2a:/home/srinjoy/ws_moveit/install/moveit_configs_utils:/opt/ros/humble /home/srinjoy/.local/bin/cmake /home/srinjoy/hb_task2_ws/src/eYRC-2023_Hologlyph_Bots/hb_bot -DAMENT_CMAKE_SYMLINK_INSTALL=1 -DCMAKE_INSTALL_PREFIX=/home/srinjoy/hb_task2_ws/install/hb_bot
[4.525s] DEBUG:colcon.colcon_core.event_handler.log_command:Invoking command in '/home/srinjoy/hb_task2_ws/build/hb_bot': CMAKE_PREFIX_PATH=${CMAKE_PREFIX_PATH}:/home/srinjoy/hb_task2_ws/install/hb_task2b:/home/srinjoy/hb_task2_ws/install/hb_task2a:/home/srinjoy/ws_moveit/install/moveit_configs_utils:/opt/ros/humble /home/srinjoy/.local/bin/cmake --build /home/srinjoy/hb_task2_ws/build/hb_bot -- -j12 -l12
[4.583s] DEBUG:colcon.colcon_core.event_handler.log_command:Invoked command in '/home/srinjoy/hb_task2_ws/build/hb_bot' returned '0': CMAKE_PREFIX_PATH=${CMAKE_PREFIX_PATH}:/home/srinjoy/hb_task2_ws/install/hb_task2b:/home/srinjoy/hb_task2_ws/install/hb_task2a:/home/srinjoy/ws_moveit/install/moveit_configs_utils:/opt/ros/humble /home/srinjoy/.local/bin/cmake --build /home/srinjoy/hb_task2_ws/build/hb_bot -- -j12 -l12
[4.682s] DEBUG:colcon.colcon_core.event_handler.log_command:Invoking command in '/home/srinjoy/hb_task2_ws/build/hb_bot': CMAKE_PREFIX_PATH=${CMAKE_PREFIX_PATH}:/home/srinjoy/hb_task2_ws/install/hb_task2b:/home/srinjoy/hb_task2_ws/install/hb_task2a:/home/srinjoy/ws_moveit/install/moveit_configs_utils:/opt/ros/humble /home/srinjoy/.local/bin/cmake --install /home/srinjoy/hb_task2_ws/build/hb_bot
[4.875s] Level 1:colcon.colcon_core.environment:create_environment_scripts_only(hb_bot)
[4.876s] DEBUG:colcon.colcon_core.event_handler.log_command:Invoked command in '/home/srinjoy/hb_task2_ws/build/hb_bot' returned '0': CMAKE_PREFIX_PATH=${CMAKE_PREFIX_PATH}:/home/srinjoy/hb_task2_ws/install/hb_task2b:/home/srinjoy/hb_task2_ws/install/hb_task2a:/home/srinjoy/ws_moveit/install/moveit_configs_utils:/opt/ros/humble /home/srinjoy/.local/bin/cmake --install /home/srinjoy/hb_task2_ws/build/hb_bot
[4.899s] Level 1:colcon.colcon_core.environment:checking '/home/srinjoy/hb_task2_ws/install/hb_bot' for CMake module files
[4.900s] Level 1:colcon.colcon_core.environment:checking '/home/srinjoy/hb_task2_ws/install/hb_bot' for CMake config files
[4.900s] Level 1:colcon.colcon_core.shell:create_environment_hook('hb_bot', 'cmake_prefix_path')
[4.917s] INFO:colcon.colcon_core.shell:Creating environment hook '/home/srinjoy/hb_task2_ws/install/hb_bot/share/hb_bot/hook/cmake_prefix_path.ps1'
[4.917s] INFO:colcon.colcon_core.shell:Creating environment descriptor '/home/srinjoy/hb_task2_ws/install/hb_bot/share/hb_bot/hook/cmake_prefix_path.dsv'
[4.918s] INFO:colcon.colcon_core.shell:Creating environment hook '/home/srinjoy/hb_task2_ws/install/hb_bot/share/hb_bot/hook/cmake_prefix_path.sh'
[4.918s] Level 1:colcon.colcon_core.environment:checking '/home/srinjoy/hb_task2_ws/install/hb_bot/lib'
[4.918s] Level 1:colcon.colcon_core.environment:checking '/home/srinjoy/hb_task2_ws/install/hb_bot/bin'
[4.918s] Level 1:colcon.colcon_core.environment:checking '/home/srinjoy/hb_task2_ws/install/hb_bot/lib/pkgconfig/hb_bot.pc'
[4.918s] Level 1:colcon.colcon_core.environment:checking '/home/srinjoy/hb_task2_ws/install/hb_bot/lib/python3.10/site-packages'
[4.918s] Level 1:colcon.colcon_core.environment:checking '/home/srinjoy/hb_task2_ws/install/hb_bot/bin'
[4.934s] INFO:colcon.colcon_core.shell:Creating package script '/home/srinjoy/hb_task2_ws/install/hb_bot/share/hb_bot/package.ps1'
[4.934s] INFO:colcon.colcon_core.shell:Creating package descriptor '/home/srinjoy/hb_task2_ws/install/hb_bot/share/hb_bot/package.dsv'
[4.935s] INFO:colcon.colcon_core.shell:Creating package script '/home/srinjoy/hb_task2_ws/install/hb_bot/share/hb_bot/package.sh'
[4.935s] INFO:colcon.colcon_core.shell:Creating package script '/home/srinjoy/hb_task2_ws/install/hb_bot/share/hb_bot/package.bash'
[4.935s] INFO:colcon.colcon_core.shell:Creating package script '/home/srinjoy/hb_task2_ws/install/hb_bot/share/hb_bot/package.zsh'
[4.935s] Level 1:colcon.colcon_core.environment:create_file_with_runtime_dependencies(/home/srinjoy/hb_task2_ws/install/hb_bot/share/colcon-core/packages/hb_bot)
[5.013s] Level 1:colcon.colcon_core.environment:create_environment_scripts_only(hb_bot)
[5.028s] Level 1:colcon.colcon_core.environment:checking '/home/srinjoy/hb_task2_ws/install/hb_bot' for CMake module files
[5.029s] Level 1:colcon.colcon_core.environment:checking '/home/srinjoy/hb_task2_ws/install/hb_bot' for CMake config files
[5.029s] Level 1:colcon.colcon_core.shell:create_environment_hook('hb_bot', 'cmake_prefix_path')
[5.045s] INFO:colcon.colcon_core.shell:Creating environment hook '/home/srinjoy/hb_task2_ws/install/hb_bot/share/hb_bot/hook/cmake_prefix_path.ps1'
[5.045s] INFO:colcon.colcon_core.shell:Creating environment descriptor '/home/srinjoy/hb_task2_ws/install/hb_bot/share/hb_bot/hook/cmake_prefix_path.dsv'
[5.045s] INFO:colcon.colcon_core.shell:Creating environment hook '/home/srinjoy/hb_task2_ws/install/hb_bot/share/hb_bot/hook/cmake_prefix_path.sh'
[5.046s] Level 1:colcon.colcon_core.environment:checking '/home/srinjoy/hb_task2_ws/install/hb_bot/lib'
[5.046s] Level 1:colcon.colcon_core.environment:checking '/home/srinjoy/hb_task2_ws/install/hb_bot/bin'
[5.046s] Level 1:colcon.colcon_core.environment:checking '/home/srinjoy/hb_task2_ws/install/hb_bot/lib/pkgconfig/hb_bot.pc'
[5.046s] Level 1:colcon.colcon_core.environment:checking '/home/srinjoy/hb_task2_ws/install/hb_bot/lib/python3.10/site-packages'
[5.046s] Level 1:colcon.colcon_core.environment:checking '/home/srinjoy/hb_task2_ws/install/hb_bot/bin'
[5.062s] INFO:colcon.colcon_core.shell:Creating package script '/home/srinjoy/hb_task2_ws/install/hb_bot/share/hb_bot/package.ps1'
[5.062s] INFO:colcon.colcon_core.shell:Creating package descriptor '/home/srinjoy/hb_task2_ws/install/hb_bot/share/hb_bot/package.dsv'
[5.063s] INFO:colcon.colcon_core.shell:Creating package script '/home/srinjoy/hb_task2_ws/install/hb_bot/share/hb_bot/package.sh'
[5.063s] INFO:colcon.colcon_core.shell:Creating package script '/home/srinjoy/hb_task2_ws/install/hb_bot/share/hb_bot/package.bash'
[5.063s] INFO:colcon.colcon_core.shell:Creating package script '/home/srinjoy/hb_task2_ws/install/hb_bot/share/hb_bot/package.zsh'
[5.064s] Level 1:colcon.colcon_core.environment:create_file_with_runtime_dependencies(/home/srinjoy/hb_task2_ws/install/hb_bot/share/colcon-core/packages/hb_bot)
[5.193s] DEBUG:colcon.colcon_core.event_handler.log_command:Invoked command in '/home/srinjoy/hb_task2_ws/build/hb_world' returned '0': CMAKE_PREFIX_PATH=${CMAKE_PREFIX_PATH}:/home/srinjoy/hb_task2_ws/install/hb_task2b:/home/srinjoy/hb_task2_ws/install/hb_task2a:/home/srinjoy/ws_moveit/install/moveit_configs_utils:/opt/ros/humble /home/srinjoy/.local/bin/cmake /home/srinjoy/hb_task2_ws/src/eYRC-2023_Hologlyph_Bots/hb_world -DAMENT_CMAKE_SYMLINK_INSTALL=1 -DCMAKE_INSTALL_PREFIX=/home/srinjoy/hb_task2_ws/install/hb_world
[5.195s] DEBUG:colcon.colcon_core.event_handler.log_command:Invoking command in '/home/srinjoy/hb_task2_ws/build/hb_world': CMAKE_PREFIX_PATH=${CMAKE_PREFIX_PATH}:/home/srinjoy/hb_task2_ws/install/hb_task2b:/home/srinjoy/hb_task2_ws/install/hb_task2a:/home/srinjoy/ws_moveit/install/moveit_configs_utils:/opt/ros/humble /home/srinjoy/.local/bin/cmake --build /home/srinjoy/hb_task2_ws/build/hb_world -- -j12 -l12
[5.252s] DEBUG:colcon.colcon_core.event_handler.log_command:Invoked command in '/home/srinjoy/hb_task2_ws/build/hb_world' returned '0': CMAKE_PREFIX_PATH=${CMAKE_PREFIX_PATH}:/home/srinjoy/hb_task2_ws/install/hb_task2b:/home/srinjoy/hb_task2_ws/install/hb_task2a:/home/srinjoy/ws_moveit/install/moveit_configs_utils:/opt/ros/humble /home/srinjoy/.local/bin/cmake --build /home/srinjoy/hb_task2_ws/build/hb_world -- -j12 -l12
[5.318s] DEBUG:colcon.colcon_core.event_handler.log_command:Invoking command in '/home/srinjoy/hb_task2_ws/build/hb_world': CMAKE_PREFIX_PATH=${CMAKE_PREFIX_PATH}:/home/srinjoy/hb_task2_ws/install/hb_task2b:/home/srinjoy/hb_task2_ws/install/hb_task2a:/home/srinjoy/ws_moveit/install/moveit_configs_utils:/opt/ros/humble /home/srinjoy/.local/bin/cmake --install /home/srinjoy/hb_task2_ws/build/hb_world
[5.510s] Level 1:colcon.colcon_core.environment:create_environment_scripts_only(hb_world)
[5.511s] DEBUG:colcon.colcon_core.event_handler.log_command:Invoked command in '/home/srinjoy/hb_task2_ws/build/hb_world' returned '0': CMAKE_PREFIX_PATH=${CMAKE_PREFIX_PATH}:/home/srinjoy/hb_task2_ws/install/hb_task2b:/home/srinjoy/hb_task2_ws/install/hb_task2a:/home/srinjoy/ws_moveit/install/moveit_configs_utils:/opt/ros/humble /home/srinjoy/.local/bin/cmake --install /home/srinjoy/hb_task2_ws/build/hb_world
[5.551s] Level 1:colcon.colcon_core.environment:checking '/home/srinjoy/hb_task2_ws/install/hb_world' for CMake module files
[5.552s] Level 1:colcon.colcon_core.environment:checking '/home/srinjoy/hb_task2_ws/install/hb_world' for CMake config files
[5.552s] Level 1:colcon.colcon_core.shell:create_environment_hook('hb_world', 'cmake_prefix_path')
[5.569s] INFO:colcon.colcon_core.shell:Creating environment hook '/home/srinjoy/hb_task2_ws/install/hb_world/share/hb_world/hook/cmake_prefix_path.ps1'
[5.569s] INFO:colcon.colcon_core.shell:Creating environment descriptor '/home/srinjoy/hb_task2_ws/install/hb_world/share/hb_world/hook/cmake_prefix_path.dsv'
[5.569s] INFO:colcon.colcon_core.shell:Creating environment hook '/home/srinjoy/hb_task2_ws/install/hb_world/share/hb_world/hook/cmake_prefix_path.sh'
[5.570s] Level 1:colcon.colcon_core.environment:checking '/home/srinjoy/hb_task2_ws/install/hb_world/lib'
[5.570s] Level 1:colcon.colcon_core.environment:checking '/home/srinjoy/hb_task2_ws/install/hb_world/bin'
[5.570s] Level 1:colcon.colcon_core.environment:checking '/home/srinjoy/hb_task2_ws/install/hb_world/lib/pkgconfig/hb_world.pc'
[5.570s] Level 1:colcon.colcon_core.environment:checking '/home/srinjoy/hb_task2_ws/install/hb_world/lib/python3.10/site-packages'
[5.570s] Level 1:colcon.colcon_core.environment:checking '/home/srinjoy/hb_task2_ws/install/hb_world/bin'
[5.585s] INFO:colcon.colcon_core.shell:Creating package script '/home/srinjoy/hb_task2_ws/install/hb_world/share/hb_world/package.ps1'
[5.586s] INFO:colcon.colcon_core.shell:Creating package descriptor '/home/srinjoy/hb_task2_ws/install/hb_world/share/hb_world/package.dsv'
[5.586s] INFO:colcon.colcon_core.shell:Creating package script '/home/srinjoy/hb_task2_ws/install/hb_world/share/hb_world/package.sh'
[5.586s] INFO:colcon.colcon_core.shell:Creating package script '/home/srinjoy/hb_task2_ws/install/hb_world/share/hb_world/package.bash'
[5.586s] INFO:colcon.colcon_core.shell:Creating package script '/home/srinjoy/hb_task2_ws/install/hb_world/share/hb_world/package.zsh'
[5.586s] Level 1:colcon.colcon_core.environment:create_file_with_runtime_dependencies(/home/srinjoy/hb_task2_ws/install/hb_world/share/colcon-core/packages/hb_world)
[5.664s] Level 1:colcon.colcon_core.environment:create_environment_scripts_only(hb_world)
[5.679s] Level 1:colcon.colcon_core.environment:checking '/home/srinjoy/hb_task2_ws/install/hb_world' for CMake module files
[5.679s] Level 1:colcon.colcon_core.environment:checking '/home/srinjoy/hb_task2_ws/install/hb_world' for CMake config files
[5.679s] Level 1:colcon.colcon_core.shell:create_environment_hook('hb_world', 'cmake_prefix_path')
[5.695s] INFO:colcon.colcon_core.shell:Creating environment hook '/home/srinjoy/hb_task2_ws/install/hb_world/share/hb_world/hook/cmake_prefix_path.ps1'
[5.695s] INFO:colcon.colcon_core.shell:Creating environment descriptor '/home/srinjoy/hb_task2_ws/install/hb_world/share/hb_world/hook/cmake_prefix_path.dsv'
[5.695s] INFO:colcon.colcon_core.shell:Creating environment hook '/home/srinjoy/hb_task2_ws/install/hb_world/share/hb_world/hook/cmake_prefix_path.sh'
[5.696s] Level 1:colcon.colcon_core.environment:checking '/home/srinjoy/hb_task2_ws/install/hb_world/lib'
[5.696s] Level 1:colcon.colcon_core.environment:checking '/home/srinjoy/hb_task2_ws/install/hb_world/bin'
[5.696s] Level 1:colcon.colcon_core.environment:checking '/home/srinjoy/hb_task2_ws/install/hb_world/lib/pkgconfig/hb_world.pc'
[5.696s] Level 1:colcon.colcon_core.environment:checking '/home/srinjoy/hb_task2_ws/install/hb_world/lib/python3.10/site-packages'
[5.696s] Level 1:colcon.colcon_core.environment:checking '/home/srinjoy/hb_task2_ws/install/hb_world/bin'
[5.711s] INFO:colcon.colcon_core.shell:Creating package script '/home/srinjoy/hb_task2_ws/install/hb_world/share/hb_world/package.ps1'
[5.712s] INFO:colcon.colcon_core.shell:Creating package descriptor '/home/srinjoy/hb_task2_ws/install/hb_world/share/hb_world/package.dsv'
[5.712s] INFO:colcon.colcon_core.shell:Creating package script '/home/srinjoy/hb_task2_ws/install/hb_world/share/hb_world/package.sh'
[5.712s] INFO:colcon.colcon_core.shell:Creating package script '/home/srinjoy/hb_task2_ws/install/hb_world/share/hb_world/package.bash'
[5.713s] INFO:colcon.colcon_core.shell:Creating package script '/home/srinjoy/hb_task2_ws/install/hb_world/share/hb_world/package.zsh'
[5.713s] Level 1:colcon.colcon_core.environment:create_file_with_runtime_dependencies(/home/srinjoy/hb_task2_ws/install/hb_world/share/colcon-core/packages/hb_world)
[5.870s] DEBUG:colcon.colcon_core.event_handler.log_command:Invoked command in '/home/srinjoy/hb_task2_ws/build/my_robot_interfaces' returned '0': CMAKE_PREFIX_PATH=${CMAKE_PREFIX_PATH}:/home/srinjoy/hb_task2_ws/install/hb_task2b:/home/srinjoy/hb_task2_ws/install/hb_task2a:/home/srinjoy/ws_moveit/install/moveit_configs_utils:/opt/ros/humble /home/srinjoy/.local/bin/cmake /home/srinjoy/hb_task2_ws/src/eYRC-2023_Hologlyph_Bots/my_robot_interfaces -DAMENT_CMAKE_SYMLINK_INSTALL=1 -DCMAKE_INSTALL_PREFIX=/home/srinjoy/hb_task2_ws/install/my_robot_interfaces
[5.871s] DEBUG:colcon.colcon_core.event_handler.log_command:Invoking command in '/home/srinjoy/hb_task2_ws/build/my_robot_interfaces': CMAKE_PREFIX_PATH=${CMAKE_PREFIX_PATH}:/home/srinjoy/hb_task2_ws/install/hb_task2b:/home/srinjoy/hb_task2_ws/install/hb_task2a:/home/srinjoy/ws_moveit/install/moveit_configs_utils:/opt/ros/humble /home/srinjoy/.local/bin/cmake --build /home/srinjoy/hb_task2_ws/build/my_robot_interfaces -- -j12 -l12
[8.195s] DEBUG:colcon.colcon_core.event_handler.log_command:Invoked command in '/home/srinjoy/hb_task2_ws/build/my_robot_interfaces' returned '0': CMAKE_PREFIX_PATH=${CMAKE_PREFIX_PATH}:/home/srinjoy/hb_task2_ws/install/hb_task2b:/home/srinjoy/hb_task2_ws/install/hb_task2a:/home/srinjoy/ws_moveit/install/moveit_configs_utils:/opt/ros/humble /home/srinjoy/.local/bin/cmake --build /home/srinjoy/hb_task2_ws/build/my_robot_interfaces -- -j12 -l12
[8.451s] DEBUG:colcon.colcon_core.event_handler.log_command:Invoking command in '/home/srinjoy/hb_task2_ws/build/my_robot_interfaces': CMAKE_PREFIX_PATH=${CMAKE_PREFIX_PATH}:/home/srinjoy/hb_task2_ws/install/hb_task2b:/home/srinjoy/hb_task2_ws/install/hb_task2a:/home/srinjoy/ws_moveit/install/moveit_configs_utils:/opt/ros/humble /home/srinjoy/.local/bin/cmake --install /home/srinjoy/hb_task2_ws/build/my_robot_interfaces
[9.051s] Level 1:colcon.colcon_core.environment:create_environment_scripts_only(my_robot_interfaces)
[9.052s] DEBUG:colcon.colcon_core.event_handler.log_command:Invoked command in '/home/srinjoy/hb_task2_ws/build/my_robot_interfaces' returned '0': CMAKE_PREFIX_PATH=${CMAKE_PREFIX_PATH}:/home/srinjoy/hb_task2_ws/install/hb_task2b:/home/srinjoy/hb_task2_ws/install/hb_task2a:/home/srinjoy/ws_moveit/install/moveit_configs_utils:/opt/ros/humble /home/srinjoy/.local/bin/cmake --install /home/srinjoy/hb_task2_ws/build/my_robot_interfaces
[9.092s] Level 1:colcon.colcon_core.environment:checking '/home/srinjoy/hb_task2_ws/install/my_robot_interfaces' for CMake module files
[9.092s] Level 1:colcon.colcon_core.environment:checking '/home/srinjoy/hb_task2_ws/install/my_robot_interfaces' for CMake config files
[9.093s] Level 1:colcon.colcon_core.shell:create_environment_hook('my_robot_interfaces', 'cmake_prefix_path')
[9.108s] INFO:colcon.colcon_core.shell:Creating environment hook '/home/srinjoy/hb_task2_ws/install/my_robot_interfaces/share/my_robot_interfaces/hook/cmake_prefix_path.ps1'
[9.108s] INFO:colcon.colcon_core.shell:Creating environment descriptor '/home/srinjoy/hb_task2_ws/install/my_robot_interfaces/share/my_robot_interfaces/hook/cmake_prefix_path.dsv'
[9.109s] INFO:colcon.colcon_core.shell:Creating environment hook '/home/srinjoy/hb_task2_ws/install/my_robot_interfaces/share/my_robot_interfaces/hook/cmake_prefix_path.sh'
[9.109s] Level 1:colcon.colcon_core.environment:checking '/home/srinjoy/hb_task2_ws/install/my_robot_interfaces/lib'
[9.109s] Level 1:colcon.colcon_core.shell:create_environment_hook('my_robot_interfaces', 'ld_library_path_lib')
[9.124s] INFO:colcon.colcon_core.shell:Creating environment hook '/home/srinjoy/hb_task2_ws/install/my_robot_interfaces/share/my_robot_interfaces/hook/ld_library_path_lib.ps1'
[9.125s] INFO:colcon.colcon_core.shell:Creating environment descriptor '/home/srinjoy/hb_task2_ws/install/my_robot_interfaces/share/my_robot_interfaces/hook/ld_library_path_lib.dsv'
[9.125s] INFO:colcon.colcon_core.shell:Creating environment hook '/home/srinjoy/hb_task2_ws/install/my_robot_interfaces/share/my_robot_interfaces/hook/ld_library_path_lib.sh'
[9.125s] Level 1:colcon.colcon_core.environment:checking '/home/srinjoy/hb_task2_ws/install/my_robot_interfaces/bin'
[9.125s] Level 1:colcon.colcon_core.environment:checking '/home/srinjoy/hb_task2_ws/install/my_robot_interfaces/lib/pkgconfig/my_robot_interfaces.pc'
[9.125s] Level 1:colcon.colcon_core.environment:checking '/home/srinjoy/hb_task2_ws/install/my_robot_interfaces/lib/python3.10/site-packages'
[9.125s] Level 1:colcon.colcon_core.environment:checking '/home/srinjoy/hb_task2_ws/install/my_robot_interfaces/bin'
[9.141s] INFO:colcon.colcon_core.shell:Creating package script '/home/srinjoy/hb_task2_ws/install/my_robot_interfaces/share/my_robot_interfaces/package.ps1'
[9.141s] INFO:colcon.colcon_core.shell:Creating package descriptor '/home/srinjoy/hb_task2_ws/install/my_robot_interfaces/share/my_robot_interfaces/package.dsv'
[9.142s] INFO:colcon.colcon_core.shell:Creating package script '/home/srinjoy/hb_task2_ws/install/my_robot_interfaces/share/my_robot_interfaces/package.sh'
[9.142s] INFO:colcon.colcon_core.shell:Creating package script '/home/srinjoy/hb_task2_ws/install/my_robot_interfaces/share/my_robot_interfaces/package.bash'
[9.142s] INFO:colcon.colcon_core.shell:Creating package script '/home/srinjoy/hb_task2_ws/install/my_robot_interfaces/share/my_robot_interfaces/package.zsh'
[9.142s] Level 1:colcon.colcon_core.environment:create_file_with_runtime_dependencies(/home/srinjoy/hb_task2_ws/install/my_robot_interfaces/share/colcon-core/packages/my_robot_interfaces)
[9.392s] Level 1:colcon.colcon_core.environment:create_environment_scripts_only(my_robot_interfaces)
[9.408s] Level 1:colcon.colcon_core.environment:checking '/home/srinjoy/hb_task2_ws/install/my_robot_interfaces' for CMake module files
[9.408s] Level 1:colcon.colcon_core.environment:checking '/home/srinjoy/hb_task2_ws/install/my_robot_interfaces' for CMake config files
[9.409s] Level 1:colcon.colcon_core.shell:create_environment_hook('my_robot_interfaces', 'cmake_prefix_path')
[9.424s] INFO:colcon.colcon_core.shell:Creating environment hook '/home/srinjoy/hb_task2_ws/install/my_robot_interfaces/share/my_robot_interfaces/hook/cmake_prefix_path.ps1'
[9.425s] INFO:colcon.colcon_core.shell:Creating environment descriptor '/home/srinjoy/hb_task2_ws/install/my_robot_interfaces/share/my_robot_interfaces/hook/cmake_prefix_path.dsv'
[9.425s] INFO:colcon.colcon_core.shell:Creating environment hook '/home/srinjoy/hb_task2_ws/install/my_robot_interfaces/share/my_robot_interfaces/hook/cmake_prefix_path.sh'
[9.425s] Level 1:colcon.colcon_core.environment:checking '/home/srinjoy/hb_task2_ws/install/my_robot_interfaces/lib'
[9.425s] Level 1:colcon.colcon_core.shell:create_environment_hook('my_robot_interfaces', 'ld_library_path_lib')
[9.441s] INFO:colcon.colcon_core.shell:Creating environment hook '/home/srinjoy/hb_task2_ws/install/my_robot_interfaces/share/my_robot_interfaces/hook/ld_library_path_lib.ps1'
[9.441s] INFO:colcon.colcon_core.shell:Creating environment descriptor '/home/srinjoy/hb_task2_ws/install/my_robot_interfaces/share/my_robot_interfaces/hook/ld_library_path_lib.dsv'
[9.441s] INFO:colcon.colcon_core.shell:Creating environment hook '/home/srinjoy/hb_task2_ws/install/my_robot_interfaces/share/my_robot_interfaces/hook/ld_library_path_lib.sh'
[9.442s] Level 1:colcon.colcon_core.environment:checking '/home/srinjoy/hb_task2_ws/install/my_robot_interfaces/bin'
[9.442s] Level 1:colcon.colcon_core.environment:checking '/home/srinjoy/hb_task2_ws/install/my_robot_interfaces/lib/pkgconfig/my_robot_interfaces.pc'
[9.442s] Level 1:colcon.colcon_core.environment:checking '/home/srinjoy/hb_task2_ws/install/my_robot_interfaces/lib/python3.10/site-packages'
[9.442s] Level 1:colcon.colcon_core.environment:checking '/home/srinjoy/hb_task2_ws/install/my_robot_interfaces/bin'
[9.458s] INFO:colcon.colcon_core.shell:Creating package script '/home/srinjoy/hb_task2_ws/install/my_robot_interfaces/share/my_robot_interfaces/package.ps1'
[9.458s] INFO:colcon.colcon_core.shell:Creating package descriptor '/home/srinjoy/hb_task2_ws/install/my_robot_interfaces/share/my_robot_interfaces/package.dsv'
[9.459s] INFO:colcon.colcon_core.shell:Creating package script '/home/srinjoy/hb_task2_ws/install/my_robot_interfaces/share/my_robot_interfaces/package.sh'
[9.459s] INFO:colcon.colcon_core.shell:Creating package script '/home/srinjoy/hb_task2_ws/install/my_robot_interfaces/share/my_robot_interfaces/package.bash'
[9.459s] INFO:colcon.colcon_core.shell:Creating package script '/home/srinjoy/hb_task2_ws/install/my_robot_interfaces/share/my_robot_interfaces/package.zsh'
[9.460s] Level 1:colcon.colcon_core.environment:create_file_with_runtime_dependencies(/home/srinjoy/hb_task2_ws/install/my_robot_interfaces/share/colcon-core/packages/my_robot_interfaces)
[9.460s] DEBUG:colcon.colcon_parallel_executor.executor.parallel:closing loop
[9.460s] DEBUG:colcon.colcon_parallel_executor.executor.parallel:loop closed
[9.460s] DEBUG:colcon.colcon_parallel_executor.executor.parallel:run_until_complete finished with '0'
[9.460s] DEBUG:colcon.colcon_core.event_reactor:joining thread
[9.506s] INFO:colcon.colcon_core.plugin_system:Skipping extension 'colcon_notification.desktop_notification.terminal_notifier': Not used on non-Darwin systems
[9.506s] INFO:colcon.colcon_core.plugin_system:Skipping extension 'colcon_notification.desktop_notification.win32': Not used on non-Windows systems
[9.506s] INFO:colcon.colcon_notification.desktop_notification:Sending desktop notification using 'notify2'
[9.526s] DEBUG:colcon.colcon_core.event_reactor:joined thread
[9.543s] INFO:colcon.colcon_core.shell:Creating prefix script '/home/srinjoy/hb_task2_ws/install/local_setup.ps1'
[9.543s] INFO:colcon.colcon_core.shell:Creating prefix util module '/home/srinjoy/hb_task2_ws/install/_local_setup_util_ps1.py'
[9.544s] INFO:colcon.colcon_core.shell:Creating prefix chain script '/home/srinjoy/hb_task2_ws/install/setup.ps1'
[9.561s] INFO:colcon.colcon_core.shell:Creating prefix script '/home/srinjoy/hb_task2_ws/install/local_setup.sh'
[9.562s] INFO:colcon.colcon_core.shell:Creating prefix util module '/home/srinjoy/hb_task2_ws/install/_local_setup_util_sh.py'
[9.562s] INFO:colcon.colcon_core.shell:Creating prefix chain script '/home/srinjoy/hb_task2_ws/install/setup.sh'
[9.580s] INFO:colcon.colcon_core.shell:Creating prefix script '/home/srinjoy/hb_task2_ws/install/local_setup.bash'
[9.580s] INFO:colcon.colcon_core.shell:Creating prefix chain script '/home/srinjoy/hb_task2_ws/install/setup.bash'
[9.598s] INFO:colcon.colcon_core.shell:Creating prefix script '/home/srinjoy/hb_task2_ws/install/local_setup.zsh'
[9.598s] INFO:colcon.colcon_core.shell:Creating prefix chain script '/home/srinjoy/hb_task2_ws/install/setup.zsh'
