[0.762s] Invoking command in '/home/srinjoy/hb_task2_ws/build/my_robot_interfaces': CMAKE_PREFIX_PATH=${CMAKE_PREFIX_PATH}:/home/srinjoy/hb_task2_ws/install/hb_task2b:/home/srinjoy/hb_task2_ws/install/hb_task2a:/home/srinjoy/ws_moveit/install/moveit_configs_utils:/opt/ros/humble /home/srinjoy/.local/bin/cmake --build /home/srinjoy/hb_task2_ws/build/my_robot_interfaces -- -j12 -l12
[0.826s] [  2%] Built target my_robot_interfaces__cpp
[0.830s] [ 12%] Built target my_robot_interfaces__rosidl_generator_c
[0.834s] [ 12%] Built target ament_cmake_python_copy_my_robot_interfaces
[0.852s] [ 23%] Built target my_robot_interfaces__rosidl_typesupport_c
[0.855s] [ 34%] Built target my_robot_interfaces__rosidl_typesupport_introspection_c
[0.857s] [ 53%] Built target my_robot_interfaces__rosidl_typesupport_cpp
[0.857s] [ 55%] Built target my_robot_interfaces__rosidl_typesupport_introspection_cpp
[0.859s] [ 65%] Built target my_robot_interfaces__rosidl_typesupport_fastrtps_cpp
[0.859s] [ 76%] Built target my_robot_interfaces__rosidl_typesupport_fastrtps_c
[0.877s] [ 76%] Built target my_robot_interfaces
[0.896s] [ 78%] Built target my_robot_interfaces__py
[0.927s] [ 87%] Built target my_robot_interfaces__rosidl_generator_py
[0.947s] [ 95%] Built target my_robot_interfaces__rosidl_typesupport_fastrtps_c__pyext
[0.947s] [ 95%] Built target my_robot_interfaces__rosidl_typesupport_c__pyext
[0.950s] [100%] Built target my_robot_interfaces__rosidl_typesupport_introspection_c__pyext
[1.101s] running egg_info
[1.101s] writing my_robot_interfaces.egg-info/PKG-INFO
[1.101s] writing dependency_links to my_robot_interfaces.egg-info/dependency_links.txt
[1.101s] writing top-level names to my_robot_interfaces.egg-info/top_level.txt
[1.106s] reading manifest file 'my_robot_interfaces.egg-info/SOURCES.txt'
[1.107s] writing manifest file 'my_robot_interfaces.egg-info/SOURCES.txt'
[1.157s] [100%] Built target ament_cmake_python_build_my_robot_interfaces_egg
[1.220s] Invoked command in '/home/srinjoy/hb_task2_ws/build/my_robot_interfaces' returned '0': CMAKE_PREFIX_PATH=${CMAKE_PREFIX_PATH}:/home/srinjoy/hb_task2_ws/install/hb_task2b:/home/srinjoy/hb_task2_ws/install/hb_task2a:/home/srinjoy/ws_moveit/install/moveit_configs_utils:/opt/ros/humble /home/srinjoy/.local/bin/cmake --build /home/srinjoy/hb_task2_ws/build/my_robot_interfaces -- -j12 -l12
[1.480s] Invoking command in '/home/srinjoy/hb_task2_ws/build/my_robot_interfaces': CMAKE_PREFIX_PATH=${CMAKE_PREFIX_PATH}:/home/srinjoy/hb_task2_ws/install/hb_task2b:/home/srinjoy/hb_task2_ws/install/hb_task2a:/home/srinjoy/ws_moveit/install/moveit_configs_utils:/opt/ros/humble /home/srinjoy/.local/bin/cmake --install /home/srinjoy/hb_task2_ws/build/my_robot_interfaces
[1.511s] -- Install configuration: ""
[1.512s] -- Up-to-date: /home/srinjoy/hb_task2_ws/install/my_robot_interfaces/share/ament_index/resource_index/rosidl_interfaces/my_robot_interfaces
[1.512s] -- Up-to-date: /home/srinjoy/hb_task2_ws/install/my_robot_interfaces/include/my_robot_interfaces/my_robot_interfaces
[1.512s] -- Up-to-date: /home/srinjoy/hb_task2_ws/install/my_robot_interfaces/include/my_robot_interfaces/my_robot_interfaces/msg
[1.512s] -- Up-to-date: /home/srinjoy/hb_task2_ws/install/my_robot_interfaces/include/my_robot_interfaces/my_robot_interfaces/msg/detail
[1.512s] -- Up-to-date: /home/srinjoy/hb_task2_ws/install/my_robot_interfaces/include/my_robot_interfaces/my_robot_interfaces/msg/detail/goal__functions.c
[1.512s] -- Up-to-date: /home/srinjoy/hb_task2_ws/install/my_robot_interfaces/include/my_robot_interfaces/my_robot_interfaces/msg/detail/goal__functions.h
[1.512s] -- Up-to-date: /home/srinjoy/hb_task2_ws/install/my_robot_interfaces/include/my_robot_interfaces/my_robot_interfaces/msg/detail/shape__struct.h
[1.512s] -- Up-to-date: /home/srinjoy/hb_task2_ws/install/my_robot_interfaces/include/my_robot_interfaces/my_robot_interfaces/msg/detail/shape__functions.h
[1.512s] -- Up-to-date: /home/srinjoy/hb_task2_ws/install/my_robot_interfaces/include/my_robot_interfaces/my_robot_interfaces/msg/detail/shape__type_support.h
[1.512s] -- Up-to-date: /home/srinjoy/hb_task2_ws/install/my_robot_interfaces/include/my_robot_interfaces/my_robot_interfaces/msg/detail/goal__type_support.h
[1.512s] -- Up-to-date: /home/srinjoy/hb_task2_ws/install/my_robot_interfaces/include/my_robot_interfaces/my_robot_interfaces/msg/detail/goal__struct.h
[1.513s] -- Up-to-date: /home/srinjoy/hb_task2_ws/install/my_robot_interfaces/include/my_robot_interfaces/my_robot_interfaces/msg/detail/shape__functions.c
[1.513s] -- Up-to-date: /home/srinjoy/hb_task2_ws/install/my_robot_interfaces/include/my_robot_interfaces/my_robot_interfaces/msg/shape.h
[1.513s] -- Up-to-date: /home/srinjoy/hb_task2_ws/install/my_robot_interfaces/include/my_robot_interfaces/my_robot_interfaces/msg/rosidl_generator_c__visibility_control.h
[1.513s] -- Up-to-date: /home/srinjoy/hb_task2_ws/install/my_robot_interfaces/include/my_robot_interfaces/my_robot_interfaces/msg/goal.h
[1.513s] -- Up-to-date: /home/srinjoy/hb_task2_ws/install/my_robot_interfaces/include/my_robot_interfaces/my_robot_interfaces/srv
[1.513s] -- Up-to-date: /home/srinjoy/hb_task2_ws/install/my_robot_interfaces/include/my_robot_interfaces/my_robot_interfaces/srv/detail
[1.513s] -- Up-to-date: /home/srinjoy/hb_task2_ws/install/my_robot_interfaces/include/my_robot_interfaces/my_robot_interfaces/srv/detail/next_goal__type_support.h
[1.513s] -- Up-to-date: /home/srinjoy/hb_task2_ws/install/my_robot_interfaces/include/my_robot_interfaces/my_robot_interfaces/srv/detail/next_goal__struct.h
[1.513s] -- Up-to-date: /home/srinjoy/hb_task2_ws/install/my_robot_interfaces/include/my_robot_interfaces/my_robot_interfaces/srv/detail/next_goal__functions.h
[1.513s] -- Up-to-date: /home/srinjoy/hb_task2_ws/install/my_robot_interfaces/include/my_robot_interfaces/my_robot_interfaces/srv/detail/next_goal__functions.c
[1.513s] -- Up-to-date: /home/srinjoy/hb_task2_ws/install/my_robot_interfaces/include/my_robot_interfaces/my_robot_interfaces/srv/next_goal.h
[1.513s] -- Up-to-date: /home/srinjoy/hb_task2_ws/install/my_robot_interfaces/share/my_robot_interfaces/environment/library_path.sh
[1.514s] -- Up-to-date: /home/srinjoy/hb_task2_ws/install/my_robot_interfaces/share/my_robot_interfaces/environment/library_path.dsv
[1.514s] -- Up-to-date: /home/srinjoy/hb_task2_ws/install/my_robot_interfaces/lib/libmy_robot_interfaces__rosidl_generator_c.so
[1.514s] -- Up-to-date: /home/srinjoy/hb_task2_ws/install/my_robot_interfaces/include/my_robot_interfaces/my_robot_interfaces
[1.514s] -- Up-to-date: /home/srinjoy/hb_task2_ws/install/my_robot_interfaces/include/my_robot_interfaces/my_robot_interfaces/msg
[1.514s] -- Up-to-date: /home/srinjoy/hb_task2_ws/install/my_robot_interfaces/include/my_robot_interfaces/my_robot_interfaces/msg/detail
[1.514s] -- Up-to-date: /home/srinjoy/hb_task2_ws/install/my_robot_interfaces/include/my_robot_interfaces/my_robot_interfaces/msg/detail/shape__rosidl_typesupport_fastrtps_c.h
[1.514s] -- Up-to-date: /home/srinjoy/hb_task2_ws/install/my_robot_interfaces/include/my_robot_interfaces/my_robot_interfaces/msg/detail/goal__rosidl_typesupport_fastrtps_c.h
[1.514s] -- Up-to-date: /home/srinjoy/hb_task2_ws/install/my_robot_interfaces/include/my_robot_interfaces/my_robot_interfaces/msg/rosidl_typesupport_fastrtps_c__visibility_control.h
[1.514s] -- Up-to-date: /home/srinjoy/hb_task2_ws/install/my_robot_interfaces/include/my_robot_interfaces/my_robot_interfaces/srv
[1.514s] -- Up-to-date: /home/srinjoy/hb_task2_ws/install/my_robot_interfaces/include/my_robot_interfaces/my_robot_interfaces/srv/detail
[1.514s] -- Up-to-date: /home/srinjoy/hb_task2_ws/install/my_robot_interfaces/include/my_robot_interfaces/my_robot_interfaces/srv/detail/next_goal__rosidl_typesupport_fastrtps_c.h
[1.515s] -- Up-to-date: /home/srinjoy/hb_task2_ws/install/my_robot_interfaces/lib/libmy_robot_interfaces__rosidl_typesupport_fastrtps_c.so
[1.515s] -- Up-to-date: /home/srinjoy/hb_task2_ws/install/my_robot_interfaces/include/my_robot_interfaces/my_robot_interfaces
[1.515s] -- Up-to-date: /home/srinjoy/hb_task2_ws/install/my_robot_interfaces/include/my_robot_interfaces/my_robot_interfaces/msg
[1.515s] -- Up-to-date: /home/srinjoy/hb_task2_ws/install/my_robot_interfaces/include/my_robot_interfaces/my_robot_interfaces/msg/detail
[1.515s] -- Up-to-date: /home/srinjoy/hb_task2_ws/install/my_robot_interfaces/include/my_robot_interfaces/my_robot_interfaces/msg/detail/goal__rosidl_typesupport_introspection_c.h
[1.515s] -- Up-to-date: /home/srinjoy/hb_task2_ws/install/my_robot_interfaces/include/my_robot_interfaces/my_robot_interfaces/msg/detail/shape__rosidl_typesupport_introspection_c.h
[1.515s] -- Up-to-date: /home/srinjoy/hb_task2_ws/install/my_robot_interfaces/include/my_robot_interfaces/my_robot_interfaces/msg/detail/goal__type_support.c
[1.515s] -- Up-to-date: /home/srinjoy/hb_task2_ws/install/my_robot_interfaces/include/my_robot_interfaces/my_robot_interfaces/msg/detail/shape__type_support.c
[1.515s] -- Up-to-date: /home/srinjoy/hb_task2_ws/install/my_robot_interfaces/include/my_robot_interfaces/my_robot_interfaces/msg/rosidl_typesupport_introspection_c__visibility_control.h
[1.515s] -- Up-to-date: /home/srinjoy/hb_task2_ws/install/my_robot_interfaces/include/my_robot_interfaces/my_robot_interfaces/srv
[1.515s] -- Up-to-date: /home/srinjoy/hb_task2_ws/install/my_robot_interfaces/include/my_robot_interfaces/my_robot_interfaces/srv/detail
[1.515s] -- Up-to-date: /home/srinjoy/hb_task2_ws/install/my_robot_interfaces/include/my_robot_interfaces/my_robot_interfaces/srv/detail/next_goal__rosidl_typesupport_introspection_c.h
[1.516s] -- Up-to-date: /home/srinjoy/hb_task2_ws/install/my_robot_interfaces/include/my_robot_interfaces/my_robot_interfaces/srv/detail/next_goal__type_support.c
[1.516s] -- Up-to-date: /home/srinjoy/hb_task2_ws/install/my_robot_interfaces/lib/libmy_robot_interfaces__rosidl_typesupport_introspection_c.so
[1.516s] -- Up-to-date: /home/srinjoy/hb_task2_ws/install/my_robot_interfaces/lib/libmy_robot_interfaces__rosidl_typesupport_c.so
[1.516s] -- Up-to-date: /home/srinjoy/hb_task2_ws/install/my_robot_interfaces/include/my_robot_interfaces/my_robot_interfaces
[1.516s] -- Up-to-date: /home/srinjoy/hb_task2_ws/install/my_robot_interfaces/include/my_robot_interfaces/my_robot_interfaces/msg
[1.516s] -- Up-to-date: /home/srinjoy/hb_task2_ws/install/my_robot_interfaces/include/my_robot_interfaces/my_robot_interfaces/msg/detail
[1.516s] -- Up-to-date: /home/srinjoy/hb_task2_ws/install/my_robot_interfaces/include/my_robot_interfaces/my_robot_interfaces/msg/detail/shape__traits.hpp
[1.516s] -- Up-to-date: /home/srinjoy/hb_task2_ws/install/my_robot_interfaces/include/my_robot_interfaces/my_robot_interfaces/msg/detail/goal__traits.hpp
[1.516s] -- Up-to-date: /home/srinjoy/hb_task2_ws/install/my_robot_interfaces/include/my_robot_interfaces/my_robot_interfaces/msg/detail/goal__struct.hpp
[1.516s] -- Up-to-date: /home/srinjoy/hb_task2_ws/install/my_robot_interfaces/include/my_robot_interfaces/my_robot_interfaces/msg/detail/shape__builder.hpp
[1.516s] -- Up-to-date: /home/srinjoy/hb_task2_ws/install/my_robot_interfaces/include/my_robot_interfaces/my_robot_interfaces/msg/detail/shape__struct.hpp
[1.516s] -- Up-to-date: /home/srinjoy/hb_task2_ws/install/my_robot_interfaces/include/my_robot_interfaces/my_robot_interfaces/msg/detail/goal__builder.hpp
[1.516s] -- Up-to-date: /home/srinjoy/hb_task2_ws/install/my_robot_interfaces/include/my_robot_interfaces/my_robot_interfaces/msg/shape.hpp
[1.517s] -- Up-to-date: /home/srinjoy/hb_task2_ws/install/my_robot_interfaces/include/my_robot_interfaces/my_robot_interfaces/msg/goal.hpp
[1.517s] -- Up-to-date: /home/srinjoy/hb_task2_ws/install/my_robot_interfaces/include/my_robot_interfaces/my_robot_interfaces/srv
[1.517s] -- Up-to-date: /home/srinjoy/hb_task2_ws/install/my_robot_interfaces/include/my_robot_interfaces/my_robot_interfaces/srv/detail
[1.517s] -- Up-to-date: /home/srinjoy/hb_task2_ws/install/my_robot_interfaces/include/my_robot_interfaces/my_robot_interfaces/srv/detail/next_goal__builder.hpp
[1.517s] -- Up-to-date: /home/srinjoy/hb_task2_ws/install/my_robot_interfaces/include/my_robot_interfaces/my_robot_interfaces/srv/detail/next_goal__struct.hpp
[1.517s] -- Up-to-date: /home/srinjoy/hb_task2_ws/install/my_robot_interfaces/include/my_robot_interfaces/my_robot_interfaces/srv/detail/next_goal__traits.hpp
[1.518s] -- Up-to-date: /home/srinjoy/hb_task2_ws/install/my_robot_interfaces/include/my_robot_interfaces/my_robot_interfaces/srv/next_goal.hpp
[1.518s] -- Up-to-date: /home/srinjoy/hb_task2_ws/install/my_robot_interfaces/include/my_robot_interfaces/my_robot_interfaces
[1.518s] -- Up-to-date: /home/srinjoy/hb_task2_ws/install/my_robot_interfaces/include/my_robot_interfaces/my_robot_interfaces/msg
[1.518s] -- Up-to-date: /home/srinjoy/hb_task2_ws/install/my_robot_interfaces/include/my_robot_interfaces/my_robot_interfaces/msg/detail
[1.518s] -- Up-to-date: /home/srinjoy/hb_task2_ws/install/my_robot_interfaces/include/my_robot_interfaces/my_robot_interfaces/msg/detail/shape__rosidl_typesupport_fastrtps_cpp.hpp
[1.518s] -- Up-to-date: /home/srinjoy/hb_task2_ws/install/my_robot_interfaces/include/my_robot_interfaces/my_robot_interfaces/msg/detail/dds_fastrtps
[1.518s] -- Up-to-date: /home/srinjoy/hb_task2_ws/install/my_robot_interfaces/include/my_robot_interfaces/my_robot_interfaces/msg/detail/goal__rosidl_typesupport_fastrtps_cpp.hpp
[1.518s] -- Up-to-date: /home/srinjoy/hb_task2_ws/install/my_robot_interfaces/include/my_robot_interfaces/my_robot_interfaces/msg/rosidl_typesupport_fastrtps_cpp__visibility_control.h
[1.518s] -- Up-to-date: /home/srinjoy/hb_task2_ws/install/my_robot_interfaces/include/my_robot_interfaces/my_robot_interfaces/srv
[1.518s] -- Up-to-date: /home/srinjoy/hb_task2_ws/install/my_robot_interfaces/include/my_robot_interfaces/my_robot_interfaces/srv/detail
[1.518s] -- Up-to-date: /home/srinjoy/hb_task2_ws/install/my_robot_interfaces/include/my_robot_interfaces/my_robot_interfaces/srv/detail/next_goal__rosidl_typesupport_fastrtps_cpp.hpp
[1.519s] -- Up-to-date: /home/srinjoy/hb_task2_ws/install/my_robot_interfaces/include/my_robot_interfaces/my_robot_interfaces/srv/detail/dds_fastrtps
[1.519s] -- Up-to-date: /home/srinjoy/hb_task2_ws/install/my_robot_interfaces/lib/libmy_robot_interfaces__rosidl_typesupport_fastrtps_cpp.so
[1.519s] -- Up-to-date: /home/srinjoy/hb_task2_ws/install/my_robot_interfaces/include/my_robot_interfaces/my_robot_interfaces
[1.519s] -- Up-to-date: /home/srinjoy/hb_task2_ws/install/my_robot_interfaces/include/my_robot_interfaces/my_robot_interfaces/msg
[1.519s] -- Up-to-date: /home/srinjoy/hb_task2_ws/install/my_robot_interfaces/include/my_robot_interfaces/my_robot_interfaces/msg/detail
[1.519s] -- Up-to-date: /home/srinjoy/hb_task2_ws/install/my_robot_interfaces/include/my_robot_interfaces/my_robot_interfaces/msg/detail/goal__rosidl_typesupport_introspection_cpp.hpp
[1.519s] -- Up-to-date: /home/srinjoy/hb_task2_ws/install/my_robot_interfaces/include/my_robot_interfaces/my_robot_interfaces/msg/detail/shape__rosidl_typesupport_introspection_cpp.hpp
[1.519s] -- Up-to-date: /home/srinjoy/hb_task2_ws/install/my_robot_interfaces/include/my_robot_interfaces/my_robot_interfaces/msg/detail/shape__type_support.cpp
[1.519s] -- Up-to-date: /home/srinjoy/hb_task2_ws/install/my_robot_interfaces/include/my_robot_interfaces/my_robot_interfaces/msg/detail/goal__type_support.cpp
[1.519s] -- Up-to-date: /home/srinjoy/hb_task2_ws/install/my_robot_interfaces/include/my_robot_interfaces/my_robot_interfaces/srv
[1.519s] -- Up-to-date: /home/srinjoy/hb_task2_ws/install/my_robot_interfaces/include/my_robot_interfaces/my_robot_interfaces/srv/detail
[1.520s] -- Up-to-date: /home/srinjoy/hb_task2_ws/install/my_robot_interfaces/include/my_robot_interfaces/my_robot_interfaces/srv/detail/next_goal__rosidl_typesupport_introspection_cpp.hpp
[1.520s] -- Up-to-date: /home/srinjoy/hb_task2_ws/install/my_robot_interfaces/include/my_robot_interfaces/my_robot_interfaces/srv/detail/next_goal__type_support.cpp
[1.520s] -- Up-to-date: /home/srinjoy/hb_task2_ws/install/my_robot_interfaces/lib/libmy_robot_interfaces__rosidl_typesupport_introspection_cpp.so
[1.520s] -- Up-to-date: /home/srinjoy/hb_task2_ws/install/my_robot_interfaces/lib/libmy_robot_interfaces__rosidl_typesupport_cpp.so
[1.520s] -- Up-to-date: /home/srinjoy/hb_task2_ws/install/my_robot_interfaces/share/my_robot_interfaces/environment/pythonpath.sh
[1.520s] -- Up-to-date: /home/srinjoy/hb_task2_ws/install/my_robot_interfaces/share/my_robot_interfaces/environment/pythonpath.dsv
[1.520s] -- Up-to-date: /home/srinjoy/hb_task2_ws/install/my_robot_interfaces/local/lib/python3.10/dist-packages/my_robot_interfaces-0.0.0-py3.10.egg-info
[1.520s] -- Installing: /home/srinjoy/hb_task2_ws/install/my_robot_interfaces/local/lib/python3.10/dist-packages/my_robot_interfaces-0.0.0-py3.10.egg-info/SOURCES.txt
[1.520s] -- Installing: /home/srinjoy/hb_task2_ws/install/my_robot_interfaces/local/lib/python3.10/dist-packages/my_robot_interfaces-0.0.0-py3.10.egg-info/top_level.txt
[1.520s] -- Installing: /home/srinjoy/hb_task2_ws/install/my_robot_interfaces/local/lib/python3.10/dist-packages/my_robot_interfaces-0.0.0-py3.10.egg-info/dependency_links.txt
[1.520s] -- Installing: /home/srinjoy/hb_task2_ws/install/my_robot_interfaces/local/lib/python3.10/dist-packages/my_robot_interfaces-0.0.0-py3.10.egg-info/PKG-INFO
[1.520s] -- Up-to-date: /home/srinjoy/hb_task2_ws/install/my_robot_interfaces/local/lib/python3.10/dist-packages/my_robot_interfaces
[1.521s] -- Up-to-date: /home/srinjoy/hb_task2_ws/install/my_robot_interfaces/local/lib/python3.10/dist-packages/my_robot_interfaces/msg
[1.521s] -- Up-to-date: /home/srinjoy/hb_task2_ws/install/my_robot_interfaces/local/lib/python3.10/dist-packages/my_robot_interfaces/msg/__init__.py
[1.521s] -- Up-to-date: /home/srinjoy/hb_task2_ws/install/my_robot_interfaces/local/lib/python3.10/dist-packages/my_robot_interfaces/msg/_shape.py
[1.521s] -- Up-to-date: /home/srinjoy/hb_task2_ws/install/my_robot_interfaces/local/lib/python3.10/dist-packages/my_robot_interfaces/msg/_shape_s.c
[1.521s] -- Up-to-date: /home/srinjoy/hb_task2_ws/install/my_robot_interfaces/local/lib/python3.10/dist-packages/my_robot_interfaces/msg/_goal_s.c
[1.521s] -- Up-to-date: /home/srinjoy/hb_task2_ws/install/my_robot_interfaces/local/lib/python3.10/dist-packages/my_robot_interfaces/msg/_goal.py
[1.521s] -- Up-to-date: /home/srinjoy/hb_task2_ws/install/my_robot_interfaces/local/lib/python3.10/dist-packages/my_robot_interfaces/_my_robot_interfaces_s.ep.rosidl_typesupport_c.c
[1.522s] -- Up-to-date: /home/srinjoy/hb_task2_ws/install/my_robot_interfaces/local/lib/python3.10/dist-packages/my_robot_interfaces/libmy_robot_interfaces__rosidl_generator_py.so
[1.522s] -- Up-to-date: /home/srinjoy/hb_task2_ws/install/my_robot_interfaces/local/lib/python3.10/dist-packages/my_robot_interfaces/my_robot_interfaces_s__rosidl_typesupport_c.cpython-310-x86_64-linux-gnu.so
[1.522s] -- Up-to-date: /home/srinjoy/hb_task2_ws/install/my_robot_interfaces/local/lib/python3.10/dist-packages/my_robot_interfaces/my_robot_interfaces_s__rosidl_typesupport_introspection_c.cpython-310-x86_64-linux-gnu.so
[1.522s] -- Up-to-date: /home/srinjoy/hb_task2_ws/install/my_robot_interfaces/local/lib/python3.10/dist-packages/my_robot_interfaces/__init__.py
[1.522s] -- Up-to-date: /home/srinjoy/hb_task2_ws/install/my_robot_interfaces/local/lib/python3.10/dist-packages/my_robot_interfaces/_my_robot_interfaces_s.ep.rosidl_typesupport_fastrtps_c.c
[1.522s] -- Up-to-date: /home/srinjoy/hb_task2_ws/install/my_robot_interfaces/local/lib/python3.10/dist-packages/my_robot_interfaces/_my_robot_interfaces_s.ep.rosidl_typesupport_introspection_c.c
[1.522s] -- Up-to-date: /home/srinjoy/hb_task2_ws/install/my_robot_interfaces/local/lib/python3.10/dist-packages/my_robot_interfaces/my_robot_interfaces_s__rosidl_typesupport_fastrtps_c.cpython-310-x86_64-linux-gnu.so
[1.522s] -- Up-to-date: /home/srinjoy/hb_task2_ws/install/my_robot_interfaces/local/lib/python3.10/dist-packages/my_robot_interfaces/srv
[1.522s] -- Up-to-date: /home/srinjoy/hb_task2_ws/install/my_robot_interfaces/local/lib/python3.10/dist-packages/my_robot_interfaces/srv/__init__.py
[1.522s] -- Up-to-date: /home/srinjoy/hb_task2_ws/install/my_robot_interfaces/local/lib/python3.10/dist-packages/my_robot_interfaces/srv/_next_goal_s.c
[1.522s] -- Up-to-date: /home/srinjoy/hb_task2_ws/install/my_robot_interfaces/local/lib/python3.10/dist-packages/my_robot_interfaces/srv/_next_goal.py
[1.547s] Listing '/home/srinjoy/hb_task2_ws/install/my_robot_interfaces/local/lib/python3.10/dist-packages/my_robot_interfaces'...
[1.547s] Listing '/home/srinjoy/hb_task2_ws/install/my_robot_interfaces/local/lib/python3.10/dist-packages/my_robot_interfaces/msg'...
[1.548s] Listing '/home/srinjoy/hb_task2_ws/install/my_robot_interfaces/local/lib/python3.10/dist-packages/my_robot_interfaces/srv'...
[1.552s] -- Up-to-date: /home/srinjoy/hb_task2_ws/install/my_robot_interfaces/local/lib/python3.10/dist-packages/my_robot_interfaces/my_robot_interfaces_s__rosidl_typesupport_fastrtps_c.cpython-310-x86_64-linux-gnu.so
[1.552s] -- Up-to-date: /home/srinjoy/hb_task2_ws/install/my_robot_interfaces/local/lib/python3.10/dist-packages/my_robot_interfaces/my_robot_interfaces_s__rosidl_typesupport_introspection_c.cpython-310-x86_64-linux-gnu.so
[1.552s] -- Up-to-date: /home/srinjoy/hb_task2_ws/install/my_robot_interfaces/local/lib/python3.10/dist-packages/my_robot_interfaces/my_robot_interfaces_s__rosidl_typesupport_c.cpython-310-x86_64-linux-gnu.so
[1.552s] -- Up-to-date: /home/srinjoy/hb_task2_ws/install/my_robot_interfaces/lib/libmy_robot_interfaces__rosidl_generator_py.so
[1.553s] -- Up-to-date: /home/srinjoy/hb_task2_ws/install/my_robot_interfaces/share/my_robot_interfaces/srv/NextGoal.idl
[1.553s] -- Up-to-date: /home/srinjoy/hb_task2_ws/install/my_robot_interfaces/share/my_robot_interfaces/msg/Goal.idl
[1.553s] -- Up-to-date: /home/srinjoy/hb_task2_ws/install/my_robot_interfaces/share/my_robot_interfaces/msg/Shape.idl
[1.553s] -- Up-to-date: /home/srinjoy/hb_task2_ws/install/my_robot_interfaces/share/my_robot_interfaces/srv/NextGoal.srv
[1.554s] -- Up-to-date: /home/srinjoy/hb_task2_ws/install/my_robot_interfaces/share/my_robot_interfaces/srv/NextGoal_Request.msg
[1.554s] -- Up-to-date: /home/srinjoy/hb_task2_ws/install/my_robot_interfaces/share/my_robot_interfaces/srv/NextGoal_Response.msg
[1.554s] -- Up-to-date: /home/srinjoy/hb_task2_ws/install/my_robot_interfaces/share/my_robot_interfaces/msg/Goal.msg
[1.554s] -- Up-to-date: /home/srinjoy/hb_task2_ws/install/my_robot_interfaces/share/my_robot_interfaces/msg/Shape.msg
[1.554s] -- Up-to-date: /home/srinjoy/hb_task2_ws/install/my_robot_interfaces/share/ament_index/resource_index/package_run_dependencies/my_robot_interfaces
[1.554s] -- Up-to-date: /home/srinjoy/hb_task2_ws/install/my_robot_interfaces/share/ament_index/resource_index/parent_prefix_path/my_robot_interfaces
[1.554s] -- Up-to-date: /home/srinjoy/hb_task2_ws/install/my_robot_interfaces/share/my_robot_interfaces/environment/ament_prefix_path.sh
[1.555s] -- Up-to-date: /home/srinjoy/hb_task2_ws/install/my_robot_interfaces/share/my_robot_interfaces/environment/ament_prefix_path.dsv
[1.555s] -- Up-to-date: /home/srinjoy/hb_task2_ws/install/my_robot_interfaces/share/my_robot_interfaces/environment/path.sh
[1.555s] -- Up-to-date: /home/srinjoy/hb_task2_ws/install/my_robot_interfaces/share/my_robot_interfaces/environment/path.dsv
[1.555s] -- Up-to-date: /home/srinjoy/hb_task2_ws/install/my_robot_interfaces/share/my_robot_interfaces/local_setup.bash
[1.555s] -- Up-to-date: /home/srinjoy/hb_task2_ws/install/my_robot_interfaces/share/my_robot_interfaces/local_setup.sh
[1.555s] -- Up-to-date: /home/srinjoy/hb_task2_ws/install/my_robot_interfaces/share/my_robot_interfaces/local_setup.zsh
[1.555s] -- Up-to-date: /home/srinjoy/hb_task2_ws/install/my_robot_interfaces/share/my_robot_interfaces/local_setup.dsv
[1.555s] -- Installing: /home/srinjoy/hb_task2_ws/install/my_robot_interfaces/share/my_robot_interfaces/package.dsv
[1.555s] -- Up-to-date: /home/srinjoy/hb_task2_ws/install/my_robot_interfaces/share/ament_index/resource_index/packages/my_robot_interfaces
[1.555s] -- Up-to-date: /home/srinjoy/hb_task2_ws/install/my_robot_interfaces/share/my_robot_interfaces/cmake/export_my_robot_interfaces__rosidl_generator_cExport.cmake
[1.556s] -- Up-to-date: /home/srinjoy/hb_task2_ws/install/my_robot_interfaces/share/my_robot_interfaces/cmake/export_my_robot_interfaces__rosidl_generator_cExport-noconfig.cmake
[1.556s] -- Up-to-date: /home/srinjoy/hb_task2_ws/install/my_robot_interfaces/share/my_robot_interfaces/cmake/export_my_robot_interfaces__rosidl_typesupport_fastrtps_cExport.cmake
[1.556s] -- Up-to-date: /home/srinjoy/hb_task2_ws/install/my_robot_interfaces/share/my_robot_interfaces/cmake/export_my_robot_interfaces__rosidl_typesupport_fastrtps_cExport-noconfig.cmake
[1.556s] -- Up-to-date: /home/srinjoy/hb_task2_ws/install/my_robot_interfaces/share/my_robot_interfaces/cmake/my_robot_interfaces__rosidl_typesupport_introspection_cExport.cmake
[1.556s] -- Up-to-date: /home/srinjoy/hb_task2_ws/install/my_robot_interfaces/share/my_robot_interfaces/cmake/my_robot_interfaces__rosidl_typesupport_introspection_cExport-noconfig.cmake
[1.556s] -- Up-to-date: /home/srinjoy/hb_task2_ws/install/my_robot_interfaces/share/my_robot_interfaces/cmake/my_robot_interfaces__rosidl_typesupport_cExport.cmake
[1.556s] -- Up-to-date: /home/srinjoy/hb_task2_ws/install/my_robot_interfaces/share/my_robot_interfaces/cmake/my_robot_interfaces__rosidl_typesupport_cExport-noconfig.cmake
[1.556s] -- Up-to-date: /home/srinjoy/hb_task2_ws/install/my_robot_interfaces/share/my_robot_interfaces/cmake/export_my_robot_interfaces__rosidl_generator_cppExport.cmake
[1.556s] -- Up-to-date: /home/srinjoy/hb_task2_ws/install/my_robot_interfaces/share/my_robot_interfaces/cmake/export_my_robot_interfaces__rosidl_typesupport_fastrtps_cppExport.cmake
[1.556s] -- Up-to-date: /home/srinjoy/hb_task2_ws/install/my_robot_interfaces/share/my_robot_interfaces/cmake/export_my_robot_interfaces__rosidl_typesupport_fastrtps_cppExport-noconfig.cmake
[1.556s] -- Up-to-date: /home/srinjoy/hb_task2_ws/install/my_robot_interfaces/share/my_robot_interfaces/cmake/my_robot_interfaces__rosidl_typesupport_introspection_cppExport.cmake
[1.556s] -- Up-to-date: /home/srinjoy/hb_task2_ws/install/my_robot_interfaces/share/my_robot_interfaces/cmake/my_robot_interfaces__rosidl_typesupport_introspection_cppExport-noconfig.cmake
[1.557s] -- Up-to-date: /home/srinjoy/hb_task2_ws/install/my_robot_interfaces/share/my_robot_interfaces/cmake/my_robot_interfaces__rosidl_typesupport_cppExport.cmake
[1.557s] -- Up-to-date: /home/srinjoy/hb_task2_ws/install/my_robot_interfaces/share/my_robot_interfaces/cmake/my_robot_interfaces__rosidl_typesupport_cppExport-noconfig.cmake
[1.557s] -- Up-to-date: /home/srinjoy/hb_task2_ws/install/my_robot_interfaces/share/my_robot_interfaces/cmake/export_my_robot_interfaces__rosidl_generator_pyExport.cmake
[1.557s] -- Up-to-date: /home/srinjoy/hb_task2_ws/install/my_robot_interfaces/share/my_robot_interfaces/cmake/export_my_robot_interfaces__rosidl_generator_pyExport-noconfig.cmake
[1.557s] -- Up-to-date: /home/srinjoy/hb_task2_ws/install/my_robot_interfaces/share/my_robot_interfaces/cmake/rosidl_cmake-extras.cmake
[1.557s] -- Up-to-date: /home/srinjoy/hb_task2_ws/install/my_robot_interfaces/share/my_robot_interfaces/cmake/ament_cmake_export_include_directories-extras.cmake
[1.557s] -- Up-to-date: /home/srinjoy/hb_task2_ws/install/my_robot_interfaces/share/my_robot_interfaces/cmake/ament_cmake_export_libraries-extras.cmake
[1.557s] -- Up-to-date: /home/srinjoy/hb_task2_ws/install/my_robot_interfaces/share/my_robot_interfaces/cmake/ament_cmake_export_targets-extras.cmake
[1.557s] -- Up-to-date: /home/srinjoy/hb_task2_ws/install/my_robot_interfaces/share/my_robot_interfaces/cmake/rosidl_cmake_export_typesupport_targets-extras.cmake
[1.557s] -- Up-to-date: /home/srinjoy/hb_task2_ws/install/my_robot_interfaces/share/my_robot_interfaces/cmake/ament_cmake_export_dependencies-extras.cmake
[1.557s] -- Up-to-date: /home/srinjoy/hb_task2_ws/install/my_robot_interfaces/share/my_robot_interfaces/cmake/rosidl_cmake_export_typesupport_libraries-extras.cmake
[1.557s] -- Up-to-date: /home/srinjoy/hb_task2_ws/install/my_robot_interfaces/share/my_robot_interfaces/cmake/my_robot_interfacesConfig.cmake
[1.558s] -- Up-to-date: /home/srinjoy/hb_task2_ws/install/my_robot_interfaces/share/my_robot_interfaces/cmake/my_robot_interfacesConfig-version.cmake
[1.559s] -- Up-to-date: /home/srinjoy/hb_task2_ws/install/my_robot_interfaces/share/my_robot_interfaces/package.xml
[1.633s] Invoked command in '/home/srinjoy/hb_task2_ws/build/my_robot_interfaces' returned '0': CMAKE_PREFIX_PATH=${CMAKE_PREFIX_PATH}:/home/srinjoy/hb_task2_ws/install/hb_task2b:/home/srinjoy/hb_task2_ws/install/hb_task2a:/home/srinjoy/ws_moveit/install/moveit_configs_utils:/opt/ros/humble /home/srinjoy/.local/bin/cmake --install /home/srinjoy/hb_task2_ws/build/my_robot_interfaces
