[0.778s] Invoking command in '/home/srinjoy/hb_task2_ws/build/hb_world': CMAKE_PREFIX_PATH=${CMAKE_PREFIX_PATH}:/home/srinjoy/ws_moveit/install/moveit_configs_utils:/opt/ros/humble /home/srinjoy/.local/bin/cmake /home/srinjoy/hb_task2_ws/src/eYRC-2023_Hologlyph_Bots/hb_world -DCMAKE_INSTALL_PREFIX=/home/srinjoy/hb_task2_ws/install/hb_world
[0.867s] -- The C compiler identification is GNU 11.4.0
[0.937s] -- The CXX compiler identification is GNU 11.4.0
[0.962s] -- Detecting C compiler ABI info
[1.058s] -- Detecting C compiler ABI info - done
[1.069s] -- Check for working C compiler: /usr/bin/cc - skipped
[1.069s] -- Detecting C compile features
[1.070s] -- Detecting C compile features - done
[1.086s] -- Detecting CXX compiler ABI info
[1.197s] -- Detecting CXX compiler ABI info - done
[1.211s] -- Check for working CXX compiler: /usr/bin/c++ - skipped
[1.211s] -- Detecting CXX compile features
[1.212s] -- Detecting CXX compile features - done
[1.220s] -- Found ament_cmake: 1.3.5 (/opt/ros/humble/share/ament_cmake/cmake)
[1.757s] -- Found Python3: /usr/bin/python3.10 (found version "3.10.12") found components: Interpreter 
[1.898s] -- Found rclcpp: 16.0.6 (/opt/ros/humble/share/rclcpp/cmake)
[1.989s] -- Found rosidl_generator_c: 3.1.5 (/opt/ros/humble/share/rosidl_generator_c/cmake)
[2.002s] -- Found rosidl_adapter: 3.1.5 (/opt/ros/humble/share/rosidl_adapter/cmake)
[2.020s] -- Found rosidl_generator_cpp: 3.1.5 (/opt/ros/humble/share/rosidl_generator_cpp/cmake)
[2.045s] -- Using all available rosidl_typesupport_c: rosidl_typesupport_fastrtps_c;rosidl_typesupport_introspection_c
[2.081s] -- Using all available rosidl_typesupport_cpp: rosidl_typesupport_fastrtps_cpp;rosidl_typesupport_introspection_cpp
[2.201s] -- Found rmw_implementation_cmake: 6.1.1 (/opt/ros/humble/share/rmw_implementation_cmake/cmake)
[2.209s] -- Found rmw_fastrtps_cpp: 6.2.4 (/opt/ros/humble/share/rmw_fastrtps_cpp/cmake)
[2.392s] -- Found OpenSSL: /usr/lib/x86_64-linux-gnu/libcrypto.so (found version "3.0.2")  
[2.436s] -- Found FastRTPS: /opt/ros/humble/include  
[2.508s] -- Using RMW implementation 'rmw_fastrtps_cpp' as default
[2.530s] -- Performing Test CMAKE_HAVE_LIBC_PTHREAD
[2.624s] -- Performing Test CMAKE_HAVE_LIBC_PTHREAD - Success
[2.626s] -- Found Threads: TRUE  
[2.830s] -- Found rclpy: 3.3.10 (/opt/ros/humble/share/rclpy/cmake)
[2.836s] -- Found urdf: 2.6.0 (/opt/ros/humble/share/urdf/cmake)
[2.912s] -- Found xacro: 2.0.8 (/opt/ros/humble/share/xacro/cmake)
[2.918s] -- Found ament_lint_auto: 0.12.8 (/opt/ros/humble/share/ament_lint_auto/cmake)
[3.021s] -- Added test 'flake8' to check Python code syntax and style conventions
[3.023s] -- Added test 'lint_cmake' to check CMake code style
[3.025s] -- Added test 'pep257' to check Python code against some of the docstring style conventions in PEP 257
[3.028s] -- Added test 'xmllint' to check XML markup files
[3.031s] -- Configuring done (2.2s)
[3.038s] -- Generating done (0.0s)
[3.040s] -- Build files have been written to: /home/srinjoy/hb_task2_ws/build/hb_world
[3.055s] Invoked command in '/home/srinjoy/hb_task2_ws/build/hb_world' returned '0': CMAKE_PREFIX_PATH=${CMAKE_PREFIX_PATH}:/home/srinjoy/ws_moveit/install/moveit_configs_utils:/opt/ros/humble /home/srinjoy/.local/bin/cmake /home/srinjoy/hb_task2_ws/src/eYRC-2023_Hologlyph_Bots/hb_world -DCMAKE_INSTALL_PREFIX=/home/srinjoy/hb_task2_ws/install/hb_world
[3.056s] Invoking command in '/home/srinjoy/hb_task2_ws/build/hb_world': CMAKE_PREFIX_PATH=${CMAKE_PREFIX_PATH}:/home/srinjoy/ws_moveit/install/moveit_configs_utils:/opt/ros/humble /home/srinjoy/.local/bin/cmake --build /home/srinjoy/hb_task2_ws/build/hb_world -- -j12 -l12
[3.110s] Invoked command in '/home/srinjoy/hb_task2_ws/build/hb_world' returned '0': CMAKE_PREFIX_PATH=${CMAKE_PREFIX_PATH}:/home/srinjoy/ws_moveit/install/moveit_configs_utils:/opt/ros/humble /home/srinjoy/.local/bin/cmake --build /home/srinjoy/hb_task2_ws/build/hb_world -- -j12 -l12
[3.172s] Invoking command in '/home/srinjoy/hb_task2_ws/build/hb_world': CMAKE_PREFIX_PATH=${CMAKE_PREFIX_PATH}:/home/srinjoy/ws_moveit/install/moveit_configs_utils:/opt/ros/humble /home/srinjoy/.local/bin/cmake --install /home/srinjoy/hb_task2_ws/build/hb_world
[3.197s] -- Install configuration: ""
[3.197s] -- Installing: /home/srinjoy/hb_task2_ws/install/hb_world/share/hb_world//launch
[3.198s] -- Installing: /home/srinjoy/hb_task2_ws/install/hb_world/share/hb_world//launch/world.launch.py
[3.198s] -- Installing: /home/srinjoy/hb_task2_ws/install/hb_world/share/hb_world//worlds
[3.198s] -- Installing: /home/srinjoy/hb_task2_ws/install/hb_world/share/hb_world//worlds/gazebo.world
[3.198s] -- Installing: /home/srinjoy/hb_task2_ws/install/hb_world/share/hb_world//models
[3.198s] -- Installing: /home/srinjoy/hb_task2_ws/install/hb_world/share/hb_world//models/ground_surface
[3.198s] -- Installing: /home/srinjoy/hb_task2_ws/install/hb_world/share/hb_world//models/ground_surface/meshes
[3.198s] -- Installing: /home/srinjoy/hb_task2_ws/install/hb_world/share/hb_world//models/ground_surface/meshes/ground_surface.dae
[3.198s] -- Installing: /home/srinjoy/hb_task2_ws/install/hb_world/share/hb_world//models/ground_surface/meshes/geoglyph.jpg
[3.198s] -- Installing: /home/srinjoy/hb_task2_ws/install/hb_world/share/hb_world//models/ground_surface/model.sdf
[3.198s] -- Installing: /home/srinjoy/hb_task2_ws/install/hb_world/share/hb_world//models/ground_surface/model.config
[3.198s] -- Installing: /home/srinjoy/hb_task2_ws/install/hb_world/share/hb_world//models/arena
[3.199s] -- Installing: /home/srinjoy/hb_task2_ws/install/hb_world/share/hb_world//models/arena/meshes
[3.199s] -- Installing: /home/srinjoy/hb_task2_ws/install/hb_world/share/hb_world//models/arena/meshes/arena.jpg
[3.199s] -- Installing: /home/srinjoy/hb_task2_ws/install/hb_world/share/hb_world//models/arena/meshes/arena.dae
[3.199s] -- Installing: /home/srinjoy/hb_task2_ws/install/hb_world/share/hb_world//models/arena/model.sdf
[3.199s] -- Installing: /home/srinjoy/hb_task2_ws/install/hb_world/share/hb_world//models/arena/model.config
[3.199s] -- Installing: /home/srinjoy/hb_task2_ws/install/hb_world/share/hb_world//models/e_camera
[3.199s] -- Installing: /home/srinjoy/hb_task2_ws/install/hb_world/share/hb_world//models/e_camera/meshes
[3.199s] -- Installing: /home/srinjoy/hb_task2_ws/install/hb_world/share/hb_world//models/e_camera/meshes/17eyantra_logo_large e.png
[3.200s] -- Installing: /home/srinjoy/hb_task2_ws/install/hb_world/share/hb_world//models/e_camera/meshes/camera.dae
[3.200s] -- Installing: /home/srinjoy/hb_task2_ws/install/hb_world/share/hb_world//models/e_camera/model.sdf
[3.200s] -- Installing: /home/srinjoy/hb_task2_ws/install/hb_world/share/hb_world//models/e_camera/model.config
[3.201s] -- Installing: /home/srinjoy/hb_task2_ws/install/hb_world/share/ament_index/resource_index/package_run_dependencies/hb_world
[3.201s] -- Installing: /home/srinjoy/hb_task2_ws/install/hb_world/share/ament_index/resource_index/parent_prefix_path/hb_world
[3.201s] -- Installing: /home/srinjoy/hb_task2_ws/install/hb_world/share/hb_world/environment/ament_prefix_path.sh
[3.201s] -- Installing: /home/srinjoy/hb_task2_ws/install/hb_world/share/hb_world/environment/ament_prefix_path.dsv
[3.201s] -- Installing: /home/srinjoy/hb_task2_ws/install/hb_world/share/hb_world/environment/path.sh
[3.201s] -- Installing: /home/srinjoy/hb_task2_ws/install/hb_world/share/hb_world/environment/path.dsv
[3.202s] -- Installing: /home/srinjoy/hb_task2_ws/install/hb_world/share/hb_world/local_setup.bash
[3.202s] -- Installing: /home/srinjoy/hb_task2_ws/install/hb_world/share/hb_world/local_setup.sh
[3.202s] -- Installing: /home/srinjoy/hb_task2_ws/install/hb_world/share/hb_world/local_setup.zsh
[3.202s] -- Installing: /home/srinjoy/hb_task2_ws/install/hb_world/share/hb_world/local_setup.dsv
[3.202s] -- Installing: /home/srinjoy/hb_task2_ws/install/hb_world/share/hb_world/package.dsv
[3.202s] -- Installing: /home/srinjoy/hb_task2_ws/install/hb_world/share/ament_index/resource_index/packages/hb_world
[3.202s] -- Installing: /home/srinjoy/hb_task2_ws/install/hb_world/share/hb_world/cmake/hb_worldConfig.cmake
[3.203s] -- Installing: /home/srinjoy/hb_task2_ws/install/hb_world/share/hb_world/cmake/hb_worldConfig-version.cmake
[3.203s] -- Installing: /home/srinjoy/hb_task2_ws/install/hb_world/share/hb_world/package.xml
[3.209s] Invoked command in '/home/srinjoy/hb_task2_ws/build/hb_world' returned '0': CMAKE_PREFIX_PATH=${CMAKE_PREFIX_PATH}:/home/srinjoy/ws_moveit/install/moveit_configs_utils:/opt/ros/humble /home/srinjoy/.local/bin/cmake --install /home/srinjoy/hb_task2_ws/build/hb_world
