[1.351s] Invoking command in '/home/srinjoy/hb_task2_ws/build/hb_task2b': PYTHONPATH=/home/srinjoy/hb_task2_ws/build/hb_task2b/prefix_override:/home/srinjoy/hb_task2_ws/install/hb_task2b/lib/python3.10/site-packages:${PYTHONPATH} /usr/bin/python3 setup.py develop --editable --build-directory /home/srinjoy/hb_task2_ws/build/hb_task2b/build --no-deps install_data
[1.609s] running develop
[1.609s] /usr/lib/python3/dist-packages/setuptools/command/easy_install.py:158: EasyInstallDeprecationWarning: easy_install command is deprecated. Use build and pip and other standards-based tools.
[1.609s]   warnings.warn(
[1.611s] /usr/lib/python3/dist-packages/setuptools/command/install.py:34: SetuptoolsDeprecationWarning: setup.py install is deprecated. Use build and pip and other standards-based tools.
[1.611s]   warnings.warn(
[1.800s] running egg_info
[1.800s] creating hb_task2b.egg-info
[1.800s] writing hb_task2b.egg-info/PKG-INFO
[1.800s] writing dependency_links to hb_task2b.egg-info/dependency_links.txt
[1.800s] writing entry points to hb_task2b.egg-info/entry_points.txt
[1.800s] writing requirements to hb_task2b.egg-info/requires.txt
[1.800s] writing top-level names to hb_task2b.egg-info/top_level.txt
[1.800s] writing manifest file 'hb_task2b.egg-info/SOURCES.txt'
[1.802s] reading manifest file 'hb_task2b.egg-info/SOURCES.txt'
[1.802s] writing manifest file 'hb_task2b.egg-info/SOURCES.txt'
[1.804s] running build_ext
[1.804s] Creating /home/srinjoy/hb_task2_ws/install/hb_task2b/lib/python3.10/site-packages/hb-task2b.egg-link (link to .)
[1.805s] Installing controller script to /home/srinjoy/hb_task2_ws/install/hb_task2b/lib/hb_task2b
[1.805s] Installing nextgoalpub script to /home/srinjoy/hb_task2_ws/install/hb_task2b/lib/hb_task2b
[1.805s] 
[1.805s] Installed /home/srinjoy/hb_task2_ws/build/hb_task2b
[1.805s] running install_data
[1.805s] creating /home/srinjoy/hb_task2_ws/install/hb_task2b/share/ament_index
[1.805s] creating /home/srinjoy/hb_task2_ws/install/hb_task2b/share/ament_index/resource_index
[1.805s] creating /home/srinjoy/hb_task2_ws/install/hb_task2b/share/ament_index/resource_index/packages
[1.805s] copying resource/hb_task2b -> /home/srinjoy/hb_task2_ws/install/hb_task2b/share/ament_index/resource_index/packages
[1.805s] copying package.xml -> /home/srinjoy/hb_task2_ws/install/hb_task2b/share/hb_task2b
[1.806s] creating /home/srinjoy/hb_task2_ws/install/hb_task2b/share/hb_task2b/launch
[1.806s] copying launch/task2b.launch.py -> /home/srinjoy/hb_task2_ws/install/hb_task2b/share/hb_task2b/launch
[1.806s] copying launch/controller.launch.py -> /home/srinjoy/hb_task2_ws/install/hb_task2b/share/hb_task2b/launch
[1.806s] copying launch/submission.launch.py -> /home/srinjoy/hb_task2_ws/install/hb_task2b/share/hb_task2b/launch
[1.806s] creating /home/srinjoy/hb_task2_ws/install/hb_task2b/share/hb_task2b/scripts
[1.866s] Invoked command in '/home/srinjoy/hb_task2_ws/build/hb_task2b' returned '0': PYTHONPATH=/home/srinjoy/hb_task2_ws/build/hb_task2b/prefix_override:/home/srinjoy/hb_task2_ws/install/hb_task2b/lib/python3.10/site-packages:${PYTHONPATH} /usr/bin/python3 setup.py develop --editable --build-directory /home/srinjoy/hb_task2_ws/build/hb_task2b/build --no-deps install_data
