[0.369s] Invoking command in '/home/srinjoy/hb_task2_ws/build/hb_bot': CMAKE_PREFIX_PATH=${CMAKE_PREFIX_PATH}:/home/srinjoy/ws_moveit/install/moveit_configs_utils:/opt/ros/humble /home/srinjoy/.local/bin/cmake /home/srinjoy/hb_task2_ws/src/eYRC-2023_Hologlyph_Bots/hb_bot -DCMAKE_INSTALL_PREFIX=/home/srinjoy/hb_task2_ws/install/hb_bot
[1.011s] -- The C compiler identification is GNU 11.4.0
[1.012s] -- The CXX compiler identification is GNU 11.4.0
[1.012s] -- Detecting C compiler ABI info
[1.012s] -- Detecting C compiler ABI info - done
[1.012s] -- Check for working C compiler: /usr/bin/cc - skipped
[1.012s] -- Detecting C compile features
[1.012s] -- Detecting C compile features - done
[1.012s] -- Detecting CXX compiler ABI info
[1.012s] -- Detecting CXX compiler ABI info - done
[1.012s] -- Check for working CXX compiler: /usr/bin/c++ - skipped
[1.012s] -- Detecting CXX compile features
[1.012s] -- Detecting CXX compile features - done
[1.012s] -- Found ament_cmake: 1.3.5 (/opt/ros/humble/share/ament_cmake/cmake)
[1.325s] -- Found Python3: /usr/bin/python3.10 (found version "3.10.12") found components: Interpreter 
[1.482s] -- Found rclcpp: 16.0.6 (/opt/ros/humble/share/rclcpp/cmake)
[1.579s] -- Found rosidl_generator_c: 3.1.5 (/opt/ros/humble/share/rosidl_generator_c/cmake)
[1.592s] -- Found rosidl_adapter: 3.1.5 (/opt/ros/humble/share/rosidl_adapter/cmake)
[1.611s] -- Found rosidl_generator_cpp: 3.1.5 (/opt/ros/humble/share/rosidl_generator_cpp/cmake)
[1.638s] -- Using all available rosidl_typesupport_c: rosidl_typesupport_fastrtps_c;rosidl_typesupport_introspection_c
[1.676s] -- Using all available rosidl_typesupport_cpp: rosidl_typesupport_fastrtps_cpp;rosidl_typesupport_introspection_cpp
[1.815s] -- Found rmw_implementation_cmake: 6.1.1 (/opt/ros/humble/share/rmw_implementation_cmake/cmake)
[1.823s] -- Found rmw_fastrtps_cpp: 6.2.4 (/opt/ros/humble/share/rmw_fastrtps_cpp/cmake)
[2.004s] -- Found OpenSSL: /usr/lib/x86_64-linux-gnu/libcrypto.so (found version "3.0.2")  
[2.049s] -- Found FastRTPS: /opt/ros/humble/include  
[2.118s] -- Using RMW implementation 'rmw_fastrtps_cpp' as default
[2.140s] -- Performing Test CMAKE_HAVE_LIBC_PTHREAD
[2.229s] -- Performing Test CMAKE_HAVE_LIBC_PTHREAD - Success
[2.230s] -- Found Threads: TRUE  
[2.430s] -- Found rclpy: 3.3.10 (/opt/ros/humble/share/rclpy/cmake)
[2.435s] -- Found urdf: 2.6.0 (/opt/ros/humble/share/urdf/cmake)
[2.512s] -- Found xacro: 2.0.8 (/opt/ros/humble/share/xacro/cmake)
[2.517s] -- Found ament_lint_auto: 0.12.8 (/opt/ros/humble/share/ament_lint_auto/cmake)
[2.621s] -- Added test 'flake8' to check Python code syntax and style conventions
[2.624s] -- Added test 'lint_cmake' to check CMake code style
[2.626s] -- Added test 'pep257' to check Python code against some of the docstring style conventions in PEP 257
[2.629s] -- Added test 'xmllint' to check XML markup files
[2.634s] -- Configuring done (2.2s)
[2.642s] -- Generating done (0.0s)
[2.644s] -- Build files have been written to: /home/srinjoy/hb_task2_ws/build/hb_bot
[2.664s] Invoked command in '/home/srinjoy/hb_task2_ws/build/hb_bot' returned '0': CMAKE_PREFIX_PATH=${CMAKE_PREFIX_PATH}:/home/srinjoy/ws_moveit/install/moveit_configs_utils:/opt/ros/humble /home/srinjoy/.local/bin/cmake /home/srinjoy/hb_task2_ws/src/eYRC-2023_Hologlyph_Bots/hb_bot -DCMAKE_INSTALL_PREFIX=/home/srinjoy/hb_task2_ws/install/hb_bot
[2.666s] Invoking command in '/home/srinjoy/hb_task2_ws/build/hb_bot': CMAKE_PREFIX_PATH=${CMAKE_PREFIX_PATH}:/home/srinjoy/ws_moveit/install/moveit_configs_utils:/opt/ros/humble /home/srinjoy/.local/bin/cmake --build /home/srinjoy/hb_task2_ws/build/hb_bot -- -j12 -l12
[2.718s] Invoked command in '/home/srinjoy/hb_task2_ws/build/hb_bot' returned '0': CMAKE_PREFIX_PATH=${CMAKE_PREFIX_PATH}:/home/srinjoy/ws_moveit/install/moveit_configs_utils:/opt/ros/humble /home/srinjoy/.local/bin/cmake --build /home/srinjoy/hb_task2_ws/build/hb_bot -- -j12 -l12
[2.814s] Invoking command in '/home/srinjoy/hb_task2_ws/build/hb_bot': CMAKE_PREFIX_PATH=${CMAKE_PREFIX_PATH}:/home/srinjoy/ws_moveit/install/moveit_configs_utils:/opt/ros/humble /home/srinjoy/.local/bin/cmake --install /home/srinjoy/hb_task2_ws/build/hb_bot
[2.842s] -- Install configuration: ""
[2.843s] -- Installing: /home/srinjoy/hb_task2_ws/install/hb_bot/share/hb_bot//launch
[2.843s] -- Installing: /home/srinjoy/hb_task2_ws/install/hb_bot/share/hb_bot//launch/Spawn_bot.launch.py
[2.843s] -- Installing: /home/srinjoy/hb_task2_ws/install/hb_bot/share/hb_bot//launch/multi_bot_spawn.launch.py
[2.843s] -- Installing: /home/srinjoy/hb_task2_ws/install/hb_bot/share/hb_bot//meshes
[2.843s] -- Installing: /home/srinjoy/hb_task2_ws/install/hb_bot/share/hb_bot//meshes/bot_3.dae
[2.846s] -- Installing: /home/srinjoy/hb_task2_ws/install/hb_bot/share/hb_bot//meshes/bot_2.jpg
[2.846s] -- Installing: /home/srinjoy/hb_task2_ws/install/hb_bot/share/hb_bot//meshes/bot_2.dae
[2.849s] -- Installing: /home/srinjoy/hb_task2_ws/install/hb_bot/share/hb_bot//meshes/bot_3.jpg.001.jpg
[2.849s] -- Installing: /home/srinjoy/hb_task2_ws/install/hb_bot/share/hb_bot//meshes/wheel.stl
[2.858s] -- Installing: /home/srinjoy/hb_task2_ws/install/hb_bot/share/hb_bot//meshes/bot_1.jpg.001.jpg
[2.858s] -- Installing: /home/srinjoy/hb_task2_ws/install/hb_bot/share/hb_bot//meshes/bot_1.jpg
[2.858s] -- Installing: /home/srinjoy/hb_task2_ws/install/hb_bot/share/hb_bot//meshes/bot_3.jpg
[2.858s] -- Installing: /home/srinjoy/hb_task2_ws/install/hb_bot/share/hb_bot//meshes/bot_2.jpg.001.jpg
[2.858s] -- Installing: /home/srinjoy/hb_task2_ws/install/hb_bot/share/hb_bot//meshes/bot_1.dae
[2.861s] -- Installing: /home/srinjoy/hb_task2_ws/install/hb_bot/share/hb_bot//urdf
[2.861s] -- Installing: /home/srinjoy/hb_task2_ws/install/hb_bot/share/hb_bot//urdf/hb_bot_1.urdf.xacro
[2.862s] -- Installing: /home/srinjoy/hb_task2_ws/install/hb_bot/share/hb_bot//urdf/hb_bot_3.urdf.xacro
[2.862s] -- Installing: /home/srinjoy/hb_task2_ws/install/hb_bot/share/hb_bot//urdf/hb_bot_2.urdf.xacro
[2.862s] -- Installing: /home/srinjoy/hb_task2_ws/install/hb_bot/share/hb_bot//urdf/materials.xacro
[2.862s] -- Installing: /home/srinjoy/hb_task2_ws/install/hb_bot/share/ament_index/resource_index/package_run_dependencies/hb_bot
[2.862s] -- Installing: /home/srinjoy/hb_task2_ws/install/hb_bot/share/ament_index/resource_index/parent_prefix_path/hb_bot
[2.862s] -- Installing: /home/srinjoy/hb_task2_ws/install/hb_bot/share/hb_bot/environment/ament_prefix_path.sh
[2.862s] -- Installing: /home/srinjoy/hb_task2_ws/install/hb_bot/share/hb_bot/environment/ament_prefix_path.dsv
[2.863s] -- Installing: /home/srinjoy/hb_task2_ws/install/hb_bot/share/hb_bot/environment/path.sh
[2.863s] -- Installing: /home/srinjoy/hb_task2_ws/install/hb_bot/share/hb_bot/environment/path.dsv
[2.863s] -- Installing: /home/srinjoy/hb_task2_ws/install/hb_bot/share/hb_bot/local_setup.bash
[2.863s] -- Installing: /home/srinjoy/hb_task2_ws/install/hb_bot/share/hb_bot/local_setup.sh
[2.863s] -- Installing: /home/srinjoy/hb_task2_ws/install/hb_bot/share/hb_bot/local_setup.zsh
[2.863s] -- Installing: /home/srinjoy/hb_task2_ws/install/hb_bot/share/hb_bot/local_setup.dsv
[2.863s] -- Installing: /home/srinjoy/hb_task2_ws/install/hb_bot/share/hb_bot/package.dsv
[2.864s] -- Installing: /home/srinjoy/hb_task2_ws/install/hb_bot/share/ament_index/resource_index/packages/hb_bot
[2.864s] -- Installing: /home/srinjoy/hb_task2_ws/install/hb_bot/share/hb_bot/cmake/hb_botConfig.cmake
[2.864s] -- Installing: /home/srinjoy/hb_task2_ws/install/hb_bot/share/hb_bot/cmake/hb_botConfig-version.cmake
[2.864s] -- Installing: /home/srinjoy/hb_task2_ws/install/hb_bot/share/hb_bot/package.xml
[2.870s] Invoked command in '/home/srinjoy/hb_task2_ws/build/hb_bot' returned '0': CMAKE_PREFIX_PATH=${CMAKE_PREFIX_PATH}:/home/srinjoy/ws_moveit/install/moveit_configs_utils:/opt/ros/humble /home/srinjoy/.local/bin/cmake --install /home/srinjoy/hb_task2_ws/build/hb_bot
