[0.761s] Invoking command in '/home/srinjoy/hb_task2_ws/build/my_robot_interfaces': CMAKE_PREFIX_PATH=${CMAKE_PREFIX_PATH}:/home/srinjoy/hb_task2_ws/install/hb_task2b:/home/srinjoy/hb_task2_ws/install/hb_task2a:/home/srinjoy/ws_moveit/install/moveit_configs_utils:/opt/ros/humble /home/srinjoy/.local/bin/cmake --build /home/srinjoy/hb_task2_ws/build/my_robot_interfaces -- -j12 -l12
[0.825s] [  8%] Built target my_robot_interfaces__cpp
[0.825s] [ 12%] Built target my_robot_interfaces__rosidl_generator_c
[0.831s] [ 12%] Built target ament_cmake_python_symlink_my_robot_interfaces
[0.850s] [ 23%] Built target my_robot_interfaces__rosidl_typesupport_c
[0.852s] [ 40%] Built target my_robot_interfaces__rosidl_typesupport_introspection_c
[0.852s] [ 44%] Built target my_robot_interfaces__rosidl_typesupport_introspection_cpp
[0.852s] [ 55%] Built target my_robot_interfaces__rosidl_typesupport_fastrtps_c
[0.852s] [ 65%] Built target my_robot_interfaces__rosidl_typesupport_cpp
[0.854s] [ 76%] Built target my_robot_interfaces__rosidl_typesupport_fastrtps_cpp
[0.874s] [ 76%] Built target my_robot_interfaces
[0.896s] [ 78%] Built target my_robot_interfaces__py
[0.918s] [ 87%] Built target my_robot_interfaces__rosidl_generator_py
[0.939s] [ 91%] Built target my_robot_interfaces__rosidl_typesupport_c__pyext
[0.941s] [ 95%] Built target my_robot_interfaces__rosidl_typesupport_fastrtps_c__pyext
[0.942s] [100%] Built target my_robot_interfaces__rosidl_typesupport_introspection_c__pyext
[1.102s] running egg_info
[1.103s] writing my_robot_interfaces.egg-info/PKG-INFO
[1.104s] writing dependency_links to my_robot_interfaces.egg-info/dependency_links.txt
[1.104s] writing top-level names to my_robot_interfaces.egg-info/top_level.txt
[1.109s] reading manifest file 'my_robot_interfaces.egg-info/SOURCES.txt'
[1.109s] writing manifest file 'my_robot_interfaces.egg-info/SOURCES.txt'
[1.155s] [100%] Built target ament_cmake_python_build_my_robot_interfaces_egg
[1.212s] Invoked command in '/home/srinjoy/hb_task2_ws/build/my_robot_interfaces' returned '0': CMAKE_PREFIX_PATH=${CMAKE_PREFIX_PATH}:/home/srinjoy/hb_task2_ws/install/hb_task2b:/home/srinjoy/hb_task2_ws/install/hb_task2a:/home/srinjoy/ws_moveit/install/moveit_configs_utils:/opt/ros/humble /home/srinjoy/.local/bin/cmake --build /home/srinjoy/hb_task2_ws/build/my_robot_interfaces -- -j12 -l12
[1.468s] Invoking command in '/home/srinjoy/hb_task2_ws/build/my_robot_interfaces': CMAKE_PREFIX_PATH=${CMAKE_PREFIX_PATH}:/home/srinjoy/hb_task2_ws/install/hb_task2b:/home/srinjoy/hb_task2_ws/install/hb_task2a:/home/srinjoy/ws_moveit/install/moveit_configs_utils:/opt/ros/humble /home/srinjoy/.local/bin/cmake --install /home/srinjoy/hb_task2_ws/build/my_robot_interfaces
[1.499s] -- Install configuration: ""
[1.500s] -- Execute custom install script
[1.500s] -- Up-to-date symlink: /home/srinjoy/hb_task2_ws/install/my_robot_interfaces/share/ament_index/resource_index/rosidl_interfaces/my_robot_interfaces
[1.501s] -- Up-to-date symlink: /home/srinjoy/hb_task2_ws/install/my_robot_interfaces/include/my_robot_interfaces/my_robot_interfaces/msg/detail/goal__functions.h
[1.501s] -- Up-to-date symlink: /home/srinjoy/hb_task2_ws/install/my_robot_interfaces/include/my_robot_interfaces/my_robot_interfaces/msg/detail/goal__struct.h
[1.501s] -- Up-to-date symlink: /home/srinjoy/hb_task2_ws/install/my_robot_interfaces/include/my_robot_interfaces/my_robot_interfaces/msg/detail/goal__type_support.h
[1.501s] -- Up-to-date symlink: /home/srinjoy/hb_task2_ws/install/my_robot_interfaces/include/my_robot_interfaces/my_robot_interfaces/msg/detail/shape__functions.h
[1.501s] -- Up-to-date symlink: /home/srinjoy/hb_task2_ws/install/my_robot_interfaces/include/my_robot_interfaces/my_robot_interfaces/msg/detail/shape__struct.h
[1.501s] -- Up-to-date symlink: /home/srinjoy/hb_task2_ws/install/my_robot_interfaces/include/my_robot_interfaces/my_robot_interfaces/msg/detail/shape__type_support.h
[1.501s] -- Up-to-date symlink: /home/srinjoy/hb_task2_ws/install/my_robot_interfaces/include/my_robot_interfaces/my_robot_interfaces/msg/goal.h
[1.501s] -- Up-to-date symlink: /home/srinjoy/hb_task2_ws/install/my_robot_interfaces/include/my_robot_interfaces/my_robot_interfaces/msg/rosidl_generator_c__visibility_control.h
[1.502s] -- Up-to-date symlink: /home/srinjoy/hb_task2_ws/install/my_robot_interfaces/include/my_robot_interfaces/my_robot_interfaces/msg/shape.h
[1.502s] -- Up-to-date symlink: /home/srinjoy/hb_task2_ws/install/my_robot_interfaces/include/my_robot_interfaces/my_robot_interfaces/srv/detail/next_goal__functions.h
[1.502s] -- Up-to-date symlink: /home/srinjoy/hb_task2_ws/install/my_robot_interfaces/include/my_robot_interfaces/my_robot_interfaces/srv/detail/next_goal__struct.h
[1.502s] -- Up-to-date symlink: /home/srinjoy/hb_task2_ws/install/my_robot_interfaces/include/my_robot_interfaces/my_robot_interfaces/srv/detail/next_goal__type_support.h
[1.502s] -- Up-to-date symlink: /home/srinjoy/hb_task2_ws/install/my_robot_interfaces/include/my_robot_interfaces/my_robot_interfaces/srv/next_goal.h
[1.502s] -- Up-to-date symlink: /home/srinjoy/hb_task2_ws/install/my_robot_interfaces/share/my_robot_interfaces/environment/library_path.sh
[1.503s] -- Up-to-date symlink: /home/srinjoy/hb_task2_ws/install/my_robot_interfaces/share/my_robot_interfaces/environment/library_path.dsv
[1.503s] -- Up-to-date symlink: /home/srinjoy/hb_task2_ws/install/my_robot_interfaces/include/my_robot_interfaces/my_robot_interfaces/msg/detail/goal__rosidl_typesupport_fastrtps_c.h
[1.504s] -- Up-to-date symlink: /home/srinjoy/hb_task2_ws/install/my_robot_interfaces/include/my_robot_interfaces/my_robot_interfaces/msg/detail/shape__rosidl_typesupport_fastrtps_c.h
[1.504s] -- Up-to-date symlink: /home/srinjoy/hb_task2_ws/install/my_robot_interfaces/include/my_robot_interfaces/my_robot_interfaces/msg/rosidl_typesupport_fastrtps_c__visibility_control.h
[1.504s] -- Up-to-date symlink: /home/srinjoy/hb_task2_ws/install/my_robot_interfaces/include/my_robot_interfaces/my_robot_interfaces/srv/detail/next_goal__rosidl_typesupport_fastrtps_c.h
[1.504s] -- Up-to-date symlink: /home/srinjoy/hb_task2_ws/install/my_robot_interfaces/include/my_robot_interfaces/my_robot_interfaces/msg/detail/goal__rosidl_typesupport_introspection_c.h
[1.505s] -- Up-to-date symlink: /home/srinjoy/hb_task2_ws/install/my_robot_interfaces/include/my_robot_interfaces/my_robot_interfaces/msg/detail/shape__rosidl_typesupport_introspection_c.h
[1.505s] -- Up-to-date symlink: /home/srinjoy/hb_task2_ws/install/my_robot_interfaces/include/my_robot_interfaces/my_robot_interfaces/msg/rosidl_typesupport_introspection_c__visibility_control.h
[1.505s] -- Up-to-date symlink: /home/srinjoy/hb_task2_ws/install/my_robot_interfaces/include/my_robot_interfaces/my_robot_interfaces/srv/detail/next_goal__rosidl_typesupport_introspection_c.h
[1.505s] -- Up-to-date symlink: /home/srinjoy/hb_task2_ws/install/my_robot_interfaces/include/my_robot_interfaces/my_robot_interfaces/msg/detail/goal__builder.hpp
[1.505s] -- Up-to-date symlink: /home/srinjoy/hb_task2_ws/install/my_robot_interfaces/include/my_robot_interfaces/my_robot_interfaces/msg/detail/goal__struct.hpp
[1.506s] -- Up-to-date symlink: /home/srinjoy/hb_task2_ws/install/my_robot_interfaces/include/my_robot_interfaces/my_robot_interfaces/msg/detail/goal__traits.hpp
[1.506s] -- Up-to-date symlink: /home/srinjoy/hb_task2_ws/install/my_robot_interfaces/include/my_robot_interfaces/my_robot_interfaces/msg/detail/shape__builder.hpp
[1.506s] -- Up-to-date symlink: /home/srinjoy/hb_task2_ws/install/my_robot_interfaces/include/my_robot_interfaces/my_robot_interfaces/msg/detail/shape__struct.hpp
[1.506s] -- Up-to-date symlink: /home/srinjoy/hb_task2_ws/install/my_robot_interfaces/include/my_robot_interfaces/my_robot_interfaces/msg/detail/shape__traits.hpp
[1.506s] -- Up-to-date symlink: /home/srinjoy/hb_task2_ws/install/my_robot_interfaces/include/my_robot_interfaces/my_robot_interfaces/msg/goal.hpp
[1.506s] -- Up-to-date symlink: /home/srinjoy/hb_task2_ws/install/my_robot_interfaces/include/my_robot_interfaces/my_robot_interfaces/msg/shape.hpp
[1.507s] -- Up-to-date symlink: /home/srinjoy/hb_task2_ws/install/my_robot_interfaces/include/my_robot_interfaces/my_robot_interfaces/srv/detail/next_goal__builder.hpp
[1.507s] -- Up-to-date symlink: /home/srinjoy/hb_task2_ws/install/my_robot_interfaces/include/my_robot_interfaces/my_robot_interfaces/srv/detail/next_goal__struct.hpp
[1.507s] -- Up-to-date symlink: /home/srinjoy/hb_task2_ws/install/my_robot_interfaces/include/my_robot_interfaces/my_robot_interfaces/srv/detail/next_goal__traits.hpp
[1.507s] -- Up-to-date symlink: /home/srinjoy/hb_task2_ws/install/my_robot_interfaces/include/my_robot_interfaces/my_robot_interfaces/srv/next_goal.hpp
[1.509s] -- Up-to-date symlink: /home/srinjoy/hb_task2_ws/install/my_robot_interfaces/include/my_robot_interfaces/my_robot_interfaces/msg/detail/goal__rosidl_typesupport_fastrtps_cpp.hpp
[1.509s] -- Up-to-date symlink: /home/srinjoy/hb_task2_ws/install/my_robot_interfaces/include/my_robot_interfaces/my_robot_interfaces/msg/detail/shape__rosidl_typesupport_fastrtps_cpp.hpp
[1.509s] -- Up-to-date symlink: /home/srinjoy/hb_task2_ws/install/my_robot_interfaces/include/my_robot_interfaces/my_robot_interfaces/msg/rosidl_typesupport_fastrtps_cpp__visibility_control.h
[1.509s] -- Up-to-date symlink: /home/srinjoy/hb_task2_ws/install/my_robot_interfaces/include/my_robot_interfaces/my_robot_interfaces/srv/detail/next_goal__rosidl_typesupport_fastrtps_cpp.hpp
[1.509s] -- Up-to-date symlink: /home/srinjoy/hb_task2_ws/install/my_robot_interfaces/include/my_robot_interfaces/my_robot_interfaces/msg/detail/goal__rosidl_typesupport_introspection_cpp.hpp
[1.510s] -- Up-to-date symlink: /home/srinjoy/hb_task2_ws/install/my_robot_interfaces/include/my_robot_interfaces/my_robot_interfaces/msg/detail/shape__rosidl_typesupport_introspection_cpp.hpp
[1.510s] -- Up-to-date symlink: /home/srinjoy/hb_task2_ws/install/my_robot_interfaces/include/my_robot_interfaces/my_robot_interfaces/srv/detail/next_goal__rosidl_typesupport_introspection_cpp.hpp
[1.510s] -- Up-to-date symlink: /home/srinjoy/hb_task2_ws/install/my_robot_interfaces/share/my_robot_interfaces/environment/pythonpath.sh
[1.510s] -- Up-to-date symlink: /home/srinjoy/hb_task2_ws/install/my_robot_interfaces/share/my_robot_interfaces/environment/pythonpath.dsv
[1.511s] -- Up-to-date symlink: /home/srinjoy/hb_task2_ws/install/my_robot_interfaces/local/lib/python3.10/dist-packages/my_robot_interfaces-0.0.0-py3.10.egg-info/PKG-INFO
[1.511s] -- Up-to-date symlink: /home/srinjoy/hb_task2_ws/install/my_robot_interfaces/local/lib/python3.10/dist-packages/my_robot_interfaces-0.0.0-py3.10.egg-info/SOURCES.txt
[1.511s] -- Up-to-date symlink: /home/srinjoy/hb_task2_ws/install/my_robot_interfaces/local/lib/python3.10/dist-packages/my_robot_interfaces-0.0.0-py3.10.egg-info/dependency_links.txt
[1.511s] -- Up-to-date symlink: /home/srinjoy/hb_task2_ws/install/my_robot_interfaces/local/lib/python3.10/dist-packages/my_robot_interfaces-0.0.0-py3.10.egg-info/top_level.txt
[1.511s] -- Up-to-date symlink: /home/srinjoy/hb_task2_ws/install/my_robot_interfaces/local/lib/python3.10/dist-packages/my_robot_interfaces/__init__.py
[1.512s] -- Up-to-date symlink: /home/srinjoy/hb_task2_ws/install/my_robot_interfaces/local/lib/python3.10/dist-packages/my_robot_interfaces/_my_robot_interfaces_s.ep.rosidl_typesupport_c.c
[1.512s] -- Up-to-date symlink: /home/srinjoy/hb_task2_ws/install/my_robot_interfaces/local/lib/python3.10/dist-packages/my_robot_interfaces/_my_robot_interfaces_s.ep.rosidl_typesupport_fastrtps_c.c
[1.512s] -- Up-to-date symlink: /home/srinjoy/hb_task2_ws/install/my_robot_interfaces/local/lib/python3.10/dist-packages/my_robot_interfaces/_my_robot_interfaces_s.ep.rosidl_typesupport_introspection_c.c
[1.512s] -- Up-to-date symlink: /home/srinjoy/hb_task2_ws/install/my_robot_interfaces/local/lib/python3.10/dist-packages/my_robot_interfaces/libmy_robot_interfaces__rosidl_generator_py.so
[1.513s] -- Up-to-date symlink: /home/srinjoy/hb_task2_ws/install/my_robot_interfaces/local/lib/python3.10/dist-packages/my_robot_interfaces/msg/__init__.py
[1.513s] -- Up-to-date symlink: /home/srinjoy/hb_task2_ws/install/my_robot_interfaces/local/lib/python3.10/dist-packages/my_robot_interfaces/msg/_goal.py
[1.513s] -- Up-to-date symlink: /home/srinjoy/hb_task2_ws/install/my_robot_interfaces/local/lib/python3.10/dist-packages/my_robot_interfaces/msg/_goal_s.c
[1.513s] -- Up-to-date symlink: /home/srinjoy/hb_task2_ws/install/my_robot_interfaces/local/lib/python3.10/dist-packages/my_robot_interfaces/msg/_shape.py
[1.514s] -- Up-to-date symlink: /home/srinjoy/hb_task2_ws/install/my_robot_interfaces/local/lib/python3.10/dist-packages/my_robot_interfaces/msg/_shape_s.c
[1.514s] -- Up-to-date symlink: /home/srinjoy/hb_task2_ws/install/my_robot_interfaces/local/lib/python3.10/dist-packages/my_robot_interfaces/my_robot_interfaces_s__rosidl_typesupport_c.cpython-310-x86_64-linux-gnu.so
[1.514s] -- Up-to-date symlink: /home/srinjoy/hb_task2_ws/install/my_robot_interfaces/local/lib/python3.10/dist-packages/my_robot_interfaces/my_robot_interfaces_s__rosidl_typesupport_fastrtps_c.cpython-310-x86_64-linux-gnu.so
[1.514s] -- Up-to-date symlink: /home/srinjoy/hb_task2_ws/install/my_robot_interfaces/local/lib/python3.10/dist-packages/my_robot_interfaces/my_robot_interfaces_s__rosidl_typesupport_introspection_c.cpython-310-x86_64-linux-gnu.so
[1.514s] -- Up-to-date symlink: /home/srinjoy/hb_task2_ws/install/my_robot_interfaces/local/lib/python3.10/dist-packages/my_robot_interfaces/srv/__init__.py
[1.515s] -- Up-to-date symlink: /home/srinjoy/hb_task2_ws/install/my_robot_interfaces/local/lib/python3.10/dist-packages/my_robot_interfaces/srv/_next_goal.py
[1.515s] -- Up-to-date symlink: /home/srinjoy/hb_task2_ws/install/my_robot_interfaces/local/lib/python3.10/dist-packages/my_robot_interfaces/srv/_next_goal_s.c
[1.515s] -- Up-to-date symlink: /home/srinjoy/hb_task2_ws/install/my_robot_interfaces/local/lib/python3.10/dist-packages/my_robot_interfaces/my_robot_interfaces_s__rosidl_typesupport_fastrtps_c.cpython-310-x86_64-linux-gnu.so
[1.515s] -- Up-to-date symlink: /home/srinjoy/hb_task2_ws/install/my_robot_interfaces/local/lib/python3.10/dist-packages/my_robot_interfaces/my_robot_interfaces_s__rosidl_typesupport_introspection_c.cpython-310-x86_64-linux-gnu.so
[1.515s] -- Up-to-date symlink: /home/srinjoy/hb_task2_ws/install/my_robot_interfaces/local/lib/python3.10/dist-packages/my_robot_interfaces/my_robot_interfaces_s__rosidl_typesupport_c.cpython-310-x86_64-linux-gnu.so
[1.515s] -- Up-to-date symlink: /home/srinjoy/hb_task2_ws/install/my_robot_interfaces/share/my_robot_interfaces/srv/NextGoal.idl
[1.516s] -- Up-to-date symlink: /home/srinjoy/hb_task2_ws/install/my_robot_interfaces/share/my_robot_interfaces/msg/Goal.idl
[1.516s] -- Up-to-date symlink: /home/srinjoy/hb_task2_ws/install/my_robot_interfaces/share/my_robot_interfaces/msg/Shape.idl
[1.516s] -- Up-to-date symlink: /home/srinjoy/hb_task2_ws/install/my_robot_interfaces/share/my_robot_interfaces/srv/NextGoal.srv
[1.516s] -- Up-to-date symlink: /home/srinjoy/hb_task2_ws/install/my_robot_interfaces/share/my_robot_interfaces/srv/NextGoal_Request.msg
[1.516s] -- Up-to-date symlink: /home/srinjoy/hb_task2_ws/install/my_robot_interfaces/share/my_robot_interfaces/srv/NextGoal_Response.msg
[1.517s] -- Up-to-date symlink: /home/srinjoy/hb_task2_ws/install/my_robot_interfaces/share/my_robot_interfaces/msg/Goal.msg
[1.517s] -- Up-to-date symlink: /home/srinjoy/hb_task2_ws/install/my_robot_interfaces/share/my_robot_interfaces/msg/Shape.msg
[1.517s] -- Up-to-date symlink: /home/srinjoy/hb_task2_ws/install/my_robot_interfaces/share/ament_index/resource_index/package_run_dependencies/my_robot_interfaces
[1.517s] -- Up-to-date symlink: /home/srinjoy/hb_task2_ws/install/my_robot_interfaces/share/ament_index/resource_index/parent_prefix_path/my_robot_interfaces
[1.518s] -- Up-to-date symlink: /home/srinjoy/hb_task2_ws/install/my_robot_interfaces/share/my_robot_interfaces/environment/ament_prefix_path.sh
[1.518s] -- Up-to-date symlink: /home/srinjoy/hb_task2_ws/install/my_robot_interfaces/share/my_robot_interfaces/environment/ament_prefix_path.dsv
[1.518s] -- Up-to-date symlink: /home/srinjoy/hb_task2_ws/install/my_robot_interfaces/share/my_robot_interfaces/environment/path.sh
[1.518s] -- Up-to-date symlink: /home/srinjoy/hb_task2_ws/install/my_robot_interfaces/share/my_robot_interfaces/environment/path.dsv
[1.519s] -- Up-to-date symlink: /home/srinjoy/hb_task2_ws/install/my_robot_interfaces/share/my_robot_interfaces/local_setup.bash
[1.519s] -- Up-to-date symlink: /home/srinjoy/hb_task2_ws/install/my_robot_interfaces/share/my_robot_interfaces/local_setup.sh
[1.519s] -- Up-to-date symlink: /home/srinjoy/hb_task2_ws/install/my_robot_interfaces/share/my_robot_interfaces/local_setup.zsh
[1.519s] -- Up-to-date symlink: /home/srinjoy/hb_task2_ws/install/my_robot_interfaces/share/my_robot_interfaces/local_setup.dsv
[1.519s] -- Symlinking: /home/srinjoy/hb_task2_ws/install/my_robot_interfaces/share/my_robot_interfaces/package.dsv
[1.525s] -- Up-to-date symlink: /home/srinjoy/hb_task2_ws/install/my_robot_interfaces/share/ament_index/resource_index/packages/my_robot_interfaces
[1.525s] -- Up-to-date symlink: /home/srinjoy/hb_task2_ws/install/my_robot_interfaces/share/my_robot_interfaces/cmake/rosidl_cmake-extras.cmake
[1.527s] -- Up-to-date symlink: /home/srinjoy/hb_task2_ws/install/my_robot_interfaces/share/my_robot_interfaces/cmake/ament_cmake_export_include_directories-extras.cmake
[1.527s] -- Up-to-date symlink: /home/srinjoy/hb_task2_ws/install/my_robot_interfaces/share/my_robot_interfaces/cmake/ament_cmake_export_libraries-extras.cmake
[1.527s] -- Up-to-date symlink: /home/srinjoy/hb_task2_ws/install/my_robot_interfaces/share/my_robot_interfaces/cmake/ament_cmake_export_targets-extras.cmake
[1.527s] -- Up-to-date symlink: /home/srinjoy/hb_task2_ws/install/my_robot_interfaces/share/my_robot_interfaces/cmake/rosidl_cmake_export_typesupport_targets-extras.cmake
[1.527s] -- Up-to-date symlink: /home/srinjoy/hb_task2_ws/install/my_robot_interfaces/share/my_robot_interfaces/cmake/ament_cmake_export_dependencies-extras.cmake
[1.527s] -- Up-to-date symlink: /home/srinjoy/hb_task2_ws/install/my_robot_interfaces/share/my_robot_interfaces/cmake/rosidl_cmake_export_typesupport_libraries-extras.cmake
[1.528s] -- Up-to-date symlink: /home/srinjoy/hb_task2_ws/install/my_robot_interfaces/share/my_robot_interfaces/cmake/my_robot_interfacesConfig.cmake
[1.528s] -- Up-to-date symlink: /home/srinjoy/hb_task2_ws/install/my_robot_interfaces/share/my_robot_interfaces/cmake/my_robot_interfacesConfig-version.cmake
[1.528s] -- Up-to-date symlink: /home/srinjoy/hb_task2_ws/install/my_robot_interfaces/share/my_robot_interfaces/package.xml
[1.528s] -- Up-to-date: /home/srinjoy/hb_task2_ws/install/my_robot_interfaces/lib/libmy_robot_interfaces__rosidl_generator_c.so
[1.528s] -- Up-to-date: /home/srinjoy/hb_task2_ws/install/my_robot_interfaces/lib/libmy_robot_interfaces__rosidl_typesupport_fastrtps_c.so
[1.528s] -- Up-to-date: /home/srinjoy/hb_task2_ws/install/my_robot_interfaces/lib/libmy_robot_interfaces__rosidl_typesupport_introspection_c.so
[1.528s] -- Up-to-date: /home/srinjoy/hb_task2_ws/install/my_robot_interfaces/lib/libmy_robot_interfaces__rosidl_typesupport_c.so
[1.528s] -- Up-to-date: /home/srinjoy/hb_task2_ws/install/my_robot_interfaces/lib/libmy_robot_interfaces__rosidl_typesupport_fastrtps_cpp.so
[1.529s] -- Up-to-date: /home/srinjoy/hb_task2_ws/install/my_robot_interfaces/lib/libmy_robot_interfaces__rosidl_typesupport_introspection_cpp.so
[1.529s] -- Up-to-date: /home/srinjoy/hb_task2_ws/install/my_robot_interfaces/lib/libmy_robot_interfaces__rosidl_typesupport_cpp.so
[1.559s] Listing '/home/srinjoy/hb_task2_ws/install/my_robot_interfaces/local/lib/python3.10/dist-packages/my_robot_interfaces'...
[1.559s] Listing '/home/srinjoy/hb_task2_ws/install/my_robot_interfaces/local/lib/python3.10/dist-packages/my_robot_interfaces/msg'...
[1.559s] Listing '/home/srinjoy/hb_task2_ws/install/my_robot_interfaces/local/lib/python3.10/dist-packages/my_robot_interfaces/srv'...
[1.563s] -- Up-to-date: /home/srinjoy/hb_task2_ws/install/my_robot_interfaces/lib/libmy_robot_interfaces__rosidl_generator_py.so
[1.563s] -- Up-to-date: /home/srinjoy/hb_task2_ws/install/my_robot_interfaces/share/my_robot_interfaces/cmake/export_my_robot_interfaces__rosidl_generator_cExport.cmake
[1.563s] -- Up-to-date: /home/srinjoy/hb_task2_ws/install/my_robot_interfaces/share/my_robot_interfaces/cmake/export_my_robot_interfaces__rosidl_generator_cExport-noconfig.cmake
[1.563s] -- Up-to-date: /home/srinjoy/hb_task2_ws/install/my_robot_interfaces/share/my_robot_interfaces/cmake/export_my_robot_interfaces__rosidl_typesupport_fastrtps_cExport.cmake
[1.564s] -- Up-to-date: /home/srinjoy/hb_task2_ws/install/my_robot_interfaces/share/my_robot_interfaces/cmake/export_my_robot_interfaces__rosidl_typesupport_fastrtps_cExport-noconfig.cmake
[1.564s] -- Up-to-date: /home/srinjoy/hb_task2_ws/install/my_robot_interfaces/share/my_robot_interfaces/cmake/my_robot_interfaces__rosidl_typesupport_introspection_cExport.cmake
[1.564s] -- Up-to-date: /home/srinjoy/hb_task2_ws/install/my_robot_interfaces/share/my_robot_interfaces/cmake/my_robot_interfaces__rosidl_typesupport_introspection_cExport-noconfig.cmake
[1.564s] -- Up-to-date: /home/srinjoy/hb_task2_ws/install/my_robot_interfaces/share/my_robot_interfaces/cmake/my_robot_interfaces__rosidl_typesupport_cExport.cmake
[1.564s] -- Up-to-date: /home/srinjoy/hb_task2_ws/install/my_robot_interfaces/share/my_robot_interfaces/cmake/my_robot_interfaces__rosidl_typesupport_cExport-noconfig.cmake
[1.564s] -- Up-to-date: /home/srinjoy/hb_task2_ws/install/my_robot_interfaces/share/my_robot_interfaces/cmake/export_my_robot_interfaces__rosidl_generator_cppExport.cmake
[1.564s] -- Up-to-date: /home/srinjoy/hb_task2_ws/install/my_robot_interfaces/share/my_robot_interfaces/cmake/export_my_robot_interfaces__rosidl_typesupport_fastrtps_cppExport.cmake
[1.565s] -- Up-to-date: /home/srinjoy/hb_task2_ws/install/my_robot_interfaces/share/my_robot_interfaces/cmake/export_my_robot_interfaces__rosidl_typesupport_fastrtps_cppExport-noconfig.cmake
[1.565s] -- Up-to-date: /home/srinjoy/hb_task2_ws/install/my_robot_interfaces/share/my_robot_interfaces/cmake/my_robot_interfaces__rosidl_typesupport_introspection_cppExport.cmake
[1.565s] -- Up-to-date: /home/srinjoy/hb_task2_ws/install/my_robot_interfaces/share/my_robot_interfaces/cmake/my_robot_interfaces__rosidl_typesupport_introspection_cppExport-noconfig.cmake
[1.565s] -- Up-to-date: /home/srinjoy/hb_task2_ws/install/my_robot_interfaces/share/my_robot_interfaces/cmake/my_robot_interfaces__rosidl_typesupport_cppExport.cmake
[1.565s] -- Up-to-date: /home/srinjoy/hb_task2_ws/install/my_robot_interfaces/share/my_robot_interfaces/cmake/my_robot_interfaces__rosidl_typesupport_cppExport-noconfig.cmake
[1.565s] -- Up-to-date: /home/srinjoy/hb_task2_ws/install/my_robot_interfaces/share/my_robot_interfaces/cmake/export_my_robot_interfaces__rosidl_generator_pyExport.cmake
[1.565s] -- Up-to-date: /home/srinjoy/hb_task2_ws/install/my_robot_interfaces/share/my_robot_interfaces/cmake/export_my_robot_interfaces__rosidl_generator_pyExport-noconfig.cmake
[1.574s] Invoked command in '/home/srinjoy/hb_task2_ws/build/my_robot_interfaces' returned '0': CMAKE_PREFIX_PATH=${CMAKE_PREFIX_PATH}:/home/srinjoy/hb_task2_ws/install/hb_task2b:/home/srinjoy/hb_task2_ws/install/hb_task2a:/home/srinjoy/ws_moveit/install/moveit_configs_utils:/opt/ros/humble /home/srinjoy/.local/bin/cmake --install /home/srinjoy/hb_task2_ws/build/my_robot_interfaces
