[1.419s] Invoking command in '/home/srinjoy/hb_task2_ws/src/eYRC-2023_Hologlyph_Bots/hb_task2b': PYTHONPATH=/home/srinjoy/hb_task2_ws/build/hb_task2b/prefix_override:/home/srinjoy/hb_task2_ws/install/hb_task2b/lib/python3.10/site-packages:${PYTHONPATH} /usr/bin/python3 setup.py egg_info --egg-base ../../../build/hb_task2b build --build-base /home/srinjoy/hb_task2_ws/build/hb_task2b/build install --record /home/srinjoy/hb_task2_ws/build/hb_task2b/install.log --single-version-externally-managed
[1.647s] running egg_info
[1.648s] writing ../../../build/hb_task2b/hb_task2b.egg-info/PKG-INFO
[1.648s] writing dependency_links to ../../../build/hb_task2b/hb_task2b.egg-info/dependency_links.txt
[1.649s] writing entry points to ../../../build/hb_task2b/hb_task2b.egg-info/entry_points.txt
[1.649s] writing requirements to ../../../build/hb_task2b/hb_task2b.egg-info/requires.txt
[1.649s] writing top-level names to ../../../build/hb_task2b/hb_task2b.egg-info/top_level.txt
[1.650s] reading manifest file '../../../build/hb_task2b/hb_task2b.egg-info/SOURCES.txt'
[1.651s] writing manifest file '../../../build/hb_task2b/hb_task2b.egg-info/SOURCES.txt'
[1.651s] running build
[1.651s] running build_py
[1.652s] running install
[1.652s] /usr/lib/python3/dist-packages/setuptools/command/install.py:34: SetuptoolsDeprecationWarning: setup.py install is deprecated. Use build and pip and other standards-based tools.
[1.652s]   warnings.warn(
[1.652s] running install_lib
[1.653s] running install_data
[1.654s] running install_egg_info
[1.656s] removing '/home/srinjoy/hb_task2_ws/install/hb_task2b/lib/python3.10/site-packages/hb_task2b-0.0.0-py3.10.egg-info' (and everything under it)
[1.656s] Copying ../../../build/hb_task2b/hb_task2b.egg-info to /home/srinjoy/hb_task2_ws/install/hb_task2b/lib/python3.10/site-packages/hb_task2b-0.0.0-py3.10.egg-info
[1.657s] running install_scripts
[1.678s] Installing controller script to /home/srinjoy/hb_task2_ws/install/hb_task2b/lib/hb_task2b
[1.678s] Installing nextgoalpub script to /home/srinjoy/hb_task2_ws/install/hb_task2b/lib/hb_task2b
[1.679s] writing list of installed files to '/home/srinjoy/hb_task2_ws/build/hb_task2b/install.log'
[1.720s] Invoked command in '/home/srinjoy/hb_task2_ws/src/eYRC-2023_Hologlyph_Bots/hb_task2b' returned '0': PYTHONPATH=/home/srinjoy/hb_task2_ws/build/hb_task2b/prefix_override:/home/srinjoy/hb_task2_ws/install/hb_task2b/lib/python3.10/site-packages:${PYTHONPATH} /usr/bin/python3 setup.py egg_info --egg-base ../../../build/hb_task2b build --build-base /home/srinjoy/hb_task2_ws/build/hb_task2b/build install --record /home/srinjoy/hb_task2_ws/build/hb_task2b/install.log --single-version-externally-managed
