[0.835s] Invoking command in '/home/srinjoy/hb_task2_ws/build/hb_world': CMAKE_PREFIX_PATH=${CMAKE_PREFIX_PATH}:/home/srinjoy/hb_task2_ws/install/hb_task2b:/home/srinjoy/hb_task2_ws/install/hb_task2a:/home/srinjoy/ws_moveit/install/moveit_configs_utils:/opt/ros/humble /home/srinjoy/.local/bin/cmake /home/srinjoy/hb_task2_ws/src/eYRC-2023_Hologlyph_Bots/hb_world -DAMENT_CMAKE_SYMLINK_INSTALL=1 -DCMAKE_INSTALL_PREFIX=/home/srinjoy/hb_task2_ws/install/hb_world
[0.929s] -- The C compiler identification is GNU 11.4.0
[1.003s] -- The CXX compiler identification is GNU 11.4.0
[1.026s] -- Detecting C compiler ABI info
[1.122s] -- Detecting C compiler ABI info - done
[1.133s] -- Check for working C compiler: /usr/bin/cc - skipped
[1.133s] -- Detecting C compile features
[1.133s] -- Detecting C compile features - done
[1.149s] -- Detecting CXX compiler ABI info
[1.268s] -- Detecting CXX compiler ABI info - done
[1.279s] -- Check for working CXX compiler: /usr/bin/c++ - skipped
[1.280s] -- Detecting CXX compile features
[1.280s] -- Detecting CXX compile features - done
[1.287s] -- Found ament_cmake: 1.3.5 (/opt/ros/humble/share/ament_cmake/cmake)
[1.930s] -- Found Python3: /usr/bin/python3.10 (found version "3.10.12") found components: Interpreter 
[1.933s] -- Override CMake install command with custom implementation using symlinks instead of copying resources
[2.023s] -- Found rclcpp: 16.0.6 (/opt/ros/humble/share/rclcpp/cmake)
[2.120s] -- Found rosidl_generator_c: 3.1.5 (/opt/ros/humble/share/rosidl_generator_c/cmake)
[2.134s] -- Found rosidl_adapter: 3.1.5 (/opt/ros/humble/share/rosidl_adapter/cmake)
[2.151s] -- Found rosidl_generator_cpp: 3.1.5 (/opt/ros/humble/share/rosidl_generator_cpp/cmake)
[2.178s] -- Using all available rosidl_typesupport_c: rosidl_typesupport_fastrtps_c;rosidl_typesupport_introspection_c
[2.216s] -- Using all available rosidl_typesupport_cpp: rosidl_typesupport_fastrtps_cpp;rosidl_typesupport_introspection_cpp
[2.340s] -- Found rmw_implementation_cmake: 6.1.1 (/opt/ros/humble/share/rmw_implementation_cmake/cmake)
[2.348s] -- Found rmw_fastrtps_cpp: 6.2.4 (/opt/ros/humble/share/rmw_fastrtps_cpp/cmake)
[2.533s] -- Found OpenSSL: /usr/lib/x86_64-linux-gnu/libcrypto.so (found version "3.0.2")  
[2.575s] -- Found FastRTPS: /opt/ros/humble/include  
[2.646s] -- Using RMW implementation 'rmw_fastrtps_cpp' as default
[2.685s] -- Performing Test CMAKE_HAVE_LIBC_PTHREAD
[2.756s] -- Performing Test CMAKE_HAVE_LIBC_PTHREAD - Success
[2.757s] -- Found Threads: TRUE  
[2.962s] -- Found rclpy: 3.3.10 (/opt/ros/humble/share/rclpy/cmake)
[2.967s] -- Found urdf: 2.6.0 (/opt/ros/humble/share/urdf/cmake)
[3.067s] -- Found xacro: 2.0.8 (/opt/ros/humble/share/xacro/cmake)
[3.067s] -- Found ament_lint_auto: 0.12.8 (/opt/ros/humble/share/ament_lint_auto/cmake)
[3.165s] -- Added test 'flake8' to check Python code syntax and style conventions
[3.167s] -- Added test 'lint_cmake' to check CMake code style
[3.168s] -- Added test 'pep257' to check Python code against some of the docstring style conventions in PEP 257
[3.172s] -- Added test 'xmllint' to check XML markup files
[3.175s] -- Configuring done (2.3s)
[3.181s] -- Generating done (0.0s)
[3.183s] -- Build files have been written to: /home/srinjoy/hb_task2_ws/build/hb_world
[3.196s] Invoked command in '/home/srinjoy/hb_task2_ws/build/hb_world' returned '0': CMAKE_PREFIX_PATH=${CMAKE_PREFIX_PATH}:/home/srinjoy/hb_task2_ws/install/hb_task2b:/home/srinjoy/hb_task2_ws/install/hb_task2a:/home/srinjoy/ws_moveit/install/moveit_configs_utils:/opt/ros/humble /home/srinjoy/.local/bin/cmake /home/srinjoy/hb_task2_ws/src/eYRC-2023_Hologlyph_Bots/hb_world -DAMENT_CMAKE_SYMLINK_INSTALL=1 -DCMAKE_INSTALL_PREFIX=/home/srinjoy/hb_task2_ws/install/hb_world
[3.197s] Invoking command in '/home/srinjoy/hb_task2_ws/build/hb_world': CMAKE_PREFIX_PATH=${CMAKE_PREFIX_PATH}:/home/srinjoy/hb_task2_ws/install/hb_task2b:/home/srinjoy/hb_task2_ws/install/hb_task2a:/home/srinjoy/ws_moveit/install/moveit_configs_utils:/opt/ros/humble /home/srinjoy/.local/bin/cmake --build /home/srinjoy/hb_task2_ws/build/hb_world -- -j12 -l12
[3.254s] Invoked command in '/home/srinjoy/hb_task2_ws/build/hb_world' returned '0': CMAKE_PREFIX_PATH=${CMAKE_PREFIX_PATH}:/home/srinjoy/hb_task2_ws/install/hb_task2b:/home/srinjoy/hb_task2_ws/install/hb_task2a:/home/srinjoy/ws_moveit/install/moveit_configs_utils:/opt/ros/humble /home/srinjoy/.local/bin/cmake --build /home/srinjoy/hb_task2_ws/build/hb_world -- -j12 -l12
[3.320s] Invoking command in '/home/srinjoy/hb_task2_ws/build/hb_world': CMAKE_PREFIX_PATH=${CMAKE_PREFIX_PATH}:/home/srinjoy/hb_task2_ws/install/hb_task2b:/home/srinjoy/hb_task2_ws/install/hb_task2a:/home/srinjoy/ws_moveit/install/moveit_configs_utils:/opt/ros/humble /home/srinjoy/.local/bin/cmake --install /home/srinjoy/hb_task2_ws/build/hb_world
[3.348s] -- Install configuration: ""
[3.348s] -- Execute custom install script
[3.349s] -- Symlinking: /home/srinjoy/hb_task2_ws/install/hb_world/share/hb_world//launch/world.launch.py
[3.354s] -- Symlinking: /home/srinjoy/hb_task2_ws/install/hb_world/share/hb_world//worlds/gazebo.world
[3.361s] -- Symlinking: /home/srinjoy/hb_task2_ws/install/hb_world/share/hb_world//models/arena/meshes/arena.dae
[3.365s] -- Symlinking: /home/srinjoy/hb_task2_ws/install/hb_world/share/hb_world//models/arena/meshes/arena.jpg
[3.370s] -- Symlinking: /home/srinjoy/hb_task2_ws/install/hb_world/share/hb_world//models/arena/model.config
[3.375s] -- Symlinking: /home/srinjoy/hb_task2_ws/install/hb_world/share/hb_world//models/arena/model.sdf
[3.381s] -- Symlinking: /home/srinjoy/hb_task2_ws/install/hb_world/share/hb_world//models/e_camera/meshes/17eyantra_logo_large e.png
[3.386s] -- Symlinking: /home/srinjoy/hb_task2_ws/install/hb_world/share/hb_world//models/e_camera/meshes/camera.dae
[3.390s] -- Symlinking: /home/srinjoy/hb_task2_ws/install/hb_world/share/hb_world//models/e_camera/model.config
[3.396s] -- Symlinking: /home/srinjoy/hb_task2_ws/install/hb_world/share/hb_world//models/e_camera/model.sdf
[3.401s] -- Symlinking: /home/srinjoy/hb_task2_ws/install/hb_world/share/hb_world//models/ground_surface/meshes/geoglyph.jpg
[3.407s] -- Symlinking: /home/srinjoy/hb_task2_ws/install/hb_world/share/hb_world//models/ground_surface/meshes/ground_surface.dae
[3.413s] -- Symlinking: /home/srinjoy/hb_task2_ws/install/hb_world/share/hb_world//models/ground_surface/model.config
[3.418s] -- Symlinking: /home/srinjoy/hb_task2_ws/install/hb_world/share/hb_world//models/ground_surface/model.sdf
[3.423s] -- Symlinking: /home/srinjoy/hb_task2_ws/install/hb_world/share/ament_index/resource_index/package_run_dependencies/hb_world
[3.429s] -- Symlinking: /home/srinjoy/hb_task2_ws/install/hb_world/share/ament_index/resource_index/parent_prefix_path/hb_world
[3.434s] -- Symlinking: /home/srinjoy/hb_task2_ws/install/hb_world/share/hb_world/environment/ament_prefix_path.sh
[3.440s] -- Symlinking: /home/srinjoy/hb_task2_ws/install/hb_world/share/hb_world/environment/ament_prefix_path.dsv
[3.446s] -- Symlinking: /home/srinjoy/hb_task2_ws/install/hb_world/share/hb_world/environment/path.sh
[3.451s] -- Symlinking: /home/srinjoy/hb_task2_ws/install/hb_world/share/hb_world/environment/path.dsv
[3.457s] -- Symlinking: /home/srinjoy/hb_task2_ws/install/hb_world/share/hb_world/local_setup.bash
[3.462s] -- Symlinking: /home/srinjoy/hb_task2_ws/install/hb_world/share/hb_world/local_setup.sh
[3.467s] -- Symlinking: /home/srinjoy/hb_task2_ws/install/hb_world/share/hb_world/local_setup.zsh
[3.472s] -- Symlinking: /home/srinjoy/hb_task2_ws/install/hb_world/share/hb_world/local_setup.dsv
[3.478s] -- Symlinking: /home/srinjoy/hb_task2_ws/install/hb_world/share/hb_world/package.dsv
[3.483s] -- Symlinking: /home/srinjoy/hb_task2_ws/install/hb_world/share/ament_index/resource_index/packages/hb_world
[3.490s] -- Symlinking: /home/srinjoy/hb_task2_ws/install/hb_world/share/hb_world/cmake/hb_worldConfig.cmake
[3.495s] -- Symlinking: /home/srinjoy/hb_task2_ws/install/hb_world/share/hb_world/cmake/hb_worldConfig-version.cmake
[3.500s] -- Symlinking: /home/srinjoy/hb_task2_ws/install/hb_world/share/hb_world/package.xml
[3.513s] Invoked command in '/home/srinjoy/hb_task2_ws/build/hb_world' returned '0': CMAKE_PREFIX_PATH=${CMAKE_PREFIX_PATH}:/home/srinjoy/hb_task2_ws/install/hb_task2b:/home/srinjoy/hb_task2_ws/install/hb_task2a:/home/srinjoy/ws_moveit/install/moveit_configs_utils:/opt/ros/humble /home/srinjoy/.local/bin/cmake --install /home/srinjoy/hb_task2_ws/build/hb_world
