[0.753s] Invoking command in '/home/srinjoy/hb_task2_ws/build/my_robot_interfaces': CMAKE_PREFIX_PATH=${CMAKE_PREFIX_PATH}:/home/srinjoy/hb_task2_ws/install/hb_task2b:/home/srinjoy/hb_task2_ws/install/hb_task2a:/home/srinjoy/ws_moveit/install/moveit_configs_utils:/opt/ros/humble /home/srinjoy/.local/bin/cmake --build /home/srinjoy/hb_task2_ws/build/my_robot_interfaces -- -j12 -l12
[0.819s] [  2%] Built target my_robot_interfaces__cpp
[0.819s] [ 12%] Built target my_robot_interfaces__rosidl_generator_c
[0.825s] [ 12%] Built target ament_cmake_python_symlink_my_robot_interfaces
[0.843s] [ 23%] Built target my_robot_interfaces__rosidl_typesupport_c
[0.844s] [ 44%] Built target my_robot_interfaces__rosidl_typesupport_introspection_cpp
[0.845s] [ 44%] Built target my_robot_interfaces__rosidl_typesupport_cpp
[0.846s] [ 55%] Built target my_robot_interfaces__rosidl_typesupport_fastrtps_cpp
[0.849s] [ 65%] Built target my_robot_interfaces__rosidl_typesupport_introspection_c
[0.852s] [ 76%] Built target my_robot_interfaces__rosidl_typesupport_fastrtps_c
[0.870s] [ 76%] Built target my_robot_interfaces
[0.891s] [ 78%] Built target my_robot_interfaces__py
[0.909s] [ 87%] Built target my_robot_interfaces__rosidl_generator_py
[0.934s] [ 95%] Built target my_robot_interfaces__rosidl_typesupport_introspection_c__pyext
[0.934s] [ 95%] Built target my_robot_interfaces__rosidl_typesupport_fastrtps_c__pyext
[0.934s] [100%] Built target my_robot_interfaces__rosidl_typesupport_c__pyext
[1.093s] running egg_info
[1.094s] writing my_robot_interfaces.egg-info/PKG-INFO
[1.094s] writing dependency_links to my_robot_interfaces.egg-info/dependency_links.txt
[1.094s] writing top-level names to my_robot_interfaces.egg-info/top_level.txt
[1.099s] reading manifest file 'my_robot_interfaces.egg-info/SOURCES.txt'
[1.100s] writing manifest file 'my_robot_interfaces.egg-info/SOURCES.txt'
[1.146s] [100%] Built target ament_cmake_python_build_my_robot_interfaces_egg
[1.201s] Invoked command in '/home/srinjoy/hb_task2_ws/build/my_robot_interfaces' returned '0': CMAKE_PREFIX_PATH=${CMAKE_PREFIX_PATH}:/home/srinjoy/hb_task2_ws/install/hb_task2b:/home/srinjoy/hb_task2_ws/install/hb_task2a:/home/srinjoy/ws_moveit/install/moveit_configs_utils:/opt/ros/humble /home/srinjoy/.local/bin/cmake --build /home/srinjoy/hb_task2_ws/build/my_robot_interfaces -- -j12 -l12
[1.491s] Invoking command in '/home/srinjoy/hb_task2_ws/build/my_robot_interfaces': CMAKE_PREFIX_PATH=${CMAKE_PREFIX_PATH}:/home/srinjoy/hb_task2_ws/install/hb_task2b:/home/srinjoy/hb_task2_ws/install/hb_task2a:/home/srinjoy/ws_moveit/install/moveit_configs_utils:/opt/ros/humble /home/srinjoy/.local/bin/cmake --install /home/srinjoy/hb_task2_ws/build/my_robot_interfaces
[1.521s] -- Install configuration: ""
[1.522s] -- Execute custom install script
[1.522s] -- Up-to-date symlink: /home/srinjoy/hb_task2_ws/install/my_robot_interfaces/share/ament_index/resource_index/rosidl_interfaces/my_robot_interfaces
[1.523s] -- Up-to-date symlink: /home/srinjoy/hb_task2_ws/install/my_robot_interfaces/include/my_robot_interfaces/my_robot_interfaces/msg/detail/goal__functions.h
[1.523s] -- Up-to-date symlink: /home/srinjoy/hb_task2_ws/install/my_robot_interfaces/include/my_robot_interfaces/my_robot_interfaces/msg/detail/goal__struct.h
[1.523s] -- Up-to-date symlink: /home/srinjoy/hb_task2_ws/install/my_robot_interfaces/include/my_robot_interfaces/my_robot_interfaces/msg/detail/goal__type_support.h
[1.524s] -- Up-to-date symlink: /home/srinjoy/hb_task2_ws/install/my_robot_interfaces/include/my_robot_interfaces/my_robot_interfaces/msg/detail/shape__functions.h
[1.524s] -- Up-to-date symlink: /home/srinjoy/hb_task2_ws/install/my_robot_interfaces/include/my_robot_interfaces/my_robot_interfaces/msg/detail/shape__struct.h
[1.524s] -- Up-to-date symlink: /home/srinjoy/hb_task2_ws/install/my_robot_interfaces/include/my_robot_interfaces/my_robot_interfaces/msg/detail/shape__type_support.h
[1.524s] -- Up-to-date symlink: /home/srinjoy/hb_task2_ws/install/my_robot_interfaces/include/my_robot_interfaces/my_robot_interfaces/msg/goal.h
[1.524s] -- Up-to-date symlink: /home/srinjoy/hb_task2_ws/install/my_robot_interfaces/include/my_robot_interfaces/my_robot_interfaces/msg/rosidl_generator_c__visibility_control.h
[1.524s] -- Up-to-date symlink: /home/srinjoy/hb_task2_ws/install/my_robot_interfaces/include/my_robot_interfaces/my_robot_interfaces/msg/shape.h
[1.525s] -- Up-to-date symlink: /home/srinjoy/hb_task2_ws/install/my_robot_interfaces/include/my_robot_interfaces/my_robot_interfaces/srv/detail/next_goal__functions.h
[1.525s] -- Up-to-date symlink: /home/srinjoy/hb_task2_ws/install/my_robot_interfaces/include/my_robot_interfaces/my_robot_interfaces/srv/detail/next_goal__struct.h
[1.525s] -- Up-to-date symlink: /home/srinjoy/hb_task2_ws/install/my_robot_interfaces/include/my_robot_interfaces/my_robot_interfaces/srv/detail/next_goal__type_support.h
[1.525s] -- Up-to-date symlink: /home/srinjoy/hb_task2_ws/install/my_robot_interfaces/include/my_robot_interfaces/my_robot_interfaces/srv/next_goal.h
[1.525s] -- Up-to-date symlink: /home/srinjoy/hb_task2_ws/install/my_robot_interfaces/share/my_robot_interfaces/environment/library_path.sh
[1.525s] -- Up-to-date symlink: /home/srinjoy/hb_task2_ws/install/my_robot_interfaces/share/my_robot_interfaces/environment/library_path.dsv
[1.525s] -- Up-to-date symlink: /home/srinjoy/hb_task2_ws/install/my_robot_interfaces/include/my_robot_interfaces/my_robot_interfaces/msg/detail/goal__rosidl_typesupport_fastrtps_c.h
[1.525s] -- Up-to-date symlink: /home/srinjoy/hb_task2_ws/install/my_robot_interfaces/include/my_robot_interfaces/my_robot_interfaces/msg/detail/shape__rosidl_typesupport_fastrtps_c.h
[1.525s] -- Up-to-date symlink: /home/srinjoy/hb_task2_ws/install/my_robot_interfaces/include/my_robot_interfaces/my_robot_interfaces/msg/rosidl_typesupport_fastrtps_c__visibility_control.h
[1.525s] -- Up-to-date symlink: /home/srinjoy/hb_task2_ws/install/my_robot_interfaces/include/my_robot_interfaces/my_robot_interfaces/srv/detail/next_goal__rosidl_typesupport_fastrtps_c.h
[1.525s] -- Up-to-date symlink: /home/srinjoy/hb_task2_ws/install/my_robot_interfaces/include/my_robot_interfaces/my_robot_interfaces/msg/detail/goal__rosidl_typesupport_introspection_c.h
[1.525s] -- Up-to-date symlink: /home/srinjoy/hb_task2_ws/install/my_robot_interfaces/include/my_robot_interfaces/my_robot_interfaces/msg/detail/shape__rosidl_typesupport_introspection_c.h
[1.525s] -- Up-to-date symlink: /home/srinjoy/hb_task2_ws/install/my_robot_interfaces/include/my_robot_interfaces/my_robot_interfaces/msg/rosidl_typesupport_introspection_c__visibility_control.h
[1.526s] -- Up-to-date symlink: /home/srinjoy/hb_task2_ws/install/my_robot_interfaces/include/my_robot_interfaces/my_robot_interfaces/srv/detail/next_goal__rosidl_typesupport_introspection_c.h
[1.526s] -- Up-to-date symlink: /home/srinjoy/hb_task2_ws/install/my_robot_interfaces/include/my_robot_interfaces/my_robot_interfaces/msg/detail/goal__builder.hpp
[1.526s] -- Up-to-date symlink: /home/srinjoy/hb_task2_ws/install/my_robot_interfaces/include/my_robot_interfaces/my_robot_interfaces/msg/detail/goal__struct.hpp
[1.526s] -- Up-to-date symlink: /home/srinjoy/hb_task2_ws/install/my_robot_interfaces/include/my_robot_interfaces/my_robot_interfaces/msg/detail/goal__traits.hpp
[1.526s] -- Up-to-date symlink: /home/srinjoy/hb_task2_ws/install/my_robot_interfaces/include/my_robot_interfaces/my_robot_interfaces/msg/detail/shape__builder.hpp
[1.526s] -- Up-to-date symlink: /home/srinjoy/hb_task2_ws/install/my_robot_interfaces/include/my_robot_interfaces/my_robot_interfaces/msg/detail/shape__struct.hpp
[1.526s] -- Up-to-date symlink: /home/srinjoy/hb_task2_ws/install/my_robot_interfaces/include/my_robot_interfaces/my_robot_interfaces/msg/detail/shape__traits.hpp
[1.526s] -- Up-to-date symlink: /home/srinjoy/hb_task2_ws/install/my_robot_interfaces/include/my_robot_interfaces/my_robot_interfaces/msg/goal.hpp
[1.527s] -- Up-to-date symlink: /home/srinjoy/hb_task2_ws/install/my_robot_interfaces/include/my_robot_interfaces/my_robot_interfaces/msg/shape.hpp
[1.527s] -- Up-to-date symlink: /home/srinjoy/hb_task2_ws/install/my_robot_interfaces/include/my_robot_interfaces/my_robot_interfaces/srv/detail/next_goal__builder.hpp
[1.527s] -- Up-to-date symlink: /home/srinjoy/hb_task2_ws/install/my_robot_interfaces/include/my_robot_interfaces/my_robot_interfaces/srv/detail/next_goal__struct.hpp
[1.527s] -- Up-to-date symlink: /home/srinjoy/hb_task2_ws/install/my_robot_interfaces/include/my_robot_interfaces/my_robot_interfaces/srv/detail/next_goal__traits.hpp
[1.527s] -- Up-to-date symlink: /home/srinjoy/hb_task2_ws/install/my_robot_interfaces/include/my_robot_interfaces/my_robot_interfaces/srv/next_goal.hpp
[1.528s] -- Up-to-date symlink: /home/srinjoy/hb_task2_ws/install/my_robot_interfaces/include/my_robot_interfaces/my_robot_interfaces/msg/detail/goal__rosidl_typesupport_fastrtps_cpp.hpp
[1.528s] -- Up-to-date symlink: /home/srinjoy/hb_task2_ws/install/my_robot_interfaces/include/my_robot_interfaces/my_robot_interfaces/msg/detail/shape__rosidl_typesupport_fastrtps_cpp.hpp
[1.528s] -- Up-to-date symlink: /home/srinjoy/hb_task2_ws/install/my_robot_interfaces/include/my_robot_interfaces/my_robot_interfaces/msg/rosidl_typesupport_fastrtps_cpp__visibility_control.h
[1.528s] -- Up-to-date symlink: /home/srinjoy/hb_task2_ws/install/my_robot_interfaces/include/my_robot_interfaces/my_robot_interfaces/srv/detail/next_goal__rosidl_typesupport_fastrtps_cpp.hpp
[1.528s] -- Up-to-date symlink: /home/srinjoy/hb_task2_ws/install/my_robot_interfaces/include/my_robot_interfaces/my_robot_interfaces/msg/detail/goal__rosidl_typesupport_introspection_cpp.hpp
[1.529s] -- Up-to-date symlink: /home/srinjoy/hb_task2_ws/install/my_robot_interfaces/include/my_robot_interfaces/my_robot_interfaces/msg/detail/shape__rosidl_typesupport_introspection_cpp.hpp
[1.529s] -- Up-to-date symlink: /home/srinjoy/hb_task2_ws/install/my_robot_interfaces/include/my_robot_interfaces/my_robot_interfaces/srv/detail/next_goal__rosidl_typesupport_introspection_cpp.hpp
[1.529s] -- Up-to-date symlink: /home/srinjoy/hb_task2_ws/install/my_robot_interfaces/share/my_robot_interfaces/environment/pythonpath.sh
[1.529s] -- Up-to-date symlink: /home/srinjoy/hb_task2_ws/install/my_robot_interfaces/share/my_robot_interfaces/environment/pythonpath.dsv
[1.529s] -- Up-to-date symlink: /home/srinjoy/hb_task2_ws/install/my_robot_interfaces/local/lib/python3.10/dist-packages/my_robot_interfaces-0.0.0-py3.10.egg-info/PKG-INFO
[1.529s] -- Up-to-date symlink: /home/srinjoy/hb_task2_ws/install/my_robot_interfaces/local/lib/python3.10/dist-packages/my_robot_interfaces-0.0.0-py3.10.egg-info/SOURCES.txt
[1.530s] -- Up-to-date symlink: /home/srinjoy/hb_task2_ws/install/my_robot_interfaces/local/lib/python3.10/dist-packages/my_robot_interfaces-0.0.0-py3.10.egg-info/dependency_links.txt
[1.530s] -- Up-to-date symlink: /home/srinjoy/hb_task2_ws/install/my_robot_interfaces/local/lib/python3.10/dist-packages/my_robot_interfaces-0.0.0-py3.10.egg-info/top_level.txt
[1.530s] -- Up-to-date symlink: /home/srinjoy/hb_task2_ws/install/my_robot_interfaces/local/lib/python3.10/dist-packages/my_robot_interfaces/__init__.py
[1.531s] -- Up-to-date symlink: /home/srinjoy/hb_task2_ws/install/my_robot_interfaces/local/lib/python3.10/dist-packages/my_robot_interfaces/_my_robot_interfaces_s.ep.rosidl_typesupport_c.c
[1.531s] -- Up-to-date symlink: /home/srinjoy/hb_task2_ws/install/my_robot_interfaces/local/lib/python3.10/dist-packages/my_robot_interfaces/_my_robot_interfaces_s.ep.rosidl_typesupport_fastrtps_c.c
[1.531s] -- Up-to-date symlink: /home/srinjoy/hb_task2_ws/install/my_robot_interfaces/local/lib/python3.10/dist-packages/my_robot_interfaces/_my_robot_interfaces_s.ep.rosidl_typesupport_introspection_c.c
[1.531s] -- Up-to-date symlink: /home/srinjoy/hb_task2_ws/install/my_robot_interfaces/local/lib/python3.10/dist-packages/my_robot_interfaces/libmy_robot_interfaces__rosidl_generator_py.so
[1.531s] -- Up-to-date symlink: /home/srinjoy/hb_task2_ws/install/my_robot_interfaces/local/lib/python3.10/dist-packages/my_robot_interfaces/msg/__init__.py
[1.531s] -- Up-to-date symlink: /home/srinjoy/hb_task2_ws/install/my_robot_interfaces/local/lib/python3.10/dist-packages/my_robot_interfaces/msg/_goal.py
[1.531s] -- Up-to-date symlink: /home/srinjoy/hb_task2_ws/install/my_robot_interfaces/local/lib/python3.10/dist-packages/my_robot_interfaces/msg/_goal_s.c
[1.531s] -- Up-to-date symlink: /home/srinjoy/hb_task2_ws/install/my_robot_interfaces/local/lib/python3.10/dist-packages/my_robot_interfaces/msg/_shape.py
[1.531s] -- Up-to-date symlink: /home/srinjoy/hb_task2_ws/install/my_robot_interfaces/local/lib/python3.10/dist-packages/my_robot_interfaces/msg/_shape_s.c
[1.532s] -- Up-to-date symlink: /home/srinjoy/hb_task2_ws/install/my_robot_interfaces/local/lib/python3.10/dist-packages/my_robot_interfaces/my_robot_interfaces_s__rosidl_typesupport_c.cpython-310-x86_64-linux-gnu.so
[1.532s] -- Up-to-date symlink: /home/srinjoy/hb_task2_ws/install/my_robot_interfaces/local/lib/python3.10/dist-packages/my_robot_interfaces/my_robot_interfaces_s__rosidl_typesupport_fastrtps_c.cpython-310-x86_64-linux-gnu.so
[1.532s] -- Up-to-date symlink: /home/srinjoy/hb_task2_ws/install/my_robot_interfaces/local/lib/python3.10/dist-packages/my_robot_interfaces/my_robot_interfaces_s__rosidl_typesupport_introspection_c.cpython-310-x86_64-linux-gnu.so
[1.532s] -- Up-to-date symlink: /home/srinjoy/hb_task2_ws/install/my_robot_interfaces/local/lib/python3.10/dist-packages/my_robot_interfaces/srv/__init__.py
[1.532s] -- Up-to-date symlink: /home/srinjoy/hb_task2_ws/install/my_robot_interfaces/local/lib/python3.10/dist-packages/my_robot_interfaces/srv/_next_goal.py
[1.532s] -- Up-to-date symlink: /home/srinjoy/hb_task2_ws/install/my_robot_interfaces/local/lib/python3.10/dist-packages/my_robot_interfaces/srv/_next_goal_s.c
[1.532s] -- Up-to-date symlink: /home/srinjoy/hb_task2_ws/install/my_robot_interfaces/local/lib/python3.10/dist-packages/my_robot_interfaces/my_robot_interfaces_s__rosidl_typesupport_fastrtps_c.cpython-310-x86_64-linux-gnu.so
[1.533s] -- Up-to-date symlink: /home/srinjoy/hb_task2_ws/install/my_robot_interfaces/local/lib/python3.10/dist-packages/my_robot_interfaces/my_robot_interfaces_s__rosidl_typesupport_introspection_c.cpython-310-x86_64-linux-gnu.so
[1.533s] -- Up-to-date symlink: /home/srinjoy/hb_task2_ws/install/my_robot_interfaces/local/lib/python3.10/dist-packages/my_robot_interfaces/my_robot_interfaces_s__rosidl_typesupport_c.cpython-310-x86_64-linux-gnu.so
[1.533s] -- Up-to-date symlink: /home/srinjoy/hb_task2_ws/install/my_robot_interfaces/share/my_robot_interfaces/srv/NextGoal.idl
[1.533s] -- Up-to-date symlink: /home/srinjoy/hb_task2_ws/install/my_robot_interfaces/share/my_robot_interfaces/msg/Goal.idl
[1.533s] -- Up-to-date symlink: /home/srinjoy/hb_task2_ws/install/my_robot_interfaces/share/my_robot_interfaces/msg/Shape.idl
[1.533s] -- Up-to-date symlink: /home/srinjoy/hb_task2_ws/install/my_robot_interfaces/share/my_robot_interfaces/srv/NextGoal.srv
[1.533s] -- Up-to-date symlink: /home/srinjoy/hb_task2_ws/install/my_robot_interfaces/share/my_robot_interfaces/srv/NextGoal_Request.msg
[1.534s] -- Up-to-date symlink: /home/srinjoy/hb_task2_ws/install/my_robot_interfaces/share/my_robot_interfaces/srv/NextGoal_Response.msg
[1.534s] -- Up-to-date symlink: /home/srinjoy/hb_task2_ws/install/my_robot_interfaces/share/my_robot_interfaces/msg/Goal.msg
[1.534s] -- Up-to-date symlink: /home/srinjoy/hb_task2_ws/install/my_robot_interfaces/share/my_robot_interfaces/msg/Shape.msg
[1.534s] -- Up-to-date symlink: /home/srinjoy/hb_task2_ws/install/my_robot_interfaces/share/ament_index/resource_index/package_run_dependencies/my_robot_interfaces
[1.534s] -- Up-to-date symlink: /home/srinjoy/hb_task2_ws/install/my_robot_interfaces/share/ament_index/resource_index/parent_prefix_path/my_robot_interfaces
[1.534s] -- Up-to-date symlink: /home/srinjoy/hb_task2_ws/install/my_robot_interfaces/share/my_robot_interfaces/environment/ament_prefix_path.sh
[1.535s] -- Up-to-date symlink: /home/srinjoy/hb_task2_ws/install/my_robot_interfaces/share/my_robot_interfaces/environment/ament_prefix_path.dsv
[1.535s] -- Up-to-date symlink: /home/srinjoy/hb_task2_ws/install/my_robot_interfaces/share/my_robot_interfaces/environment/path.sh
[1.535s] -- Up-to-date symlink: /home/srinjoy/hb_task2_ws/install/my_robot_interfaces/share/my_robot_interfaces/environment/path.dsv
[1.535s] -- Up-to-date symlink: /home/srinjoy/hb_task2_ws/install/my_robot_interfaces/share/my_robot_interfaces/local_setup.bash
[1.535s] -- Up-to-date symlink: /home/srinjoy/hb_task2_ws/install/my_robot_interfaces/share/my_robot_interfaces/local_setup.sh
[1.535s] -- Up-to-date symlink: /home/srinjoy/hb_task2_ws/install/my_robot_interfaces/share/my_robot_interfaces/local_setup.zsh
[1.535s] -- Up-to-date symlink: /home/srinjoy/hb_task2_ws/install/my_robot_interfaces/share/my_robot_interfaces/local_setup.dsv
[1.536s] -- Symlinking: /home/srinjoy/hb_task2_ws/install/my_robot_interfaces/share/my_robot_interfaces/package.dsv
[1.541s] -- Up-to-date symlink: /home/srinjoy/hb_task2_ws/install/my_robot_interfaces/share/ament_index/resource_index/packages/my_robot_interfaces
[1.541s] -- Up-to-date symlink: /home/srinjoy/hb_task2_ws/install/my_robot_interfaces/share/my_robot_interfaces/cmake/rosidl_cmake-extras.cmake
[1.541s] -- Up-to-date symlink: /home/srinjoy/hb_task2_ws/install/my_robot_interfaces/share/my_robot_interfaces/cmake/ament_cmake_export_include_directories-extras.cmake
[1.542s] -- Up-to-date symlink: /home/srinjoy/hb_task2_ws/install/my_robot_interfaces/share/my_robot_interfaces/cmake/ament_cmake_export_libraries-extras.cmake
[1.542s] -- Up-to-date symlink: /home/srinjoy/hb_task2_ws/install/my_robot_interfaces/share/my_robot_interfaces/cmake/ament_cmake_export_targets-extras.cmake
[1.543s] -- Up-to-date symlink: /home/srinjoy/hb_task2_ws/install/my_robot_interfaces/share/my_robot_interfaces/cmake/rosidl_cmake_export_typesupport_targets-extras.cmake
[1.543s] -- Up-to-date symlink: /home/srinjoy/hb_task2_ws/install/my_robot_interfaces/share/my_robot_interfaces/cmake/ament_cmake_export_dependencies-extras.cmake
[1.543s] -- Up-to-date symlink: /home/srinjoy/hb_task2_ws/install/my_robot_interfaces/share/my_robot_interfaces/cmake/rosidl_cmake_export_typesupport_libraries-extras.cmake
[1.543s] -- Up-to-date symlink: /home/srinjoy/hb_task2_ws/install/my_robot_interfaces/share/my_robot_interfaces/cmake/my_robot_interfacesConfig.cmake
[1.543s] -- Up-to-date symlink: /home/srinjoy/hb_task2_ws/install/my_robot_interfaces/share/my_robot_interfaces/cmake/my_robot_interfacesConfig-version.cmake
[1.543s] -- Up-to-date symlink: /home/srinjoy/hb_task2_ws/install/my_robot_interfaces/share/my_robot_interfaces/package.xml
[1.543s] -- Up-to-date: /home/srinjoy/hb_task2_ws/install/my_robot_interfaces/lib/libmy_robot_interfaces__rosidl_generator_c.so
[1.543s] -- Up-to-date: /home/srinjoy/hb_task2_ws/install/my_robot_interfaces/lib/libmy_robot_interfaces__rosidl_typesupport_fastrtps_c.so
[1.545s] -- Up-to-date: /home/srinjoy/hb_task2_ws/install/my_robot_interfaces/lib/libmy_robot_interfaces__rosidl_typesupport_introspection_c.so
[1.545s] -- Up-to-date: /home/srinjoy/hb_task2_ws/install/my_robot_interfaces/lib/libmy_robot_interfaces__rosidl_typesupport_c.so
[1.545s] -- Up-to-date: /home/srinjoy/hb_task2_ws/install/my_robot_interfaces/lib/libmy_robot_interfaces__rosidl_typesupport_fastrtps_cpp.so
[1.545s] -- Up-to-date: /home/srinjoy/hb_task2_ws/install/my_robot_interfaces/lib/libmy_robot_interfaces__rosidl_typesupport_introspection_cpp.so
[1.545s] -- Up-to-date: /home/srinjoy/hb_task2_ws/install/my_robot_interfaces/lib/libmy_robot_interfaces__rosidl_typesupport_cpp.so
[1.575s] Listing '/home/srinjoy/hb_task2_ws/install/my_robot_interfaces/local/lib/python3.10/dist-packages/my_robot_interfaces'...
[1.575s] Listing '/home/srinjoy/hb_task2_ws/install/my_robot_interfaces/local/lib/python3.10/dist-packages/my_robot_interfaces/msg'...
[1.575s] Listing '/home/srinjoy/hb_task2_ws/install/my_robot_interfaces/local/lib/python3.10/dist-packages/my_robot_interfaces/srv'...
[1.582s] -- Up-to-date: /home/srinjoy/hb_task2_ws/install/my_robot_interfaces/lib/libmy_robot_interfaces__rosidl_generator_py.so
[1.583s] -- Up-to-date: /home/srinjoy/hb_task2_ws/install/my_robot_interfaces/share/my_robot_interfaces/cmake/export_my_robot_interfaces__rosidl_generator_cExport.cmake
[1.583s] -- Up-to-date: /home/srinjoy/hb_task2_ws/install/my_robot_interfaces/share/my_robot_interfaces/cmake/export_my_robot_interfaces__rosidl_generator_cExport-noconfig.cmake
[1.583s] -- Up-to-date: /home/srinjoy/hb_task2_ws/install/my_robot_interfaces/share/my_robot_interfaces/cmake/export_my_robot_interfaces__rosidl_typesupport_fastrtps_cExport.cmake
[1.583s] -- Up-to-date: /home/srinjoy/hb_task2_ws/install/my_robot_interfaces/share/my_robot_interfaces/cmake/export_my_robot_interfaces__rosidl_typesupport_fastrtps_cExport-noconfig.cmake
[1.583s] -- Up-to-date: /home/srinjoy/hb_task2_ws/install/my_robot_interfaces/share/my_robot_interfaces/cmake/my_robot_interfaces__rosidl_typesupport_introspection_cExport.cmake
[1.583s] -- Up-to-date: /home/srinjoy/hb_task2_ws/install/my_robot_interfaces/share/my_robot_interfaces/cmake/my_robot_interfaces__rosidl_typesupport_introspection_cExport-noconfig.cmake
[1.583s] -- Up-to-date: /home/srinjoy/hb_task2_ws/install/my_robot_interfaces/share/my_robot_interfaces/cmake/my_robot_interfaces__rosidl_typesupport_cExport.cmake
[1.583s] -- Up-to-date: /home/srinjoy/hb_task2_ws/install/my_robot_interfaces/share/my_robot_interfaces/cmake/my_robot_interfaces__rosidl_typesupport_cExport-noconfig.cmake
[1.583s] -- Up-to-date: /home/srinjoy/hb_task2_ws/install/my_robot_interfaces/share/my_robot_interfaces/cmake/export_my_robot_interfaces__rosidl_generator_cppExport.cmake
[1.583s] -- Up-to-date: /home/srinjoy/hb_task2_ws/install/my_robot_interfaces/share/my_robot_interfaces/cmake/export_my_robot_interfaces__rosidl_typesupport_fastrtps_cppExport.cmake
[1.583s] -- Up-to-date: /home/srinjoy/hb_task2_ws/install/my_robot_interfaces/share/my_robot_interfaces/cmake/export_my_robot_interfaces__rosidl_typesupport_fastrtps_cppExport-noconfig.cmake
[1.583s] -- Up-to-date: /home/srinjoy/hb_task2_ws/install/my_robot_interfaces/share/my_robot_interfaces/cmake/my_robot_interfaces__rosidl_typesupport_introspection_cppExport.cmake
[1.583s] -- Up-to-date: /home/srinjoy/hb_task2_ws/install/my_robot_interfaces/share/my_robot_interfaces/cmake/my_robot_interfaces__rosidl_typesupport_introspection_cppExport-noconfig.cmake
[1.583s] -- Up-to-date: /home/srinjoy/hb_task2_ws/install/my_robot_interfaces/share/my_robot_interfaces/cmake/my_robot_interfaces__rosidl_typesupport_cppExport.cmake
[1.584s] -- Up-to-date: /home/srinjoy/hb_task2_ws/install/my_robot_interfaces/share/my_robot_interfaces/cmake/my_robot_interfaces__rosidl_typesupport_cppExport-noconfig.cmake
[1.584s] -- Up-to-date: /home/srinjoy/hb_task2_ws/install/my_robot_interfaces/share/my_robot_interfaces/cmake/export_my_robot_interfaces__rosidl_generator_pyExport.cmake
[1.584s] -- Up-to-date: /home/srinjoy/hb_task2_ws/install/my_robot_interfaces/share/my_robot_interfaces/cmake/export_my_robot_interfaces__rosidl_generator_pyExport-noconfig.cmake
[1.621s] Invoked command in '/home/srinjoy/hb_task2_ws/build/my_robot_interfaces' returned '0': CMAKE_PREFIX_PATH=${CMAKE_PREFIX_PATH}:/home/srinjoy/hb_task2_ws/install/hb_task2b:/home/srinjoy/hb_task2_ws/install/hb_task2a:/home/srinjoy/ws_moveit/install/moveit_configs_utils:/opt/ros/humble /home/srinjoy/.local/bin/cmake --install /home/srinjoy/hb_task2_ws/build/my_robot_interfaces
