[1.452s] Invoking command in '/home/srinjoy/hb_task2_ws/build/hb_task2a': PYTHONPATH=/home/srinjoy/hb_task2_ws/build/hb_task2a/prefix_override:/home/srinjoy/hb_task2_ws/install/hb_task2a/lib/python3.10/site-packages:${PYTHONPATH} /usr/bin/python3 setup.py develop --editable --build-directory /home/srinjoy/hb_task2_ws/build/hb_task2a/build --no-deps install_data
[1.717s] running develop
[1.717s] /usr/lib/python3/dist-packages/setuptools/command/easy_install.py:158: EasyInstallDeprecationWarning: easy_install command is deprecated. Use build and pip and other standards-based tools.
[1.717s]   warnings.warn(
[1.718s] /usr/lib/python3/dist-packages/setuptools/command/install.py:34: SetuptoolsDeprecationWarning: setup.py install is deprecated. Use build and pip and other standards-based tools.
[1.718s]   warnings.warn(
[1.911s] running egg_info
[1.912s] creating hb_task2a.egg-info
[1.912s] writing hb_task2a.egg-info/PKG-INFO
[1.912s] writing dependency_links to hb_task2a.egg-info/dependency_links.txt
[1.912s] writing entry points to hb_task2a.egg-info/entry_points.txt
[1.912s] writing requirements to hb_task2a.egg-info/requires.txt
[1.912s] writing top-level names to hb_task2a.egg-info/top_level.txt
[1.912s] writing manifest file 'hb_task2a.egg-info/SOURCES.txt'
[1.914s] reading manifest file 'hb_task2a.egg-info/SOURCES.txt'
[1.915s] writing manifest file 'hb_task2a.egg-info/SOURCES.txt'
[1.917s] running build_ext
[1.917s] Creating /home/srinjoy/hb_task2_ws/install/hb_task2a/lib/python3.10/site-packages/hb-task2a.egg-link (link to .)
[1.917s] Installing feedback script to /home/srinjoy/hb_task2_ws/install/hb_task2a/lib/hb_task2a
[1.918s] 
[1.918s] Installed /home/srinjoy/hb_task2_ws/build/hb_task2a
[1.918s] running install_data
[1.918s] creating /home/srinjoy/hb_task2_ws/install/hb_task2a/share/ament_index
[1.918s] creating /home/srinjoy/hb_task2_ws/install/hb_task2a/share/ament_index/resource_index
[1.918s] creating /home/srinjoy/hb_task2_ws/install/hb_task2a/share/ament_index/resource_index/packages
[1.918s] copying resource/hb_task2a -> /home/srinjoy/hb_task2_ws/install/hb_task2a/share/ament_index/resource_index/packages
[1.918s] copying package.xml -> /home/srinjoy/hb_task2_ws/install/hb_task2a/share/hb_task2a
[1.918s] creating /home/srinjoy/hb_task2_ws/install/hb_task2a/share/hb_task2a/launch
[1.918s] copying launch/task2a.launch.py -> /home/srinjoy/hb_task2_ws/install/hb_task2a/share/hb_task2a/launch
[1.918s] creating /home/srinjoy/hb_task2_ws/install/hb_task2a/share/hb_task2a/scripts
[1.918s] copying scripts/controller.py -> /home/srinjoy/hb_task2_ws/install/hb_task2a/share/hb_task2a/scripts
[1.919s] copying scripts/service_node.py -> /home/srinjoy/hb_task2_ws/install/hb_task2a/share/hb_task2a/scripts
[1.919s] copying scripts/feedback.py -> /home/srinjoy/hb_task2_ws/install/hb_task2a/share/hb_task2a/scripts
[2.047s] Invoked command in '/home/srinjoy/hb_task2_ws/build/hb_task2a' returned '0': PYTHONPATH=/home/srinjoy/hb_task2_ws/build/hb_task2a/prefix_override:/home/srinjoy/hb_task2_ws/install/hb_task2a/lib/python3.10/site-packages:${PYTHONPATH} /usr/bin/python3 setup.py develop --editable --build-directory /home/srinjoy/hb_task2_ws/build/hb_task2a/build --no-deps install_data
