[0.744s] Invoking command in '/home/srinjoy/hb_task2_ws/build/my_robot_interfaces': CMAKE_PREFIX_PATH=${CMAKE_PREFIX_PATH}:/home/srinjoy/hb_task2_ws/install/hb_task2b:/home/srinjoy/hb_task2_ws/install/hb_task2a:/home/srinjoy/ws_moveit/install/moveit_configs_utils:/opt/ros/humble /home/srinjoy/.local/bin/cmake /home/srinjoy/hb_task2_ws/src/eYRC-2023_Hologlyph_Bots/my_robot_interfaces -DAMENT_CMAKE_SYMLINK_INSTALL=1 -DCMAKE_INSTALL_PREFIX=/home/srinjoy/hb_task2_ws/install/my_robot_interfaces
[0.838s] -- The C compiler identification is GNU 11.4.0
[0.910s] -- The CXX compiler identification is GNU 11.4.0
[0.934s] -- Detecting C compiler ABI info
[1.032s] -- Detecting C compiler ABI info - done
[1.048s] -- Check for working C compiler: /usr/bin/cc - skipped
[1.048s] -- Detecting C compile features
[1.049s] -- Detecting C compile features - done
[1.063s] -- Detecting CXX compiler ABI info
[1.177s] -- Detecting CXX compiler ABI info - done
[1.188s] -- Check for working CXX compiler: /usr/bin/c++ - skipped
[1.188s] -- Detecting CXX compile features
[1.189s] -- Detecting CXX compile features - done
[1.196s] -- Found ament_cmake: 1.3.5 (/opt/ros/humble/share/ament_cmake/cmake)
[1.835s] -- Found Python3: /usr/bin/python3.10 (found version "3.10.12") found components: Interpreter 
[1.848s] -- Override CMake install command with custom implementation using symlinks instead of copying resources
[1.935s] -- Found rosidl_default_generators: 1.2.0 (/opt/ros/humble/share/rosidl_default_generators/cmake)
[1.948s] -- Using all available rosidl_typesupport_c: rosidl_typesupport_fastrtps_c;rosidl_typesupport_introspection_c
[1.967s] -- Found rosidl_adapter: 3.1.5 (/opt/ros/humble/share/rosidl_adapter/cmake)
[2.055s] -- Using all available rosidl_typesupport_cpp: rosidl_typesupport_fastrtps_cpp;rosidl_typesupport_introspection_cpp
[2.548s] -- Found ament_cmake_ros: 0.10.0 (/opt/ros/humble/share/ament_cmake_ros/cmake)
[3.004s] -- Using all available rosidl_typesupport_c: rosidl_typesupport_fastrtps_c;rosidl_typesupport_introspection_c
[3.622s] -- Using all available rosidl_typesupport_cpp: rosidl_typesupport_fastrtps_cpp;rosidl_typesupport_introspection_cpp
[3.622s] -- Found PythonInterp: /usr/bin/python3 (found suitable version "3.10.12", minimum required is "3.6") 
[3.622s] -- Found python_cmake_module: 0.10.0 (/opt/ros/humble/share/python_cmake_module/cmake)
[3.622s] CMake Warning (dev) at /opt/ros/humble/share/rosidl_generator_py/cmake/rosidl_generator_py_generate_interfaces.cmake:20 (find_package):
[3.622s]   Policy CMP0148 is not set: The FindPythonInterp and FindPythonLibs modules
[3.622s]   are removed.  Run "cmake --help-policy CMP0148" for policy details.  Use
[3.622s]   the cmake_policy command to set the policy and suppress this warning.
[3.622s] 
[3.622s] Call Stack (most recent call first):
[3.622s]   /opt/ros/humble/share/ament_cmake_core/cmake/core/ament_execute_extensions.cmake:48 (include)
[3.622s]   /opt/ros/humble/share/rosidl_cmake/cmake/rosidl_generate_interfaces.cmake:286 (ament_execute_extensions)
[3.622s]   CMakeLists.txt:16 (rosidl_generate_interfaces)
[3.622s] This warning is for project developers.  Use -Wno-dev to suppress it.
[3.622s] 
[3.622s] CMake Warning (dev) at /opt/ros/humble/share/python_cmake_module/cmake/Modules/FindPythonExtra.cmake:52 (find_package):
[3.622s]   Policy CMP0148 is not set: The FindPythonInterp and FindPythonLibs modules
[3.622s]   are removed.  Run "cmake --help-policy CMP0148" for policy details.  Use
[3.622s]   the cmake_policy command to set the policy and suppress this warning.
[3.622s] 
[3.623s] Call Stack (most recent call first):
[3.623s]   /opt/ros/humble/share/rosidl_generator_py/cmake/rosidl_generator_py_generate_interfaces.cmake:23 (find_package)
[3.623s]   /opt/ros/humble/share/ament_cmake_core/cmake/core/ament_execute_extensions.cmake:48 (include)
[3.623s]   /opt/ros/humble/share/rosidl_cmake/cmake/rosidl_generate_interfaces.cmake:286 (ament_execute_extensions)
[3.623s]   CMakeLists.txt:16 (rosidl_generate_interfaces)
[3.623s] This warning is for project developers.  Use -Wno-dev to suppress it.
[3.623s] 
[3.636s] CMake Warning (dev) at /opt/ros/humble/share/python_cmake_module/cmake/Modules/FindPythonExtra.cmake:140 (find_package):
[3.636s]   Policy CMP0148 is not set: The FindPythonInterp and FindPythonLibs modules
[3.636s]   are removed.  Run "cmake --help-policy CMP0148" for policy details.  Use
[3.636s]   the cmake_policy command to set the policy and suppress this warning.
[3.636s] 
[3.636s] Call Stack (most recent call first):
[3.637s]   /opt/ros/humble/share/rosidl_generator_py/cmake/rosidl_generator_py_generate_interfaces.cmake:23 (find_package)
[3.637s]   /opt/ros/humble/share/ament_cmake_core/cmake/core/ament_execute_extensions.cmake:48 (include)
[3.637s]   /opt/ros/humble/share/rosidl_cmake/cmake/rosidl_generate_interfaces.cmake:286 (ament_execute_extensions)
[3.637s]   CMakeLists.txt:16 (rosidl_generate_interfaces)
[3.637s] This warning is for project developers.  Use -Wno-dev to suppress it.
[3.637s] 
[3.644s] -- Found PythonLibs: /usr/lib/x86_64-linux-gnu/libpython3.10.so (found suitable version "3.10.12", minimum required is "3.5") 
[3.645s] -- Using PYTHON_EXECUTABLE: /usr/bin/python3
[3.645s] -- Using PYTHON_INCLUDE_DIRS: /usr/include/python3.10
[3.645s] -- Using PYTHON_LIBRARIES: /usr/lib/x86_64-linux-gnu/libpython3.10.so
[3.667s] -- Found PythonExtra: .so  
[3.728s] -- Configuring done (3.0s)
[3.763s] -- Generating done (0.0s)
[3.766s] -- Build files have been written to: /home/srinjoy/hb_task2_ws/build/my_robot_interfaces
[3.777s] Invoked command in '/home/srinjoy/hb_task2_ws/build/my_robot_interfaces' returned '0': CMAKE_PREFIX_PATH=${CMAKE_PREFIX_PATH}:/home/srinjoy/hb_task2_ws/install/hb_task2b:/home/srinjoy/hb_task2_ws/install/hb_task2a:/home/srinjoy/ws_moveit/install/moveit_configs_utils:/opt/ros/humble /home/srinjoy/.local/bin/cmake /home/srinjoy/hb_task2_ws/src/eYRC-2023_Hologlyph_Bots/my_robot_interfaces -DAMENT_CMAKE_SYMLINK_INSTALL=1 -DCMAKE_INSTALL_PREFIX=/home/srinjoy/hb_task2_ws/install/my_robot_interfaces
[3.779s] Invoking command in '/home/srinjoy/hb_task2_ws/build/my_robot_interfaces': CMAKE_PREFIX_PATH=${CMAKE_PREFIX_PATH}:/home/srinjoy/hb_task2_ws/install/hb_task2b:/home/srinjoy/hb_task2_ws/install/hb_task2a:/home/srinjoy/ws_moveit/install/moveit_configs_utils:/opt/ros/humble /home/srinjoy/.local/bin/cmake --build /home/srinjoy/hb_task2_ws/build/my_robot_interfaces -- -j12 -l12
[3.830s] [  2%] Generating C code for ROS interfaces
[3.839s] [  4%] Generating C++ code for ROS interfaces
[3.846s] [  4%] Built target ament_cmake_python_symlink_my_robot_interfaces
[4.083s] running egg_info
[4.084s] creating my_robot_interfaces.egg-info
[4.084s] writing my_robot_interfaces.egg-info/PKG-INFO
[4.084s] writing dependency_links to my_robot_interfaces.egg-info/dependency_links.txt
[4.085s] writing top-level names to my_robot_interfaces.egg-info/top_level.txt
[4.085s] writing manifest file 'my_robot_interfaces.egg-info/SOURCES.txt'
[4.088s] reading manifest file 'my_robot_interfaces.egg-info/SOURCES.txt'
[4.088s] writing manifest file 'my_robot_interfaces.egg-info/SOURCES.txt'
[4.123s] [  4%] Built target ament_cmake_python_build_my_robot_interfaces_egg
[4.133s] [  4%] Built target my_robot_interfaces__cpp
[4.143s] [  6%] Generating C++ type support dispatch for ROS interfaces
[4.143s] [  8%] Generating C++ introspection for ROS interfaces
[4.143s] [ 10%] Generating C++ type support for eProsima Fast-RTPS
[4.165s] [ 14%] Building C object CMakeFiles/my_robot_interfaces__rosidl_generator_c.dir/rosidl_generator_c/my_robot_interfaces/msg/detail/goal__functions.c.o
[4.165s] [ 14%] Building C object CMakeFiles/my_robot_interfaces__rosidl_generator_c.dir/rosidl_generator_c/my_robot_interfaces/msg/detail/shape__functions.c.o
[4.166s] [ 17%] Building C object CMakeFiles/my_robot_interfaces__rosidl_generator_c.dir/rosidl_generator_c/my_robot_interfaces/srv/detail/next_goal__functions.c.o
[4.222s] [ 19%] Linking C shared library libmy_robot_interfaces__rosidl_generator_c.so
[4.256s] [ 19%] Built target my_robot_interfaces__rosidl_generator_c
[4.264s] [ 23%] Generating C type support for eProsima Fast-RTPS
[4.264s] [ 23%] Generating C type support dispatch for ROS interfaces
[4.264s] [ 25%] Generating C introspection for ROS interfaces
[4.409s] [ 27%] Building CXX object CMakeFiles/my_robot_interfaces__rosidl_typesupport_cpp.dir/rosidl_typesupport_cpp/my_robot_interfaces/srv/next_goal__type_support.cpp.o
[4.411s] [ 29%] Building CXX object CMakeFiles/my_robot_interfaces__rosidl_typesupport_cpp.dir/rosidl_typesupport_cpp/my_robot_interfaces/msg/shape__type_support.cpp.o
[4.411s] [ 31%] Building CXX object CMakeFiles/my_robot_interfaces__rosidl_typesupport_cpp.dir/rosidl_typesupport_cpp/my_robot_interfaces/msg/goal__type_support.cpp.o
[4.444s] [ 34%] Building CXX object CMakeFiles/my_robot_interfaces__rosidl_typesupport_introspection_cpp.dir/rosidl_typesupport_introspection_cpp/my_robot_interfaces/srv/detail/next_goal__type_support.cpp.o
[4.444s] [ 36%] Building CXX object CMakeFiles/my_robot_interfaces__rosidl_typesupport_introspection_cpp.dir/rosidl_typesupport_introspection_cpp/my_robot_interfaces/msg/detail/shape__type_support.cpp.o
[4.445s] [ 38%] Building CXX object CMakeFiles/my_robot_interfaces__rosidl_typesupport_introspection_cpp.dir/rosidl_typesupport_introspection_cpp/my_robot_interfaces/msg/detail/goal__type_support.cpp.o
[4.498s] [ 42%] Building CXX object CMakeFiles/my_robot_interfaces__rosidl_typesupport_fastrtps_cpp.dir/rosidl_typesupport_fastrtps_cpp/my_robot_interfaces/msg/detail/dds_fastrtps/shape__type_support.cpp.o
[4.498s] [ 42%] Building CXX object CMakeFiles/my_robot_interfaces__rosidl_typesupport_fastrtps_cpp.dir/rosidl_typesupport_fastrtps_cpp/my_robot_interfaces/srv/detail/dds_fastrtps/next_goal__type_support.cpp.o
[4.498s] [ 44%] Building CXX object CMakeFiles/my_robot_interfaces__rosidl_typesupport_fastrtps_cpp.dir/rosidl_typesupport_fastrtps_cpp/my_robot_interfaces/msg/detail/dds_fastrtps/goal__type_support.cpp.o
[4.608s] [ 46%] Building CXX object CMakeFiles/my_robot_interfaces__rosidl_typesupport_c.dir/rosidl_typesupport_c/my_robot_interfaces/srv/next_goal__type_support.cpp.o
[4.666s] [ 48%] Building CXX object CMakeFiles/my_robot_interfaces__rosidl_typesupport_c.dir/rosidl_typesupport_c/my_robot_interfaces/msg/goal__type_support.cpp.o
[4.721s] [ 51%] Building CXX object CMakeFiles/my_robot_interfaces__rosidl_typesupport_c.dir/rosidl_typesupport_c/my_robot_interfaces/msg/shape__type_support.cpp.o
[4.748s] [ 53%] Building C object CMakeFiles/my_robot_interfaces__rosidl_typesupport_introspection_c.dir/rosidl_typesupport_introspection_c/my_robot_interfaces/srv/detail/next_goal__type_support.c.o
[4.770s] [ 55%] Building CXX object CMakeFiles/my_robot_interfaces__rosidl_typesupport_fastrtps_c.dir/rosidl_typesupport_fastrtps_c/my_robot_interfaces/srv/detail/next_goal__type_support_c.cpp.o
[4.773s] [ 57%] Linking CXX shared library libmy_robot_interfaces__rosidl_typesupport_c.so
[4.787s] [ 59%] Building CXX object CMakeFiles/my_robot_interfaces__rosidl_typesupport_fastrtps_c.dir/rosidl_typesupport_fastrtps_c/my_robot_interfaces/msg/detail/goal__type_support_c.cpp.o
[4.808s] [ 61%] Building C object CMakeFiles/my_robot_interfaces__rosidl_typesupport_introspection_c.dir/rosidl_typesupport_introspection_c/my_robot_interfaces/msg/detail/goal__type_support.c.o
[4.812s] [ 63%] Building CXX object CMakeFiles/my_robot_interfaces__rosidl_typesupport_fastrtps_c.dir/rosidl_typesupport_fastrtps_c/my_robot_interfaces/msg/detail/shape__type_support_c.cpp.o
[4.827s] [ 65%] Linking CXX shared library libmy_robot_interfaces__rosidl_typesupport_cpp.so
[4.837s] [ 65%] Built target my_robot_interfaces__rosidl_typesupport_c
[4.846s] [ 68%] Building C object CMakeFiles/my_robot_interfaces__rosidl_typesupport_introspection_c.dir/rosidl_typesupport_introspection_c/my_robot_interfaces/msg/detail/shape__type_support.c.o
[4.890s] [ 68%] Built target my_robot_interfaces__rosidl_typesupport_cpp
[4.903s] [ 70%] Linking C shared library libmy_robot_interfaces__rosidl_typesupport_introspection_c.so
[4.948s] [ 70%] Built target my_robot_interfaces__rosidl_typesupport_introspection_c
[5.032s] [ 72%] Linking CXX shared library libmy_robot_interfaces__rosidl_typesupport_introspection_cpp.so
[5.154s] [ 74%] Linking CXX shared library libmy_robot_interfaces__rosidl_typesupport_fastrtps_cpp.so
[5.154s] [ 74%] Built target my_robot_interfaces__rosidl_typesupport_introspection_cpp
[5.222s] [ 76%] Linking CXX shared library libmy_robot_interfaces__rosidl_typesupport_fastrtps_c.so
[5.246s] [ 76%] Built target my_robot_interfaces__rosidl_typesupport_fastrtps_cpp
[5.317s] [ 76%] Built target my_robot_interfaces__rosidl_typesupport_fastrtps_c
[5.334s] [ 76%] Built target my_robot_interfaces
[5.352s] [ 78%] Generating Python code for ROS interfaces
[5.778s] [ 78%] Built target my_robot_interfaces__py
[5.796s] [ 80%] Building C object CMakeFiles/my_robot_interfaces__rosidl_generator_py.dir/rosidl_generator_py/my_robot_interfaces/srv/_next_goal_s.c.o
[5.797s] [ 82%] Building C object CMakeFiles/my_robot_interfaces__rosidl_generator_py.dir/rosidl_generator_py/my_robot_interfaces/msg/_goal_s.c.o
[5.797s] [ 85%] Building C object CMakeFiles/my_robot_interfaces__rosidl_generator_py.dir/rosidl_generator_py/my_robot_interfaces/msg/_shape_s.c.o
[5.901s] [ 87%] Linking C shared library rosidl_generator_py/my_robot_interfaces/libmy_robot_interfaces__rosidl_generator_py.so
[5.940s] [ 87%] Built target my_robot_interfaces__rosidl_generator_py
[5.957s] [ 89%] Building C object CMakeFiles/my_robot_interfaces__rosidl_typesupport_fastrtps_c__pyext.dir/rosidl_generator_py/my_robot_interfaces/_my_robot_interfaces_s.ep.rosidl_typesupport_fastrtps_c.c.o
[5.958s] [ 91%] Building C object CMakeFiles/my_robot_interfaces__rosidl_typesupport_introspection_c__pyext.dir/rosidl_generator_py/my_robot_interfaces/_my_robot_interfaces_s.ep.rosidl_typesupport_introspection_c.c.o
[5.959s] [ 93%] Building C object CMakeFiles/my_robot_interfaces__rosidl_typesupport_c__pyext.dir/rosidl_generator_py/my_robot_interfaces/_my_robot_interfaces_s.ep.rosidl_typesupport_c.c.o
[6.050s] [ 95%] Linking C shared library rosidl_generator_py/my_robot_interfaces/my_robot_interfaces_s__rosidl_typesupport_c.cpython-310-x86_64-linux-gnu.so
[6.051s] [ 97%] Linking C shared library rosidl_generator_py/my_robot_interfaces/my_robot_interfaces_s__rosidl_typesupport_introspection_c.cpython-310-x86_64-linux-gnu.so
[6.055s] [100%] Linking C shared library rosidl_generator_py/my_robot_interfaces/my_robot_interfaces_s__rosidl_typesupport_fastrtps_c.cpython-310-x86_64-linux-gnu.so
[6.081s] [100%] Built target my_robot_interfaces__rosidl_typesupport_c__pyext
[6.081s] [100%] Built target my_robot_interfaces__rosidl_typesupport_introspection_c__pyext
[6.088s] [100%] Built target my_robot_interfaces__rosidl_typesupport_fastrtps_c__pyext
[6.103s] Invoked command in '/home/srinjoy/hb_task2_ws/build/my_robot_interfaces' returned '0': CMAKE_PREFIX_PATH=${CMAKE_PREFIX_PATH}:/home/srinjoy/hb_task2_ws/install/hb_task2b:/home/srinjoy/hb_task2_ws/install/hb_task2a:/home/srinjoy/ws_moveit/install/moveit_configs_utils:/opt/ros/humble /home/srinjoy/.local/bin/cmake --build /home/srinjoy/hb_task2_ws/build/my_robot_interfaces -- -j12 -l12
[6.359s] Invoking command in '/home/srinjoy/hb_task2_ws/build/my_robot_interfaces': CMAKE_PREFIX_PATH=${CMAKE_PREFIX_PATH}:/home/srinjoy/hb_task2_ws/install/hb_task2b:/home/srinjoy/hb_task2_ws/install/hb_task2a:/home/srinjoy/ws_moveit/install/moveit_configs_utils:/opt/ros/humble /home/srinjoy/.local/bin/cmake --install /home/srinjoy/hb_task2_ws/build/my_robot_interfaces
[6.386s] -- Install configuration: ""
[6.386s] -- Execute custom install script
[6.387s] -- Symlinking: /home/srinjoy/hb_task2_ws/install/my_robot_interfaces/share/ament_index/resource_index/rosidl_interfaces/my_robot_interfaces
[6.392s] -- Symlinking: /home/srinjoy/hb_task2_ws/install/my_robot_interfaces/include/my_robot_interfaces/my_robot_interfaces/msg/detail/goal__functions.h
[6.399s] -- Symlinking: /home/srinjoy/hb_task2_ws/install/my_robot_interfaces/include/my_robot_interfaces/my_robot_interfaces/msg/detail/goal__struct.h
[6.404s] -- Symlinking: /home/srinjoy/hb_task2_ws/install/my_robot_interfaces/include/my_robot_interfaces/my_robot_interfaces/msg/detail/goal__type_support.h
[6.409s] -- Symlinking: /home/srinjoy/hb_task2_ws/install/my_robot_interfaces/include/my_robot_interfaces/my_robot_interfaces/msg/detail/shape__functions.h
[6.414s] -- Symlinking: /home/srinjoy/hb_task2_ws/install/my_robot_interfaces/include/my_robot_interfaces/my_robot_interfaces/msg/detail/shape__struct.h
[6.419s] -- Symlinking: /home/srinjoy/hb_task2_ws/install/my_robot_interfaces/include/my_robot_interfaces/my_robot_interfaces/msg/detail/shape__type_support.h
[6.425s] -- Symlinking: /home/srinjoy/hb_task2_ws/install/my_robot_interfaces/include/my_robot_interfaces/my_robot_interfaces/msg/goal.h
[6.430s] -- Symlinking: /home/srinjoy/hb_task2_ws/install/my_robot_interfaces/include/my_robot_interfaces/my_robot_interfaces/msg/rosidl_generator_c__visibility_control.h
[6.435s] -- Symlinking: /home/srinjoy/hb_task2_ws/install/my_robot_interfaces/include/my_robot_interfaces/my_robot_interfaces/msg/shape.h
[6.440s] -- Symlinking: /home/srinjoy/hb_task2_ws/install/my_robot_interfaces/include/my_robot_interfaces/my_robot_interfaces/srv/detail/next_goal__functions.h
[6.445s] -- Symlinking: /home/srinjoy/hb_task2_ws/install/my_robot_interfaces/include/my_robot_interfaces/my_robot_interfaces/srv/detail/next_goal__struct.h
[6.450s] -- Symlinking: /home/srinjoy/hb_task2_ws/install/my_robot_interfaces/include/my_robot_interfaces/my_robot_interfaces/srv/detail/next_goal__type_support.h
[6.455s] -- Symlinking: /home/srinjoy/hb_task2_ws/install/my_robot_interfaces/include/my_robot_interfaces/my_robot_interfaces/srv/next_goal.h
[6.461s] -- Symlinking: /home/srinjoy/hb_task2_ws/install/my_robot_interfaces/share/my_robot_interfaces/environment/library_path.sh
[6.466s] -- Symlinking: /home/srinjoy/hb_task2_ws/install/my_robot_interfaces/share/my_robot_interfaces/environment/library_path.dsv
[6.472s] -- Symlinking: /home/srinjoy/hb_task2_ws/install/my_robot_interfaces/include/my_robot_interfaces/my_robot_interfaces/msg/detail/goal__rosidl_typesupport_fastrtps_c.h
[6.477s] -- Symlinking: /home/srinjoy/hb_task2_ws/install/my_robot_interfaces/include/my_robot_interfaces/my_robot_interfaces/msg/detail/shape__rosidl_typesupport_fastrtps_c.h
[6.482s] -- Symlinking: /home/srinjoy/hb_task2_ws/install/my_robot_interfaces/include/my_robot_interfaces/my_robot_interfaces/msg/rosidl_typesupport_fastrtps_c__visibility_control.h
[6.487s] -- Symlinking: /home/srinjoy/hb_task2_ws/install/my_robot_interfaces/include/my_robot_interfaces/my_robot_interfaces/srv/detail/next_goal__rosidl_typesupport_fastrtps_c.h
[6.492s] -- Symlinking: /home/srinjoy/hb_task2_ws/install/my_robot_interfaces/include/my_robot_interfaces/my_robot_interfaces/msg/detail/goal__rosidl_typesupport_introspection_c.h
[6.498s] -- Symlinking: /home/srinjoy/hb_task2_ws/install/my_robot_interfaces/include/my_robot_interfaces/my_robot_interfaces/msg/detail/shape__rosidl_typesupport_introspection_c.h
[6.503s] -- Symlinking: /home/srinjoy/hb_task2_ws/install/my_robot_interfaces/include/my_robot_interfaces/my_robot_interfaces/msg/rosidl_typesupport_introspection_c__visibility_control.h
[6.508s] -- Symlinking: /home/srinjoy/hb_task2_ws/install/my_robot_interfaces/include/my_robot_interfaces/my_robot_interfaces/srv/detail/next_goal__rosidl_typesupport_introspection_c.h
[6.515s] -- Symlinking: /home/srinjoy/hb_task2_ws/install/my_robot_interfaces/include/my_robot_interfaces/my_robot_interfaces/msg/detail/goal__builder.hpp
[6.519s] -- Symlinking: /home/srinjoy/hb_task2_ws/install/my_robot_interfaces/include/my_robot_interfaces/my_robot_interfaces/msg/detail/goal__struct.hpp
[6.525s] -- Symlinking: /home/srinjoy/hb_task2_ws/install/my_robot_interfaces/include/my_robot_interfaces/my_robot_interfaces/msg/detail/goal__traits.hpp
[6.530s] -- Symlinking: /home/srinjoy/hb_task2_ws/install/my_robot_interfaces/include/my_robot_interfaces/my_robot_interfaces/msg/detail/shape__builder.hpp
[6.536s] -- Symlinking: /home/srinjoy/hb_task2_ws/install/my_robot_interfaces/include/my_robot_interfaces/my_robot_interfaces/msg/detail/shape__struct.hpp
[6.541s] -- Symlinking: /home/srinjoy/hb_task2_ws/install/my_robot_interfaces/include/my_robot_interfaces/my_robot_interfaces/msg/detail/shape__traits.hpp
[6.547s] -- Symlinking: /home/srinjoy/hb_task2_ws/install/my_robot_interfaces/include/my_robot_interfaces/my_robot_interfaces/msg/goal.hpp
[6.552s] -- Symlinking: /home/srinjoy/hb_task2_ws/install/my_robot_interfaces/include/my_robot_interfaces/my_robot_interfaces/msg/shape.hpp
[6.557s] -- Symlinking: /home/srinjoy/hb_task2_ws/install/my_robot_interfaces/include/my_robot_interfaces/my_robot_interfaces/srv/detail/next_goal__builder.hpp
[6.562s] -- Symlinking: /home/srinjoy/hb_task2_ws/install/my_robot_interfaces/include/my_robot_interfaces/my_robot_interfaces/srv/detail/next_goal__struct.hpp
[6.568s] -- Symlinking: /home/srinjoy/hb_task2_ws/install/my_robot_interfaces/include/my_robot_interfaces/my_robot_interfaces/srv/detail/next_goal__traits.hpp
[6.573s] -- Symlinking: /home/srinjoy/hb_task2_ws/install/my_robot_interfaces/include/my_robot_interfaces/my_robot_interfaces/srv/next_goal.hpp
[6.579s] -- Symlinking: /home/srinjoy/hb_task2_ws/install/my_robot_interfaces/include/my_robot_interfaces/my_robot_interfaces/msg/detail/goal__rosidl_typesupport_fastrtps_cpp.hpp
[6.584s] -- Symlinking: /home/srinjoy/hb_task2_ws/install/my_robot_interfaces/include/my_robot_interfaces/my_robot_interfaces/msg/detail/shape__rosidl_typesupport_fastrtps_cpp.hpp
[6.590s] -- Symlinking: /home/srinjoy/hb_task2_ws/install/my_robot_interfaces/include/my_robot_interfaces/my_robot_interfaces/msg/rosidl_typesupport_fastrtps_cpp__visibility_control.h
[6.595s] -- Symlinking: /home/srinjoy/hb_task2_ws/install/my_robot_interfaces/include/my_robot_interfaces/my_robot_interfaces/srv/detail/next_goal__rosidl_typesupport_fastrtps_cpp.hpp
[6.601s] -- Symlinking: /home/srinjoy/hb_task2_ws/install/my_robot_interfaces/include/my_robot_interfaces/my_robot_interfaces/msg/detail/goal__rosidl_typesupport_introspection_cpp.hpp
[6.606s] -- Symlinking: /home/srinjoy/hb_task2_ws/install/my_robot_interfaces/include/my_robot_interfaces/my_robot_interfaces/msg/detail/shape__rosidl_typesupport_introspection_cpp.hpp
[6.611s] -- Symlinking: /home/srinjoy/hb_task2_ws/install/my_robot_interfaces/include/my_robot_interfaces/my_robot_interfaces/srv/detail/next_goal__rosidl_typesupport_introspection_cpp.hpp
[6.617s] -- Symlinking: /home/srinjoy/hb_task2_ws/install/my_robot_interfaces/share/my_robot_interfaces/environment/pythonpath.sh
[6.622s] -- Symlinking: /home/srinjoy/hb_task2_ws/install/my_robot_interfaces/share/my_robot_interfaces/environment/pythonpath.dsv
[6.628s] -- Symlinking: /home/srinjoy/hb_task2_ws/install/my_robot_interfaces/local/lib/python3.10/dist-packages/my_robot_interfaces-0.0.0-py3.10.egg-info/PKG-INFO
[6.634s] -- Symlinking: /home/srinjoy/hb_task2_ws/install/my_robot_interfaces/local/lib/python3.10/dist-packages/my_robot_interfaces-0.0.0-py3.10.egg-info/SOURCES.txt
[6.639s] -- Symlinking: /home/srinjoy/hb_task2_ws/install/my_robot_interfaces/local/lib/python3.10/dist-packages/my_robot_interfaces-0.0.0-py3.10.egg-info/dependency_links.txt
[6.645s] -- Symlinking: /home/srinjoy/hb_task2_ws/install/my_robot_interfaces/local/lib/python3.10/dist-packages/my_robot_interfaces-0.0.0-py3.10.egg-info/top_level.txt
[6.651s] -- Symlinking: /home/srinjoy/hb_task2_ws/install/my_robot_interfaces/local/lib/python3.10/dist-packages/my_robot_interfaces/__init__.py
[6.659s] -- Symlinking: /home/srinjoy/hb_task2_ws/install/my_robot_interfaces/local/lib/python3.10/dist-packages/my_robot_interfaces/_my_robot_interfaces_s.ep.rosidl_typesupport_c.c
[6.664s] -- Symlinking: /home/srinjoy/hb_task2_ws/install/my_robot_interfaces/local/lib/python3.10/dist-packages/my_robot_interfaces/_my_robot_interfaces_s.ep.rosidl_typesupport_fastrtps_c.c
[6.669s] -- Symlinking: /home/srinjoy/hb_task2_ws/install/my_robot_interfaces/local/lib/python3.10/dist-packages/my_robot_interfaces/_my_robot_interfaces_s.ep.rosidl_typesupport_introspection_c.c
[6.675s] -- Symlinking: /home/srinjoy/hb_task2_ws/install/my_robot_interfaces/local/lib/python3.10/dist-packages/my_robot_interfaces/libmy_robot_interfaces__rosidl_generator_py.so
[6.680s] -- Symlinking: /home/srinjoy/hb_task2_ws/install/my_robot_interfaces/local/lib/python3.10/dist-packages/my_robot_interfaces/msg/__init__.py
[6.685s] -- Symlinking: /home/srinjoy/hb_task2_ws/install/my_robot_interfaces/local/lib/python3.10/dist-packages/my_robot_interfaces/msg/_goal.py
[6.691s] -- Symlinking: /home/srinjoy/hb_task2_ws/install/my_robot_interfaces/local/lib/python3.10/dist-packages/my_robot_interfaces/msg/_goal_s.c
[6.698s] -- Symlinking: /home/srinjoy/hb_task2_ws/install/my_robot_interfaces/local/lib/python3.10/dist-packages/my_robot_interfaces/msg/_shape.py
[6.704s] -- Symlinking: /home/srinjoy/hb_task2_ws/install/my_robot_interfaces/local/lib/python3.10/dist-packages/my_robot_interfaces/msg/_shape_s.c
[6.710s] -- Symlinking: /home/srinjoy/hb_task2_ws/install/my_robot_interfaces/local/lib/python3.10/dist-packages/my_robot_interfaces/my_robot_interfaces_s__rosidl_typesupport_c.cpython-310-x86_64-linux-gnu.so
[6.715s] -- Symlinking: /home/srinjoy/hb_task2_ws/install/my_robot_interfaces/local/lib/python3.10/dist-packages/my_robot_interfaces/my_robot_interfaces_s__rosidl_typesupport_fastrtps_c.cpython-310-x86_64-linux-gnu.so
[6.721s] -- Symlinking: /home/srinjoy/hb_task2_ws/install/my_robot_interfaces/local/lib/python3.10/dist-packages/my_robot_interfaces/my_robot_interfaces_s__rosidl_typesupport_introspection_c.cpython-310-x86_64-linux-gnu.so
[6.726s] -- Symlinking: /home/srinjoy/hb_task2_ws/install/my_robot_interfaces/local/lib/python3.10/dist-packages/my_robot_interfaces/srv/__init__.py
[6.732s] -- Symlinking: /home/srinjoy/hb_task2_ws/install/my_robot_interfaces/local/lib/python3.10/dist-packages/my_robot_interfaces/srv/_next_goal.py
[6.737s] -- Symlinking: /home/srinjoy/hb_task2_ws/install/my_robot_interfaces/local/lib/python3.10/dist-packages/my_robot_interfaces/srv/_next_goal_s.c
[6.742s] -- Up-to-date symlink: /home/srinjoy/hb_task2_ws/install/my_robot_interfaces/local/lib/python3.10/dist-packages/my_robot_interfaces/my_robot_interfaces_s__rosidl_typesupport_fastrtps_c.cpython-310-x86_64-linux-gnu.so
[6.743s] -- Up-to-date symlink: /home/srinjoy/hb_task2_ws/install/my_robot_interfaces/local/lib/python3.10/dist-packages/my_robot_interfaces/my_robot_interfaces_s__rosidl_typesupport_introspection_c.cpython-310-x86_64-linux-gnu.so
[6.743s] -- Up-to-date symlink: /home/srinjoy/hb_task2_ws/install/my_robot_interfaces/local/lib/python3.10/dist-packages/my_robot_interfaces/my_robot_interfaces_s__rosidl_typesupport_c.cpython-310-x86_64-linux-gnu.so
[6.743s] -- Symlinking: /home/srinjoy/hb_task2_ws/install/my_robot_interfaces/share/my_robot_interfaces/srv/NextGoal.idl
[6.748s] -- Symlinking: /home/srinjoy/hb_task2_ws/install/my_robot_interfaces/share/my_robot_interfaces/msg/Goal.idl
[6.754s] -- Symlinking: /home/srinjoy/hb_task2_ws/install/my_robot_interfaces/share/my_robot_interfaces/msg/Shape.idl
[6.759s] -- Symlinking: /home/srinjoy/hb_task2_ws/install/my_robot_interfaces/share/my_robot_interfaces/srv/NextGoal.srv
[6.764s] -- Symlinking: /home/srinjoy/hb_task2_ws/install/my_robot_interfaces/share/my_robot_interfaces/srv/NextGoal_Request.msg
[6.770s] -- Symlinking: /home/srinjoy/hb_task2_ws/install/my_robot_interfaces/share/my_robot_interfaces/srv/NextGoal_Response.msg
[6.776s] -- Symlinking: /home/srinjoy/hb_task2_ws/install/my_robot_interfaces/share/my_robot_interfaces/msg/Goal.msg
[6.780s] -- Symlinking: /home/srinjoy/hb_task2_ws/install/my_robot_interfaces/share/my_robot_interfaces/msg/Shape.msg
[6.786s] -- Symlinking: /home/srinjoy/hb_task2_ws/install/my_robot_interfaces/share/ament_index/resource_index/package_run_dependencies/my_robot_interfaces
[6.792s] -- Symlinking: /home/srinjoy/hb_task2_ws/install/my_robot_interfaces/share/ament_index/resource_index/parent_prefix_path/my_robot_interfaces
[6.797s] -- Symlinking: /home/srinjoy/hb_task2_ws/install/my_robot_interfaces/share/my_robot_interfaces/environment/ament_prefix_path.sh
[6.803s] -- Symlinking: /home/srinjoy/hb_task2_ws/install/my_robot_interfaces/share/my_robot_interfaces/environment/ament_prefix_path.dsv
[6.808s] -- Symlinking: /home/srinjoy/hb_task2_ws/install/my_robot_interfaces/share/my_robot_interfaces/environment/path.sh
[6.814s] -- Symlinking: /home/srinjoy/hb_task2_ws/install/my_robot_interfaces/share/my_robot_interfaces/environment/path.dsv
[6.819s] -- Symlinking: /home/srinjoy/hb_task2_ws/install/my_robot_interfaces/share/my_robot_interfaces/local_setup.bash
[6.825s] -- Symlinking: /home/srinjoy/hb_task2_ws/install/my_robot_interfaces/share/my_robot_interfaces/local_setup.sh
[6.830s] -- Symlinking: /home/srinjoy/hb_task2_ws/install/my_robot_interfaces/share/my_robot_interfaces/local_setup.zsh
[6.836s] -- Symlinking: /home/srinjoy/hb_task2_ws/install/my_robot_interfaces/share/my_robot_interfaces/local_setup.dsv
[6.840s] -- Symlinking: /home/srinjoy/hb_task2_ws/install/my_robot_interfaces/share/my_robot_interfaces/package.dsv
[6.847s] -- Symlinking: /home/srinjoy/hb_task2_ws/install/my_robot_interfaces/share/ament_index/resource_index/packages/my_robot_interfaces
[6.852s] -- Symlinking: /home/srinjoy/hb_task2_ws/install/my_robot_interfaces/share/my_robot_interfaces/cmake/rosidl_cmake-extras.cmake
[6.857s] -- Symlinking: /home/srinjoy/hb_task2_ws/install/my_robot_interfaces/share/my_robot_interfaces/cmake/ament_cmake_export_include_directories-extras.cmake
[6.862s] -- Symlinking: /home/srinjoy/hb_task2_ws/install/my_robot_interfaces/share/my_robot_interfaces/cmake/ament_cmake_export_libraries-extras.cmake
[6.868s] -- Symlinking: /home/srinjoy/hb_task2_ws/install/my_robot_interfaces/share/my_robot_interfaces/cmake/ament_cmake_export_targets-extras.cmake
[6.873s] -- Symlinking: /home/srinjoy/hb_task2_ws/install/my_robot_interfaces/share/my_robot_interfaces/cmake/rosidl_cmake_export_typesupport_targets-extras.cmake
[6.879s] -- Symlinking: /home/srinjoy/hb_task2_ws/install/my_robot_interfaces/share/my_robot_interfaces/cmake/ament_cmake_export_dependencies-extras.cmake
[6.884s] -- Symlinking: /home/srinjoy/hb_task2_ws/install/my_robot_interfaces/share/my_robot_interfaces/cmake/rosidl_cmake_export_typesupport_libraries-extras.cmake
[6.890s] -- Symlinking: /home/srinjoy/hb_task2_ws/install/my_robot_interfaces/share/my_robot_interfaces/cmake/my_robot_interfacesConfig.cmake
[6.895s] -- Symlinking: /home/srinjoy/hb_task2_ws/install/my_robot_interfaces/share/my_robot_interfaces/cmake/my_robot_interfacesConfig-version.cmake
[6.901s] -- Symlinking: /home/srinjoy/hb_task2_ws/install/my_robot_interfaces/share/my_robot_interfaces/package.xml
[6.907s] -- Installing: /home/srinjoy/hb_task2_ws/install/my_robot_interfaces/lib/libmy_robot_interfaces__rosidl_generator_c.so
[6.907s] -- Set runtime path of "/home/srinjoy/hb_task2_ws/install/my_robot_interfaces/lib/libmy_robot_interfaces__rosidl_generator_c.so" to ""
[6.908s] -- Installing: /home/srinjoy/hb_task2_ws/install/my_robot_interfaces/lib/libmy_robot_interfaces__rosidl_typesupport_fastrtps_c.so
[6.908s] -- Set runtime path of "/home/srinjoy/hb_task2_ws/install/my_robot_interfaces/lib/libmy_robot_interfaces__rosidl_typesupport_fastrtps_c.so" to ""
[6.908s] -- Installing: /home/srinjoy/hb_task2_ws/install/my_robot_interfaces/lib/libmy_robot_interfaces__rosidl_typesupport_introspection_c.so
[6.908s] -- Set runtime path of "/home/srinjoy/hb_task2_ws/install/my_robot_interfaces/lib/libmy_robot_interfaces__rosidl_typesupport_introspection_c.so" to ""
[6.909s] -- Installing: /home/srinjoy/hb_task2_ws/install/my_robot_interfaces/lib/libmy_robot_interfaces__rosidl_typesupport_c.so
[6.909s] -- Set runtime path of "/home/srinjoy/hb_task2_ws/install/my_robot_interfaces/lib/libmy_robot_interfaces__rosidl_typesupport_c.so" to ""
[6.909s] -- Installing: /home/srinjoy/hb_task2_ws/install/my_robot_interfaces/lib/libmy_robot_interfaces__rosidl_typesupport_fastrtps_cpp.so
[6.909s] -- Set runtime path of "/home/srinjoy/hb_task2_ws/install/my_robot_interfaces/lib/libmy_robot_interfaces__rosidl_typesupport_fastrtps_cpp.so" to ""
[6.909s] -- Installing: /home/srinjoy/hb_task2_ws/install/my_robot_interfaces/lib/libmy_robot_interfaces__rosidl_typesupport_introspection_cpp.so
[6.910s] -- Set runtime path of "/home/srinjoy/hb_task2_ws/install/my_robot_interfaces/lib/libmy_robot_interfaces__rosidl_typesupport_introspection_cpp.so" to ""
[6.910s] -- Installing: /home/srinjoy/hb_task2_ws/install/my_robot_interfaces/lib/libmy_robot_interfaces__rosidl_typesupport_cpp.so
[6.910s] -- Set runtime path of "/home/srinjoy/hb_task2_ws/install/my_robot_interfaces/lib/libmy_robot_interfaces__rosidl_typesupport_cpp.so" to ""
[6.945s] Listing '/home/srinjoy/hb_task2_ws/install/my_robot_interfaces/local/lib/python3.10/dist-packages/my_robot_interfaces'...
[6.945s] Compiling '/home/srinjoy/hb_task2_ws/install/my_robot_interfaces/local/lib/python3.10/dist-packages/my_robot_interfaces/__init__.py'...
[6.945s] Listing '/home/srinjoy/hb_task2_ws/install/my_robot_interfaces/local/lib/python3.10/dist-packages/my_robot_interfaces/msg'...
[6.945s] Compiling '/home/srinjoy/hb_task2_ws/install/my_robot_interfaces/local/lib/python3.10/dist-packages/my_robot_interfaces/msg/__init__.py'...
[6.945s] Compiling '/home/srinjoy/hb_task2_ws/install/my_robot_interfaces/local/lib/python3.10/dist-packages/my_robot_interfaces/msg/_goal.py'...
[6.945s] Compiling '/home/srinjoy/hb_task2_ws/install/my_robot_interfaces/local/lib/python3.10/dist-packages/my_robot_interfaces/msg/_shape.py'...
[6.945s] Listing '/home/srinjoy/hb_task2_ws/install/my_robot_interfaces/local/lib/python3.10/dist-packages/my_robot_interfaces/srv'...
[6.945s] Compiling '/home/srinjoy/hb_task2_ws/install/my_robot_interfaces/local/lib/python3.10/dist-packages/my_robot_interfaces/srv/__init__.py'...
[6.946s] Compiling '/home/srinjoy/hb_task2_ws/install/my_robot_interfaces/local/lib/python3.10/dist-packages/my_robot_interfaces/srv/_next_goal.py'...
[6.949s] -- Installing: /home/srinjoy/hb_task2_ws/install/my_robot_interfaces/lib/libmy_robot_interfaces__rosidl_generator_py.so
[6.950s] -- Set runtime path of "/home/srinjoy/hb_task2_ws/install/my_robot_interfaces/lib/libmy_robot_interfaces__rosidl_generator_py.so" to ""
[6.951s] -- Installing: /home/srinjoy/hb_task2_ws/install/my_robot_interfaces/share/my_robot_interfaces/cmake/export_my_robot_interfaces__rosidl_generator_cExport.cmake
[6.951s] -- Installing: /home/srinjoy/hb_task2_ws/install/my_robot_interfaces/share/my_robot_interfaces/cmake/export_my_robot_interfaces__rosidl_generator_cExport-noconfig.cmake
[6.951s] -- Installing: /home/srinjoy/hb_task2_ws/install/my_robot_interfaces/share/my_robot_interfaces/cmake/export_my_robot_interfaces__rosidl_typesupport_fastrtps_cExport.cmake
[6.952s] -- Installing: /home/srinjoy/hb_task2_ws/install/my_robot_interfaces/share/my_robot_interfaces/cmake/export_my_robot_interfaces__rosidl_typesupport_fastrtps_cExport-noconfig.cmake
[6.952s] -- Installing: /home/srinjoy/hb_task2_ws/install/my_robot_interfaces/share/my_robot_interfaces/cmake/my_robot_interfaces__rosidl_typesupport_introspection_cExport.cmake
[6.952s] -- Installing: /home/srinjoy/hb_task2_ws/install/my_robot_interfaces/share/my_robot_interfaces/cmake/my_robot_interfaces__rosidl_typesupport_introspection_cExport-noconfig.cmake
[6.952s] -- Installing: /home/srinjoy/hb_task2_ws/install/my_robot_interfaces/share/my_robot_interfaces/cmake/my_robot_interfaces__rosidl_typesupport_cExport.cmake
[6.952s] -- Installing: /home/srinjoy/hb_task2_ws/install/my_robot_interfaces/share/my_robot_interfaces/cmake/my_robot_interfaces__rosidl_typesupport_cExport-noconfig.cmake
[6.953s] -- Installing: /home/srinjoy/hb_task2_ws/install/my_robot_interfaces/share/my_robot_interfaces/cmake/export_my_robot_interfaces__rosidl_generator_cppExport.cmake
[6.953s] -- Installing: /home/srinjoy/hb_task2_ws/install/my_robot_interfaces/share/my_robot_interfaces/cmake/export_my_robot_interfaces__rosidl_typesupport_fastrtps_cppExport.cmake
[6.953s] -- Installing: /home/srinjoy/hb_task2_ws/install/my_robot_interfaces/share/my_robot_interfaces/cmake/export_my_robot_interfaces__rosidl_typesupport_fastrtps_cppExport-noconfig.cmake
[6.953s] -- Installing: /home/srinjoy/hb_task2_ws/install/my_robot_interfaces/share/my_robot_interfaces/cmake/my_robot_interfaces__rosidl_typesupport_introspection_cppExport.cmake
[6.953s] -- Installing: /home/srinjoy/hb_task2_ws/install/my_robot_interfaces/share/my_robot_interfaces/cmake/my_robot_interfaces__rosidl_typesupport_introspection_cppExport-noconfig.cmake
[6.953s] -- Installing: /home/srinjoy/hb_task2_ws/install/my_robot_interfaces/share/my_robot_interfaces/cmake/my_robot_interfaces__rosidl_typesupport_cppExport.cmake
[6.953s] -- Installing: /home/srinjoy/hb_task2_ws/install/my_robot_interfaces/share/my_robot_interfaces/cmake/my_robot_interfaces__rosidl_typesupport_cppExport-noconfig.cmake
[6.953s] -- Installing: /home/srinjoy/hb_task2_ws/install/my_robot_interfaces/share/my_robot_interfaces/cmake/export_my_robot_interfaces__rosidl_generator_pyExport.cmake
[6.953s] -- Installing: /home/srinjoy/hb_task2_ws/install/my_robot_interfaces/share/my_robot_interfaces/cmake/export_my_robot_interfaces__rosidl_generator_pyExport-noconfig.cmake
[6.960s] Invoked command in '/home/srinjoy/hb_task2_ws/build/my_robot_interfaces' returned '0': CMAKE_PREFIX_PATH=${CMAKE_PREFIX_PATH}:/home/srinjoy/hb_task2_ws/install/hb_task2b:/home/srinjoy/hb_task2_ws/install/hb_task2a:/home/srinjoy/ws_moveit/install/moveit_configs_utils:/opt/ros/humble /home/srinjoy/.local/bin/cmake --install /home/srinjoy/hb_task2_ws/build/my_robot_interfaces
