[1.429s] Invoking command in '/home/srinjoy/hb_task2_ws/build/hb_task2a': PYTHONPATH=/home/srinjoy/hb_task2_ws/build/hb_task2a/prefix_override:/home/srinjoy/hb_task2_ws/install/hb_task2a/lib/python3.10/site-packages:${PYTHONPATH} /usr/bin/python3 setup.py develop --uninstall --editable --build-directory /home/srinjoy/hb_task2_ws/build/hb_task2a/build
[1.713s] running develop
[1.713s] /usr/lib/python3/dist-packages/setuptools/command/easy_install.py:158: EasyInstallDeprecationWarning: easy_install command is deprecated. Use build and pip and other standards-based tools.
[1.713s]   warnings.warn(
[1.713s] /usr/lib/python3/dist-packages/setuptools/command/install.py:34: SetuptoolsDeprecationWarning: setup.py install is deprecated. Use build and pip and other standards-based tools.
[1.713s]   warnings.warn(
[1.881s] Removing /home/srinjoy/hb_task2_ws/install/hb_task2a/lib/python3.10/site-packages/hb-task2a.egg-link (link to .)
[1.938s] Invoked command in '/home/srinjoy/hb_task2_ws/build/hb_task2a' returned '0': PYTHONPATH=/home/srinjoy/hb_task2_ws/build/hb_task2a/prefix_override:/home/srinjoy/hb_task2_ws/install/hb_task2a/lib/python3.10/site-packages:${PYTHONPATH} /usr/bin/python3 setup.py develop --uninstall --editable --build-directory /home/srinjoy/hb_task2_ws/build/hb_task2a/build
[1.939s] Invoking command in '/home/srinjoy/hb_task2_ws/src/eYRC-2023_Hologlyph_Bots/hb_task2a': PYTHONPATH=/home/srinjoy/hb_task2_ws/build/hb_task2a/prefix_override:/home/srinjoy/hb_task2_ws/install/hb_task2a/lib/python3.10/site-packages:${PYTHONPATH} /usr/bin/python3 setup.py egg_info --egg-base ../../../build/hb_task2a build --build-base /home/srinjoy/hb_task2_ws/build/hb_task2a/build install --record /home/srinjoy/hb_task2_ws/build/hb_task2a/install.log --single-version-externally-managed
[2.243s] running egg_info
[2.244s] writing ../../../build/hb_task2a/hb_task2a.egg-info/PKG-INFO
[2.244s] writing dependency_links to ../../../build/hb_task2a/hb_task2a.egg-info/dependency_links.txt
[2.244s] writing entry points to ../../../build/hb_task2a/hb_task2a.egg-info/entry_points.txt
[2.244s] writing requirements to ../../../build/hb_task2a/hb_task2a.egg-info/requires.txt
[2.245s] writing top-level names to ../../../build/hb_task2a/hb_task2a.egg-info/top_level.txt
[2.245s] reading manifest file '../../../build/hb_task2a/hb_task2a.egg-info/SOURCES.txt'
[2.245s] writing manifest file '../../../build/hb_task2a/hb_task2a.egg-info/SOURCES.txt'
[2.245s] running build
[2.245s] running build_py
[2.245s] running install
[2.245s] running install_lib
[2.245s] creating /home/srinjoy/hb_task2_ws/install/hb_task2a/lib/python3.10/site-packages/hb_task2a
[2.245s] copying /home/srinjoy/hb_task2_ws/build/hb_task2a/build/lib/hb_task2a/__init__.py -> /home/srinjoy/hb_task2_ws/install/hb_task2a/lib/python3.10/site-packages/hb_task2a
[2.245s] byte-compiling /home/srinjoy/hb_task2_ws/install/hb_task2a/lib/python3.10/site-packages/hb_task2a/__init__.py to __init__.cpython-310.pyc
[2.245s] running install_data
[2.245s] running install_egg_info
[2.245s] Copying ../../../build/hb_task2a/hb_task2a.egg-info to /home/srinjoy/hb_task2_ws/install/hb_task2a/lib/python3.10/site-packages/hb_task2a-0.0.0-py3.10.egg-info
[2.245s] running install_scripts
[2.245s] Installing feedback script to /home/srinjoy/hb_task2_ws/install/hb_task2a/lib/hb_task2a
[2.246s] writing list of installed files to '/home/srinjoy/hb_task2_ws/build/hb_task2a/install.log'
[2.246s] /usr/lib/python3/dist-packages/setuptools/command/install.py:34: SetuptoolsDeprecationWarning: setup.py install is deprecated. Use build and pip and other standards-based tools.
[2.246s]   warnings.warn(
[2.299s] Invoked command in '/home/srinjoy/hb_task2_ws/src/eYRC-2023_Hologlyph_Bots/hb_task2a' returned '0': PYTHONPATH=/home/srinjoy/hb_task2_ws/build/hb_task2a/prefix_override:/home/srinjoy/hb_task2_ws/install/hb_task2a/lib/python3.10/site-packages:${PYTHONPATH} /usr/bin/python3 setup.py egg_info --egg-base ../../../build/hb_task2a build --build-base /home/srinjoy/hb_task2_ws/build/hb_task2a/build install --record /home/srinjoy/hb_task2_ws/build/hb_task2a/install.log --single-version-externally-managed
