[1.306s] DEBUG:colcon:Command line arguments: ['/usr/bin/colcon', 'build']
[1.306s] DEBUG:colcon:Parsed command line arguments: Namespace(log_base=None, log_level=None, verb_name='build', build_base='build', install_base='install', merge_install=False, symlink_install=False, test_result_base=None, continue_on_error=False, executor='parallel', parallel_workers=12, event_handlers=None, ignore_user_meta=False, metas=['./colcon.meta'], base_paths=['.'], packages_ignore=None, packages_ignore_regex=None, paths=None, packages_up_to=None, packages_up_to_regex=None, packages_above=None, packages_above_and_dependencies=None, packages_above_depth=None, packages_select_by_dep=None, packages_skip_by_dep=None, packages_skip_up_to=None, packages_select_build_failed=False, packages_skip_build_finished=False, packages_select_test_failures=False, packages_skip_test_passed=False, packages_select=None, packages_skip=None, packages_select_regex=None, packages_skip_regex=None, packages_start=None, packages_end=None, allow_overriding=[], cmake_args=None, cmake_target=None, cmake_target_skip_unavailable=False, cmake_clean_cache=False, cmake_clean_first=False, cmake_force_configure=False, ament_cmake_args=None, catkin_cmake_args=None, catkin_skip_building_tests=False, mixin_files=None, mixin=None, verb_parser=<colcon_mixin.mixin.mixin_argument.MixinArgumentDecorator object at 0x7fecbb14c040>, verb_extension=<colcon_core.verb.build.BuildVerb object at 0x7fecbb526f80>, main=<bound method BuildVerb.main of <colcon_core.verb.build.BuildVerb object at 0x7fecbb526f80>>, mixin_verb=('build',))
[1.361s] Level 1:colcon.colcon_core.package_discovery:discover_packages(colcon_meta) check parameters
[1.362s] Level 1:colcon.colcon_core.package_discovery:discover_packages(recursive) check parameters
[1.362s] Level 1:colcon.colcon_core.package_discovery:discover_packages(ignore) check parameters
[1.362s] Level 1:colcon.colcon_core.package_discovery:discover_packages(path) check parameters
[1.362s] Level 1:colcon.colcon_core.package_discovery:discover_packages(colcon_meta) discover
[1.362s] Level 1:colcon.colcon_core.package_discovery:discover_packages(recursive) discover
[1.362s] INFO:colcon.colcon_core.package_discovery:Crawling recursively for packages in '/home/srinjoy/hb_task2_ws'
[1.362s] Level 1:colcon.colcon_core.package_identification:_identify(.) by extensions ['ignore', 'ignore_ament_install']
[1.362s] Level 1:colcon.colcon_core.package_identification:_identify(.) by extension 'ignore'
[1.362s] Level 1:colcon.colcon_core.package_identification:_identify(.) by extension 'ignore_ament_install'
[1.362s] Level 1:colcon.colcon_core.package_identification:_identify(.) by extensions ['colcon_pkg']
[1.362s] Level 1:colcon.colcon_core.package_identification:_identify(.) by extension 'colcon_pkg'
[1.362s] Level 1:colcon.colcon_core.package_identification:_identify(.) by extensions ['colcon_meta']
[1.362s] Level 1:colcon.colcon_core.package_identification:_identify(.) by extension 'colcon_meta'
[1.362s] Level 1:colcon.colcon_core.package_identification:_identify(.) by extensions ['ros']
[1.362s] Level 1:colcon.colcon_core.package_identification:_identify(.) by extension 'ros'
[1.371s] Level 1:colcon.colcon_core.package_identification:_identify(.) by extensions ['cmake', 'python']
[1.372s] Level 1:colcon.colcon_core.package_identification:_identify(.) by extension 'cmake'
[1.372s] Level 1:colcon.colcon_core.package_identification:_identify(.) by extension 'python'
[1.372s] Level 1:colcon.colcon_core.package_identification:_identify(.) by extensions ['python_setup_py']
[1.372s] Level 1:colcon.colcon_core.package_identification:_identify(.) by extension 'python_setup_py'
[1.372s] Level 1:colcon.colcon_core.package_identification:_identify(build) by extensions ['ignore', 'ignore_ament_install']
[1.372s] Level 1:colcon.colcon_core.package_identification:_identify(build) by extension 'ignore'
[1.372s] Level 1:colcon.colcon_core.package_identification:_identify(build) ignored
[1.372s] Level 1:colcon.colcon_core.package_identification:_identify(install) by extensions ['ignore', 'ignore_ament_install']
[1.372s] Level 1:colcon.colcon_core.package_identification:_identify(install) by extension 'ignore'
[1.372s] Level 1:colcon.colcon_core.package_identification:_identify(install) ignored
[1.372s] Level 1:colcon.colcon_core.package_identification:_identify(log) by extensions ['ignore', 'ignore_ament_install']
[1.372s] Level 1:colcon.colcon_core.package_identification:_identify(log) by extension 'ignore'
[1.372s] Level 1:colcon.colcon_core.package_identification:_identify(log) ignored
[1.372s] Level 1:colcon.colcon_core.package_identification:_identify(src) by extensions ['ignore', 'ignore_ament_install']
[1.372s] Level 1:colcon.colcon_core.package_identification:_identify(src) by extension 'ignore'
[1.372s] Level 1:colcon.colcon_core.package_identification:_identify(src) by extension 'ignore_ament_install'
[1.372s] Level 1:colcon.colcon_core.package_identification:_identify(src) by extensions ['colcon_pkg']
[1.372s] Level 1:colcon.colcon_core.package_identification:_identify(src) by extension 'colcon_pkg'
[1.373s] Level 1:colcon.colcon_core.package_identification:_identify(src) by extensions ['colcon_meta']
[1.373s] Level 1:colcon.colcon_core.package_identification:_identify(src) by extension 'colcon_meta'
[1.373s] Level 1:colcon.colcon_core.package_identification:_identify(src) by extensions ['ros']
[1.373s] Level 1:colcon.colcon_core.package_identification:_identify(src) by extension 'ros'
[1.373s] Level 1:colcon.colcon_core.package_identification:_identify(src) by extensions ['cmake', 'python']
[1.373s] Level 1:colcon.colcon_core.package_identification:_identify(src) by extension 'cmake'
[1.373s] Level 1:colcon.colcon_core.package_identification:_identify(src) by extension 'python'
[1.373s] Level 1:colcon.colcon_core.package_identification:_identify(src) by extensions ['python_setup_py']
[1.373s] Level 1:colcon.colcon_core.package_identification:_identify(src) by extension 'python_setup_py'
[1.373s] Level 1:colcon.colcon_core.package_identification:_identify(src/eYRC-2023_Hologlyph_Bots) by extensions ['ignore', 'ignore_ament_install']
[1.373s] Level 1:colcon.colcon_core.package_identification:_identify(src/eYRC-2023_Hologlyph_Bots) by extension 'ignore'
[1.373s] Level 1:colcon.colcon_core.package_identification:_identify(src/eYRC-2023_Hologlyph_Bots) by extension 'ignore_ament_install'
[1.373s] Level 1:colcon.colcon_core.package_identification:_identify(src/eYRC-2023_Hologlyph_Bots) by extensions ['colcon_pkg']
[1.373s] Level 1:colcon.colcon_core.package_identification:_identify(src/eYRC-2023_Hologlyph_Bots) by extension 'colcon_pkg'
[1.373s] Level 1:colcon.colcon_core.package_identification:_identify(src/eYRC-2023_Hologlyph_Bots) by extensions ['colcon_meta']
[1.373s] Level 1:colcon.colcon_core.package_identification:_identify(src/eYRC-2023_Hologlyph_Bots) by extension 'colcon_meta'
[1.373s] Level 1:colcon.colcon_core.package_identification:_identify(src/eYRC-2023_Hologlyph_Bots) by extensions ['ros']
[1.373s] Level 1:colcon.colcon_core.package_identification:_identify(src/eYRC-2023_Hologlyph_Bots) by extension 'ros'
[1.373s] Level 1:colcon.colcon_core.package_identification:_identify(src/eYRC-2023_Hologlyph_Bots) by extensions ['cmake', 'python']
[1.373s] Level 1:colcon.colcon_core.package_identification:_identify(src/eYRC-2023_Hologlyph_Bots) by extension 'cmake'
[1.373s] Level 1:colcon.colcon_core.package_identification:_identify(src/eYRC-2023_Hologlyph_Bots) by extension 'python'
[1.373s] Level 1:colcon.colcon_core.package_identification:_identify(src/eYRC-2023_Hologlyph_Bots) by extensions ['python_setup_py']
[1.373s] Level 1:colcon.colcon_core.package_identification:_identify(src/eYRC-2023_Hologlyph_Bots) by extension 'python_setup_py'
[1.373s] Level 1:colcon.colcon_core.package_identification:_identify(src/eYRC-2023_Hologlyph_Bots/hb_bot) by extensions ['ignore', 'ignore_ament_install']
[1.373s] Level 1:colcon.colcon_core.package_identification:_identify(src/eYRC-2023_Hologlyph_Bots/hb_bot) by extension 'ignore'
[1.373s] Level 1:colcon.colcon_core.package_identification:_identify(src/eYRC-2023_Hologlyph_Bots/hb_bot) by extension 'ignore_ament_install'
[1.374s] Level 1:colcon.colcon_core.package_identification:_identify(src/eYRC-2023_Hologlyph_Bots/hb_bot) by extensions ['colcon_pkg']
[1.374s] Level 1:colcon.colcon_core.package_identification:_identify(src/eYRC-2023_Hologlyph_Bots/hb_bot) by extension 'colcon_pkg'
[1.374s] Level 1:colcon.colcon_core.package_identification:_identify(src/eYRC-2023_Hologlyph_Bots/hb_bot) by extensions ['colcon_meta']
[1.374s] Level 1:colcon.colcon_core.package_identification:_identify(src/eYRC-2023_Hologlyph_Bots/hb_bot) by extension 'colcon_meta'
[1.374s] Level 1:colcon.colcon_core.package_identification:_identify(src/eYRC-2023_Hologlyph_Bots/hb_bot) by extensions ['ros']
[1.374s] Level 1:colcon.colcon_core.package_identification:_identify(src/eYRC-2023_Hologlyph_Bots/hb_bot) by extension 'ros'
[1.376s] DEBUG:colcon.colcon_core.package_identification:Package 'src/eYRC-2023_Hologlyph_Bots/hb_bot' with type 'ros.ament_cmake' and name 'hb_bot'
[1.376s] Level 1:colcon.colcon_core.package_identification:_identify(src/eYRC-2023_Hologlyph_Bots/hb_task2a) by extensions ['ignore', 'ignore_ament_install']
[1.376s] Level 1:colcon.colcon_core.package_identification:_identify(src/eYRC-2023_Hologlyph_Bots/hb_task2a) by extension 'ignore'
[1.376s] Level 1:colcon.colcon_core.package_identification:_identify(src/eYRC-2023_Hologlyph_Bots/hb_task2a) by extension 'ignore_ament_install'
[1.376s] Level 1:colcon.colcon_core.package_identification:_identify(src/eYRC-2023_Hologlyph_Bots/hb_task2a) by extensions ['colcon_pkg']
[1.376s] Level 1:colcon.colcon_core.package_identification:_identify(src/eYRC-2023_Hologlyph_Bots/hb_task2a) by extension 'colcon_pkg'
[1.376s] Level 1:colcon.colcon_core.package_identification:_identify(src/eYRC-2023_Hologlyph_Bots/hb_task2a) by extensions ['colcon_meta']
[1.376s] Level 1:colcon.colcon_core.package_identification:_identify(src/eYRC-2023_Hologlyph_Bots/hb_task2a) by extension 'colcon_meta'
[1.376s] Level 1:colcon.colcon_core.package_identification:_identify(src/eYRC-2023_Hologlyph_Bots/hb_task2a) by extensions ['ros']
[1.376s] Level 1:colcon.colcon_core.package_identification:_identify(src/eYRC-2023_Hologlyph_Bots/hb_task2a) by extension 'ros'
[1.377s] DEBUG:colcon.colcon_core.package_identification:Package 'src/eYRC-2023_Hologlyph_Bots/hb_task2a' with type 'ros.ament_python' and name 'hb_task2a'
[1.377s] Level 1:colcon.colcon_core.package_identification:_identify(src/eYRC-2023_Hologlyph_Bots/hb_task2b) by extensions ['ignore', 'ignore_ament_install']
[1.377s] Level 1:colcon.colcon_core.package_identification:_identify(src/eYRC-2023_Hologlyph_Bots/hb_task2b) by extension 'ignore'
[1.377s] Level 1:colcon.colcon_core.package_identification:_identify(src/eYRC-2023_Hologlyph_Bots/hb_task2b) by extension 'ignore_ament_install'
[1.377s] Level 1:colcon.colcon_core.package_identification:_identify(src/eYRC-2023_Hologlyph_Bots/hb_task2b) by extensions ['colcon_pkg']
[1.377s] Level 1:colcon.colcon_core.package_identification:_identify(src/eYRC-2023_Hologlyph_Bots/hb_task2b) by extension 'colcon_pkg'
[1.377s] Level 1:colcon.colcon_core.package_identification:_identify(src/eYRC-2023_Hologlyph_Bots/hb_task2b) by extensions ['colcon_meta']
[1.377s] Level 1:colcon.colcon_core.package_identification:_identify(src/eYRC-2023_Hologlyph_Bots/hb_task2b) by extension 'colcon_meta'
[1.377s] Level 1:colcon.colcon_core.package_identification:_identify(src/eYRC-2023_Hologlyph_Bots/hb_task2b) by extensions ['ros']
[1.377s] Level 1:colcon.colcon_core.package_identification:_identify(src/eYRC-2023_Hologlyph_Bots/hb_task2b) by extension 'ros'
[1.378s] DEBUG:colcon.colcon_core.package_identification:Package 'src/eYRC-2023_Hologlyph_Bots/hb_task2b' with type 'ros.ament_python' and name 'hb_task2b'
[1.378s] Level 1:colcon.colcon_core.package_identification:_identify(src/eYRC-2023_Hologlyph_Bots/hb_world) by extensions ['ignore', 'ignore_ament_install']
[1.378s] Level 1:colcon.colcon_core.package_identification:_identify(src/eYRC-2023_Hologlyph_Bots/hb_world) by extension 'ignore'
[1.378s] Level 1:colcon.colcon_core.package_identification:_identify(src/eYRC-2023_Hologlyph_Bots/hb_world) by extension 'ignore_ament_install'
[1.378s] Level 1:colcon.colcon_core.package_identification:_identify(src/eYRC-2023_Hologlyph_Bots/hb_world) by extensions ['colcon_pkg']
[1.378s] Level 1:colcon.colcon_core.package_identification:_identify(src/eYRC-2023_Hologlyph_Bots/hb_world) by extension 'colcon_pkg'
[1.378s] Level 1:colcon.colcon_core.package_identification:_identify(src/eYRC-2023_Hologlyph_Bots/hb_world) by extensions ['colcon_meta']
[1.378s] Level 1:colcon.colcon_core.package_identification:_identify(src/eYRC-2023_Hologlyph_Bots/hb_world) by extension 'colcon_meta'
[1.378s] Level 1:colcon.colcon_core.package_identification:_identify(src/eYRC-2023_Hologlyph_Bots/hb_world) by extensions ['ros']
[1.378s] Level 1:colcon.colcon_core.package_identification:_identify(src/eYRC-2023_Hologlyph_Bots/hb_world) by extension 'ros'
[1.379s] DEBUG:colcon.colcon_core.package_identification:Package 'src/eYRC-2023_Hologlyph_Bots/hb_world' with type 'ros.ament_cmake' and name 'hb_world'
[1.379s] Level 1:colcon.colcon_core.package_identification:_identify(src/eYRC-2023_Hologlyph_Bots/my_robot_interfaces) by extensions ['ignore', 'ignore_ament_install']
[1.379s] Level 1:colcon.colcon_core.package_identification:_identify(src/eYRC-2023_Hologlyph_Bots/my_robot_interfaces) by extension 'ignore'
[1.379s] Level 1:colcon.colcon_core.package_identification:_identify(src/eYRC-2023_Hologlyph_Bots/my_robot_interfaces) by extension 'ignore_ament_install'
[1.379s] Level 1:colcon.colcon_core.package_identification:_identify(src/eYRC-2023_Hologlyph_Bots/my_robot_interfaces) by extensions ['colcon_pkg']
[1.379s] Level 1:colcon.colcon_core.package_identification:_identify(src/eYRC-2023_Hologlyph_Bots/my_robot_interfaces) by extension 'colcon_pkg'
[1.379s] Level 1:colcon.colcon_core.package_identification:_identify(src/eYRC-2023_Hologlyph_Bots/my_robot_interfaces) by extensions ['colcon_meta']
[1.379s] Level 1:colcon.colcon_core.package_identification:_identify(src/eYRC-2023_Hologlyph_Bots/my_robot_interfaces) by extension 'colcon_meta'
[1.379s] Level 1:colcon.colcon_core.package_identification:_identify(src/eYRC-2023_Hologlyph_Bots/my_robot_interfaces) by extensions ['ros']
[1.379s] Level 1:colcon.colcon_core.package_identification:_identify(src/eYRC-2023_Hologlyph_Bots/my_robot_interfaces) by extension 'ros'
[1.379s] DEBUG:colcon.colcon_core.package_identification:Package 'src/eYRC-2023_Hologlyph_Bots/my_robot_interfaces' with type 'ros.ament_cmake' and name 'my_robot_interfaces'
[1.379s] Level 1:colcon.colcon_core.package_discovery:discover_packages(recursive) using defaults
[1.380s] Level 1:colcon.colcon_core.package_discovery:discover_packages(ignore) discover
[1.380s] Level 1:colcon.colcon_core.package_discovery:discover_packages(ignore) using defaults
[1.380s] Level 1:colcon.colcon_core.package_discovery:discover_packages(path) discover
[1.380s] Level 1:colcon.colcon_core.package_discovery:discover_packages(path) using defaults
[1.471s] Level 1:colcon.colcon_core.package_discovery:discover_packages(prefix_path) check parameters
[1.471s] Level 1:colcon.colcon_core.package_discovery:discover_packages(prefix_path) discover
[1.504s] DEBUG:colcon.colcon_installed_package_information.package_discovery:Found 33 installed packages in /home/srinjoy/ws_moveit/install
[1.520s] DEBUG:colcon.colcon_installed_package_information.package_discovery:Found 329 installed packages in /opt/ros/humble
[1.522s] Level 1:colcon.colcon_core.package_discovery:discover_packages(prefix_path) using defaults
[1.610s] Level 5:colcon.colcon_core.verb:set package 'hb_bot' build argument 'cmake_args' from command line to 'None'
[1.610s] Level 5:colcon.colcon_core.verb:set package 'hb_bot' build argument 'cmake_target' from command line to 'None'
[1.610s] Level 5:colcon.colcon_core.verb:set package 'hb_bot' build argument 'cmake_target_skip_unavailable' from command line to 'False'
[1.610s] Level 5:colcon.colcon_core.verb:set package 'hb_bot' build argument 'cmake_clean_cache' from command line to 'False'
[1.610s] Level 5:colcon.colcon_core.verb:set package 'hb_bot' build argument 'cmake_clean_first' from command line to 'False'
[1.610s] Level 5:colcon.colcon_core.verb:set package 'hb_bot' build argument 'cmake_force_configure' from command line to 'False'
[1.610s] Level 5:colcon.colcon_core.verb:set package 'hb_bot' build argument 'ament_cmake_args' from command line to 'None'
[1.610s] Level 5:colcon.colcon_core.verb:set package 'hb_bot' build argument 'catkin_cmake_args' from command line to 'None'
[1.610s] Level 5:colcon.colcon_core.verb:set package 'hb_bot' build argument 'catkin_skip_building_tests' from command line to 'False'
[1.610s] DEBUG:colcon.colcon_core.verb:Building package 'hb_bot' with the following arguments: {'ament_cmake_args': None, 'build_base': '/home/srinjoy/hb_task2_ws/build/hb_bot', 'catkin_cmake_args': None, 'catkin_skip_building_tests': False, 'cmake_args': None, 'cmake_clean_cache': False, 'cmake_clean_first': False, 'cmake_force_configure': False, 'cmake_target': None, 'cmake_target_skip_unavailable': False, 'install_base': '/home/srinjoy/hb_task2_ws/install/hb_bot', 'merge_install': False, 'path': '/home/srinjoy/hb_task2_ws/src/eYRC-2023_Hologlyph_Bots/hb_bot', 'symlink_install': False, 'test_result_base': None}
[1.625s] Level 5:colcon.colcon_core.verb:set package 'hb_task2a' build argument 'cmake_args' from command line to 'None'
[1.626s] Level 5:colcon.colcon_core.verb:set package 'hb_task2a' build argument 'cmake_target' from command line to 'None'
[1.626s] Level 5:colcon.colcon_core.verb:set package 'hb_task2a' build argument 'cmake_target_skip_unavailable' from command line to 'False'
[1.626s] Level 5:colcon.colcon_core.verb:set package 'hb_task2a' build argument 'cmake_clean_cache' from command line to 'False'
[1.626s] Level 5:colcon.colcon_core.verb:set package 'hb_task2a' build argument 'cmake_clean_first' from command line to 'False'
[1.626s] Level 5:colcon.colcon_core.verb:set package 'hb_task2a' build argument 'cmake_force_configure' from command line to 'False'
[1.626s] Level 5:colcon.colcon_core.verb:set package 'hb_task2a' build argument 'ament_cmake_args' from command line to 'None'
[1.626s] Level 5:colcon.colcon_core.verb:set package 'hb_task2a' build argument 'catkin_cmake_args' from command line to 'None'
[1.626s] Level 5:colcon.colcon_core.verb:set package 'hb_task2a' build argument 'catkin_skip_building_tests' from command line to 'False'
[1.626s] DEBUG:colcon.colcon_core.verb:Building package 'hb_task2a' with the following arguments: {'ament_cmake_args': None, 'build_base': '/home/srinjoy/hb_task2_ws/build/hb_task2a', 'catkin_cmake_args': None, 'catkin_skip_building_tests': False, 'cmake_args': None, 'cmake_clean_cache': False, 'cmake_clean_first': False, 'cmake_force_configure': False, 'cmake_target': None, 'cmake_target_skip_unavailable': False, 'install_base': '/home/srinjoy/hb_task2_ws/install/hb_task2a', 'merge_install': False, 'path': '/home/srinjoy/hb_task2_ws/src/eYRC-2023_Hologlyph_Bots/hb_task2a', 'symlink_install': False, 'test_result_base': None}
[1.641s] Level 5:colcon.colcon_core.verb:set package 'hb_task2b' build argument 'cmake_args' from command line to 'None'
[1.641s] Level 5:colcon.colcon_core.verb:set package 'hb_task2b' build argument 'cmake_target' from command line to 'None'
[1.641s] Level 5:colcon.colcon_core.verb:set package 'hb_task2b' build argument 'cmake_target_skip_unavailable' from command line to 'False'
[1.641s] Level 5:colcon.colcon_core.verb:set package 'hb_task2b' build argument 'cmake_clean_cache' from command line to 'False'
[1.641s] Level 5:colcon.colcon_core.verb:set package 'hb_task2b' build argument 'cmake_clean_first' from command line to 'False'
[1.641s] Level 5:colcon.colcon_core.verb:set package 'hb_task2b' build argument 'cmake_force_configure' from command line to 'False'
[1.641s] Level 5:colcon.colcon_core.verb:set package 'hb_task2b' build argument 'ament_cmake_args' from command line to 'None'
[1.641s] Level 5:colcon.colcon_core.verb:set package 'hb_task2b' build argument 'catkin_cmake_args' from command line to 'None'
[1.641s] Level 5:colcon.colcon_core.verb:set package 'hb_task2b' build argument 'catkin_skip_building_tests' from command line to 'False'
[1.641s] DEBUG:colcon.colcon_core.verb:Building package 'hb_task2b' with the following arguments: {'ament_cmake_args': None, 'build_base': '/home/srinjoy/hb_task2_ws/build/hb_task2b', 'catkin_cmake_args': None, 'catkin_skip_building_tests': False, 'cmake_args': None, 'cmake_clean_cache': False, 'cmake_clean_first': False, 'cmake_force_configure': False, 'cmake_target': None, 'cmake_target_skip_unavailable': False, 'install_base': '/home/srinjoy/hb_task2_ws/install/hb_task2b', 'merge_install': False, 'path': '/home/srinjoy/hb_task2_ws/src/eYRC-2023_Hologlyph_Bots/hb_task2b', 'symlink_install': False, 'test_result_base': None}
[1.656s] Level 5:colcon.colcon_core.verb:set package 'hb_world' build argument 'cmake_args' from command line to 'None'
[1.656s] Level 5:colcon.colcon_core.verb:set package 'hb_world' build argument 'cmake_target' from command line to 'None'
[1.656s] Level 5:colcon.colcon_core.verb:set package 'hb_world' build argument 'cmake_target_skip_unavailable' from command line to 'False'
[1.656s] Level 5:colcon.colcon_core.verb:set package 'hb_world' build argument 'cmake_clean_cache' from command line to 'False'
[1.656s] Level 5:colcon.colcon_core.verb:set package 'hb_world' build argument 'cmake_clean_first' from command line to 'False'
[1.656s] Level 5:colcon.colcon_core.verb:set package 'hb_world' build argument 'cmake_force_configure' from command line to 'False'
[1.656s] Level 5:colcon.colcon_core.verb:set package 'hb_world' build argument 'ament_cmake_args' from command line to 'None'
[1.657s] Level 5:colcon.colcon_core.verb:set package 'hb_world' build argument 'catkin_cmake_args' from command line to 'None'
[1.657s] Level 5:colcon.colcon_core.verb:set package 'hb_world' build argument 'catkin_skip_building_tests' from command line to 'False'
[1.657s] DEBUG:colcon.colcon_core.verb:Building package 'hb_world' with the following arguments: {'ament_cmake_args': None, 'build_base': '/home/srinjoy/hb_task2_ws/build/hb_world', 'catkin_cmake_args': None, 'catkin_skip_building_tests': False, 'cmake_args': None, 'cmake_clean_cache': False, 'cmake_clean_first': False, 'cmake_force_configure': False, 'cmake_target': None, 'cmake_target_skip_unavailable': False, 'install_base': '/home/srinjoy/hb_task2_ws/install/hb_world', 'merge_install': False, 'path': '/home/srinjoy/hb_task2_ws/src/eYRC-2023_Hologlyph_Bots/hb_world', 'symlink_install': False, 'test_result_base': None}
[1.672s] Level 5:colcon.colcon_core.verb:set package 'my_robot_interfaces' build argument 'cmake_args' from command line to 'None'
[1.672s] Level 5:colcon.colcon_core.verb:set package 'my_robot_interfaces' build argument 'cmake_target' from command line to 'None'
[1.672s] Level 5:colcon.colcon_core.verb:set package 'my_robot_interfaces' build argument 'cmake_target_skip_unavailable' from command line to 'False'
[1.672s] Level 5:colcon.colcon_core.verb:set package 'my_robot_interfaces' build argument 'cmake_clean_cache' from command line to 'False'
[1.672s] Level 5:colcon.colcon_core.verb:set package 'my_robot_interfaces' build argument 'cmake_clean_first' from command line to 'False'
[1.672s] Level 5:colcon.colcon_core.verb:set package 'my_robot_interfaces' build argument 'cmake_force_configure' from command line to 'False'
[1.672s] Level 5:colcon.colcon_core.verb:set package 'my_robot_interfaces' build argument 'ament_cmake_args' from command line to 'None'
[1.672s] Level 5:colcon.colcon_core.verb:set package 'my_robot_interfaces' build argument 'catkin_cmake_args' from command line to 'None'
[1.672s] Level 5:colcon.colcon_core.verb:set package 'my_robot_interfaces' build argument 'catkin_skip_building_tests' from command line to 'False'
[1.672s] DEBUG:colcon.colcon_core.verb:Building package 'my_robot_interfaces' with the following arguments: {'ament_cmake_args': None, 'build_base': '/home/srinjoy/hb_task2_ws/build/my_robot_interfaces', 'catkin_cmake_args': None, 'catkin_skip_building_tests': False, 'cmake_args': None, 'cmake_clean_cache': False, 'cmake_clean_first': False, 'cmake_force_configure': False, 'cmake_target': None, 'cmake_target_skip_unavailable': False, 'install_base': '/home/srinjoy/hb_task2_ws/install/my_robot_interfaces', 'merge_install': False, 'path': '/home/srinjoy/hb_task2_ws/src/eYRC-2023_Hologlyph_Bots/my_robot_interfaces', 'symlink_install': False, 'test_result_base': None}
[1.687s] INFO:colcon.colcon_core.executor:Executing jobs using 'parallel' executor
[1.703s] DEBUG:colcon.colcon_parallel_executor.executor.parallel:run_until_complete
[1.703s] INFO:colcon.colcon_ros.task.ament_cmake.build:Building ROS package in '/home/srinjoy/hb_task2_ws/src/eYRC-2023_Hologlyph_Bots/hb_bot' with build type 'ament_cmake'
[1.703s] INFO:colcon.colcon_cmake.task.cmake.build:Building CMake package in '/home/srinjoy/hb_task2_ws/src/eYRC-2023_Hologlyph_Bots/hb_bot'
[1.720s] INFO:colcon.colcon_core.plugin_system:Skipping extension 'colcon_core.shell.bat': Not used on non-Windows systems
[1.720s] INFO:colcon.colcon_core.shell:Skip shell extension 'powershell' for command environment: Not usable outside of PowerShell
[1.720s] DEBUG:colcon.colcon_core.shell:Skip shell extension 'dsv' for command environment
[1.770s] INFO:colcon.colcon_ros.task.ament_python.build:Building ROS package in '/home/srinjoy/hb_task2_ws/src/eYRC-2023_Hologlyph_Bots/hb_task2a' with build type 'ament_python'
[1.771s] Level 1:colcon.colcon_core.shell:create_environment_hook('hb_task2a', 'ament_prefix_path')
[1.786s] INFO:colcon.colcon_core.shell:Creating environment hook '/home/srinjoy/hb_task2_ws/install/hb_task2a/share/hb_task2a/hook/ament_prefix_path.ps1'
[1.787s] INFO:colcon.colcon_core.shell:Creating environment descriptor '/home/srinjoy/hb_task2_ws/install/hb_task2a/share/hb_task2a/hook/ament_prefix_path.dsv'
[1.787s] INFO:colcon.colcon_core.shell:Creating environment hook '/home/srinjoy/hb_task2_ws/install/hb_task2a/share/hb_task2a/hook/ament_prefix_path.sh'
[1.803s] INFO:colcon.colcon_core.shell:Skip shell extension 'powershell' for command environment: Not usable outside of PowerShell
[1.803s] DEBUG:colcon.colcon_core.shell:Skip shell extension 'dsv' for command environment
[1.853s] INFO:colcon.colcon_ros.task.ament_python.build:Building ROS package in '/home/srinjoy/hb_task2_ws/src/eYRC-2023_Hologlyph_Bots/hb_task2b' with build type 'ament_python'
[1.854s] Level 1:colcon.colcon_core.shell:create_environment_hook('hb_task2b', 'ament_prefix_path')
[1.869s] INFO:colcon.colcon_core.shell:Creating environment hook '/home/srinjoy/hb_task2_ws/install/hb_task2b/share/hb_task2b/hook/ament_prefix_path.ps1'
[1.870s] INFO:colcon.colcon_core.shell:Creating environment descriptor '/home/srinjoy/hb_task2_ws/install/hb_task2b/share/hb_task2b/hook/ament_prefix_path.dsv'
[1.870s] INFO:colcon.colcon_core.shell:Creating environment hook '/home/srinjoy/hb_task2_ws/install/hb_task2b/share/hb_task2b/hook/ament_prefix_path.sh'
[1.885s] INFO:colcon.colcon_core.shell:Skip shell extension 'powershell' for command environment: Not usable outside of PowerShell
[1.885s] DEBUG:colcon.colcon_core.shell:Skip shell extension 'dsv' for command environment
[1.935s] INFO:colcon.colcon_ros.task.ament_cmake.build:Building ROS package in '/home/srinjoy/hb_task2_ws/src/eYRC-2023_Hologlyph_Bots/hb_world' with build type 'ament_cmake'
[1.936s] INFO:colcon.colcon_cmake.task.cmake.build:Building CMake package in '/home/srinjoy/hb_task2_ws/src/eYRC-2023_Hologlyph_Bots/hb_world'
[1.951s] INFO:colcon.colcon_core.shell:Skip shell extension 'powershell' for command environment: Not usable outside of PowerShell
[1.951s] DEBUG:colcon.colcon_core.shell:Skip shell extension 'dsv' for command environment
[2.001s] INFO:colcon.colcon_ros.task.ament_cmake.build:Building ROS package in '/home/srinjoy/hb_task2_ws/src/eYRC-2023_Hologlyph_Bots/my_robot_interfaces' with build type 'ament_cmake'
[2.001s] INFO:colcon.colcon_cmake.task.cmake.build:Building CMake package in '/home/srinjoy/hb_task2_ws/src/eYRC-2023_Hologlyph_Bots/my_robot_interfaces'
[2.017s] INFO:colcon.colcon_core.shell:Skip shell extension 'powershell' for command environment: Not usable outside of PowerShell
[2.017s] DEBUG:colcon.colcon_core.shell:Skip shell extension 'dsv' for command environment
[2.072s] DEBUG:colcon.colcon_core.event_handler.log_command:Invoking command in '/home/srinjoy/hb_task2_ws/build/hb_bot': CMAKE_PREFIX_PATH=${CMAKE_PREFIX_PATH}:/home/srinjoy/ws_moveit/install/moveit_configs_utils:/opt/ros/humble /home/srinjoy/.local/bin/cmake --build /home/srinjoy/hb_task2_ws/build/hb_bot -- -j12 -l12
[2.317s] INFO:colcon.colcon_core.task.python.build:Building Python package in '/home/srinjoy/hb_task2_ws/src/eYRC-2023_Hologlyph_Bots/hb_task2a'
[2.346s] INFO:colcon.colcon_core.shell:Skip shell extension 'powershell' for command environment: Not usable outside of PowerShell
[2.347s] DEBUG:colcon.colcon_core.shell:Skip shell extension 'dsv' for command environment
[2.646s] INFO:colcon.colcon_core.task.python.build:Building Python package in '/home/srinjoy/hb_task2_ws/src/eYRC-2023_Hologlyph_Bots/hb_task2b'
[2.661s] INFO:colcon.colcon_core.shell:Skip shell extension 'powershell' for command environment: Not usable outside of PowerShell
[2.661s] DEBUG:colcon.colcon_core.shell:Skip shell extension 'dsv' for command environment
[2.716s] DEBUG:colcon.colcon_core.event_handler.log_command:Invoking command in '/home/srinjoy/hb_task2_ws/build/hb_world': CMAKE_PREFIX_PATH=${CMAKE_PREFIX_PATH}:/home/srinjoy/ws_moveit/install/moveit_configs_utils:/opt/ros/humble /home/srinjoy/.local/bin/cmake --build /home/srinjoy/hb_task2_ws/build/hb_world -- -j12 -l12
[2.721s] DEBUG:colcon.colcon_core.event_handler.log_command:Invoking command in '/home/srinjoy/hb_task2_ws/build/my_robot_interfaces': CMAKE_PREFIX_PATH=${CMAKE_PREFIX_PATH}:/home/srinjoy/ws_moveit/install/moveit_configs_utils:/opt/ros/humble /home/srinjoy/.local/bin/cmake --build /home/srinjoy/hb_task2_ws/build/my_robot_interfaces -- -j12 -l12
[2.721s] DEBUG:colcon.colcon_core.event_handler.log_command:Invoked command in '/home/srinjoy/hb_task2_ws/build/hb_bot' returned '0': CMAKE_PREFIX_PATH=${CMAKE_PREFIX_PATH}:/home/srinjoy/ws_moveit/install/moveit_configs_utils:/opt/ros/humble /home/srinjoy/.local/bin/cmake --build /home/srinjoy/hb_task2_ws/build/hb_bot -- -j12 -l12
[2.775s] DEBUG:colcon.colcon_core.event_handler.log_command:Invoked command in '/home/srinjoy/hb_task2_ws/build/hb_world' returned '0': CMAKE_PREFIX_PATH=${CMAKE_PREFIX_PATH}:/home/srinjoy/ws_moveit/install/moveit_configs_utils:/opt/ros/humble /home/srinjoy/.local/bin/cmake --build /home/srinjoy/hb_task2_ws/build/hb_world -- -j12 -l12
[2.824s] DEBUG:colcon.colcon_core.event_handler.log_command:Invoking command in '/home/srinjoy/hb_task2_ws/build/hb_bot': CMAKE_PREFIX_PATH=${CMAKE_PREFIX_PATH}:/home/srinjoy/ws_moveit/install/moveit_configs_utils:/opt/ros/humble /home/srinjoy/.local/bin/cmake --install /home/srinjoy/hb_task2_ws/build/hb_bot
[2.852s] DEBUG:colcon.colcon_core.event_handler.log_command:Invoking command in '/home/srinjoy/hb_task2_ws/build/hb_world': CMAKE_PREFIX_PATH=${CMAKE_PREFIX_PATH}:/home/srinjoy/ws_moveit/install/moveit_configs_utils:/opt/ros/humble /home/srinjoy/.local/bin/cmake --install /home/srinjoy/hb_task2_ws/build/hb_world
[2.874s] Level 1:colcon.colcon_core.environment:create_environment_scripts_only(hb_bot)
[2.875s] DEBUG:colcon.colcon_core.event_handler.log_command:Invoked command in '/home/srinjoy/hb_task2_ws/build/hb_bot' returned '0': CMAKE_PREFIX_PATH=${CMAKE_PREFIX_PATH}:/home/srinjoy/ws_moveit/install/moveit_configs_utils:/opt/ros/humble /home/srinjoy/.local/bin/cmake --install /home/srinjoy/hb_task2_ws/build/hb_bot
[2.904s] Level 1:colcon.colcon_core.environment:checking '/home/srinjoy/hb_task2_ws/install/hb_bot' for CMake module files
[2.905s] Level 1:colcon.colcon_core.environment:checking '/home/srinjoy/hb_task2_ws/install/hb_bot' for CMake config files
[2.905s] Level 1:colcon.colcon_core.shell:create_environment_hook('hb_bot', 'cmake_prefix_path')
[2.921s] INFO:colcon.colcon_core.shell:Creating environment hook '/home/srinjoy/hb_task2_ws/install/hb_bot/share/hb_bot/hook/cmake_prefix_path.ps1'
[2.922s] INFO:colcon.colcon_core.shell:Creating environment descriptor '/home/srinjoy/hb_task2_ws/install/hb_bot/share/hb_bot/hook/cmake_prefix_path.dsv'
[2.922s] INFO:colcon.colcon_core.shell:Creating environment hook '/home/srinjoy/hb_task2_ws/install/hb_bot/share/hb_bot/hook/cmake_prefix_path.sh'
[2.922s] Level 1:colcon.colcon_core.environment:checking '/home/srinjoy/hb_task2_ws/install/hb_bot/lib'
[2.923s] Level 1:colcon.colcon_core.environment:checking '/home/srinjoy/hb_task2_ws/install/hb_bot/bin'
[2.923s] Level 1:colcon.colcon_core.environment:checking '/home/srinjoy/hb_task2_ws/install/hb_bot/lib/pkgconfig/hb_bot.pc'
[2.923s] Level 1:colcon.colcon_core.environment:checking '/home/srinjoy/hb_task2_ws/install/hb_bot/lib/python3.10/site-packages'
[2.923s] Level 1:colcon.colcon_core.environment:checking '/home/srinjoy/hb_task2_ws/install/hb_bot/bin'
[2.939s] INFO:colcon.colcon_core.shell:Creating package script '/home/srinjoy/hb_task2_ws/install/hb_bot/share/hb_bot/package.ps1'
[2.939s] INFO:colcon.colcon_core.shell:Creating package descriptor '/home/srinjoy/hb_task2_ws/install/hb_bot/share/hb_bot/package.dsv'
[2.940s] INFO:colcon.colcon_core.shell:Creating package script '/home/srinjoy/hb_task2_ws/install/hb_bot/share/hb_bot/package.sh'
[2.940s] INFO:colcon.colcon_core.shell:Creating package script '/home/srinjoy/hb_task2_ws/install/hb_bot/share/hb_bot/package.bash'
[2.941s] INFO:colcon.colcon_core.shell:Creating package script '/home/srinjoy/hb_task2_ws/install/hb_bot/share/hb_bot/package.zsh'
[2.941s] Level 1:colcon.colcon_core.environment:create_file_with_runtime_dependencies(/home/srinjoy/hb_task2_ws/install/hb_bot/share/colcon-core/packages/hb_bot)
[2.943s] Level 1:colcon.colcon_core.environment:create_environment_scripts_only(hb_world)
[2.944s] DEBUG:colcon.colcon_core.event_handler.log_command:Invoked command in '/home/srinjoy/hb_task2_ws/build/hb_world' returned '0': CMAKE_PREFIX_PATH=${CMAKE_PREFIX_PATH}:/home/srinjoy/ws_moveit/install/moveit_configs_utils:/opt/ros/humble /home/srinjoy/.local/bin/cmake --install /home/srinjoy/hb_task2_ws/build/hb_world
[2.959s] Level 1:colcon.colcon_core.environment:checking '/home/srinjoy/hb_task2_ws/install/hb_world' for CMake module files
[2.960s] Level 1:colcon.colcon_core.environment:checking '/home/srinjoy/hb_task2_ws/install/hb_world' for CMake config files
[2.960s] Level 1:colcon.colcon_core.shell:create_environment_hook('hb_world', 'cmake_prefix_path')
[2.976s] INFO:colcon.colcon_core.shell:Creating environment hook '/home/srinjoy/hb_task2_ws/install/hb_world/share/hb_world/hook/cmake_prefix_path.ps1'
[2.977s] INFO:colcon.colcon_core.shell:Creating environment descriptor '/home/srinjoy/hb_task2_ws/install/hb_world/share/hb_world/hook/cmake_prefix_path.dsv'
[2.977s] INFO:colcon.colcon_core.shell:Creating environment hook '/home/srinjoy/hb_task2_ws/install/hb_world/share/hb_world/hook/cmake_prefix_path.sh'
[2.977s] Level 1:colcon.colcon_core.environment:checking '/home/srinjoy/hb_task2_ws/install/hb_world/lib'
[2.977s] Level 1:colcon.colcon_core.environment:checking '/home/srinjoy/hb_task2_ws/install/hb_world/bin'
[2.977s] Level 1:colcon.colcon_core.environment:checking '/home/srinjoy/hb_task2_ws/install/hb_world/lib/pkgconfig/hb_world.pc'
[2.978s] Level 1:colcon.colcon_core.environment:checking '/home/srinjoy/hb_task2_ws/install/hb_world/lib/python3.10/site-packages'
[2.978s] Level 1:colcon.colcon_core.environment:checking '/home/srinjoy/hb_task2_ws/install/hb_world/bin'
[2.994s] INFO:colcon.colcon_core.shell:Creating package script '/home/srinjoy/hb_task2_ws/install/hb_world/share/hb_world/package.ps1'
[2.995s] INFO:colcon.colcon_core.shell:Creating package descriptor '/home/srinjoy/hb_task2_ws/install/hb_world/share/hb_world/package.dsv'
[2.995s] INFO:colcon.colcon_core.shell:Creating package script '/home/srinjoy/hb_task2_ws/install/hb_world/share/hb_world/package.sh'
[2.995s] INFO:colcon.colcon_core.shell:Creating package script '/home/srinjoy/hb_task2_ws/install/hb_world/share/hb_world/package.bash'
[2.996s] INFO:colcon.colcon_core.shell:Creating package script '/home/srinjoy/hb_task2_ws/install/hb_world/share/hb_world/package.zsh'
[2.996s] Level 1:colcon.colcon_core.environment:create_file_with_runtime_dependencies(/home/srinjoy/hb_task2_ws/install/hb_world/share/colcon-core/packages/hb_world)
[3.020s] Level 1:colcon.colcon_core.environment:create_environment_scripts_only(hb_bot)
[3.036s] Level 1:colcon.colcon_core.environment:checking '/home/srinjoy/hb_task2_ws/install/hb_bot' for CMake module files
[3.036s] Level 1:colcon.colcon_core.environment:checking '/home/srinjoy/hb_task2_ws/install/hb_bot' for CMake config files
[3.037s] Level 1:colcon.colcon_core.shell:create_environment_hook('hb_bot', 'cmake_prefix_path')
[3.052s] INFO:colcon.colcon_core.shell:Creating environment hook '/home/srinjoy/hb_task2_ws/install/hb_bot/share/hb_bot/hook/cmake_prefix_path.ps1'
[3.053s] INFO:colcon.colcon_core.shell:Creating environment descriptor '/home/srinjoy/hb_task2_ws/install/hb_bot/share/hb_bot/hook/cmake_prefix_path.dsv'
[3.053s] INFO:colcon.colcon_core.shell:Creating environment hook '/home/srinjoy/hb_task2_ws/install/hb_bot/share/hb_bot/hook/cmake_prefix_path.sh'
[3.054s] Level 1:colcon.colcon_core.environment:checking '/home/srinjoy/hb_task2_ws/install/hb_bot/lib'
[3.054s] Level 1:colcon.colcon_core.environment:checking '/home/srinjoy/hb_task2_ws/install/hb_bot/bin'
[3.054s] Level 1:colcon.colcon_core.environment:checking '/home/srinjoy/hb_task2_ws/install/hb_bot/lib/pkgconfig/hb_bot.pc'
[3.054s] Level 1:colcon.colcon_core.environment:checking '/home/srinjoy/hb_task2_ws/install/hb_bot/lib/python3.10/site-packages'
[3.054s] Level 1:colcon.colcon_core.environment:checking '/home/srinjoy/hb_task2_ws/install/hb_bot/bin'
[3.072s] INFO:colcon.colcon_core.shell:Creating package script '/home/srinjoy/hb_task2_ws/install/hb_bot/share/hb_bot/package.ps1'
[3.072s] INFO:colcon.colcon_core.shell:Creating package descriptor '/home/srinjoy/hb_task2_ws/install/hb_bot/share/hb_bot/package.dsv'
[3.073s] INFO:colcon.colcon_core.shell:Creating package script '/home/srinjoy/hb_task2_ws/install/hb_bot/share/hb_bot/package.sh'
[3.073s] INFO:colcon.colcon_core.shell:Creating package script '/home/srinjoy/hb_task2_ws/install/hb_bot/share/hb_bot/package.bash'
[3.073s] INFO:colcon.colcon_core.shell:Creating package script '/home/srinjoy/hb_task2_ws/install/hb_bot/share/hb_bot/package.zsh'
[3.073s] Level 1:colcon.colcon_core.environment:create_file_with_runtime_dependencies(/home/srinjoy/hb_task2_ws/install/hb_bot/share/colcon-core/packages/hb_bot)
[3.090s] Level 1:colcon.colcon_core.environment:create_environment_scripts_only(hb_world)
[3.106s] Level 1:colcon.colcon_core.environment:checking '/home/srinjoy/hb_task2_ws/install/hb_world' for CMake module files
[3.107s] Level 1:colcon.colcon_core.environment:checking '/home/srinjoy/hb_task2_ws/install/hb_world' for CMake config files
[3.107s] Level 1:colcon.colcon_core.shell:create_environment_hook('hb_world', 'cmake_prefix_path')
[3.124s] INFO:colcon.colcon_core.shell:Creating environment hook '/home/srinjoy/hb_task2_ws/install/hb_world/share/hb_world/hook/cmake_prefix_path.ps1'
[3.124s] INFO:colcon.colcon_core.shell:Creating environment descriptor '/home/srinjoy/hb_task2_ws/install/hb_world/share/hb_world/hook/cmake_prefix_path.dsv'
[3.125s] INFO:colcon.colcon_core.shell:Creating environment hook '/home/srinjoy/hb_task2_ws/install/hb_world/share/hb_world/hook/cmake_prefix_path.sh'
[3.125s] Level 1:colcon.colcon_core.environment:checking '/home/srinjoy/hb_task2_ws/install/hb_world/lib'
[3.125s] Level 1:colcon.colcon_core.environment:checking '/home/srinjoy/hb_task2_ws/install/hb_world/bin'
[3.125s] Level 1:colcon.colcon_core.environment:checking '/home/srinjoy/hb_task2_ws/install/hb_world/lib/pkgconfig/hb_world.pc'
[3.125s] Level 1:colcon.colcon_core.environment:checking '/home/srinjoy/hb_task2_ws/install/hb_world/lib/python3.10/site-packages'
[3.126s] Level 1:colcon.colcon_core.environment:checking '/home/srinjoy/hb_task2_ws/install/hb_world/bin'
[3.141s] INFO:colcon.colcon_core.shell:Creating package script '/home/srinjoy/hb_task2_ws/install/hb_world/share/hb_world/package.ps1'
[3.142s] INFO:colcon.colcon_core.shell:Creating package descriptor '/home/srinjoy/hb_task2_ws/install/hb_world/share/hb_world/package.dsv'
[3.142s] INFO:colcon.colcon_core.shell:Creating package script '/home/srinjoy/hb_task2_ws/install/hb_world/share/hb_world/package.sh'
[3.143s] INFO:colcon.colcon_core.shell:Creating package script '/home/srinjoy/hb_task2_ws/install/hb_world/share/hb_world/package.bash'
[3.143s] INFO:colcon.colcon_core.shell:Creating package script '/home/srinjoy/hb_task2_ws/install/hb_world/share/hb_world/package.zsh'
[3.143s] Level 1:colcon.colcon_core.environment:create_file_with_runtime_dependencies(/home/srinjoy/hb_task2_ws/install/hb_world/share/colcon-core/packages/hb_world)
[3.149s] DEBUG:colcon.colcon_core.event_handler.log_command:Invoking command in '/home/srinjoy/hb_task2_ws/src/eYRC-2023_Hologlyph_Bots/hb_task2b': PYTHONPATH=/home/srinjoy/hb_task2_ws/build/hb_task2b/prefix_override:/home/srinjoy/hb_task2_ws/install/hb_task2b/lib/python3.10/site-packages:${PYTHONPATH} /usr/bin/python3 setup.py egg_info --egg-base ../../../build/hb_task2b build --build-base /home/srinjoy/hb_task2_ws/build/hb_task2b/build install --record /home/srinjoy/hb_task2_ws/build/hb_task2b/install.log --single-version-externally-managed
[3.150s] DEBUG:colcon.colcon_core.event_handler.log_command:Invoking command in '/home/srinjoy/hb_task2_ws/src/eYRC-2023_Hologlyph_Bots/hb_task2a': PYTHONPATH=/home/srinjoy/hb_task2_ws/build/hb_task2a/prefix_override:/home/srinjoy/hb_task2_ws/install/hb_task2a/lib/python3.10/site-packages:${PYTHONPATH} /usr/bin/python3 setup.py egg_info --egg-base ../../../build/hb_task2a build --build-base /home/srinjoy/hb_task2_ws/build/hb_task2a/build install --record /home/srinjoy/hb_task2_ws/build/hb_task2a/install.log --single-version-externally-managed
[3.151s] DEBUG:colcon.colcon_core.event_handler.log_command:Invoked command in '/home/srinjoy/hb_task2_ws/build/my_robot_interfaces' returned '0': CMAKE_PREFIX_PATH=${CMAKE_PREFIX_PATH}:/home/srinjoy/ws_moveit/install/moveit_configs_utils:/opt/ros/humble /home/srinjoy/.local/bin/cmake --build /home/srinjoy/hb_task2_ws/build/my_robot_interfaces -- -j12 -l12
[3.414s] DEBUG:colcon.colcon_core.event_handler.log_command:Invoking command in '/home/srinjoy/hb_task2_ws/build/my_robot_interfaces': CMAKE_PREFIX_PATH=${CMAKE_PREFIX_PATH}:/home/srinjoy/ws_moveit/install/moveit_configs_utils:/opt/ros/humble /home/srinjoy/.local/bin/cmake --install /home/srinjoy/hb_task2_ws/build/my_robot_interfaces
[3.446s] DEBUG:colcon.colcon_core.event_handler.log_command:Invoked command in '/home/srinjoy/hb_task2_ws/src/eYRC-2023_Hologlyph_Bots/hb_task2a' returned '0': PYTHONPATH=/home/srinjoy/hb_task2_ws/build/hb_task2a/prefix_override:/home/srinjoy/hb_task2_ws/install/hb_task2a/lib/python3.10/site-packages:${PYTHONPATH} /usr/bin/python3 setup.py egg_info --egg-base ../../../build/hb_task2a build --build-base /home/srinjoy/hb_task2_ws/build/hb_task2a/build install --record /home/srinjoy/hb_task2_ws/build/hb_task2a/install.log --single-version-externally-managed
[3.475s] Level 1:colcon.colcon_core.environment:checking '/home/srinjoy/hb_task2_ws/install/hb_task2a' for CMake module files
[3.475s] Level 1:colcon.colcon_core.environment:checking '/home/srinjoy/hb_task2_ws/install/hb_task2a' for CMake config files
[3.475s] Level 1:colcon.colcon_core.environment:checking '/home/srinjoy/hb_task2_ws/install/hb_task2a/lib'
[3.476s] Level 1:colcon.colcon_core.environment:checking '/home/srinjoy/hb_task2_ws/install/hb_task2a/bin'
[3.476s] Level 1:colcon.colcon_core.environment:checking '/home/srinjoy/hb_task2_ws/install/hb_task2a/lib/pkgconfig/hb_task2a.pc'
[3.476s] Level 1:colcon.colcon_core.environment:checking '/home/srinjoy/hb_task2_ws/install/hb_task2a/lib/python3.10/site-packages'
[3.476s] Level 1:colcon.colcon_core.shell:create_environment_hook('hb_task2a', 'pythonpath')
[3.491s] INFO:colcon.colcon_core.shell:Creating environment hook '/home/srinjoy/hb_task2_ws/install/hb_task2a/share/hb_task2a/hook/pythonpath.ps1'
[3.491s] INFO:colcon.colcon_core.shell:Creating environment descriptor '/home/srinjoy/hb_task2_ws/install/hb_task2a/share/hb_task2a/hook/pythonpath.dsv'
[3.492s] INFO:colcon.colcon_core.shell:Creating environment hook '/home/srinjoy/hb_task2_ws/install/hb_task2a/share/hb_task2a/hook/pythonpath.sh'
[3.492s] Level 1:colcon.colcon_core.environment:checking '/home/srinjoy/hb_task2_ws/install/hb_task2a/bin'
[3.492s] Level 1:colcon.colcon_core.environment:create_environment_scripts_only(hb_task2a)
[3.510s] INFO:colcon.colcon_core.shell:Creating package script '/home/srinjoy/hb_task2_ws/install/hb_task2a/share/hb_task2a/package.ps1'
[3.510s] INFO:colcon.colcon_core.shell:Creating package descriptor '/home/srinjoy/hb_task2_ws/install/hb_task2a/share/hb_task2a/package.dsv'
[3.511s] INFO:colcon.colcon_core.shell:Creating package script '/home/srinjoy/hb_task2_ws/install/hb_task2a/share/hb_task2a/package.sh'
[3.511s] INFO:colcon.colcon_core.shell:Creating package script '/home/srinjoy/hb_task2_ws/install/hb_task2a/share/hb_task2a/package.bash'
[3.511s] INFO:colcon.colcon_core.shell:Creating package script '/home/srinjoy/hb_task2_ws/install/hb_task2a/share/hb_task2a/package.zsh'
[3.511s] Level 1:colcon.colcon_core.environment:create_file_with_runtime_dependencies(/home/srinjoy/hb_task2_ws/install/hb_task2a/share/colcon-core/packages/hb_task2a)
[3.513s] DEBUG:colcon.colcon_core.event_handler.log_command:Invoked command in '/home/srinjoy/hb_task2_ws/src/eYRC-2023_Hologlyph_Bots/hb_task2b' returned '0': PYTHONPATH=/home/srinjoy/hb_task2_ws/build/hb_task2b/prefix_override:/home/srinjoy/hb_task2_ws/install/hb_task2b/lib/python3.10/site-packages:${PYTHONPATH} /usr/bin/python3 setup.py egg_info --egg-base ../../../build/hb_task2b build --build-base /home/srinjoy/hb_task2_ws/build/hb_task2b/build install --record /home/srinjoy/hb_task2_ws/build/hb_task2b/install.log --single-version-externally-managed
[3.529s] Level 1:colcon.colcon_core.environment:checking '/home/srinjoy/hb_task2_ws/install/hb_task2b' for CMake module files
[3.529s] Level 1:colcon.colcon_core.environment:checking '/home/srinjoy/hb_task2_ws/install/hb_task2b' for CMake config files
[3.530s] Level 1:colcon.colcon_core.environment:checking '/home/srinjoy/hb_task2_ws/install/hb_task2b/lib'
[3.530s] Level 1:colcon.colcon_core.environment:checking '/home/srinjoy/hb_task2_ws/install/hb_task2b/bin'
[3.530s] Level 1:colcon.colcon_core.environment:checking '/home/srinjoy/hb_task2_ws/install/hb_task2b/lib/pkgconfig/hb_task2b.pc'
[3.530s] Level 1:colcon.colcon_core.environment:checking '/home/srinjoy/hb_task2_ws/install/hb_task2b/lib/python3.10/site-packages'
[3.530s] Level 1:colcon.colcon_core.shell:create_environment_hook('hb_task2b', 'pythonpath')
[3.546s] INFO:colcon.colcon_core.shell:Creating environment hook '/home/srinjoy/hb_task2_ws/install/hb_task2b/share/hb_task2b/hook/pythonpath.ps1'
[3.546s] INFO:colcon.colcon_core.shell:Creating environment descriptor '/home/srinjoy/hb_task2_ws/install/hb_task2b/share/hb_task2b/hook/pythonpath.dsv'
[3.547s] INFO:colcon.colcon_core.shell:Creating environment hook '/home/srinjoy/hb_task2_ws/install/hb_task2b/share/hb_task2b/hook/pythonpath.sh'
[3.547s] Level 1:colcon.colcon_core.environment:checking '/home/srinjoy/hb_task2_ws/install/hb_task2b/bin'
[3.547s] Level 1:colcon.colcon_core.environment:create_environment_scripts_only(hb_task2b)
[3.562s] INFO:colcon.colcon_core.shell:Creating package script '/home/srinjoy/hb_task2_ws/install/hb_task2b/share/hb_task2b/package.ps1'
[3.563s] INFO:colcon.colcon_core.shell:Creating package descriptor '/home/srinjoy/hb_task2_ws/install/hb_task2b/share/hb_task2b/package.dsv'
[3.563s] INFO:colcon.colcon_core.shell:Creating package script '/home/srinjoy/hb_task2_ws/install/hb_task2b/share/hb_task2b/package.sh'
[3.564s] INFO:colcon.colcon_core.shell:Creating package script '/home/srinjoy/hb_task2_ws/install/hb_task2b/share/hb_task2b/package.bash'
[3.564s] INFO:colcon.colcon_core.shell:Creating package script '/home/srinjoy/hb_task2_ws/install/hb_task2b/share/hb_task2b/package.zsh'
[3.564s] Level 1:colcon.colcon_core.environment:create_file_with_runtime_dependencies(/home/srinjoy/hb_task2_ws/install/hb_task2b/share/colcon-core/packages/hb_task2b)
[3.564s] Level 1:colcon.colcon_core.environment:create_environment_scripts_only(my_robot_interfaces)
[3.566s] DEBUG:colcon.colcon_core.event_handler.log_command:Invoked command in '/home/srinjoy/hb_task2_ws/build/my_robot_interfaces' returned '0': CMAKE_PREFIX_PATH=${CMAKE_PREFIX_PATH}:/home/srinjoy/ws_moveit/install/moveit_configs_utils:/opt/ros/humble /home/srinjoy/.local/bin/cmake --install /home/srinjoy/hb_task2_ws/build/my_robot_interfaces
[3.581s] Level 1:colcon.colcon_core.environment:checking '/home/srinjoy/hb_task2_ws/install/my_robot_interfaces' for CMake module files
[3.581s] Level 1:colcon.colcon_core.environment:checking '/home/srinjoy/hb_task2_ws/install/my_robot_interfaces' for CMake config files
[3.582s] Level 1:colcon.colcon_core.shell:create_environment_hook('my_robot_interfaces', 'cmake_prefix_path')
[3.598s] INFO:colcon.colcon_core.shell:Creating environment hook '/home/srinjoy/hb_task2_ws/install/my_robot_interfaces/share/my_robot_interfaces/hook/cmake_prefix_path.ps1'
[3.598s] INFO:colcon.colcon_core.shell:Creating environment descriptor '/home/srinjoy/hb_task2_ws/install/my_robot_interfaces/share/my_robot_interfaces/hook/cmake_prefix_path.dsv'
[3.598s] INFO:colcon.colcon_core.shell:Creating environment hook '/home/srinjoy/hb_task2_ws/install/my_robot_interfaces/share/my_robot_interfaces/hook/cmake_prefix_path.sh'
[3.599s] Level 1:colcon.colcon_core.environment:checking '/home/srinjoy/hb_task2_ws/install/my_robot_interfaces/lib'
[3.599s] Level 1:colcon.colcon_core.shell:create_environment_hook('my_robot_interfaces', 'ld_library_path_lib')
[3.614s] INFO:colcon.colcon_core.shell:Creating environment hook '/home/srinjoy/hb_task2_ws/install/my_robot_interfaces/share/my_robot_interfaces/hook/ld_library_path_lib.ps1'
[3.615s] INFO:colcon.colcon_core.shell:Creating environment descriptor '/home/srinjoy/hb_task2_ws/install/my_robot_interfaces/share/my_robot_interfaces/hook/ld_library_path_lib.dsv'
[3.615s] INFO:colcon.colcon_core.shell:Creating environment hook '/home/srinjoy/hb_task2_ws/install/my_robot_interfaces/share/my_robot_interfaces/hook/ld_library_path_lib.sh'
[3.615s] Level 1:colcon.colcon_core.environment:checking '/home/srinjoy/hb_task2_ws/install/my_robot_interfaces/bin'
[3.616s] Level 1:colcon.colcon_core.environment:checking '/home/srinjoy/hb_task2_ws/install/my_robot_interfaces/lib/pkgconfig/my_robot_interfaces.pc'
[3.616s] Level 1:colcon.colcon_core.environment:checking '/home/srinjoy/hb_task2_ws/install/my_robot_interfaces/lib/python3.10/site-packages'
[3.616s] Level 1:colcon.colcon_core.environment:checking '/home/srinjoy/hb_task2_ws/install/my_robot_interfaces/bin'
[3.631s] INFO:colcon.colcon_core.shell:Creating package script '/home/srinjoy/hb_task2_ws/install/my_robot_interfaces/share/my_robot_interfaces/package.ps1'
[3.632s] INFO:colcon.colcon_core.shell:Creating package descriptor '/home/srinjoy/hb_task2_ws/install/my_robot_interfaces/share/my_robot_interfaces/package.dsv'
[3.632s] INFO:colcon.colcon_core.shell:Creating package script '/home/srinjoy/hb_task2_ws/install/my_robot_interfaces/share/my_robot_interfaces/package.sh'
[3.632s] INFO:colcon.colcon_core.shell:Creating package script '/home/srinjoy/hb_task2_ws/install/my_robot_interfaces/share/my_robot_interfaces/package.bash'
[3.633s] INFO:colcon.colcon_core.shell:Creating package script '/home/srinjoy/hb_task2_ws/install/my_robot_interfaces/share/my_robot_interfaces/package.zsh'
[3.633s] Level 1:colcon.colcon_core.environment:create_file_with_runtime_dependencies(/home/srinjoy/hb_task2_ws/install/my_robot_interfaces/share/colcon-core/packages/my_robot_interfaces)
[3.908s] Level 1:colcon.colcon_core.environment:create_environment_scripts_only(my_robot_interfaces)
[3.923s] Level 1:colcon.colcon_core.environment:checking '/home/srinjoy/hb_task2_ws/install/my_robot_interfaces' for CMake module files
[3.924s] Level 1:colcon.colcon_core.environment:checking '/home/srinjoy/hb_task2_ws/install/my_robot_interfaces' for CMake config files
[3.924s] Level 1:colcon.colcon_core.shell:create_environment_hook('my_robot_interfaces', 'cmake_prefix_path')
[3.939s] INFO:colcon.colcon_core.shell:Creating environment hook '/home/srinjoy/hb_task2_ws/install/my_robot_interfaces/share/my_robot_interfaces/hook/cmake_prefix_path.ps1'
[3.940s] INFO:colcon.colcon_core.shell:Creating environment descriptor '/home/srinjoy/hb_task2_ws/install/my_robot_interfaces/share/my_robot_interfaces/hook/cmake_prefix_path.dsv'
[3.940s] INFO:colcon.colcon_core.shell:Creating environment hook '/home/srinjoy/hb_task2_ws/install/my_robot_interfaces/share/my_robot_interfaces/hook/cmake_prefix_path.sh'
[3.940s] Level 1:colcon.colcon_core.environment:checking '/home/srinjoy/hb_task2_ws/install/my_robot_interfaces/lib'
[3.940s] Level 1:colcon.colcon_core.shell:create_environment_hook('my_robot_interfaces', 'ld_library_path_lib')
[3.956s] INFO:colcon.colcon_core.shell:Creating environment hook '/home/srinjoy/hb_task2_ws/install/my_robot_interfaces/share/my_robot_interfaces/hook/ld_library_path_lib.ps1'
[3.957s] INFO:colcon.colcon_core.shell:Creating environment descriptor '/home/srinjoy/hb_task2_ws/install/my_robot_interfaces/share/my_robot_interfaces/hook/ld_library_path_lib.dsv'
[3.957s] INFO:colcon.colcon_core.shell:Creating environment hook '/home/srinjoy/hb_task2_ws/install/my_robot_interfaces/share/my_robot_interfaces/hook/ld_library_path_lib.sh'
[3.957s] Level 1:colcon.colcon_core.environment:checking '/home/srinjoy/hb_task2_ws/install/my_robot_interfaces/bin'
[3.957s] Level 1:colcon.colcon_core.environment:checking '/home/srinjoy/hb_task2_ws/install/my_robot_interfaces/lib/pkgconfig/my_robot_interfaces.pc'
[3.957s] Level 1:colcon.colcon_core.environment:checking '/home/srinjoy/hb_task2_ws/install/my_robot_interfaces/lib/python3.10/site-packages'
[3.957s] Level 1:colcon.colcon_core.environment:checking '/home/srinjoy/hb_task2_ws/install/my_robot_interfaces/bin'
[3.973s] INFO:colcon.colcon_core.shell:Creating package script '/home/srinjoy/hb_task2_ws/install/my_robot_interfaces/share/my_robot_interfaces/package.ps1'
[3.973s] INFO:colcon.colcon_core.shell:Creating package descriptor '/home/srinjoy/hb_task2_ws/install/my_robot_interfaces/share/my_robot_interfaces/package.dsv'
[3.974s] INFO:colcon.colcon_core.shell:Creating package script '/home/srinjoy/hb_task2_ws/install/my_robot_interfaces/share/my_robot_interfaces/package.sh'
[3.974s] INFO:colcon.colcon_core.shell:Creating package script '/home/srinjoy/hb_task2_ws/install/my_robot_interfaces/share/my_robot_interfaces/package.bash'
[3.974s] INFO:colcon.colcon_core.shell:Creating package script '/home/srinjoy/hb_task2_ws/install/my_robot_interfaces/share/my_robot_interfaces/package.zsh'
[3.975s] Level 1:colcon.colcon_core.environment:create_file_with_runtime_dependencies(/home/srinjoy/hb_task2_ws/install/my_robot_interfaces/share/colcon-core/packages/my_robot_interfaces)
[3.975s] DEBUG:colcon.colcon_parallel_executor.executor.parallel:closing loop
[3.975s] DEBUG:colcon.colcon_parallel_executor.executor.parallel:loop closed
[3.975s] DEBUG:colcon.colcon_parallel_executor.executor.parallel:run_until_complete finished with '0'
[3.975s] DEBUG:colcon.colcon_core.event_reactor:joining thread
[4.019s] INFO:colcon.colcon_core.plugin_system:Skipping extension 'colcon_notification.desktop_notification.terminal_notifier': Not used on non-Darwin systems
[4.019s] INFO:colcon.colcon_core.plugin_system:Skipping extension 'colcon_notification.desktop_notification.win32': Not used on non-Windows systems
[4.019s] INFO:colcon.colcon_notification.desktop_notification:Sending desktop notification using 'notify2'
[4.040s] DEBUG:colcon.colcon_core.event_reactor:joined thread
[4.056s] INFO:colcon.colcon_core.shell:Creating prefix script '/home/srinjoy/hb_task2_ws/install/local_setup.ps1'
[4.057s] INFO:colcon.colcon_core.shell:Creating prefix util module '/home/srinjoy/hb_task2_ws/install/_local_setup_util_ps1.py'
[4.058s] INFO:colcon.colcon_core.shell:Creating prefix chain script '/home/srinjoy/hb_task2_ws/install/setup.ps1'
[4.075s] INFO:colcon.colcon_core.shell:Creating prefix script '/home/srinjoy/hb_task2_ws/install/local_setup.sh'
[4.076s] INFO:colcon.colcon_core.shell:Creating prefix util module '/home/srinjoy/hb_task2_ws/install/_local_setup_util_sh.py'
[4.076s] INFO:colcon.colcon_core.shell:Creating prefix chain script '/home/srinjoy/hb_task2_ws/install/setup.sh'
[4.093s] INFO:colcon.colcon_core.shell:Creating prefix script '/home/srinjoy/hb_task2_ws/install/local_setup.bash'
[4.094s] INFO:colcon.colcon_core.shell:Creating prefix chain script '/home/srinjoy/hb_task2_ws/install/setup.bash'
[4.111s] INFO:colcon.colcon_core.shell:Creating prefix script '/home/srinjoy/hb_task2_ws/install/local_setup.zsh'
[4.111s] INFO:colcon.colcon_core.shell:Creating prefix chain script '/home/srinjoy/hb_task2_ws/install/setup.zsh'
