[1.423s] Invoking command in '/home/srinjoy/hb_task2_ws/build/hb_task2b': PYTHONPATH=/home/srinjoy/hb_task2_ws/build/hb_task2b/prefix_override:/home/srinjoy/hb_task2_ws/install/hb_task2b/lib/python3.10/site-packages:${PYTHONPATH} /usr/bin/python3 setup.py develop --editable --build-directory /home/srinjoy/hb_task2_ws/build/hb_task2b/build --no-deps install_data
[1.700s] running develop
[1.700s] /usr/lib/python3/dist-packages/setuptools/command/easy_install.py:158: EasyInstallDeprecationWarning: easy_install command is deprecated. Use build and pip and other standards-based tools.
[1.700s]   warnings.warn(
[1.701s] /usr/lib/python3/dist-packages/setuptools/command/install.py:34: SetuptoolsDeprecationWarning: setup.py install is deprecated. Use build and pip and other standards-based tools.
[1.701s]   warnings.warn(
[1.924s] running egg_info
[1.925s] writing hb_task2b.egg-info/PKG-INFO
[1.925s] writing dependency_links to hb_task2b.egg-info/dependency_links.txt
[1.925s] writing entry points to hb_task2b.egg-info/entry_points.txt
[1.925s] writing requirements to hb_task2b.egg-info/requires.txt
[1.925s] writing top-level names to hb_task2b.egg-info/top_level.txt
[1.928s] reading manifest file 'hb_task2b.egg-info/SOURCES.txt'
[2.003s] writing manifest file 'hb_task2b.egg-info/SOURCES.txt'
[2.003s] running build_ext
[2.003s] Creating /home/srinjoy/hb_task2_ws/install/hb_task2b/lib/python3.10/site-packages/hb-task2b.egg-link (link to .)
[2.003s] Installing controller script to /home/srinjoy/hb_task2_ws/install/hb_task2b/lib/hb_task2b
[2.003s] Installing nextgoalpub script to /home/srinjoy/hb_task2_ws/install/hb_task2b/lib/hb_task2b
[2.004s] 
[2.004s] Installed /home/srinjoy/hb_task2_ws/build/hb_task2b
[2.004s] running install_data
[2.004s] Invoked command in '/home/srinjoy/hb_task2_ws/build/hb_task2b' returned '0': PYTHONPATH=/home/srinjoy/hb_task2_ws/build/hb_task2b/prefix_override:/home/srinjoy/hb_task2_ws/install/hb_task2b/lib/python3.10/site-packages:${PYTHONPATH} /usr/bin/python3 setup.py develop --editable --build-directory /home/srinjoy/hb_task2_ws/build/hb_task2b/build --no-deps install_data
