-- Found ament_cmake: 1.3.5 (/opt/ros/humble/share/ament_cmake/cmake)
-- Override CMake install command with custom implementation using symlinks instead of copying resources
-- Found rclcpp: 16.0.6 (/opt/ros/humble/share/rclcpp/cmake)
-- Found rosidl_generator_c: 3.1.5 (/opt/ros/humble/share/rosidl_generator_c/cmake)
-- Found rosidl_adapter: 3.1.5 (/opt/ros/humble/share/rosidl_adapter/cmake)
-- Found rosidl_generator_cpp: 3.1.5 (/opt/ros/humble/share/rosidl_generator_cpp/cmake)
-- Using all available rosidl_typesupport_c: rosidl_typesupport_fastrtps_c;rosidl_typesupport_introspection_c
-- Using all available rosidl_typesupport_cpp: rosidl_typesupport_fastrtps_cpp;rosidl_typesupport_introspection_cpp
-- Found rmw_implementation_cmake: 6.1.1 (/opt/ros/humble/share/rmw_implementation_cmake/cmake)
-- Found rmw_fastrtps_cpp: 6.2.4 (/opt/ros/humble/share/rmw_fastrtps_cpp/cmake)
-- Using RMW implementation 'rmw_fastrtps_cpp' as default
-- Found rclpy: 3.3.10 (/opt/ros/humble/share/rclpy/cmake)
-- Found urdf: 2.6.0 (/opt/ros/humble/share/urdf/cmake)
-- Found xacro: 2.0.8 (/opt/ros/humble/share/xacro/cmake)
-- Found ament_lint_auto: 0.12.8 (/opt/ros/humble/share/ament_lint_auto/cmake)
-- Added test 'flake8' to check Python code syntax and style conventions
-- Added test 'lint_cmake' to check CMake code style
-- Added test 'pep257' to check Python code against some of the docstring style conventions in PEP 257
-- Added test 'xmllint' to check XML markup files
-- Configuring done (0.9s)
-- Generating done (0.0s)
-- Build files have been written to: /home/srinjoy/hb_task2_ws/build/hb_world
-- Install configuration: ""
-- Execute custom install script
-- Up-to-date symlink: /home/srinjoy/hb_task2_ws/install/hb_world/share/hb_world//launch/world.launch.py
-- Up-to-date symlink: /home/srinjoy/hb_task2_ws/install/hb_world/share/hb_world//worlds/gazebo.world
-- Up-to-date symlink: /home/srinjoy/hb_task2_ws/install/hb_world/share/hb_world//models/arena/meshes/arena.dae
-- Up-to-date symlink: /home/srinjoy/hb_task2_ws/install/hb_world/share/hb_world//models/arena/meshes/arena.jpg
-- Up-to-date symlink: /home/srinjoy/hb_task2_ws/install/hb_world/share/hb_world//models/arena/model.config
-- Up-to-date symlink: /home/srinjoy/hb_task2_ws/install/hb_world/share/hb_world//models/arena/model.sdf
-- Up-to-date symlink: /home/srinjoy/hb_task2_ws/install/hb_world/share/hb_world//models/e_camera/meshes/17eyantra_logo_large e.png
-- Up-to-date symlink: /home/srinjoy/hb_task2_ws/install/hb_world/share/hb_world//models/e_camera/meshes/camera.dae
-- Up-to-date symlink: /home/srinjoy/hb_task2_ws/install/hb_world/share/hb_world//models/e_camera/model.config
-- Up-to-date symlink: /home/srinjoy/hb_task2_ws/install/hb_world/share/hb_world//models/e_camera/model.sdf
-- Up-to-date symlink: /home/srinjoy/hb_task2_ws/install/hb_world/share/hb_world//models/ground_surface/meshes/geoglyph.jpg
-- Up-to-date symlink: /home/srinjoy/hb_task2_ws/install/hb_world/share/hb_world//models/ground_surface/meshes/ground_surface.dae
-- Up-to-date symlink: /home/srinjoy/hb_task2_ws/install/hb_world/share/hb_world//models/ground_surface/model.config
-- Up-to-date symlink: /home/srinjoy/hb_task2_ws/install/hb_world/share/hb_world//models/ground_surface/model.sdf
-- Up-to-date symlink: /home/srinjoy/hb_task2_ws/install/hb_world/share/ament_index/resource_index/package_run_dependencies/hb_world
-- Up-to-date symlink: /home/srinjoy/hb_task2_ws/install/hb_world/share/ament_index/resource_index/parent_prefix_path/hb_world
-- Up-to-date symlink: /home/srinjoy/hb_task2_ws/install/hb_world/share/hb_world/environment/ament_prefix_path.sh
-- Up-to-date symlink: /home/srinjoy/hb_task2_ws/install/hb_world/share/hb_world/environment/ament_prefix_path.dsv
-- Up-to-date symlink: /home/srinjoy/hb_task2_ws/install/hb_world/share/hb_world/environment/path.sh
-- Up-to-date symlink: /home/srinjoy/hb_task2_ws/install/hb_world/share/hb_world/environment/path.dsv
-- Up-to-date symlink: /home/srinjoy/hb_task2_ws/install/hb_world/share/hb_world/local_setup.bash
-- Up-to-date symlink: /home/srinjoy/hb_task2_ws/install/hb_world/share/hb_world/local_setup.sh
-- Up-to-date symlink: /home/srinjoy/hb_task2_ws/install/hb_world/share/hb_world/local_setup.zsh
-- Up-to-date symlink: /home/srinjoy/hb_task2_ws/install/hb_world/share/hb_world/local_setup.dsv
-- Symlinking: /home/srinjoy/hb_task2_ws/install/hb_world/share/hb_world/package.dsv
-- Up-to-date symlink: /home/srinjoy/hb_task2_ws/install/hb_world/share/ament_index/resource_index/packages/hb_world
-- Up-to-date symlink: /home/srinjoy/hb_task2_ws/install/hb_world/share/hb_world/cmake/hb_worldConfig.cmake
-- Up-to-date symlink: /home/srinjoy/hb_task2_ws/install/hb_world/share/hb_world/cmake/hb_worldConfig-version.cmake
-- Up-to-date symlink: /home/srinjoy/hb_task2_ws/install/hb_world/share/hb_world/package.xml
