[1.305s] DEBUG:colcon:Command line arguments: ['/usr/bin/colcon', 'build']
[1.305s] DEBUG:colcon:Parsed command line arguments: Namespace(log_base=None, log_level=None, verb_name='build', build_base='build', install_base='install', merge_install=False, symlink_install=False, test_result_base=None, continue_on_error=False, executor='parallel', parallel_workers=12, event_handlers=None, ignore_user_meta=False, metas=['./colcon.meta'], base_paths=['.'], packages_ignore=None, packages_ignore_regex=None, paths=None, packages_up_to=None, packages_up_to_regex=None, packages_above=None, packages_above_and_dependencies=None, packages_above_depth=None, packages_select_by_dep=None, packages_skip_by_dep=None, packages_skip_up_to=None, packages_select_build_failed=False, packages_skip_build_finished=False, packages_select_test_failures=False, packages_skip_test_passed=False, packages_select=None, packages_skip=None, packages_select_regex=None, packages_skip_regex=None, packages_start=None, packages_end=None, allow_overriding=[], cmake_args=None, cmake_target=None, cmake_target_skip_unavailable=False, cmake_clean_cache=False, cmake_clean_first=False, cmake_force_configure=False, ament_cmake_args=None, catkin_cmake_args=None, catkin_skip_building_tests=False, mixin_files=None, mixin=None, verb_parser=<colcon_mixin.mixin.mixin_argument.MixinArgumentDecorator object at 0x7f26436f2bf0>, verb_extension=<colcon_core.verb.build.BuildVerb object at 0x7f264395f2b0>, main=<bound method BuildVerb.main of <colcon_core.verb.build.BuildVerb object at 0x7f264395f2b0>>, mixin_verb=('build',))
[1.360s] Level 1:colcon.colcon_core.package_discovery:discover_packages(colcon_meta) check parameters
[1.360s] Level 1:colcon.colcon_core.package_discovery:discover_packages(recursive) check parameters
[1.360s] Level 1:colcon.colcon_core.package_discovery:discover_packages(ignore) check parameters
[1.360s] Level 1:colcon.colcon_core.package_discovery:discover_packages(path) check parameters
[1.360s] Level 1:colcon.colcon_core.package_discovery:discover_packages(colcon_meta) discover
[1.361s] Level 1:colcon.colcon_core.package_discovery:discover_packages(recursive) discover
[1.361s] INFO:colcon.colcon_core.package_discovery:Crawling recursively for packages in '/home/srinjoy/hb_task2_ws'
[1.361s] Level 1:colcon.colcon_core.package_identification:_identify(.) by extensions ['ignore', 'ignore_ament_install']
[1.361s] Level 1:colcon.colcon_core.package_identification:_identify(.) by extension 'ignore'
[1.361s] Level 1:colcon.colcon_core.package_identification:_identify(.) by extension 'ignore_ament_install'
[1.361s] Level 1:colcon.colcon_core.package_identification:_identify(.) by extensions ['colcon_pkg']
[1.361s] Level 1:colcon.colcon_core.package_identification:_identify(.) by extension 'colcon_pkg'
[1.361s] Level 1:colcon.colcon_core.package_identification:_identify(.) by extensions ['colcon_meta']
[1.361s] Level 1:colcon.colcon_core.package_identification:_identify(.) by extension 'colcon_meta'
[1.361s] Level 1:colcon.colcon_core.package_identification:_identify(.) by extensions ['ros']
[1.361s] Level 1:colcon.colcon_core.package_identification:_identify(.) by extension 'ros'
[1.370s] Level 1:colcon.colcon_core.package_identification:_identify(.) by extensions ['cmake', 'python']
[1.370s] Level 1:colcon.colcon_core.package_identification:_identify(.) by extension 'cmake'
[1.371s] Level 1:colcon.colcon_core.package_identification:_identify(.) by extension 'python'
[1.371s] Level 1:colcon.colcon_core.package_identification:_identify(.) by extensions ['python_setup_py']
[1.371s] Level 1:colcon.colcon_core.package_identification:_identify(.) by extension 'python_setup_py'
[1.371s] Level 1:colcon.colcon_core.package_identification:_identify(build) by extensions ['ignore', 'ignore_ament_install']
[1.371s] Level 1:colcon.colcon_core.package_identification:_identify(build) by extension 'ignore'
[1.371s] Level 1:colcon.colcon_core.package_identification:_identify(build) ignored
[1.371s] Level 1:colcon.colcon_core.package_identification:_identify(install) by extensions ['ignore', 'ignore_ament_install']
[1.371s] Level 1:colcon.colcon_core.package_identification:_identify(install) by extension 'ignore'
[1.371s] Level 1:colcon.colcon_core.package_identification:_identify(install) ignored
[1.371s] Level 1:colcon.colcon_core.package_identification:_identify(log) by extensions ['ignore', 'ignore_ament_install']
[1.371s] Level 1:colcon.colcon_core.package_identification:_identify(log) by extension 'ignore'
[1.371s] Level 1:colcon.colcon_core.package_identification:_identify(log) ignored
[1.371s] Level 1:colcon.colcon_core.package_identification:_identify(src) by extensions ['ignore', 'ignore_ament_install']
[1.371s] Level 1:colcon.colcon_core.package_identification:_identify(src) by extension 'ignore'
[1.371s] Level 1:colcon.colcon_core.package_identification:_identify(src) by extension 'ignore_ament_install'
[1.371s] Level 1:colcon.colcon_core.package_identification:_identify(src) by extensions ['colcon_pkg']
[1.371s] Level 1:colcon.colcon_core.package_identification:_identify(src) by extension 'colcon_pkg'
[1.371s] Level 1:colcon.colcon_core.package_identification:_identify(src) by extensions ['colcon_meta']
[1.371s] Level 1:colcon.colcon_core.package_identification:_identify(src) by extension 'colcon_meta'
[1.371s] Level 1:colcon.colcon_core.package_identification:_identify(src) by extensions ['ros']
[1.371s] Level 1:colcon.colcon_core.package_identification:_identify(src) by extension 'ros'
[1.372s] Level 1:colcon.colcon_core.package_identification:_identify(src) by extensions ['cmake', 'python']
[1.372s] Level 1:colcon.colcon_core.package_identification:_identify(src) by extension 'cmake'
[1.372s] Level 1:colcon.colcon_core.package_identification:_identify(src) by extension 'python'
[1.372s] Level 1:colcon.colcon_core.package_identification:_identify(src) by extensions ['python_setup_py']
[1.372s] Level 1:colcon.colcon_core.package_identification:_identify(src) by extension 'python_setup_py'
[1.372s] Level 1:colcon.colcon_core.package_identification:_identify(src/eYRC-2023_Hologlyph_Bots) by extensions ['ignore', 'ignore_ament_install']
[1.372s] Level 1:colcon.colcon_core.package_identification:_identify(src/eYRC-2023_Hologlyph_Bots) by extension 'ignore'
[1.372s] Level 1:colcon.colcon_core.package_identification:_identify(src/eYRC-2023_Hologlyph_Bots) by extension 'ignore_ament_install'
[1.372s] Level 1:colcon.colcon_core.package_identification:_identify(src/eYRC-2023_Hologlyph_Bots) by extensions ['colcon_pkg']
[1.372s] Level 1:colcon.colcon_core.package_identification:_identify(src/eYRC-2023_Hologlyph_Bots) by extension 'colcon_pkg'
[1.372s] Level 1:colcon.colcon_core.package_identification:_identify(src/eYRC-2023_Hologlyph_Bots) by extensions ['colcon_meta']
[1.372s] Level 1:colcon.colcon_core.package_identification:_identify(src/eYRC-2023_Hologlyph_Bots) by extension 'colcon_meta'
[1.372s] Level 1:colcon.colcon_core.package_identification:_identify(src/eYRC-2023_Hologlyph_Bots) by extensions ['ros']
[1.372s] Level 1:colcon.colcon_core.package_identification:_identify(src/eYRC-2023_Hologlyph_Bots) by extension 'ros'
[1.372s] Level 1:colcon.colcon_core.package_identification:_identify(src/eYRC-2023_Hologlyph_Bots) by extensions ['cmake', 'python']
[1.372s] Level 1:colcon.colcon_core.package_identification:_identify(src/eYRC-2023_Hologlyph_Bots) by extension 'cmake'
[1.372s] Level 1:colcon.colcon_core.package_identification:_identify(src/eYRC-2023_Hologlyph_Bots) by extension 'python'
[1.372s] Level 1:colcon.colcon_core.package_identification:_identify(src/eYRC-2023_Hologlyph_Bots) by extensions ['python_setup_py']
[1.372s] Level 1:colcon.colcon_core.package_identification:_identify(src/eYRC-2023_Hologlyph_Bots) by extension 'python_setup_py'
[1.372s] Level 1:colcon.colcon_core.package_identification:_identify(src/eYRC-2023_Hologlyph_Bots/hb_bot) by extensions ['ignore', 'ignore_ament_install']
[1.372s] Level 1:colcon.colcon_core.package_identification:_identify(src/eYRC-2023_Hologlyph_Bots/hb_bot) by extension 'ignore'
[1.372s] Level 1:colcon.colcon_core.package_identification:_identify(src/eYRC-2023_Hologlyph_Bots/hb_bot) by extension 'ignore_ament_install'
[1.372s] Level 1:colcon.colcon_core.package_identification:_identify(src/eYRC-2023_Hologlyph_Bots/hb_bot) by extensions ['colcon_pkg']
[1.373s] Level 1:colcon.colcon_core.package_identification:_identify(src/eYRC-2023_Hologlyph_Bots/hb_bot) by extension 'colcon_pkg'
[1.373s] Level 1:colcon.colcon_core.package_identification:_identify(src/eYRC-2023_Hologlyph_Bots/hb_bot) by extensions ['colcon_meta']
[1.373s] Level 1:colcon.colcon_core.package_identification:_identify(src/eYRC-2023_Hologlyph_Bots/hb_bot) by extension 'colcon_meta'
[1.373s] Level 1:colcon.colcon_core.package_identification:_identify(src/eYRC-2023_Hologlyph_Bots/hb_bot) by extensions ['ros']
[1.373s] Level 1:colcon.colcon_core.package_identification:_identify(src/eYRC-2023_Hologlyph_Bots/hb_bot) by extension 'ros'
[1.375s] DEBUG:colcon.colcon_core.package_identification:Package 'src/eYRC-2023_Hologlyph_Bots/hb_bot' with type 'ros.ament_cmake' and name 'hb_bot'
[1.375s] Level 1:colcon.colcon_core.package_identification:_identify(src/eYRC-2023_Hologlyph_Bots/hb_task1b_ws) by extensions ['ignore', 'ignore_ament_install']
[1.375s] Level 1:colcon.colcon_core.package_identification:_identify(src/eYRC-2023_Hologlyph_Bots/hb_task1b_ws) by extension 'ignore'
[1.375s] Level 1:colcon.colcon_core.package_identification:_identify(src/eYRC-2023_Hologlyph_Bots/hb_task1b_ws) by extension 'ignore_ament_install'
[1.375s] Level 1:colcon.colcon_core.package_identification:_identify(src/eYRC-2023_Hologlyph_Bots/hb_task1b_ws) by extensions ['colcon_pkg']
[1.375s] Level 1:colcon.colcon_core.package_identification:_identify(src/eYRC-2023_Hologlyph_Bots/hb_task1b_ws) by extension 'colcon_pkg'
[1.375s] Level 1:colcon.colcon_core.package_identification:_identify(src/eYRC-2023_Hologlyph_Bots/hb_task1b_ws) by extensions ['colcon_meta']
[1.375s] Level 1:colcon.colcon_core.package_identification:_identify(src/eYRC-2023_Hologlyph_Bots/hb_task1b_ws) by extension 'colcon_meta'
[1.375s] Level 1:colcon.colcon_core.package_identification:_identify(src/eYRC-2023_Hologlyph_Bots/hb_task1b_ws) by extensions ['ros']
[1.375s] Level 1:colcon.colcon_core.package_identification:_identify(src/eYRC-2023_Hologlyph_Bots/hb_task1b_ws) by extension 'ros'
[1.375s] Level 1:colcon.colcon_core.package_identification:_identify(src/eYRC-2023_Hologlyph_Bots/hb_task1b_ws) by extensions ['cmake', 'python']
[1.375s] Level 1:colcon.colcon_core.package_identification:_identify(src/eYRC-2023_Hologlyph_Bots/hb_task1b_ws) by extension 'cmake'
[1.375s] Level 1:colcon.colcon_core.package_identification:_identify(src/eYRC-2023_Hologlyph_Bots/hb_task1b_ws) by extension 'python'
[1.375s] Level 1:colcon.colcon_core.package_identification:_identify(src/eYRC-2023_Hologlyph_Bots/hb_task1b_ws) by extensions ['python_setup_py']
[1.375s] Level 1:colcon.colcon_core.package_identification:_identify(src/eYRC-2023_Hologlyph_Bots/hb_task1b_ws) by extension 'python_setup_py'
[1.375s] Level 1:colcon.colcon_core.package_identification:_identify(src/eYRC-2023_Hologlyph_Bots/hb_task1b_ws/src) by extensions ['ignore', 'ignore_ament_install']
[1.375s] Level 1:colcon.colcon_core.package_identification:_identify(src/eYRC-2023_Hologlyph_Bots/hb_task1b_ws/src) by extension 'ignore'
[1.376s] Level 1:colcon.colcon_core.package_identification:_identify(src/eYRC-2023_Hologlyph_Bots/hb_task1b_ws/src) by extension 'ignore_ament_install'
[1.376s] Level 1:colcon.colcon_core.package_identification:_identify(src/eYRC-2023_Hologlyph_Bots/hb_task1b_ws/src) by extensions ['colcon_pkg']
[1.376s] Level 1:colcon.colcon_core.package_identification:_identify(src/eYRC-2023_Hologlyph_Bots/hb_task1b_ws/src) by extension 'colcon_pkg'
[1.376s] Level 1:colcon.colcon_core.package_identification:_identify(src/eYRC-2023_Hologlyph_Bots/hb_task1b_ws/src) by extensions ['colcon_meta']
[1.376s] Level 1:colcon.colcon_core.package_identification:_identify(src/eYRC-2023_Hologlyph_Bots/hb_task1b_ws/src) by extension 'colcon_meta'
[1.376s] Level 1:colcon.colcon_core.package_identification:_identify(src/eYRC-2023_Hologlyph_Bots/hb_task1b_ws/src) by extensions ['ros']
[1.376s] Level 1:colcon.colcon_core.package_identification:_identify(src/eYRC-2023_Hologlyph_Bots/hb_task1b_ws/src) by extension 'ros'
[1.376s] Level 1:colcon.colcon_core.package_identification:_identify(src/eYRC-2023_Hologlyph_Bots/hb_task1b_ws/src) by extensions ['cmake', 'python']
[1.376s] Level 1:colcon.colcon_core.package_identification:_identify(src/eYRC-2023_Hologlyph_Bots/hb_task1b_ws/src) by extension 'cmake'
[1.376s] Level 1:colcon.colcon_core.package_identification:_identify(src/eYRC-2023_Hologlyph_Bots/hb_task1b_ws/src) by extension 'python'
[1.376s] Level 1:colcon.colcon_core.package_identification:_identify(src/eYRC-2023_Hologlyph_Bots/hb_task1b_ws/src) by extensions ['python_setup_py']
[1.376s] Level 1:colcon.colcon_core.package_identification:_identify(src/eYRC-2023_Hologlyph_Bots/hb_task1b_ws/src) by extension 'python_setup_py'
[1.376s] Level 1:colcon.colcon_core.package_identification:_identify(src/eYRC-2023_Hologlyph_Bots/hb_task1b_ws/src/hb_task_1b) by extensions ['ignore', 'ignore_ament_install']
[1.376s] Level 1:colcon.colcon_core.package_identification:_identify(src/eYRC-2023_Hologlyph_Bots/hb_task1b_ws/src/hb_task_1b) by extension 'ignore'
[1.376s] Level 1:colcon.colcon_core.package_identification:_identify(src/eYRC-2023_Hologlyph_Bots/hb_task1b_ws/src/hb_task_1b) by extension 'ignore_ament_install'
[1.376s] Level 1:colcon.colcon_core.package_identification:_identify(src/eYRC-2023_Hologlyph_Bots/hb_task1b_ws/src/hb_task_1b) by extensions ['colcon_pkg']
[1.376s] Level 1:colcon.colcon_core.package_identification:_identify(src/eYRC-2023_Hologlyph_Bots/hb_task1b_ws/src/hb_task_1b) by extension 'colcon_pkg'
[1.376s] Level 1:colcon.colcon_core.package_identification:_identify(src/eYRC-2023_Hologlyph_Bots/hb_task1b_ws/src/hb_task_1b) by extensions ['colcon_meta']
[1.376s] Level 1:colcon.colcon_core.package_identification:_identify(src/eYRC-2023_Hologlyph_Bots/hb_task1b_ws/src/hb_task_1b) by extension 'colcon_meta'
[1.376s] Level 1:colcon.colcon_core.package_identification:_identify(src/eYRC-2023_Hologlyph_Bots/hb_task1b_ws/src/hb_task_1b) by extensions ['ros']
[1.376s] Level 1:colcon.colcon_core.package_identification:_identify(src/eYRC-2023_Hologlyph_Bots/hb_task1b_ws/src/hb_task_1b) by extension 'ros'
[1.377s] DEBUG:colcon.colcon_core.package_identification:Package 'src/eYRC-2023_Hologlyph_Bots/hb_task1b_ws/src/hb_task_1b' with type 'ros.ament_python' and name 'hb_task_1b'
[1.377s] Level 1:colcon.colcon_core.package_identification:_identify(src/eYRC-2023_Hologlyph_Bots/hb_task1b_ws/src/my_robot_interfaces) by extensions ['ignore', 'ignore_ament_install']
[1.377s] Level 1:colcon.colcon_core.package_identification:_identify(src/eYRC-2023_Hologlyph_Bots/hb_task1b_ws/src/my_robot_interfaces) by extension 'ignore'
[1.377s] Level 1:colcon.colcon_core.package_identification:_identify(src/eYRC-2023_Hologlyph_Bots/hb_task1b_ws/src/my_robot_interfaces) by extension 'ignore_ament_install'
[1.377s] Level 1:colcon.colcon_core.package_identification:_identify(src/eYRC-2023_Hologlyph_Bots/hb_task1b_ws/src/my_robot_interfaces) by extensions ['colcon_pkg']
[1.377s] Level 1:colcon.colcon_core.package_identification:_identify(src/eYRC-2023_Hologlyph_Bots/hb_task1b_ws/src/my_robot_interfaces) by extension 'colcon_pkg'
[1.377s] Level 1:colcon.colcon_core.package_identification:_identify(src/eYRC-2023_Hologlyph_Bots/hb_task1b_ws/src/my_robot_interfaces) by extensions ['colcon_meta']
[1.377s] Level 1:colcon.colcon_core.package_identification:_identify(src/eYRC-2023_Hologlyph_Bots/hb_task1b_ws/src/my_robot_interfaces) by extension 'colcon_meta'
[1.377s] Level 1:colcon.colcon_core.package_identification:_identify(src/eYRC-2023_Hologlyph_Bots/hb_task1b_ws/src/my_robot_interfaces) by extensions ['ros']
[1.377s] Level 1:colcon.colcon_core.package_identification:_identify(src/eYRC-2023_Hologlyph_Bots/hb_task1b_ws/src/my_robot_interfaces) by extension 'ros'
[1.378s] DEBUG:colcon.colcon_core.package_identification:Package 'src/eYRC-2023_Hologlyph_Bots/hb_task1b_ws/src/my_robot_interfaces' with type 'ros.ament_cmake' and name 'my_robot_interfaces'
[1.378s] Level 1:colcon.colcon_core.package_identification:_identify(src/eYRC-2023_Hologlyph_Bots/hb_task2a) by extensions ['ignore', 'ignore_ament_install']
[1.378s] Level 1:colcon.colcon_core.package_identification:_identify(src/eYRC-2023_Hologlyph_Bots/hb_task2a) by extension 'ignore'
[1.378s] Level 1:colcon.colcon_core.package_identification:_identify(src/eYRC-2023_Hologlyph_Bots/hb_task2a) by extension 'ignore_ament_install'
[1.378s] Level 1:colcon.colcon_core.package_identification:_identify(src/eYRC-2023_Hologlyph_Bots/hb_task2a) by extensions ['colcon_pkg']
[1.378s] Level 1:colcon.colcon_core.package_identification:_identify(src/eYRC-2023_Hologlyph_Bots/hb_task2a) by extension 'colcon_pkg'
[1.378s] Level 1:colcon.colcon_core.package_identification:_identify(src/eYRC-2023_Hologlyph_Bots/hb_task2a) by extensions ['colcon_meta']
[1.378s] Level 1:colcon.colcon_core.package_identification:_identify(src/eYRC-2023_Hologlyph_Bots/hb_task2a) by extension 'colcon_meta'
[1.378s] Level 1:colcon.colcon_core.package_identification:_identify(src/eYRC-2023_Hologlyph_Bots/hb_task2a) by extensions ['ros']
[1.378s] Level 1:colcon.colcon_core.package_identification:_identify(src/eYRC-2023_Hologlyph_Bots/hb_task2a) by extension 'ros'
[1.379s] DEBUG:colcon.colcon_core.package_identification:Package 'src/eYRC-2023_Hologlyph_Bots/hb_task2a' with type 'ros.ament_python' and name 'hb_task2a'
[1.379s] Level 1:colcon.colcon_core.package_identification:_identify(src/eYRC-2023_Hologlyph_Bots/hb_task2b) by extensions ['ignore', 'ignore_ament_install']
[1.379s] Level 1:colcon.colcon_core.package_identification:_identify(src/eYRC-2023_Hologlyph_Bots/hb_task2b) by extension 'ignore'
[1.379s] Level 1:colcon.colcon_core.package_identification:_identify(src/eYRC-2023_Hologlyph_Bots/hb_task2b) by extension 'ignore_ament_install'
[1.379s] Level 1:colcon.colcon_core.package_identification:_identify(src/eYRC-2023_Hologlyph_Bots/hb_task2b) by extensions ['colcon_pkg']
[1.379s] Level 1:colcon.colcon_core.package_identification:_identify(src/eYRC-2023_Hologlyph_Bots/hb_task2b) by extension 'colcon_pkg'
[1.379s] Level 1:colcon.colcon_core.package_identification:_identify(src/eYRC-2023_Hologlyph_Bots/hb_task2b) by extensions ['colcon_meta']
[1.379s] Level 1:colcon.colcon_core.package_identification:_identify(src/eYRC-2023_Hologlyph_Bots/hb_task2b) by extension 'colcon_meta'
[1.379s] Level 1:colcon.colcon_core.package_identification:_identify(src/eYRC-2023_Hologlyph_Bots/hb_task2b) by extensions ['ros']
[1.379s] Level 1:colcon.colcon_core.package_identification:_identify(src/eYRC-2023_Hologlyph_Bots/hb_task2b) by extension 'ros'
[1.380s] DEBUG:colcon.colcon_core.package_identification:Package 'src/eYRC-2023_Hologlyph_Bots/hb_task2b' with type 'ros.ament_python' and name 'hb_task2b'
[1.380s] Level 1:colcon.colcon_core.package_identification:_identify(src/eYRC-2023_Hologlyph_Bots/hb_world) by extensions ['ignore', 'ignore_ament_install']
[1.380s] Level 1:colcon.colcon_core.package_identification:_identify(src/eYRC-2023_Hologlyph_Bots/hb_world) by extension 'ignore'
[1.380s] Level 1:colcon.colcon_core.package_identification:_identify(src/eYRC-2023_Hologlyph_Bots/hb_world) by extension 'ignore_ament_install'
[1.380s] Level 1:colcon.colcon_core.package_identification:_identify(src/eYRC-2023_Hologlyph_Bots/hb_world) by extensions ['colcon_pkg']
[1.380s] Level 1:colcon.colcon_core.package_identification:_identify(src/eYRC-2023_Hologlyph_Bots/hb_world) by extension 'colcon_pkg'
[1.380s] Level 1:colcon.colcon_core.package_identification:_identify(src/eYRC-2023_Hologlyph_Bots/hb_world) by extensions ['colcon_meta']
[1.380s] Level 1:colcon.colcon_core.package_identification:_identify(src/eYRC-2023_Hologlyph_Bots/hb_world) by extension 'colcon_meta'
[1.380s] Level 1:colcon.colcon_core.package_identification:_identify(src/eYRC-2023_Hologlyph_Bots/hb_world) by extensions ['ros']
[1.380s] Level 1:colcon.colcon_core.package_identification:_identify(src/eYRC-2023_Hologlyph_Bots/hb_world) by extension 'ros'
[1.381s] DEBUG:colcon.colcon_core.package_identification:Package 'src/eYRC-2023_Hologlyph_Bots/hb_world' with type 'ros.ament_cmake' and name 'hb_world'
[1.381s] Level 1:colcon.colcon_core.package_identification:_identify(src/eYRC-2023_Hologlyph_Bots/my_robot_interfaces) by extensions ['ignore', 'ignore_ament_install']
[1.381s] Level 1:colcon.colcon_core.package_identification:_identify(src/eYRC-2023_Hologlyph_Bots/my_robot_interfaces) by extension 'ignore'
[1.381s] Level 1:colcon.colcon_core.package_identification:_identify(src/eYRC-2023_Hologlyph_Bots/my_robot_interfaces) by extension 'ignore_ament_install'
[1.381s] Level 1:colcon.colcon_core.package_identification:_identify(src/eYRC-2023_Hologlyph_Bots/my_robot_interfaces) by extensions ['colcon_pkg']
[1.381s] Level 1:colcon.colcon_core.package_identification:_identify(src/eYRC-2023_Hologlyph_Bots/my_robot_interfaces) by extension 'colcon_pkg'
[1.381s] Level 1:colcon.colcon_core.package_identification:_identify(src/eYRC-2023_Hologlyph_Bots/my_robot_interfaces) by extensions ['colcon_meta']
[1.381s] Level 1:colcon.colcon_core.package_identification:_identify(src/eYRC-2023_Hologlyph_Bots/my_robot_interfaces) by extension 'colcon_meta'
[1.381s] Level 1:colcon.colcon_core.package_identification:_identify(src/eYRC-2023_Hologlyph_Bots/my_robot_interfaces) by extensions ['ros']
[1.381s] Level 1:colcon.colcon_core.package_identification:_identify(src/eYRC-2023_Hologlyph_Bots/my_robot_interfaces) by extension 'ros'
[1.381s] DEBUG:colcon.colcon_core.package_identification:Package 'src/eYRC-2023_Hologlyph_Bots/my_robot_interfaces' with type 'ros.ament_cmake' and name 'my_robot_interfaces'
[1.381s] Level 1:colcon.colcon_core.package_discovery:discover_packages(recursive) using defaults
[1.382s] Level 1:colcon.colcon_core.package_discovery:discover_packages(ignore) discover
[1.382s] Level 1:colcon.colcon_core.package_discovery:discover_packages(ignore) using defaults
[1.382s] Level 1:colcon.colcon_core.package_discovery:discover_packages(path) discover
[1.382s] Level 1:colcon.colcon_core.package_discovery:discover_packages(path) using defaults
[1.474s] Level 1:colcon.colcon_core.package_discovery:discover_packages(prefix_path) check parameters
[1.474s] Level 1:colcon.colcon_core.package_discovery:discover_packages(prefix_path) discover
[1.507s] DEBUG:colcon.colcon_installed_package_information.package_discovery:Found 33 installed packages in /home/srinjoy/ws_moveit/install
[1.523s] DEBUG:colcon.colcon_installed_package_information.package_discovery:Found 329 installed packages in /opt/ros/humble
[1.525s] Level 1:colcon.colcon_core.package_discovery:discover_packages(prefix_path) using defaults
[1.598s] ERROR:colcon:colcon build: Duplicate package names not supported:
- my_robot_interfaces:
  - src/eYRC-2023_Hologlyph_Bots/hb_task1b_ws/src/my_robot_interfaces
  - src/eYRC-2023_Hologlyph_Bots/my_robot_interfaces
