[0.466s] Invoking command in '/home/srinjoy/hb_task2_ws/build/hb_bot': CMAKE_PREFIX_PATH=${CMAKE_PREFIX_PATH}:/home/srinjoy/hb_task2_ws/install/hb_task2b:/home/srinjoy/hb_task2_ws/install/hb_task2a:/home/srinjoy/ws_moveit/install/moveit_configs_utils:/opt/ros/humble /home/srinjoy/.local/bin/cmake /home/srinjoy/hb_task2_ws/src/eYRC-2023_Hologlyph_Bots/hb_bot -DCMAKE_INSTALL_PREFIX=/home/srinjoy/hb_task2_ws/install/hb_bot
[1.144s] -- Found ament_cmake: 1.3.5 (/opt/ros/humble/share/ament_cmake/cmake)
[1.144s] -- Override CMake install command with custom implementation using symlinks instead of copying resources
[1.144s] -- Found rclcpp: 16.0.6 (/opt/ros/humble/share/rclcpp/cmake)
[1.144s] -- Found rosidl_generator_c: 3.1.5 (/opt/ros/humble/share/rosidl_generator_c/cmake)
[1.145s] -- Found rosidl_adapter: 3.1.5 (/opt/ros/humble/share/rosidl_adapter/cmake)
[1.145s] -- Found rosidl_generator_cpp: 3.1.5 (/opt/ros/humble/share/rosidl_generator_cpp/cmake)
[1.145s] -- Using all available rosidl_typesupport_c: rosidl_typesupport_fastrtps_c;rosidl_typesupport_introspection_c
[1.146s] -- Using all available rosidl_typesupport_cpp: rosidl_typesupport_fastrtps_cpp;rosidl_typesupport_introspection_cpp
[1.146s] -- Found rmw_implementation_cmake: 6.1.1 (/opt/ros/humble/share/rmw_implementation_cmake/cmake)
[1.146s] -- Found rmw_fastrtps_cpp: 6.2.4 (/opt/ros/humble/share/rmw_fastrtps_cpp/cmake)
[1.146s] -- Using RMW implementation 'rmw_fastrtps_cpp' as default
[1.254s] -- Found rclpy: 3.3.10 (/opt/ros/humble/share/rclpy/cmake)
[1.254s] -- Found urdf: 2.6.0 (/opt/ros/humble/share/urdf/cmake)
[1.286s] -- Found xacro: 2.0.8 (/opt/ros/humble/share/xacro/cmake)
[1.286s] -- Found ament_lint_auto: 0.12.8 (/opt/ros/humble/share/ament_lint_auto/cmake)
[1.366s] -- Added test 'flake8' to check Python code syntax and style conventions
[1.366s] -- Added test 'lint_cmake' to check CMake code style
[1.367s] -- Added test 'pep257' to check Python code against some of the docstring style conventions in PEP 257
[1.369s] -- Added test 'xmllint' to check XML markup files
[1.370s] -- Configuring done (0.9s)
[1.376s] -- Generating done (0.0s)
[1.378s] -- Build files have been written to: /home/srinjoy/hb_task2_ws/build/hb_bot
[1.400s] Invoked command in '/home/srinjoy/hb_task2_ws/build/hb_bot' returned '0': CMAKE_PREFIX_PATH=${CMAKE_PREFIX_PATH}:/home/srinjoy/hb_task2_ws/install/hb_task2b:/home/srinjoy/hb_task2_ws/install/hb_task2a:/home/srinjoy/ws_moveit/install/moveit_configs_utils:/opt/ros/humble /home/srinjoy/.local/bin/cmake /home/srinjoy/hb_task2_ws/src/eYRC-2023_Hologlyph_Bots/hb_bot -DCMAKE_INSTALL_PREFIX=/home/srinjoy/hb_task2_ws/install/hb_bot
[1.401s] Invoking command in '/home/srinjoy/hb_task2_ws/build/hb_bot': CMAKE_PREFIX_PATH=${CMAKE_PREFIX_PATH}:/home/srinjoy/hb_task2_ws/install/hb_task2b:/home/srinjoy/hb_task2_ws/install/hb_task2a:/home/srinjoy/ws_moveit/install/moveit_configs_utils:/opt/ros/humble /home/srinjoy/.local/bin/cmake --build /home/srinjoy/hb_task2_ws/build/hb_bot -- -j12 -l12
[1.465s] Invoked command in '/home/srinjoy/hb_task2_ws/build/hb_bot' returned '0': CMAKE_PREFIX_PATH=${CMAKE_PREFIX_PATH}:/home/srinjoy/hb_task2_ws/install/hb_task2b:/home/srinjoy/hb_task2_ws/install/hb_task2a:/home/srinjoy/ws_moveit/install/moveit_configs_utils:/opt/ros/humble /home/srinjoy/.local/bin/cmake --build /home/srinjoy/hb_task2_ws/build/hb_bot -- -j12 -l12
[1.571s] Invoking command in '/home/srinjoy/hb_task2_ws/build/hb_bot': CMAKE_PREFIX_PATH=${CMAKE_PREFIX_PATH}:/home/srinjoy/hb_task2_ws/install/hb_task2b:/home/srinjoy/hb_task2_ws/install/hb_task2a:/home/srinjoy/ws_moveit/install/moveit_configs_utils:/opt/ros/humble /home/srinjoy/.local/bin/cmake --install /home/srinjoy/hb_task2_ws/build/hb_bot
[1.600s] -- Install configuration: ""
[1.601s] -- Execute custom install script
[1.601s] -- Up-to-date symlink: /home/srinjoy/hb_task2_ws/install/hb_bot/share/hb_bot//launch/Spawn_bot.launch.py
[1.601s] -- Up-to-date symlink: /home/srinjoy/hb_task2_ws/install/hb_bot/share/hb_bot//launch/multi_bot_spawn.launch.py
[1.602s] -- Up-to-date symlink: /home/srinjoy/hb_task2_ws/install/hb_bot/share/hb_bot//meshes/bot_1.dae
[1.602s] -- Up-to-date symlink: /home/srinjoy/hb_task2_ws/install/hb_bot/share/hb_bot//meshes/bot_1.jpg
[1.602s] -- Up-to-date symlink: /home/srinjoy/hb_task2_ws/install/hb_bot/share/hb_bot//meshes/bot_1.jpg.001.jpg
[1.602s] -- Up-to-date symlink: /home/srinjoy/hb_task2_ws/install/hb_bot/share/hb_bot//meshes/bot_2.dae
[1.602s] -- Up-to-date symlink: /home/srinjoy/hb_task2_ws/install/hb_bot/share/hb_bot//meshes/bot_2.jpg
[1.602s] -- Up-to-date symlink: /home/srinjoy/hb_task2_ws/install/hb_bot/share/hb_bot//meshes/bot_2.jpg.001.jpg
[1.602s] -- Up-to-date symlink: /home/srinjoy/hb_task2_ws/install/hb_bot/share/hb_bot//meshes/bot_3.dae
[1.602s] -- Up-to-date symlink: /home/srinjoy/hb_task2_ws/install/hb_bot/share/hb_bot//meshes/bot_3.jpg
[1.602s] -- Up-to-date symlink: /home/srinjoy/hb_task2_ws/install/hb_bot/share/hb_bot//meshes/bot_3.jpg.001.jpg
[1.602s] -- Up-to-date symlink: /home/srinjoy/hb_task2_ws/install/hb_bot/share/hb_bot//meshes/wheel.stl
[1.603s] -- Up-to-date symlink: /home/srinjoy/hb_task2_ws/install/hb_bot/share/hb_bot//urdf/hb_bot_1.urdf.xacro
[1.603s] -- Up-to-date symlink: /home/srinjoy/hb_task2_ws/install/hb_bot/share/hb_bot//urdf/hb_bot_2.urdf.xacro
[1.603s] -- Up-to-date symlink: /home/srinjoy/hb_task2_ws/install/hb_bot/share/hb_bot//urdf/hb_bot_3.urdf.xacro
[1.603s] -- Up-to-date symlink: /home/srinjoy/hb_task2_ws/install/hb_bot/share/hb_bot//urdf/materials.xacro
[1.603s] -- Up-to-date symlink: /home/srinjoy/hb_task2_ws/install/hb_bot/share/ament_index/resource_index/package_run_dependencies/hb_bot
[1.603s] -- Up-to-date symlink: /home/srinjoy/hb_task2_ws/install/hb_bot/share/ament_index/resource_index/parent_prefix_path/hb_bot
[1.604s] -- Up-to-date symlink: /home/srinjoy/hb_task2_ws/install/hb_bot/share/hb_bot/environment/ament_prefix_path.sh
[1.604s] -- Up-to-date symlink: /home/srinjoy/hb_task2_ws/install/hb_bot/share/hb_bot/environment/ament_prefix_path.dsv
[1.604s] -- Up-to-date symlink: /home/srinjoy/hb_task2_ws/install/hb_bot/share/hb_bot/environment/path.sh
[1.604s] -- Up-to-date symlink: /home/srinjoy/hb_task2_ws/install/hb_bot/share/hb_bot/environment/path.dsv
[1.604s] -- Up-to-date symlink: /home/srinjoy/hb_task2_ws/install/hb_bot/share/hb_bot/local_setup.bash
[1.604s] -- Up-to-date symlink: /home/srinjoy/hb_task2_ws/install/hb_bot/share/hb_bot/local_setup.sh
[1.604s] -- Up-to-date symlink: /home/srinjoy/hb_task2_ws/install/hb_bot/share/hb_bot/local_setup.zsh
[1.604s] -- Up-to-date symlink: /home/srinjoy/hb_task2_ws/install/hb_bot/share/hb_bot/local_setup.dsv
[1.605s] -- Symlinking: /home/srinjoy/hb_task2_ws/install/hb_bot/share/hb_bot/package.dsv
[1.610s] -- Up-to-date symlink: /home/srinjoy/hb_task2_ws/install/hb_bot/share/ament_index/resource_index/packages/hb_bot
[1.610s] -- Up-to-date symlink: /home/srinjoy/hb_task2_ws/install/hb_bot/share/hb_bot/cmake/hb_botConfig.cmake
[1.611s] -- Up-to-date symlink: /home/srinjoy/hb_task2_ws/install/hb_bot/share/hb_bot/cmake/hb_botConfig-version.cmake
[1.611s] -- Up-to-date symlink: /home/srinjoy/hb_task2_ws/install/hb_bot/share/hb_bot/package.xml
[1.617s] Invoked command in '/home/srinjoy/hb_task2_ws/build/hb_bot' returned '0': CMAKE_PREFIX_PATH=${CMAKE_PREFIX_PATH}:/home/srinjoy/hb_task2_ws/install/hb_task2b:/home/srinjoy/hb_task2_ws/install/hb_task2a:/home/srinjoy/ws_moveit/install/moveit_configs_utils:/opt/ros/humble /home/srinjoy/.local/bin/cmake --install /home/srinjoy/hb_task2_ws/build/hb_bot
