running develop
/usr/lib/python3/dist-packages/setuptools/command/easy_install.py:158: EasyInstallDeprecationWarning: easy_install command is deprecated. Use build and pip and other standards-based tools.
  warnings.warn(
/usr/lib/python3/dist-packages/setuptools/command/install.py:34: SetuptoolsDeprecationWarning: setup.py install is deprecated. Use build and pip and other standards-based tools.
  warnings.warn(
Removing /home/srinjoy/hb_task2_ws/install/hb_task2b/lib/python3.10/site-packages/hb-task2b.egg-link (link to .)
running egg_info
writing ../../../build/hb_task2b/hb_task2b.egg-info/PKG-INFO
writing dependency_links to ../../../build/hb_task2b/hb_task2b.egg-info/dependency_links.txt
writing entry points to ../../../build/hb_task2b/hb_task2b.egg-info/entry_points.txt
writing requirements to ../../../build/hb_task2b/hb_task2b.egg-info/requires.txt
writing top-level names to ../../../build/hb_task2b/hb_task2b.egg-info/top_level.txt
reading manifest file '../../../build/hb_task2b/hb_task2b.egg-info/SOURCES.txt'
writing manifest file '../../../build/hb_task2b/hb_task2b.egg-info/SOURCES.txt'
running build
running build_py
running install
/usr/lib/python3/dist-packages/setuptools/command/install.py:34: SetuptoolsDeprecationWarning: setup.py install is deprecated. Use build and pip and other standards-based tools.
  warnings.warn(
running install_lib
creating /home/srinjoy/hb_task2_ws/install/hb_task2b/lib/python3.10/site-packages/hb_task2b
copying /home/srinjoy/hb_task2_ws/build/hb_task2b/build/lib/hb_task2b/nextGoalPub.py -> /home/srinjoy/hb_task2_ws/install/hb_task2b/lib/python3.10/site-packages/hb_task2b
copying /home/srinjoy/hb_task2_ws/build/hb_task2b/build/lib/hb_task2b/__init__.py -> /home/srinjoy/hb_task2_ws/install/hb_task2b/lib/python3.10/site-packages/hb_task2b
copying /home/srinjoy/hb_task2_ws/build/hb_task2b/build/lib/hb_task2b/bot_controller.py -> /home/srinjoy/hb_task2_ws/install/hb_task2b/lib/python3.10/site-packages/hb_task2b
byte-compiling /home/srinjoy/hb_task2_ws/install/hb_task2b/lib/python3.10/site-packages/hb_task2b/nextGoalPub.py to nextGoalPub.cpython-310.pyc
byte-compiling /home/srinjoy/hb_task2_ws/install/hb_task2b/lib/python3.10/site-packages/hb_task2b/__init__.py to __init__.cpython-310.pyc
byte-compiling /home/srinjoy/hb_task2_ws/install/hb_task2b/lib/python3.10/site-packages/hb_task2b/bot_controller.py to bot_controller.cpython-310.pyc
running install_data
running install_egg_info
Copying ../../../build/hb_task2b/hb_task2b.egg-info to /home/srinjoy/hb_task2_ws/install/hb_task2b/lib/python3.10/site-packages/hb_task2b-0.0.0-py3.10.egg-info
running install_scripts
Installing controller script to /home/srinjoy/hb_task2_ws/install/hb_task2b/lib/hb_task2b
Installing nextgoalpub script to /home/srinjoy/hb_task2_ws/install/hb_task2b/lib/hb_task2b
writing list of installed files to '/home/srinjoy/hb_task2_ws/build/hb_task2b/install.log'
