running develop
Removing /home/srinjoy/hb_task2_ws/install/hb_task2a/lib/python3.10/site-packages/hb-task2a.egg-link (link to .)
running egg_info
writing ../../../build/hb_task2a/hb_task2a.egg-info/PKG-INFO
writing dependency_links to ../../../build/hb_task2a/hb_task2a.egg-info/dependency_links.txt
writing entry points to ../../../build/hb_task2a/hb_task2a.egg-info/entry_points.txt
writing requirements to ../../../build/hb_task2a/hb_task2a.egg-info/requires.txt
writing top-level names to ../../../build/hb_task2a/hb_task2a.egg-info/top_level.txt
reading manifest file '../../../build/hb_task2a/hb_task2a.egg-info/SOURCES.txt'
writing manifest file '../../../build/hb_task2a/hb_task2a.egg-info/SOURCES.txt'
running build
running build_py
creating /home/srinjoy/hb_task2_ws/build/hb_task2a/build
creating /home/srinjoy/hb_task2_ws/build/hb_task2a/build/lib
creating /home/srinjoy/hb_task2_ws/build/hb_task2a/build/lib/hb_task2a
copying hb_task2a/__init__.py -> /home/srinjoy/hb_task2_ws/build/hb_task2a/build/lib/hb_task2a
running install
running install_lib
creating /home/srinjoy/hb_task2_ws/install/hb_task2a/lib/python3.10/site-packages/hb_task2a
copying /home/srinjoy/hb_task2_ws/build/hb_task2a/build/lib/hb_task2a/__init__.py -> /home/srinjoy/hb_task2_ws/install/hb_task2a/lib/python3.10/site-packages/hb_task2a
byte-compiling /home/srinjoy/hb_task2_ws/install/hb_task2a/lib/python3.10/site-packages/hb_task2a/__init__.py to __init__.cpython-310.pyc
running install_data
