[1.439s] Invoking command in '/home/srinjoy/hb_task2_ws/build/hb_task2a': PYTHONPATH=/home/srinjoy/hb_task2_ws/build/hb_task2a/prefix_override:/home/srinjoy/hb_task2_ws/install/hb_task2a/lib/python3.10/site-packages:${PYTHONPATH} /usr/bin/python3 setup.py develop --uninstall --editable --build-directory /home/srinjoy/hb_task2_ws/build/hb_task2a/build
[1.739s] running develop
[1.740s] /usr/lib/python3/dist-packages/setuptools/command/easy_install.py:158: EasyInstallDeprecationWarning: easy_install command is deprecated. Use build and pip and other standards-based tools.
[1.740s]   warnings.warn(
[1.740s] /usr/lib/python3/dist-packages/setuptools/command/install.py:34: SetuptoolsDeprecationWarning: setup.py install is deprecated. Use build and pip and other standards-based tools.
[1.740s]   warnings.warn(
[1.912s] Removing /home/srinjoy/hb_task2_ws/install/hb_task2a/lib/python3.10/site-packages/hb-task2a.egg-link (link to .)
[1.960s] Invoked command in '/home/srinjoy/hb_task2_ws/build/hb_task2a' returned '0': PYTHONPATH=/home/srinjoy/hb_task2_ws/build/hb_task2a/prefix_override:/home/srinjoy/hb_task2_ws/install/hb_task2a/lib/python3.10/site-packages:${PYTHONPATH} /usr/bin/python3 setup.py develop --uninstall --editable --build-directory /home/srinjoy/hb_task2_ws/build/hb_task2a/build
[1.961s] Invoking command in '/home/srinjoy/hb_task2_ws/src/eYRC-2023_Hologlyph_Bots/hb_task2a': PYTHONPATH=/home/srinjoy/hb_task2_ws/build/hb_task2a/prefix_override:/home/srinjoy/hb_task2_ws/install/hb_task2a/lib/python3.10/site-packages:${PYTHONPATH} /usr/bin/python3 setup.py egg_info --egg-base ../../../build/hb_task2a build --build-base /home/srinjoy/hb_task2_ws/build/hb_task2a/build install --record /home/srinjoy/hb_task2_ws/build/hb_task2a/install.log --single-version-externally-managed
[2.204s] running egg_info
[2.204s] writing ../../../build/hb_task2a/hb_task2a.egg-info/PKG-INFO
[2.205s] writing dependency_links to ../../../build/hb_task2a/hb_task2a.egg-info/dependency_links.txt
[2.205s] writing entry points to ../../../build/hb_task2a/hb_task2a.egg-info/entry_points.txt
[2.205s] writing requirements to ../../../build/hb_task2a/hb_task2a.egg-info/requires.txt
[2.205s] writing top-level names to ../../../build/hb_task2a/hb_task2a.egg-info/top_level.txt
[2.207s] reading manifest file '../../../build/hb_task2a/hb_task2a.egg-info/SOURCES.txt'
[2.208s] writing manifest file '../../../build/hb_task2a/hb_task2a.egg-info/SOURCES.txt'
[2.208s] running build
[2.208s] running build_py
[2.208s] creating /home/srinjoy/hb_task2_ws/build/hb_task2a/build
[2.209s] creating /home/srinjoy/hb_task2_ws/build/hb_task2a/build/lib
[2.209s] creating /home/srinjoy/hb_task2_ws/build/hb_task2a/build/lib/hb_task2a
[2.209s] copying hb_task2a/__init__.py -> /home/srinjoy/hb_task2_ws/build/hb_task2a/build/lib/hb_task2a
[2.209s] running install
[2.209s] /usr/lib/python3/dist-packages/setuptools/command/install.py:34: SetuptoolsDeprecationWarning: setup.py install is deprecated. Use build and pip and other standards-based tools.
[2.209s]   warnings.warn(
[2.209s] running install_lib
[2.210s] creating /home/srinjoy/hb_task2_ws/install/hb_task2a/lib/python3.10/site-packages/hb_task2a
[2.210s] copying /home/srinjoy/hb_task2_ws/build/hb_task2a/build/lib/hb_task2a/__init__.py -> /home/srinjoy/hb_task2_ws/install/hb_task2a/lib/python3.10/site-packages/hb_task2a
[2.210s] byte-compiling /home/srinjoy/hb_task2_ws/install/hb_task2a/lib/python3.10/site-packages/hb_task2a/__init__.py to __init__.cpython-310.pyc
[2.211s] running install_data
[2.211s] error: can't copy 'scripts/my_robot_interfaces': doesn't exist or not a regular file
[2.276s] Invoked command in '/home/srinjoy/hb_task2_ws/src/eYRC-2023_Hologlyph_Bots/hb_task2a' returned '1': PYTHONPATH=/home/srinjoy/hb_task2_ws/build/hb_task2a/prefix_override:/home/srinjoy/hb_task2_ws/install/hb_task2a/lib/python3.10/site-packages:${PYTHONPATH} /usr/bin/python3 setup.py egg_info --egg-base ../../../build/hb_task2a build --build-base /home/srinjoy/hb_task2_ws/build/hb_task2a/build install --record /home/srinjoy/hb_task2_ws/build/hb_task2a/install.log --single-version-externally-managed
