[1.331s] DEBUG:colcon:Command line arguments: ['/usr/bin/colcon', 'build']
[1.331s] DEBUG:colcon:Parsed command line arguments: Namespace(log_base=None, log_level=None, verb_name='build', build_base='build', install_base='install', merge_install=False, symlink_install=False, test_result_base=None, continue_on_error=False, executor='parallel', parallel_workers=12, event_handlers=None, ignore_user_meta=False, metas=['./colcon.meta'], base_paths=['.'], packages_ignore=None, packages_ignore_regex=None, paths=None, packages_up_to=None, packages_up_to_regex=None, packages_above=None, packages_above_and_dependencies=None, packages_above_depth=None, packages_select_by_dep=None, packages_skip_by_dep=None, packages_skip_up_to=None, packages_select_build_failed=False, packages_skip_build_finished=False, packages_select_test_failures=False, packages_skip_test_passed=False, packages_select=None, packages_skip=None, packages_select_regex=None, packages_skip_regex=None, packages_start=None, packages_end=None, allow_overriding=[], cmake_args=None, cmake_target=None, cmake_target_skip_unavailable=False, cmake_clean_cache=False, cmake_clean_first=False, cmake_force_configure=False, ament_cmake_args=None, catkin_cmake_args=None, catkin_skip_building_tests=False, mixin_files=None, mixin=None, verb_parser=<colcon_mixin.mixin.mixin_argument.MixinArgumentDecorator object at 0x7fea695837f0>, verb_extension=<colcon_core.verb.build.BuildVerb object at 0x7fea699fc760>, main=<bound method BuildVerb.main of <colcon_core.verb.build.BuildVerb object at 0x7fea699fc760>>, mixin_verb=('build',))
[1.387s] Level 1:colcon.colcon_core.package_discovery:discover_packages(colcon_meta) check parameters
[1.387s] Level 1:colcon.colcon_core.package_discovery:discover_packages(recursive) check parameters
[1.387s] Level 1:colcon.colcon_core.package_discovery:discover_packages(ignore) check parameters
[1.387s] Level 1:colcon.colcon_core.package_discovery:discover_packages(path) check parameters
[1.387s] Level 1:colcon.colcon_core.package_discovery:discover_packages(colcon_meta) discover
[1.387s] Level 1:colcon.colcon_core.package_discovery:discover_packages(recursive) discover
[1.387s] INFO:colcon.colcon_core.package_discovery:Crawling recursively for packages in '/home/srinjoy/hb_task2_ws'
[1.387s] Level 1:colcon.colcon_core.package_identification:_identify(.) by extensions ['ignore', 'ignore_ament_install']
[1.387s] Level 1:colcon.colcon_core.package_identification:_identify(.) by extension 'ignore'
[1.387s] Level 1:colcon.colcon_core.package_identification:_identify(.) by extension 'ignore_ament_install'
[1.388s] Level 1:colcon.colcon_core.package_identification:_identify(.) by extensions ['colcon_pkg']
[1.388s] Level 1:colcon.colcon_core.package_identification:_identify(.) by extension 'colcon_pkg'
[1.388s] Level 1:colcon.colcon_core.package_identification:_identify(.) by extensions ['colcon_meta']
[1.388s] Level 1:colcon.colcon_core.package_identification:_identify(.) by extension 'colcon_meta'
[1.388s] Level 1:colcon.colcon_core.package_identification:_identify(.) by extensions ['ros']
[1.388s] Level 1:colcon.colcon_core.package_identification:_identify(.) by extension 'ros'
[1.397s] Level 1:colcon.colcon_core.package_identification:_identify(.) by extensions ['cmake', 'python']
[1.397s] Level 1:colcon.colcon_core.package_identification:_identify(.) by extension 'cmake'
[1.397s] Level 1:colcon.colcon_core.package_identification:_identify(.) by extension 'python'
[1.397s] Level 1:colcon.colcon_core.package_identification:_identify(.) by extensions ['python_setup_py']
[1.397s] Level 1:colcon.colcon_core.package_identification:_identify(.) by extension 'python_setup_py'
[1.397s] Level 1:colcon.colcon_core.package_identification:_identify(build) by extensions ['ignore', 'ignore_ament_install']
[1.397s] Level 1:colcon.colcon_core.package_identification:_identify(build) by extension 'ignore'
[1.397s] Level 1:colcon.colcon_core.package_identification:_identify(build) ignored
[1.397s] Level 1:colcon.colcon_core.package_identification:_identify(install) by extensions ['ignore', 'ignore_ament_install']
[1.398s] Level 1:colcon.colcon_core.package_identification:_identify(install) by extension 'ignore'
[1.398s] Level 1:colcon.colcon_core.package_identification:_identify(install) ignored
[1.398s] Level 1:colcon.colcon_core.package_identification:_identify(log) by extensions ['ignore', 'ignore_ament_install']
[1.398s] Level 1:colcon.colcon_core.package_identification:_identify(log) by extension 'ignore'
[1.398s] Level 1:colcon.colcon_core.package_identification:_identify(log) ignored
[1.398s] Level 1:colcon.colcon_core.package_identification:_identify(src) by extensions ['ignore', 'ignore_ament_install']
[1.398s] Level 1:colcon.colcon_core.package_identification:_identify(src) by extension 'ignore'
[1.398s] Level 1:colcon.colcon_core.package_identification:_identify(src) by extension 'ignore_ament_install'
[1.398s] Level 1:colcon.colcon_core.package_identification:_identify(src) by extensions ['colcon_pkg']
[1.398s] Level 1:colcon.colcon_core.package_identification:_identify(src) by extension 'colcon_pkg'
[1.398s] Level 1:colcon.colcon_core.package_identification:_identify(src) by extensions ['colcon_meta']
[1.398s] Level 1:colcon.colcon_core.package_identification:_identify(src) by extension 'colcon_meta'
[1.398s] Level 1:colcon.colcon_core.package_identification:_identify(src) by extensions ['ros']
[1.398s] Level 1:colcon.colcon_core.package_identification:_identify(src) by extension 'ros'
[1.398s] Level 1:colcon.colcon_core.package_identification:_identify(src) by extensions ['cmake', 'python']
[1.398s] Level 1:colcon.colcon_core.package_identification:_identify(src) by extension 'cmake'
[1.398s] Level 1:colcon.colcon_core.package_identification:_identify(src) by extension 'python'
[1.398s] Level 1:colcon.colcon_core.package_identification:_identify(src) by extensions ['python_setup_py']
[1.398s] Level 1:colcon.colcon_core.package_identification:_identify(src) by extension 'python_setup_py'
[1.398s] Level 1:colcon.colcon_core.package_identification:_identify(src/eYRC-2023_Hologlyph_Bots) by extensions ['ignore', 'ignore_ament_install']
[1.398s] Level 1:colcon.colcon_core.package_identification:_identify(src/eYRC-2023_Hologlyph_Bots) by extension 'ignore'
[1.398s] Level 1:colcon.colcon_core.package_identification:_identify(src/eYRC-2023_Hologlyph_Bots) by extension 'ignore_ament_install'
[1.399s] Level 1:colcon.colcon_core.package_identification:_identify(src/eYRC-2023_Hologlyph_Bots) by extensions ['colcon_pkg']
[1.399s] Level 1:colcon.colcon_core.package_identification:_identify(src/eYRC-2023_Hologlyph_Bots) by extension 'colcon_pkg'
[1.399s] Level 1:colcon.colcon_core.package_identification:_identify(src/eYRC-2023_Hologlyph_Bots) by extensions ['colcon_meta']
[1.399s] Level 1:colcon.colcon_core.package_identification:_identify(src/eYRC-2023_Hologlyph_Bots) by extension 'colcon_meta'
[1.399s] Level 1:colcon.colcon_core.package_identification:_identify(src/eYRC-2023_Hologlyph_Bots) by extensions ['ros']
[1.399s] Level 1:colcon.colcon_core.package_identification:_identify(src/eYRC-2023_Hologlyph_Bots) by extension 'ros'
[1.399s] Level 1:colcon.colcon_core.package_identification:_identify(src/eYRC-2023_Hologlyph_Bots) by extensions ['cmake', 'python']
[1.399s] Level 1:colcon.colcon_core.package_identification:_identify(src/eYRC-2023_Hologlyph_Bots) by extension 'cmake'
[1.399s] Level 1:colcon.colcon_core.package_identification:_identify(src/eYRC-2023_Hologlyph_Bots) by extension 'python'
[1.399s] Level 1:colcon.colcon_core.package_identification:_identify(src/eYRC-2023_Hologlyph_Bots) by extensions ['python_setup_py']
[1.399s] Level 1:colcon.colcon_core.package_identification:_identify(src/eYRC-2023_Hologlyph_Bots) by extension 'python_setup_py'
[1.399s] Level 1:colcon.colcon_core.package_identification:_identify(src/eYRC-2023_Hologlyph_Bots/hb_bot) by extensions ['ignore', 'ignore_ament_install']
[1.399s] Level 1:colcon.colcon_core.package_identification:_identify(src/eYRC-2023_Hologlyph_Bots/hb_bot) by extension 'ignore'
[1.399s] Level 1:colcon.colcon_core.package_identification:_identify(src/eYRC-2023_Hologlyph_Bots/hb_bot) by extension 'ignore_ament_install'
[1.399s] Level 1:colcon.colcon_core.package_identification:_identify(src/eYRC-2023_Hologlyph_Bots/hb_bot) by extensions ['colcon_pkg']
[1.399s] Level 1:colcon.colcon_core.package_identification:_identify(src/eYRC-2023_Hologlyph_Bots/hb_bot) by extension 'colcon_pkg'
[1.399s] Level 1:colcon.colcon_core.package_identification:_identify(src/eYRC-2023_Hologlyph_Bots/hb_bot) by extensions ['colcon_meta']
[1.399s] Level 1:colcon.colcon_core.package_identification:_identify(src/eYRC-2023_Hologlyph_Bots/hb_bot) by extension 'colcon_meta'
[1.399s] Level 1:colcon.colcon_core.package_identification:_identify(src/eYRC-2023_Hologlyph_Bots/hb_bot) by extensions ['ros']
[1.399s] Level 1:colcon.colcon_core.package_identification:_identify(src/eYRC-2023_Hologlyph_Bots/hb_bot) by extension 'ros'
[1.401s] DEBUG:colcon.colcon_core.package_identification:Package 'src/eYRC-2023_Hologlyph_Bots/hb_bot' with type 'ros.ament_cmake' and name 'hb_bot'
[1.401s] Level 1:colcon.colcon_core.package_identification:_identify(src/eYRC-2023_Hologlyph_Bots/hb_task2a) by extensions ['ignore', 'ignore_ament_install']
[1.401s] Level 1:colcon.colcon_core.package_identification:_identify(src/eYRC-2023_Hologlyph_Bots/hb_task2a) by extension 'ignore'
[1.402s] Level 1:colcon.colcon_core.package_identification:_identify(src/eYRC-2023_Hologlyph_Bots/hb_task2a) by extension 'ignore_ament_install'
[1.402s] Level 1:colcon.colcon_core.package_identification:_identify(src/eYRC-2023_Hologlyph_Bots/hb_task2a) by extensions ['colcon_pkg']
[1.402s] Level 1:colcon.colcon_core.package_identification:_identify(src/eYRC-2023_Hologlyph_Bots/hb_task2a) by extension 'colcon_pkg'
[1.402s] Level 1:colcon.colcon_core.package_identification:_identify(src/eYRC-2023_Hologlyph_Bots/hb_task2a) by extensions ['colcon_meta']
[1.402s] Level 1:colcon.colcon_core.package_identification:_identify(src/eYRC-2023_Hologlyph_Bots/hb_task2a) by extension 'colcon_meta'
[1.402s] Level 1:colcon.colcon_core.package_identification:_identify(src/eYRC-2023_Hologlyph_Bots/hb_task2a) by extensions ['ros']
[1.402s] Level 1:colcon.colcon_core.package_identification:_identify(src/eYRC-2023_Hologlyph_Bots/hb_task2a) by extension 'ros'
[1.402s] DEBUG:colcon.colcon_core.package_identification:Package 'src/eYRC-2023_Hologlyph_Bots/hb_task2a' with type 'ros.ament_python' and name 'hb_task2a'
[1.402s] Level 1:colcon.colcon_core.package_identification:_identify(src/eYRC-2023_Hologlyph_Bots/hb_task2b) by extensions ['ignore', 'ignore_ament_install']
[1.402s] Level 1:colcon.colcon_core.package_identification:_identify(src/eYRC-2023_Hologlyph_Bots/hb_task2b) by extension 'ignore'
[1.403s] Level 1:colcon.colcon_core.package_identification:_identify(src/eYRC-2023_Hologlyph_Bots/hb_task2b) by extension 'ignore_ament_install'
[1.403s] Level 1:colcon.colcon_core.package_identification:_identify(src/eYRC-2023_Hologlyph_Bots/hb_task2b) by extensions ['colcon_pkg']
[1.403s] Level 1:colcon.colcon_core.package_identification:_identify(src/eYRC-2023_Hologlyph_Bots/hb_task2b) by extension 'colcon_pkg'
[1.403s] Level 1:colcon.colcon_core.package_identification:_identify(src/eYRC-2023_Hologlyph_Bots/hb_task2b) by extensions ['colcon_meta']
[1.403s] Level 1:colcon.colcon_core.package_identification:_identify(src/eYRC-2023_Hologlyph_Bots/hb_task2b) by extension 'colcon_meta'
[1.403s] Level 1:colcon.colcon_core.package_identification:_identify(src/eYRC-2023_Hologlyph_Bots/hb_task2b) by extensions ['ros']
[1.403s] Level 1:colcon.colcon_core.package_identification:_identify(src/eYRC-2023_Hologlyph_Bots/hb_task2b) by extension 'ros'
[1.403s] DEBUG:colcon.colcon_core.package_identification:Package 'src/eYRC-2023_Hologlyph_Bots/hb_task2b' with type 'ros.ament_python' and name 'hb_task2b'
[1.403s] Level 1:colcon.colcon_core.package_identification:_identify(src/eYRC-2023_Hologlyph_Bots/hb_world) by extensions ['ignore', 'ignore_ament_install']
[1.403s] Level 1:colcon.colcon_core.package_identification:_identify(src/eYRC-2023_Hologlyph_Bots/hb_world) by extension 'ignore'
[1.404s] Level 1:colcon.colcon_core.package_identification:_identify(src/eYRC-2023_Hologlyph_Bots/hb_world) by extension 'ignore_ament_install'
[1.404s] Level 1:colcon.colcon_core.package_identification:_identify(src/eYRC-2023_Hologlyph_Bots/hb_world) by extensions ['colcon_pkg']
[1.404s] Level 1:colcon.colcon_core.package_identification:_identify(src/eYRC-2023_Hologlyph_Bots/hb_world) by extension 'colcon_pkg'
[1.404s] Level 1:colcon.colcon_core.package_identification:_identify(src/eYRC-2023_Hologlyph_Bots/hb_world) by extensions ['colcon_meta']
[1.404s] Level 1:colcon.colcon_core.package_identification:_identify(src/eYRC-2023_Hologlyph_Bots/hb_world) by extension 'colcon_meta'
[1.404s] Level 1:colcon.colcon_core.package_identification:_identify(src/eYRC-2023_Hologlyph_Bots/hb_world) by extensions ['ros']
[1.404s] Level 1:colcon.colcon_core.package_identification:_identify(src/eYRC-2023_Hologlyph_Bots/hb_world) by extension 'ros'
[1.404s] DEBUG:colcon.colcon_core.package_identification:Package 'src/eYRC-2023_Hologlyph_Bots/hb_world' with type 'ros.ament_cmake' and name 'hb_world'
[1.404s] Level 1:colcon.colcon_core.package_identification:_identify(src/eYRC-2023_Hologlyph_Bots/my_robot_interfaces) by extensions ['ignore', 'ignore_ament_install']
[1.404s] Level 1:colcon.colcon_core.package_identification:_identify(src/eYRC-2023_Hologlyph_Bots/my_robot_interfaces) by extension 'ignore'
[1.404s] Level 1:colcon.colcon_core.package_identification:_identify(src/eYRC-2023_Hologlyph_Bots/my_robot_interfaces) by extension 'ignore_ament_install'
[1.404s] Level 1:colcon.colcon_core.package_identification:_identify(src/eYRC-2023_Hologlyph_Bots/my_robot_interfaces) by extensions ['colcon_pkg']
[1.404s] Level 1:colcon.colcon_core.package_identification:_identify(src/eYRC-2023_Hologlyph_Bots/my_robot_interfaces) by extension 'colcon_pkg'
[1.404s] Level 1:colcon.colcon_core.package_identification:_identify(src/eYRC-2023_Hologlyph_Bots/my_robot_interfaces) by extensions ['colcon_meta']
[1.404s] Level 1:colcon.colcon_core.package_identification:_identify(src/eYRC-2023_Hologlyph_Bots/my_robot_interfaces) by extension 'colcon_meta'
[1.404s] Level 1:colcon.colcon_core.package_identification:_identify(src/eYRC-2023_Hologlyph_Bots/my_robot_interfaces) by extensions ['ros']
[1.405s] Level 1:colcon.colcon_core.package_identification:_identify(src/eYRC-2023_Hologlyph_Bots/my_robot_interfaces) by extension 'ros'
[1.405s] DEBUG:colcon.colcon_core.package_identification:Package 'src/eYRC-2023_Hologlyph_Bots/my_robot_interfaces' with type 'ros.ament_cmake' and name 'my_robot_interfaces'
[1.405s] Level 1:colcon.colcon_core.package_discovery:discover_packages(recursive) using defaults
[1.405s] Level 1:colcon.colcon_core.package_discovery:discover_packages(ignore) discover
[1.405s] Level 1:colcon.colcon_core.package_discovery:discover_packages(ignore) using defaults
[1.405s] Level 1:colcon.colcon_core.package_discovery:discover_packages(path) discover
[1.405s] Level 1:colcon.colcon_core.package_discovery:discover_packages(path) using defaults
[1.500s] Level 1:colcon.colcon_core.package_discovery:discover_packages(prefix_path) check parameters
[1.500s] Level 1:colcon.colcon_core.package_discovery:discover_packages(prefix_path) discover
[1.534s] DEBUG:colcon.colcon_installed_package_information.package_discovery:Found 33 installed packages in /home/srinjoy/ws_moveit/install
[1.550s] DEBUG:colcon.colcon_installed_package_information.package_discovery:Found 5 installed packages in /home/srinjoy/hb_task2_ws/install
[1.566s] DEBUG:colcon.colcon_installed_package_information.package_discovery:Found 329 installed packages in /opt/ros/humble
[1.568s] Level 1:colcon.colcon_core.package_discovery:discover_packages(prefix_path) using defaults
[1.657s] Level 5:colcon.colcon_core.verb:set package 'hb_bot' build argument 'cmake_args' from command line to 'None'
[1.657s] Level 5:colcon.colcon_core.verb:set package 'hb_bot' build argument 'cmake_target' from command line to 'None'
[1.657s] Level 5:colcon.colcon_core.verb:set package 'hb_bot' build argument 'cmake_target_skip_unavailable' from command line to 'False'
[1.657s] Level 5:colcon.colcon_core.verb:set package 'hb_bot' build argument 'cmake_clean_cache' from command line to 'False'
[1.657s] Level 5:colcon.colcon_core.verb:set package 'hb_bot' build argument 'cmake_clean_first' from command line to 'False'
[1.657s] Level 5:colcon.colcon_core.verb:set package 'hb_bot' build argument 'cmake_force_configure' from command line to 'False'
[1.657s] Level 5:colcon.colcon_core.verb:set package 'hb_bot' build argument 'ament_cmake_args' from command line to 'None'
[1.657s] Level 5:colcon.colcon_core.verb:set package 'hb_bot' build argument 'catkin_cmake_args' from command line to 'None'
[1.657s] Level 5:colcon.colcon_core.verb:set package 'hb_bot' build argument 'catkin_skip_building_tests' from command line to 'False'
[1.657s] DEBUG:colcon.colcon_core.verb:Building package 'hb_bot' with the following arguments: {'ament_cmake_args': None, 'build_base': '/home/srinjoy/hb_task2_ws/build/hb_bot', 'catkin_cmake_args': None, 'catkin_skip_building_tests': False, 'cmake_args': None, 'cmake_clean_cache': False, 'cmake_clean_first': False, 'cmake_force_configure': False, 'cmake_target': None, 'cmake_target_skip_unavailable': False, 'install_base': '/home/srinjoy/hb_task2_ws/install/hb_bot', 'merge_install': False, 'path': '/home/srinjoy/hb_task2_ws/src/eYRC-2023_Hologlyph_Bots/hb_bot', 'symlink_install': False, 'test_result_base': None}
[1.673s] Level 5:colcon.colcon_core.verb:set package 'hb_task2a' build argument 'cmake_args' from command line to 'None'
[1.673s] Level 5:colcon.colcon_core.verb:set package 'hb_task2a' build argument 'cmake_target' from command line to 'None'
[1.673s] Level 5:colcon.colcon_core.verb:set package 'hb_task2a' build argument 'cmake_target_skip_unavailable' from command line to 'False'
[1.673s] Level 5:colcon.colcon_core.verb:set package 'hb_task2a' build argument 'cmake_clean_cache' from command line to 'False'
[1.673s] Level 5:colcon.colcon_core.verb:set package 'hb_task2a' build argument 'cmake_clean_first' from command line to 'False'
[1.673s] Level 5:colcon.colcon_core.verb:set package 'hb_task2a' build argument 'cmake_force_configure' from command line to 'False'
[1.673s] Level 5:colcon.colcon_core.verb:set package 'hb_task2a' build argument 'ament_cmake_args' from command line to 'None'
[1.673s] Level 5:colcon.colcon_core.verb:set package 'hb_task2a' build argument 'catkin_cmake_args' from command line to 'None'
[1.673s] Level 5:colcon.colcon_core.verb:set package 'hb_task2a' build argument 'catkin_skip_building_tests' from command line to 'False'
[1.673s] DEBUG:colcon.colcon_core.verb:Building package 'hb_task2a' with the following arguments: {'ament_cmake_args': None, 'build_base': '/home/srinjoy/hb_task2_ws/build/hb_task2a', 'catkin_cmake_args': None, 'catkin_skip_building_tests': False, 'cmake_args': None, 'cmake_clean_cache': False, 'cmake_clean_first': False, 'cmake_force_configure': False, 'cmake_target': None, 'cmake_target_skip_unavailable': False, 'install_base': '/home/srinjoy/hb_task2_ws/install/hb_task2a', 'merge_install': False, 'path': '/home/srinjoy/hb_task2_ws/src/eYRC-2023_Hologlyph_Bots/hb_task2a', 'symlink_install': False, 'test_result_base': None}
[1.689s] Level 5:colcon.colcon_core.verb:set package 'hb_task2b' build argument 'cmake_args' from command line to 'None'
[1.689s] Level 5:colcon.colcon_core.verb:set package 'hb_task2b' build argument 'cmake_target' from command line to 'None'
[1.689s] Level 5:colcon.colcon_core.verb:set package 'hb_task2b' build argument 'cmake_target_skip_unavailable' from command line to 'False'
[1.689s] Level 5:colcon.colcon_core.verb:set package 'hb_task2b' build argument 'cmake_clean_cache' from command line to 'False'
[1.689s] Level 5:colcon.colcon_core.verb:set package 'hb_task2b' build argument 'cmake_clean_first' from command line to 'False'
[1.689s] Level 5:colcon.colcon_core.verb:set package 'hb_task2b' build argument 'cmake_force_configure' from command line to 'False'
[1.689s] Level 5:colcon.colcon_core.verb:set package 'hb_task2b' build argument 'ament_cmake_args' from command line to 'None'
[1.689s] Level 5:colcon.colcon_core.verb:set package 'hb_task2b' build argument 'catkin_cmake_args' from command line to 'None'
[1.689s] Level 5:colcon.colcon_core.verb:set package 'hb_task2b' build argument 'catkin_skip_building_tests' from command line to 'False'
[1.689s] DEBUG:colcon.colcon_core.verb:Building package 'hb_task2b' with the following arguments: {'ament_cmake_args': None, 'build_base': '/home/srinjoy/hb_task2_ws/build/hb_task2b', 'catkin_cmake_args': None, 'catkin_skip_building_tests': False, 'cmake_args': None, 'cmake_clean_cache': False, 'cmake_clean_first': False, 'cmake_force_configure': False, 'cmake_target': None, 'cmake_target_skip_unavailable': False, 'install_base': '/home/srinjoy/hb_task2_ws/install/hb_task2b', 'merge_install': False, 'path': '/home/srinjoy/hb_task2_ws/src/eYRC-2023_Hologlyph_Bots/hb_task2b', 'symlink_install': False, 'test_result_base': None}
[1.705s] Level 5:colcon.colcon_core.verb:set package 'hb_world' build argument 'cmake_args' from command line to 'None'
[1.705s] Level 5:colcon.colcon_core.verb:set package 'hb_world' build argument 'cmake_target' from command line to 'None'
[1.705s] Level 5:colcon.colcon_core.verb:set package 'hb_world' build argument 'cmake_target_skip_unavailable' from command line to 'False'
[1.705s] Level 5:colcon.colcon_core.verb:set package 'hb_world' build argument 'cmake_clean_cache' from command line to 'False'
[1.705s] Level 5:colcon.colcon_core.verb:set package 'hb_world' build argument 'cmake_clean_first' from command line to 'False'
[1.705s] Level 5:colcon.colcon_core.verb:set package 'hb_world' build argument 'cmake_force_configure' from command line to 'False'
[1.705s] Level 5:colcon.colcon_core.verb:set package 'hb_world' build argument 'ament_cmake_args' from command line to 'None'
[1.705s] Level 5:colcon.colcon_core.verb:set package 'hb_world' build argument 'catkin_cmake_args' from command line to 'None'
[1.705s] Level 5:colcon.colcon_core.verb:set package 'hb_world' build argument 'catkin_skip_building_tests' from command line to 'False'
[1.705s] DEBUG:colcon.colcon_core.verb:Building package 'hb_world' with the following arguments: {'ament_cmake_args': None, 'build_base': '/home/srinjoy/hb_task2_ws/build/hb_world', 'catkin_cmake_args': None, 'catkin_skip_building_tests': False, 'cmake_args': None, 'cmake_clean_cache': False, 'cmake_clean_first': False, 'cmake_force_configure': False, 'cmake_target': None, 'cmake_target_skip_unavailable': False, 'install_base': '/home/srinjoy/hb_task2_ws/install/hb_world', 'merge_install': False, 'path': '/home/srinjoy/hb_task2_ws/src/eYRC-2023_Hologlyph_Bots/hb_world', 'symlink_install': False, 'test_result_base': None}
[1.721s] Level 5:colcon.colcon_core.verb:set package 'my_robot_interfaces' build argument 'cmake_args' from command line to 'None'
[1.721s] Level 5:colcon.colcon_core.verb:set package 'my_robot_interfaces' build argument 'cmake_target' from command line to 'None'
[1.721s] Level 5:colcon.colcon_core.verb:set package 'my_robot_interfaces' build argument 'cmake_target_skip_unavailable' from command line to 'False'
[1.721s] Level 5:colcon.colcon_core.verb:set package 'my_robot_interfaces' build argument 'cmake_clean_cache' from command line to 'False'
[1.721s] Level 5:colcon.colcon_core.verb:set package 'my_robot_interfaces' build argument 'cmake_clean_first' from command line to 'False'
[1.721s] Level 5:colcon.colcon_core.verb:set package 'my_robot_interfaces' build argument 'cmake_force_configure' from command line to 'False'
[1.721s] Level 5:colcon.colcon_core.verb:set package 'my_robot_interfaces' build argument 'ament_cmake_args' from command line to 'None'
[1.721s] Level 5:colcon.colcon_core.verb:set package 'my_robot_interfaces' build argument 'catkin_cmake_args' from command line to 'None'
[1.721s] Level 5:colcon.colcon_core.verb:set package 'my_robot_interfaces' build argument 'catkin_skip_building_tests' from command line to 'False'
[1.721s] DEBUG:colcon.colcon_core.verb:Building package 'my_robot_interfaces' with the following arguments: {'ament_cmake_args': None, 'build_base': '/home/srinjoy/hb_task2_ws/build/my_robot_interfaces', 'catkin_cmake_args': None, 'catkin_skip_building_tests': False, 'cmake_args': None, 'cmake_clean_cache': False, 'cmake_clean_first': False, 'cmake_force_configure': False, 'cmake_target': None, 'cmake_target_skip_unavailable': False, 'install_base': '/home/srinjoy/hb_task2_ws/install/my_robot_interfaces', 'merge_install': False, 'path': '/home/srinjoy/hb_task2_ws/src/eYRC-2023_Hologlyph_Bots/my_robot_interfaces', 'symlink_install': False, 'test_result_base': None}
[1.736s] INFO:colcon.colcon_core.executor:Executing jobs using 'parallel' executor
[1.753s] DEBUG:colcon.colcon_parallel_executor.executor.parallel:run_until_complete
[1.753s] INFO:colcon.colcon_ros.task.ament_cmake.build:Building ROS package in '/home/srinjoy/hb_task2_ws/src/eYRC-2023_Hologlyph_Bots/hb_bot' with build type 'ament_cmake'
[1.753s] INFO:colcon.colcon_cmake.task.cmake.build:Building CMake package in '/home/srinjoy/hb_task2_ws/src/eYRC-2023_Hologlyph_Bots/hb_bot'
[1.770s] INFO:colcon.colcon_core.plugin_system:Skipping extension 'colcon_core.shell.bat': Not used on non-Windows systems
[1.771s] INFO:colcon.colcon_core.shell:Skip shell extension 'powershell' for command environment: Not usable outside of PowerShell
[1.771s] DEBUG:colcon.colcon_core.shell:Skip shell extension 'dsv' for command environment
[1.837s] INFO:colcon.colcon_ros.task.ament_python.build:Building ROS package in '/home/srinjoy/hb_task2_ws/src/eYRC-2023_Hologlyph_Bots/hb_task2a' with build type 'ament_python'
[1.837s] Level 1:colcon.colcon_core.shell:create_environment_hook('hb_task2a', 'ament_prefix_path')
[1.853s] INFO:colcon.colcon_core.shell:Creating environment hook '/home/srinjoy/hb_task2_ws/install/hb_task2a/share/hb_task2a/hook/ament_prefix_path.ps1'
[1.853s] INFO:colcon.colcon_core.shell:Creating environment descriptor '/home/srinjoy/hb_task2_ws/install/hb_task2a/share/hb_task2a/hook/ament_prefix_path.dsv'
[1.854s] INFO:colcon.colcon_core.shell:Creating environment hook '/home/srinjoy/hb_task2_ws/install/hb_task2a/share/hb_task2a/hook/ament_prefix_path.sh'
[1.870s] INFO:colcon.colcon_core.shell:Skip shell extension 'powershell' for command environment: Not usable outside of PowerShell
[1.870s] DEBUG:colcon.colcon_core.shell:Skip shell extension 'dsv' for command environment
[1.936s] INFO:colcon.colcon_ros.task.ament_python.build:Building ROS package in '/home/srinjoy/hb_task2_ws/src/eYRC-2023_Hologlyph_Bots/hb_task2b' with build type 'ament_python'
[1.936s] Level 1:colcon.colcon_core.shell:create_environment_hook('hb_task2b', 'ament_prefix_path')
[1.952s] INFO:colcon.colcon_core.shell:Creating environment hook '/home/srinjoy/hb_task2_ws/install/hb_task2b/share/hb_task2b/hook/ament_prefix_path.ps1'
[1.952s] INFO:colcon.colcon_core.shell:Creating environment descriptor '/home/srinjoy/hb_task2_ws/install/hb_task2b/share/hb_task2b/hook/ament_prefix_path.dsv'
[1.952s] INFO:colcon.colcon_core.shell:Creating environment hook '/home/srinjoy/hb_task2_ws/install/hb_task2b/share/hb_task2b/hook/ament_prefix_path.sh'
[1.968s] INFO:colcon.colcon_core.shell:Skip shell extension 'powershell' for command environment: Not usable outside of PowerShell
[1.968s] DEBUG:colcon.colcon_core.shell:Skip shell extension 'dsv' for command environment
[2.034s] INFO:colcon.colcon_ros.task.ament_cmake.build:Building ROS package in '/home/srinjoy/hb_task2_ws/src/eYRC-2023_Hologlyph_Bots/hb_world' with build type 'ament_cmake'
[2.034s] INFO:colcon.colcon_cmake.task.cmake.build:Building CMake package in '/home/srinjoy/hb_task2_ws/src/eYRC-2023_Hologlyph_Bots/hb_world'
[2.050s] INFO:colcon.colcon_core.shell:Skip shell extension 'powershell' for command environment: Not usable outside of PowerShell
[2.050s] DEBUG:colcon.colcon_core.shell:Skip shell extension 'dsv' for command environment
[2.130s] INFO:colcon.colcon_ros.task.ament_cmake.build:Building ROS package in '/home/srinjoy/hb_task2_ws/src/eYRC-2023_Hologlyph_Bots/my_robot_interfaces' with build type 'ament_cmake'
[2.130s] INFO:colcon.colcon_cmake.task.cmake.build:Building CMake package in '/home/srinjoy/hb_task2_ws/src/eYRC-2023_Hologlyph_Bots/my_robot_interfaces'
[2.146s] INFO:colcon.colcon_core.shell:Skip shell extension 'powershell' for command environment: Not usable outside of PowerShell
[2.146s] DEBUG:colcon.colcon_core.shell:Skip shell extension 'dsv' for command environment
[2.218s] DEBUG:colcon.colcon_core.event_handler.log_command:Invoking command in '/home/srinjoy/hb_task2_ws/build/hb_bot': CMAKE_PREFIX_PATH=${CMAKE_PREFIX_PATH}:/home/srinjoy/hb_task2_ws/install/hb_task2b:/home/srinjoy/hb_task2_ws/install/hb_task2a:/home/srinjoy/ws_moveit/install/moveit_configs_utils:/opt/ros/humble /home/srinjoy/.local/bin/cmake --build /home/srinjoy/hb_task2_ws/build/hb_bot -- -j12 -l12
[2.469s] INFO:colcon.colcon_core.task.python.build:Building Python package in '/home/srinjoy/hb_task2_ws/src/eYRC-2023_Hologlyph_Bots/hb_task2a'
[2.485s] INFO:colcon.colcon_core.shell:Skip shell extension 'powershell' for command environment: Not usable outside of PowerShell
[2.485s] DEBUG:colcon.colcon_core.shell:Skip shell extension 'dsv' for command environment
[2.800s] INFO:colcon.colcon_core.task.python.build:Building Python package in '/home/srinjoy/hb_task2_ws/src/eYRC-2023_Hologlyph_Bots/hb_task2b'
[2.815s] INFO:colcon.colcon_core.shell:Skip shell extension 'powershell' for command environment: Not usable outside of PowerShell
[2.815s] DEBUG:colcon.colcon_core.shell:Skip shell extension 'dsv' for command environment
[2.886s] DEBUG:colcon.colcon_core.event_handler.log_command:Invoking command in '/home/srinjoy/hb_task2_ws/build/hb_world': CMAKE_PREFIX_PATH=${CMAKE_PREFIX_PATH}:/home/srinjoy/hb_task2_ws/install/hb_task2b:/home/srinjoy/hb_task2_ws/install/hb_task2a:/home/srinjoy/ws_moveit/install/moveit_configs_utils:/opt/ros/humble /home/srinjoy/.local/bin/cmake --build /home/srinjoy/hb_task2_ws/build/hb_world -- -j12 -l12
[2.890s] DEBUG:colcon.colcon_core.event_handler.log_command:Invoking command in '/home/srinjoy/hb_task2_ws/build/my_robot_interfaces': CMAKE_PREFIX_PATH=${CMAKE_PREFIX_PATH}:/home/srinjoy/hb_task2_ws/install/hb_task2b:/home/srinjoy/hb_task2_ws/install/hb_task2a:/home/srinjoy/ws_moveit/install/moveit_configs_utils:/opt/ros/humble /home/srinjoy/.local/bin/cmake --build /home/srinjoy/hb_task2_ws/build/my_robot_interfaces -- -j12 -l12
[2.890s] DEBUG:colcon.colcon_core.event_handler.log_command:Invoked command in '/home/srinjoy/hb_task2_ws/build/hb_bot' returned '0': CMAKE_PREFIX_PATH=${CMAKE_PREFIX_PATH}:/home/srinjoy/hb_task2_ws/install/hb_task2b:/home/srinjoy/hb_task2_ws/install/hb_task2a:/home/srinjoy/ws_moveit/install/moveit_configs_utils:/opt/ros/humble /home/srinjoy/.local/bin/cmake --build /home/srinjoy/hb_task2_ws/build/hb_bot -- -j12 -l12
[2.944s] DEBUG:colcon.colcon_core.event_handler.log_command:Invoked command in '/home/srinjoy/hb_task2_ws/build/hb_world' returned '0': CMAKE_PREFIX_PATH=${CMAKE_PREFIX_PATH}:/home/srinjoy/hb_task2_ws/install/hb_task2b:/home/srinjoy/hb_task2_ws/install/hb_task2a:/home/srinjoy/ws_moveit/install/moveit_configs_utils:/opt/ros/humble /home/srinjoy/.local/bin/cmake --build /home/srinjoy/hb_task2_ws/build/hb_world -- -j12 -l12
[3.004s] DEBUG:colcon.colcon_core.event_handler.log_command:Invoking command in '/home/srinjoy/hb_task2_ws/build/hb_bot': CMAKE_PREFIX_PATH=${CMAKE_PREFIX_PATH}:/home/srinjoy/hb_task2_ws/install/hb_task2b:/home/srinjoy/hb_task2_ws/install/hb_task2a:/home/srinjoy/ws_moveit/install/moveit_configs_utils:/opt/ros/humble /home/srinjoy/.local/bin/cmake --install /home/srinjoy/hb_task2_ws/build/hb_bot
[3.023s] DEBUG:colcon.colcon_core.event_handler.log_command:Invoking command in '/home/srinjoy/hb_task2_ws/build/hb_world': CMAKE_PREFIX_PATH=${CMAKE_PREFIX_PATH}:/home/srinjoy/hb_task2_ws/install/hb_task2b:/home/srinjoy/hb_task2_ws/install/hb_task2a:/home/srinjoy/ws_moveit/install/moveit_configs_utils:/opt/ros/humble /home/srinjoy/.local/bin/cmake --install /home/srinjoy/hb_task2_ws/build/hb_world
[3.056s] Level 1:colcon.colcon_core.environment:create_environment_scripts_only(hb_bot)
[3.057s] DEBUG:colcon.colcon_core.event_handler.log_command:Invoked command in '/home/srinjoy/hb_task2_ws/build/hb_bot' returned '0': CMAKE_PREFIX_PATH=${CMAKE_PREFIX_PATH}:/home/srinjoy/hb_task2_ws/install/hb_task2b:/home/srinjoy/hb_task2_ws/install/hb_task2a:/home/srinjoy/ws_moveit/install/moveit_configs_utils:/opt/ros/humble /home/srinjoy/.local/bin/cmake --install /home/srinjoy/hb_task2_ws/build/hb_bot
[3.078s] Level 1:colcon.colcon_core.environment:checking '/home/srinjoy/hb_task2_ws/install/hb_bot' for CMake module files
[3.078s] Level 1:colcon.colcon_core.environment:checking '/home/srinjoy/hb_task2_ws/install/hb_bot' for CMake config files
[3.079s] Level 1:colcon.colcon_core.shell:create_environment_hook('hb_bot', 'cmake_prefix_path')
[3.094s] INFO:colcon.colcon_core.shell:Creating environment hook '/home/srinjoy/hb_task2_ws/install/hb_bot/share/hb_bot/hook/cmake_prefix_path.ps1'
[3.095s] INFO:colcon.colcon_core.shell:Creating environment descriptor '/home/srinjoy/hb_task2_ws/install/hb_bot/share/hb_bot/hook/cmake_prefix_path.dsv'
[3.095s] INFO:colcon.colcon_core.shell:Creating environment hook '/home/srinjoy/hb_task2_ws/install/hb_bot/share/hb_bot/hook/cmake_prefix_path.sh'
[3.096s] Level 1:colcon.colcon_core.environment:checking '/home/srinjoy/hb_task2_ws/install/hb_bot/lib'
[3.096s] Level 1:colcon.colcon_core.environment:checking '/home/srinjoy/hb_task2_ws/install/hb_bot/bin'
[3.096s] Level 1:colcon.colcon_core.environment:checking '/home/srinjoy/hb_task2_ws/install/hb_bot/lib/pkgconfig/hb_bot.pc'
[3.096s] Level 1:colcon.colcon_core.environment:checking '/home/srinjoy/hb_task2_ws/install/hb_bot/lib/python3.10/site-packages'
[3.096s] Level 1:colcon.colcon_core.environment:checking '/home/srinjoy/hb_task2_ws/install/hb_bot/bin'
[3.112s] INFO:colcon.colcon_core.shell:Creating package script '/home/srinjoy/hb_task2_ws/install/hb_bot/share/hb_bot/package.ps1'
[3.113s] INFO:colcon.colcon_core.shell:Creating package descriptor '/home/srinjoy/hb_task2_ws/install/hb_bot/share/hb_bot/package.dsv'
[3.113s] INFO:colcon.colcon_core.shell:Creating package script '/home/srinjoy/hb_task2_ws/install/hb_bot/share/hb_bot/package.sh'
[3.114s] INFO:colcon.colcon_core.shell:Creating package script '/home/srinjoy/hb_task2_ws/install/hb_bot/share/hb_bot/package.bash'
[3.114s] INFO:colcon.colcon_core.shell:Creating package script '/home/srinjoy/hb_task2_ws/install/hb_bot/share/hb_bot/package.zsh'
[3.115s] Level 1:colcon.colcon_core.environment:create_file_with_runtime_dependencies(/home/srinjoy/hb_task2_ws/install/hb_bot/share/colcon-core/packages/hb_bot)
[3.117s] Level 1:colcon.colcon_core.environment:create_environment_scripts_only(hb_world)
[3.123s] DEBUG:colcon.colcon_core.event_handler.log_command:Invoked command in '/home/srinjoy/hb_task2_ws/build/hb_world' returned '0': CMAKE_PREFIX_PATH=${CMAKE_PREFIX_PATH}:/home/srinjoy/hb_task2_ws/install/hb_task2b:/home/srinjoy/hb_task2_ws/install/hb_task2a:/home/srinjoy/ws_moveit/install/moveit_configs_utils:/opt/ros/humble /home/srinjoy/.local/bin/cmake --install /home/srinjoy/hb_task2_ws/build/hb_world
[3.144s] Level 1:colcon.colcon_core.environment:checking '/home/srinjoy/hb_task2_ws/install/hb_world' for CMake module files
[3.145s] Level 1:colcon.colcon_core.environment:checking '/home/srinjoy/hb_task2_ws/install/hb_world' for CMake config files
[3.145s] Level 1:colcon.colcon_core.shell:create_environment_hook('hb_world', 'cmake_prefix_path')
[3.165s] INFO:colcon.colcon_core.shell:Creating environment hook '/home/srinjoy/hb_task2_ws/install/hb_world/share/hb_world/hook/cmake_prefix_path.ps1'
[3.165s] INFO:colcon.colcon_core.shell:Creating environment descriptor '/home/srinjoy/hb_task2_ws/install/hb_world/share/hb_world/hook/cmake_prefix_path.dsv'
[3.166s] INFO:colcon.colcon_core.shell:Creating environment hook '/home/srinjoy/hb_task2_ws/install/hb_world/share/hb_world/hook/cmake_prefix_path.sh'
[3.166s] Level 1:colcon.colcon_core.environment:checking '/home/srinjoy/hb_task2_ws/install/hb_world/lib'
[3.166s] Level 1:colcon.colcon_core.environment:checking '/home/srinjoy/hb_task2_ws/install/hb_world/bin'
[3.166s] Level 1:colcon.colcon_core.environment:checking '/home/srinjoy/hb_task2_ws/install/hb_world/lib/pkgconfig/hb_world.pc'
[3.167s] Level 1:colcon.colcon_core.environment:checking '/home/srinjoy/hb_task2_ws/install/hb_world/lib/python3.10/site-packages'
[3.167s] Level 1:colcon.colcon_core.environment:checking '/home/srinjoy/hb_task2_ws/install/hb_world/bin'
[3.183s] INFO:colcon.colcon_core.shell:Creating package script '/home/srinjoy/hb_task2_ws/install/hb_world/share/hb_world/package.ps1'
[3.184s] INFO:colcon.colcon_core.shell:Creating package descriptor '/home/srinjoy/hb_task2_ws/install/hb_world/share/hb_world/package.dsv'
[3.184s] INFO:colcon.colcon_core.shell:Creating package script '/home/srinjoy/hb_task2_ws/install/hb_world/share/hb_world/package.sh'
[3.184s] INFO:colcon.colcon_core.shell:Creating package script '/home/srinjoy/hb_task2_ws/install/hb_world/share/hb_world/package.bash'
[3.184s] INFO:colcon.colcon_core.shell:Creating package script '/home/srinjoy/hb_task2_ws/install/hb_world/share/hb_world/package.zsh'
[3.185s] Level 1:colcon.colcon_core.environment:create_file_with_runtime_dependencies(/home/srinjoy/hb_task2_ws/install/hb_world/share/colcon-core/packages/hb_world)
[3.203s] Level 1:colcon.colcon_core.environment:create_environment_scripts_only(hb_bot)
[3.219s] Level 1:colcon.colcon_core.environment:checking '/home/srinjoy/hb_task2_ws/install/hb_bot' for CMake module files
[3.219s] Level 1:colcon.colcon_core.environment:checking '/home/srinjoy/hb_task2_ws/install/hb_bot' for CMake config files
[3.220s] Level 1:colcon.colcon_core.shell:create_environment_hook('hb_bot', 'cmake_prefix_path')
[3.236s] INFO:colcon.colcon_core.shell:Creating environment hook '/home/srinjoy/hb_task2_ws/install/hb_bot/share/hb_bot/hook/cmake_prefix_path.ps1'
[3.237s] INFO:colcon.colcon_core.shell:Creating environment descriptor '/home/srinjoy/hb_task2_ws/install/hb_bot/share/hb_bot/hook/cmake_prefix_path.dsv'
[3.237s] INFO:colcon.colcon_core.shell:Creating environment hook '/home/srinjoy/hb_task2_ws/install/hb_bot/share/hb_bot/hook/cmake_prefix_path.sh'
[3.238s] Level 1:colcon.colcon_core.environment:checking '/home/srinjoy/hb_task2_ws/install/hb_bot/lib'
[3.238s] Level 1:colcon.colcon_core.environment:checking '/home/srinjoy/hb_task2_ws/install/hb_bot/bin'
[3.238s] Level 1:colcon.colcon_core.environment:checking '/home/srinjoy/hb_task2_ws/install/hb_bot/lib/pkgconfig/hb_bot.pc'
[3.238s] Level 1:colcon.colcon_core.environment:checking '/home/srinjoy/hb_task2_ws/install/hb_bot/lib/python3.10/site-packages'
[3.238s] Level 1:colcon.colcon_core.environment:checking '/home/srinjoy/hb_task2_ws/install/hb_bot/bin'
[3.255s] INFO:colcon.colcon_core.shell:Creating package script '/home/srinjoy/hb_task2_ws/install/hb_bot/share/hb_bot/package.ps1'
[3.256s] INFO:colcon.colcon_core.shell:Creating package descriptor '/home/srinjoy/hb_task2_ws/install/hb_bot/share/hb_bot/package.dsv'
[3.257s] INFO:colcon.colcon_core.shell:Creating package script '/home/srinjoy/hb_task2_ws/install/hb_bot/share/hb_bot/package.sh'
[3.257s] INFO:colcon.colcon_core.shell:Creating package script '/home/srinjoy/hb_task2_ws/install/hb_bot/share/hb_bot/package.bash'
[3.257s] INFO:colcon.colcon_core.shell:Creating package script '/home/srinjoy/hb_task2_ws/install/hb_bot/share/hb_bot/package.zsh'
[3.258s] Level 1:colcon.colcon_core.environment:create_file_with_runtime_dependencies(/home/srinjoy/hb_task2_ws/install/hb_bot/share/colcon-core/packages/hb_bot)
[3.276s] Level 1:colcon.colcon_core.environment:create_environment_scripts_only(hb_world)
[3.293s] Level 1:colcon.colcon_core.environment:checking '/home/srinjoy/hb_task2_ws/install/hb_world' for CMake module files
[3.293s] Level 1:colcon.colcon_core.environment:checking '/home/srinjoy/hb_task2_ws/install/hb_world' for CMake config files
[3.293s] Level 1:colcon.colcon_core.shell:create_environment_hook('hb_world', 'cmake_prefix_path')
[3.309s] INFO:colcon.colcon_core.shell:Creating environment hook '/home/srinjoy/hb_task2_ws/install/hb_world/share/hb_world/hook/cmake_prefix_path.ps1'
[3.310s] INFO:colcon.colcon_core.shell:Creating environment descriptor '/home/srinjoy/hb_task2_ws/install/hb_world/share/hb_world/hook/cmake_prefix_path.dsv'
[3.310s] INFO:colcon.colcon_core.shell:Creating environment hook '/home/srinjoy/hb_task2_ws/install/hb_world/share/hb_world/hook/cmake_prefix_path.sh'
[3.310s] Level 1:colcon.colcon_core.environment:checking '/home/srinjoy/hb_task2_ws/install/hb_world/lib'
[3.311s] Level 1:colcon.colcon_core.environment:checking '/home/srinjoy/hb_task2_ws/install/hb_world/bin'
[3.311s] Level 1:colcon.colcon_core.environment:checking '/home/srinjoy/hb_task2_ws/install/hb_world/lib/pkgconfig/hb_world.pc'
[3.311s] Level 1:colcon.colcon_core.environment:checking '/home/srinjoy/hb_task2_ws/install/hb_world/lib/python3.10/site-packages'
[3.311s] Level 1:colcon.colcon_core.environment:checking '/home/srinjoy/hb_task2_ws/install/hb_world/bin'
[3.326s] INFO:colcon.colcon_core.shell:Creating package script '/home/srinjoy/hb_task2_ws/install/hb_world/share/hb_world/package.ps1'
[3.327s] INFO:colcon.colcon_core.shell:Creating package descriptor '/home/srinjoy/hb_task2_ws/install/hb_world/share/hb_world/package.dsv'
[3.327s] INFO:colcon.colcon_core.shell:Creating package script '/home/srinjoy/hb_task2_ws/install/hb_world/share/hb_world/package.sh'
[3.327s] INFO:colcon.colcon_core.shell:Creating package script '/home/srinjoy/hb_task2_ws/install/hb_world/share/hb_world/package.bash'
[3.328s] INFO:colcon.colcon_core.shell:Creating package script '/home/srinjoy/hb_task2_ws/install/hb_world/share/hb_world/package.zsh'
[3.328s] Level 1:colcon.colcon_core.environment:create_file_with_runtime_dependencies(/home/srinjoy/hb_task2_ws/install/hb_world/share/colcon-core/packages/hb_world)
[3.330s] DEBUG:colcon.colcon_core.event_handler.log_command:Invoked command in '/home/srinjoy/hb_task2_ws/build/my_robot_interfaces' returned '0': CMAKE_PREFIX_PATH=${CMAKE_PREFIX_PATH}:/home/srinjoy/hb_task2_ws/install/hb_task2b:/home/srinjoy/hb_task2_ws/install/hb_task2a:/home/srinjoy/ws_moveit/install/moveit_configs_utils:/opt/ros/humble /home/srinjoy/.local/bin/cmake --build /home/srinjoy/hb_task2_ws/build/my_robot_interfaces -- -j12 -l12
[3.333s] DEBUG:colcon.colcon_core.event_handler.log_command:Invoking command in '/home/srinjoy/hb_task2_ws/src/eYRC-2023_Hologlyph_Bots/hb_task2b': PYTHONPATH=/home/srinjoy/hb_task2_ws/build/hb_task2b/prefix_override:/home/srinjoy/hb_task2_ws/install/hb_task2b/lib/python3.10/site-packages:${PYTHONPATH} /usr/bin/python3 setup.py egg_info --egg-base ../../../build/hb_task2b build --build-base /home/srinjoy/hb_task2_ws/build/hb_task2b/build install --record /home/srinjoy/hb_task2_ws/build/hb_task2b/install.log --single-version-externally-managed
[3.335s] DEBUG:colcon.colcon_core.event_handler.log_command:Invoking command in '/home/srinjoy/hb_task2_ws/src/eYRC-2023_Hologlyph_Bots/hb_task2a': PYTHONPATH=/home/srinjoy/hb_task2_ws/build/hb_task2a/prefix_override:/home/srinjoy/hb_task2_ws/install/hb_task2a/lib/python3.10/site-packages:${PYTHONPATH} /usr/bin/python3 setup.py egg_info --egg-base ../../../build/hb_task2a build --build-base /home/srinjoy/hb_task2_ws/build/hb_task2a/build install --record /home/srinjoy/hb_task2_ws/build/hb_task2a/install.log --single-version-externally-managed
[3.579s] DEBUG:colcon.colcon_core.event_handler.log_command:Invoking command in '/home/srinjoy/hb_task2_ws/build/my_robot_interfaces': CMAKE_PREFIX_PATH=${CMAKE_PREFIX_PATH}:/home/srinjoy/hb_task2_ws/install/hb_task2b:/home/srinjoy/hb_task2_ws/install/hb_task2a:/home/srinjoy/ws_moveit/install/moveit_configs_utils:/opt/ros/humble /home/srinjoy/.local/bin/cmake --install /home/srinjoy/hb_task2_ws/build/my_robot_interfaces
[3.635s] DEBUG:colcon.colcon_core.event_handler.log_command:Invoked command in '/home/srinjoy/hb_task2_ws/src/eYRC-2023_Hologlyph_Bots/hb_task2a' returned '0': PYTHONPATH=/home/srinjoy/hb_task2_ws/build/hb_task2a/prefix_override:/home/srinjoy/hb_task2_ws/install/hb_task2a/lib/python3.10/site-packages:${PYTHONPATH} /usr/bin/python3 setup.py egg_info --egg-base ../../../build/hb_task2a build --build-base /home/srinjoy/hb_task2_ws/build/hb_task2a/build install --record /home/srinjoy/hb_task2_ws/build/hb_task2a/install.log --single-version-externally-managed
[3.651s] Level 1:colcon.colcon_core.environment:checking '/home/srinjoy/hb_task2_ws/install/hb_task2a' for CMake module files
[3.651s] Level 1:colcon.colcon_core.environment:checking '/home/srinjoy/hb_task2_ws/install/hb_task2a' for CMake config files
[3.652s] Level 1:colcon.colcon_core.environment:checking '/home/srinjoy/hb_task2_ws/install/hb_task2a/lib'
[3.652s] Level 1:colcon.colcon_core.environment:checking '/home/srinjoy/hb_task2_ws/install/hb_task2a/bin'
[3.652s] Level 1:colcon.colcon_core.environment:checking '/home/srinjoy/hb_task2_ws/install/hb_task2a/lib/pkgconfig/hb_task2a.pc'
[3.652s] Level 1:colcon.colcon_core.environment:checking '/home/srinjoy/hb_task2_ws/install/hb_task2a/lib/python3.10/site-packages'
[3.652s] Level 1:colcon.colcon_core.shell:create_environment_hook('hb_task2a', 'pythonpath')
[3.668s] INFO:colcon.colcon_core.shell:Creating environment hook '/home/srinjoy/hb_task2_ws/install/hb_task2a/share/hb_task2a/hook/pythonpath.ps1'
[3.668s] INFO:colcon.colcon_core.shell:Creating environment descriptor '/home/srinjoy/hb_task2_ws/install/hb_task2a/share/hb_task2a/hook/pythonpath.dsv'
[3.668s] INFO:colcon.colcon_core.shell:Creating environment hook '/home/srinjoy/hb_task2_ws/install/hb_task2a/share/hb_task2a/hook/pythonpath.sh'
[3.669s] Level 1:colcon.colcon_core.environment:checking '/home/srinjoy/hb_task2_ws/install/hb_task2a/bin'
[3.669s] Level 1:colcon.colcon_core.environment:create_environment_scripts_only(hb_task2a)
[3.684s] INFO:colcon.colcon_core.shell:Creating package script '/home/srinjoy/hb_task2_ws/install/hb_task2a/share/hb_task2a/package.ps1'
[3.685s] INFO:colcon.colcon_core.shell:Creating package descriptor '/home/srinjoy/hb_task2_ws/install/hb_task2a/share/hb_task2a/package.dsv'
[3.685s] INFO:colcon.colcon_core.shell:Creating package script '/home/srinjoy/hb_task2_ws/install/hb_task2a/share/hb_task2a/package.sh'
[3.686s] INFO:colcon.colcon_core.shell:Creating package script '/home/srinjoy/hb_task2_ws/install/hb_task2a/share/hb_task2a/package.bash'
[3.686s] INFO:colcon.colcon_core.shell:Creating package script '/home/srinjoy/hb_task2_ws/install/hb_task2a/share/hb_task2a/package.zsh'
[3.686s] Level 1:colcon.colcon_core.environment:create_file_with_runtime_dependencies(/home/srinjoy/hb_task2_ws/install/hb_task2a/share/colcon-core/packages/hb_task2a)
[3.690s] DEBUG:colcon.colcon_core.event_handler.log_command:Invoked command in '/home/srinjoy/hb_task2_ws/src/eYRC-2023_Hologlyph_Bots/hb_task2b' returned '0': PYTHONPATH=/home/srinjoy/hb_task2_ws/build/hb_task2b/prefix_override:/home/srinjoy/hb_task2_ws/install/hb_task2b/lib/python3.10/site-packages:${PYTHONPATH} /usr/bin/python3 setup.py egg_info --egg-base ../../../build/hb_task2b build --build-base /home/srinjoy/hb_task2_ws/build/hb_task2b/build install --record /home/srinjoy/hb_task2_ws/build/hb_task2b/install.log --single-version-externally-managed
[3.705s] Level 1:colcon.colcon_core.environment:checking '/home/srinjoy/hb_task2_ws/install/hb_task2b' for CMake module files
[3.705s] Level 1:colcon.colcon_core.environment:checking '/home/srinjoy/hb_task2_ws/install/hb_task2b' for CMake config files
[3.706s] Level 1:colcon.colcon_core.environment:checking '/home/srinjoy/hb_task2_ws/install/hb_task2b/lib'
[3.706s] Level 1:colcon.colcon_core.environment:checking '/home/srinjoy/hb_task2_ws/install/hb_task2b/bin'
[3.706s] Level 1:colcon.colcon_core.environment:checking '/home/srinjoy/hb_task2_ws/install/hb_task2b/lib/pkgconfig/hb_task2b.pc'
[3.706s] Level 1:colcon.colcon_core.environment:checking '/home/srinjoy/hb_task2_ws/install/hb_task2b/lib/python3.10/site-packages'
[3.706s] Level 1:colcon.colcon_core.shell:create_environment_hook('hb_task2b', 'pythonpath')
[3.721s] INFO:colcon.colcon_core.shell:Creating environment hook '/home/srinjoy/hb_task2_ws/install/hb_task2b/share/hb_task2b/hook/pythonpath.ps1'
[3.722s] INFO:colcon.colcon_core.shell:Creating environment descriptor '/home/srinjoy/hb_task2_ws/install/hb_task2b/share/hb_task2b/hook/pythonpath.dsv'
[3.722s] INFO:colcon.colcon_core.shell:Creating environment hook '/home/srinjoy/hb_task2_ws/install/hb_task2b/share/hb_task2b/hook/pythonpath.sh'
[3.723s] Level 1:colcon.colcon_core.environment:checking '/home/srinjoy/hb_task2_ws/install/hb_task2b/bin'
[3.723s] Level 1:colcon.colcon_core.environment:create_environment_scripts_only(hb_task2b)
[3.738s] INFO:colcon.colcon_core.shell:Creating package script '/home/srinjoy/hb_task2_ws/install/hb_task2b/share/hb_task2b/package.ps1'
[3.739s] INFO:colcon.colcon_core.shell:Creating package descriptor '/home/srinjoy/hb_task2_ws/install/hb_task2b/share/hb_task2b/package.dsv'
[3.739s] INFO:colcon.colcon_core.shell:Creating package script '/home/srinjoy/hb_task2_ws/install/hb_task2b/share/hb_task2b/package.sh'
[3.740s] INFO:colcon.colcon_core.shell:Creating package script '/home/srinjoy/hb_task2_ws/install/hb_task2b/share/hb_task2b/package.bash'
[3.740s] INFO:colcon.colcon_core.shell:Creating package script '/home/srinjoy/hb_task2_ws/install/hb_task2b/share/hb_task2b/package.zsh'
[3.740s] Level 1:colcon.colcon_core.environment:create_file_with_runtime_dependencies(/home/srinjoy/hb_task2_ws/install/hb_task2b/share/colcon-core/packages/hb_task2b)
[3.740s] Level 1:colcon.colcon_core.environment:create_environment_scripts_only(my_robot_interfaces)
[3.742s] DEBUG:colcon.colcon_core.event_handler.log_command:Invoked command in '/home/srinjoy/hb_task2_ws/build/my_robot_interfaces' returned '0': CMAKE_PREFIX_PATH=${CMAKE_PREFIX_PATH}:/home/srinjoy/hb_task2_ws/install/hb_task2b:/home/srinjoy/hb_task2_ws/install/hb_task2a:/home/srinjoy/ws_moveit/install/moveit_configs_utils:/opt/ros/humble /home/srinjoy/.local/bin/cmake --install /home/srinjoy/hb_task2_ws/build/my_robot_interfaces
[3.757s] Level 1:colcon.colcon_core.environment:checking '/home/srinjoy/hb_task2_ws/install/my_robot_interfaces' for CMake module files
[3.757s] Level 1:colcon.colcon_core.environment:checking '/home/srinjoy/hb_task2_ws/install/my_robot_interfaces' for CMake config files
[3.758s] Level 1:colcon.colcon_core.shell:create_environment_hook('my_robot_interfaces', 'cmake_prefix_path')
[3.774s] INFO:colcon.colcon_core.shell:Creating environment hook '/home/srinjoy/hb_task2_ws/install/my_robot_interfaces/share/my_robot_interfaces/hook/cmake_prefix_path.ps1'
[3.774s] INFO:colcon.colcon_core.shell:Creating environment descriptor '/home/srinjoy/hb_task2_ws/install/my_robot_interfaces/share/my_robot_interfaces/hook/cmake_prefix_path.dsv'
[3.774s] INFO:colcon.colcon_core.shell:Creating environment hook '/home/srinjoy/hb_task2_ws/install/my_robot_interfaces/share/my_robot_interfaces/hook/cmake_prefix_path.sh'
[3.775s] Level 1:colcon.colcon_core.environment:checking '/home/srinjoy/hb_task2_ws/install/my_robot_interfaces/lib'
[3.775s] Level 1:colcon.colcon_core.shell:create_environment_hook('my_robot_interfaces', 'ld_library_path_lib')
[3.790s] INFO:colcon.colcon_core.shell:Creating environment hook '/home/srinjoy/hb_task2_ws/install/my_robot_interfaces/share/my_robot_interfaces/hook/ld_library_path_lib.ps1'
[3.791s] INFO:colcon.colcon_core.shell:Creating environment descriptor '/home/srinjoy/hb_task2_ws/install/my_robot_interfaces/share/my_robot_interfaces/hook/ld_library_path_lib.dsv'
[3.791s] INFO:colcon.colcon_core.shell:Creating environment hook '/home/srinjoy/hb_task2_ws/install/my_robot_interfaces/share/my_robot_interfaces/hook/ld_library_path_lib.sh'
[3.791s] Level 1:colcon.colcon_core.environment:checking '/home/srinjoy/hb_task2_ws/install/my_robot_interfaces/bin'
[3.791s] Level 1:colcon.colcon_core.environment:checking '/home/srinjoy/hb_task2_ws/install/my_robot_interfaces/lib/pkgconfig/my_robot_interfaces.pc'
[3.791s] Level 1:colcon.colcon_core.environment:checking '/home/srinjoy/hb_task2_ws/install/my_robot_interfaces/lib/python3.10/site-packages'
[3.792s] Level 1:colcon.colcon_core.environment:checking '/home/srinjoy/hb_task2_ws/install/my_robot_interfaces/bin'
[3.807s] INFO:colcon.colcon_core.shell:Creating package script '/home/srinjoy/hb_task2_ws/install/my_robot_interfaces/share/my_robot_interfaces/package.ps1'
[3.807s] INFO:colcon.colcon_core.shell:Creating package descriptor '/home/srinjoy/hb_task2_ws/install/my_robot_interfaces/share/my_robot_interfaces/package.dsv'
[3.808s] INFO:colcon.colcon_core.shell:Creating package script '/home/srinjoy/hb_task2_ws/install/my_robot_interfaces/share/my_robot_interfaces/package.sh'
[3.808s] INFO:colcon.colcon_core.shell:Creating package script '/home/srinjoy/hb_task2_ws/install/my_robot_interfaces/share/my_robot_interfaces/package.bash'
[3.808s] INFO:colcon.colcon_core.shell:Creating package script '/home/srinjoy/hb_task2_ws/install/my_robot_interfaces/share/my_robot_interfaces/package.zsh'
[3.808s] Level 1:colcon.colcon_core.environment:create_file_with_runtime_dependencies(/home/srinjoy/hb_task2_ws/install/my_robot_interfaces/share/colcon-core/packages/my_robot_interfaces)
[4.083s] Level 1:colcon.colcon_core.environment:create_environment_scripts_only(my_robot_interfaces)
[4.099s] Level 1:colcon.colcon_core.environment:checking '/home/srinjoy/hb_task2_ws/install/my_robot_interfaces' for CMake module files
[4.099s] Level 1:colcon.colcon_core.environment:checking '/home/srinjoy/hb_task2_ws/install/my_robot_interfaces' for CMake config files
[4.100s] Level 1:colcon.colcon_core.shell:create_environment_hook('my_robot_interfaces', 'cmake_prefix_path')
[4.115s] INFO:colcon.colcon_core.shell:Creating environment hook '/home/srinjoy/hb_task2_ws/install/my_robot_interfaces/share/my_robot_interfaces/hook/cmake_prefix_path.ps1'
[4.116s] INFO:colcon.colcon_core.shell:Creating environment descriptor '/home/srinjoy/hb_task2_ws/install/my_robot_interfaces/share/my_robot_interfaces/hook/cmake_prefix_path.dsv'
[4.116s] INFO:colcon.colcon_core.shell:Creating environment hook '/home/srinjoy/hb_task2_ws/install/my_robot_interfaces/share/my_robot_interfaces/hook/cmake_prefix_path.sh'
[4.116s] Level 1:colcon.colcon_core.environment:checking '/home/srinjoy/hb_task2_ws/install/my_robot_interfaces/lib'
[4.116s] Level 1:colcon.colcon_core.shell:create_environment_hook('my_robot_interfaces', 'ld_library_path_lib')
[4.132s] INFO:colcon.colcon_core.shell:Creating environment hook '/home/srinjoy/hb_task2_ws/install/my_robot_interfaces/share/my_robot_interfaces/hook/ld_library_path_lib.ps1'
[4.132s] INFO:colcon.colcon_core.shell:Creating environment descriptor '/home/srinjoy/hb_task2_ws/install/my_robot_interfaces/share/my_robot_interfaces/hook/ld_library_path_lib.dsv'
[4.133s] INFO:colcon.colcon_core.shell:Creating environment hook '/home/srinjoy/hb_task2_ws/install/my_robot_interfaces/share/my_robot_interfaces/hook/ld_library_path_lib.sh'
[4.133s] Level 1:colcon.colcon_core.environment:checking '/home/srinjoy/hb_task2_ws/install/my_robot_interfaces/bin'
[4.133s] Level 1:colcon.colcon_core.environment:checking '/home/srinjoy/hb_task2_ws/install/my_robot_interfaces/lib/pkgconfig/my_robot_interfaces.pc'
[4.133s] Level 1:colcon.colcon_core.environment:checking '/home/srinjoy/hb_task2_ws/install/my_robot_interfaces/lib/python3.10/site-packages'
[4.133s] Level 1:colcon.colcon_core.environment:checking '/home/srinjoy/hb_task2_ws/install/my_robot_interfaces/bin'
[4.149s] INFO:colcon.colcon_core.shell:Creating package script '/home/srinjoy/hb_task2_ws/install/my_robot_interfaces/share/my_robot_interfaces/package.ps1'
[4.149s] INFO:colcon.colcon_core.shell:Creating package descriptor '/home/srinjoy/hb_task2_ws/install/my_robot_interfaces/share/my_robot_interfaces/package.dsv'
[4.150s] INFO:colcon.colcon_core.shell:Creating package script '/home/srinjoy/hb_task2_ws/install/my_robot_interfaces/share/my_robot_interfaces/package.sh'
[4.150s] INFO:colcon.colcon_core.shell:Creating package script '/home/srinjoy/hb_task2_ws/install/my_robot_interfaces/share/my_robot_interfaces/package.bash'
[4.150s] INFO:colcon.colcon_core.shell:Creating package script '/home/srinjoy/hb_task2_ws/install/my_robot_interfaces/share/my_robot_interfaces/package.zsh'
[4.151s] Level 1:colcon.colcon_core.environment:create_file_with_runtime_dependencies(/home/srinjoy/hb_task2_ws/install/my_robot_interfaces/share/colcon-core/packages/my_robot_interfaces)
[4.151s] DEBUG:colcon.colcon_parallel_executor.executor.parallel:closing loop
[4.151s] DEBUG:colcon.colcon_parallel_executor.executor.parallel:loop closed
[4.151s] DEBUG:colcon.colcon_parallel_executor.executor.parallel:run_until_complete finished with '0'
[4.151s] DEBUG:colcon.colcon_core.event_reactor:joining thread
[4.172s] INFO:colcon.colcon_core.plugin_system:Skipping extension 'colcon_notification.desktop_notification.terminal_notifier': Not used on non-Darwin systems
[4.172s] INFO:colcon.colcon_core.plugin_system:Skipping extension 'colcon_notification.desktop_notification.win32': Not used on non-Windows systems
[4.172s] INFO:colcon.colcon_notification.desktop_notification:Sending desktop notification using 'notify2'
[4.193s] DEBUG:colcon.colcon_core.event_reactor:joined thread
[4.209s] INFO:colcon.colcon_core.shell:Creating prefix script '/home/srinjoy/hb_task2_ws/install/local_setup.ps1'
[4.210s] INFO:colcon.colcon_core.shell:Creating prefix util module '/home/srinjoy/hb_task2_ws/install/_local_setup_util_ps1.py'
[4.211s] INFO:colcon.colcon_core.shell:Creating prefix chain script '/home/srinjoy/hb_task2_ws/install/setup.ps1'
[4.229s] INFO:colcon.colcon_core.shell:Creating prefix script '/home/srinjoy/hb_task2_ws/install/local_setup.sh'
[4.230s] INFO:colcon.colcon_core.shell:Creating prefix util module '/home/srinjoy/hb_task2_ws/install/_local_setup_util_sh.py'
[4.230s] INFO:colcon.colcon_core.shell:Creating prefix chain script '/home/srinjoy/hb_task2_ws/install/setup.sh'
[4.248s] INFO:colcon.colcon_core.shell:Creating prefix script '/home/srinjoy/hb_task2_ws/install/local_setup.bash'
[4.248s] INFO:colcon.colcon_core.shell:Creating prefix chain script '/home/srinjoy/hb_task2_ws/install/setup.bash'
[4.266s] INFO:colcon.colcon_core.shell:Creating prefix script '/home/srinjoy/hb_task2_ws/install/local_setup.zsh'
[4.266s] INFO:colcon.colcon_core.shell:Creating prefix chain script '/home/srinjoy/hb_task2_ws/install/setup.zsh'
