[0.456s] Invoking command in '/home/srinjoy/hb_task2_ws/build/hb_bot': CMAKE_PREFIX_PATH=${CMAKE_PREFIX_PATH}:/home/srinjoy/hb_task2_ws/install/hb_task2b:/home/srinjoy/hb_task2_ws/install/hb_task2a:/home/srinjoy/ws_moveit/install/moveit_configs_utils:/opt/ros/humble /home/srinjoy/.local/bin/cmake /home/srinjoy/hb_task2_ws/src/eYRC-2023_Hologlyph_Bots/hb_bot -DAMENT_CMAKE_SYMLINK_INSTALL=1 -DCMAKE_INSTALL_PREFIX=/home/srinjoy/hb_task2_ws/install/hb_bot
[1.112s] -- The C compiler identification is GNU 11.4.0
[1.112s] -- The CXX compiler identification is GNU 11.4.0
[1.113s] -- Detecting C compiler ABI info
[1.113s] -- Detecting C compiler ABI info - done
[1.113s] -- Check for working C compiler: /usr/bin/cc - skipped
[1.113s] -- Detecting C compile features
[1.113s] -- Detecting C compile features - done
[1.113s] -- Detecting CXX compiler ABI info
[1.113s] -- Detecting CXX compiler ABI info - done
[1.113s] -- Check for working CXX compiler: /usr/bin/c++ - skipped
[1.113s] -- Detecting CXX compile features
[1.113s] -- Detecting CXX compile features - done
[1.113s] -- Found ament_cmake: 1.3.5 (/opt/ros/humble/share/ament_cmake/cmake)
[1.437s] -- Found Python3: /usr/bin/python3.10 (found version "3.10.12") found components: Interpreter 
[1.521s] -- Override CMake install command with custom implementation using symlinks instead of copying resources
[1.610s] -- Found rclcpp: 16.0.6 (/opt/ros/humble/share/rclcpp/cmake)
[1.708s] -- Found rosidl_generator_c: 3.1.5 (/opt/ros/humble/share/rosidl_generator_c/cmake)
[1.722s] -- Found rosidl_adapter: 3.1.5 (/opt/ros/humble/share/rosidl_adapter/cmake)
[1.740s] -- Found rosidl_generator_cpp: 3.1.5 (/opt/ros/humble/share/rosidl_generator_cpp/cmake)
[1.768s] -- Using all available rosidl_typesupport_c: rosidl_typesupport_fastrtps_c;rosidl_typesupport_introspection_c
[1.807s] -- Using all available rosidl_typesupport_cpp: rosidl_typesupport_fastrtps_cpp;rosidl_typesupport_introspection_cpp
[1.934s] -- Found rmw_implementation_cmake: 6.1.1 (/opt/ros/humble/share/rmw_implementation_cmake/cmake)
[1.944s] -- Found rmw_fastrtps_cpp: 6.2.4 (/opt/ros/humble/share/rmw_fastrtps_cpp/cmake)
[2.129s] -- Found OpenSSL: /usr/lib/x86_64-linux-gnu/libcrypto.so (found version "3.0.2")  
[2.206s] -- Found FastRTPS: /opt/ros/humble/include  
[2.251s] -- Using RMW implementation 'rmw_fastrtps_cpp' as default
[2.273s] -- Performing Test CMAKE_HAVE_LIBC_PTHREAD
[2.361s] -- Performing Test CMAKE_HAVE_LIBC_PTHREAD - Success
[2.362s] -- Found Threads: TRUE  
[2.563s] -- Found rclpy: 3.3.10 (/opt/ros/humble/share/rclpy/cmake)
[2.569s] -- Found urdf: 2.6.0 (/opt/ros/humble/share/urdf/cmake)
[2.649s] -- Found xacro: 2.0.8 (/opt/ros/humble/share/xacro/cmake)
[2.655s] -- Found ament_lint_auto: 0.12.8 (/opt/ros/humble/share/ament_lint_auto/cmake)
[2.763s] -- Added test 'flake8' to check Python code syntax and style conventions
[2.765s] -- Added test 'lint_cmake' to check CMake code style
[2.766s] -- Added test 'pep257' to check Python code against some of the docstring style conventions in PEP 257
[2.769s] -- Added test 'xmllint' to check XML markup files
[2.773s] -- Configuring done (2.3s)
[2.780s] -- Generating done (0.0s)
[2.781s] -- Build files have been written to: /home/srinjoy/hb_task2_ws/build/hb_bot
[2.801s] Invoked command in '/home/srinjoy/hb_task2_ws/build/hb_bot' returned '0': CMAKE_PREFIX_PATH=${CMAKE_PREFIX_PATH}:/home/srinjoy/hb_task2_ws/install/hb_task2b:/home/srinjoy/hb_task2_ws/install/hb_task2a:/home/srinjoy/ws_moveit/install/moveit_configs_utils:/opt/ros/humble /home/srinjoy/.local/bin/cmake /home/srinjoy/hb_task2_ws/src/eYRC-2023_Hologlyph_Bots/hb_bot -DAMENT_CMAKE_SYMLINK_INSTALL=1 -DCMAKE_INSTALL_PREFIX=/home/srinjoy/hb_task2_ws/install/hb_bot
[2.803s] Invoking command in '/home/srinjoy/hb_task2_ws/build/hb_bot': CMAKE_PREFIX_PATH=${CMAKE_PREFIX_PATH}:/home/srinjoy/hb_task2_ws/install/hb_task2b:/home/srinjoy/hb_task2_ws/install/hb_task2a:/home/srinjoy/ws_moveit/install/moveit_configs_utils:/opt/ros/humble /home/srinjoy/.local/bin/cmake --build /home/srinjoy/hb_task2_ws/build/hb_bot -- -j12 -l12
[2.861s] Invoked command in '/home/srinjoy/hb_task2_ws/build/hb_bot' returned '0': CMAKE_PREFIX_PATH=${CMAKE_PREFIX_PATH}:/home/srinjoy/hb_task2_ws/install/hb_task2b:/home/srinjoy/hb_task2_ws/install/hb_task2a:/home/srinjoy/ws_moveit/install/moveit_configs_utils:/opt/ros/humble /home/srinjoy/.local/bin/cmake --build /home/srinjoy/hb_task2_ws/build/hb_bot -- -j12 -l12
[2.960s] Invoking command in '/home/srinjoy/hb_task2_ws/build/hb_bot': CMAKE_PREFIX_PATH=${CMAKE_PREFIX_PATH}:/home/srinjoy/hb_task2_ws/install/hb_task2b:/home/srinjoy/hb_task2_ws/install/hb_task2a:/home/srinjoy/ws_moveit/install/moveit_configs_utils:/opt/ros/humble /home/srinjoy/.local/bin/cmake --install /home/srinjoy/hb_task2_ws/build/hb_bot
[2.989s] -- Install configuration: ""
[2.989s] -- Execute custom install script
[2.990s] -- Symlinking: /home/srinjoy/hb_task2_ws/install/hb_bot/share/hb_bot//launch/Spawn_bot.launch.py
[2.995s] -- Symlinking: /home/srinjoy/hb_task2_ws/install/hb_bot/share/hb_bot//launch/multi_bot_spawn.launch.py
[3.000s] -- Symlinking: /home/srinjoy/hb_task2_ws/install/hb_bot/share/hb_bot//meshes/bot_1.dae
[3.005s] -- Symlinking: /home/srinjoy/hb_task2_ws/install/hb_bot/share/hb_bot//meshes/bot_1.jpg
[3.010s] -- Symlinking: /home/srinjoy/hb_task2_ws/install/hb_bot/share/hb_bot//meshes/bot_1.jpg.001.jpg
[3.015s] -- Symlinking: /home/srinjoy/hb_task2_ws/install/hb_bot/share/hb_bot//meshes/bot_2.dae
[3.021s] -- Symlinking: /home/srinjoy/hb_task2_ws/install/hb_bot/share/hb_bot//meshes/bot_2.jpg
[3.026s] -- Symlinking: /home/srinjoy/hb_task2_ws/install/hb_bot/share/hb_bot//meshes/bot_2.jpg.001.jpg
[3.032s] -- Symlinking: /home/srinjoy/hb_task2_ws/install/hb_bot/share/hb_bot//meshes/bot_3.dae
[3.037s] -- Symlinking: /home/srinjoy/hb_task2_ws/install/hb_bot/share/hb_bot//meshes/bot_3.jpg
[3.042s] -- Symlinking: /home/srinjoy/hb_task2_ws/install/hb_bot/share/hb_bot//meshes/bot_3.jpg.001.jpg
[3.047s] -- Symlinking: /home/srinjoy/hb_task2_ws/install/hb_bot/share/hb_bot//meshes/wheel.stl
[3.053s] -- Symlinking: /home/srinjoy/hb_task2_ws/install/hb_bot/share/hb_bot//urdf/hb_bot_1.urdf.xacro
[3.057s] -- Symlinking: /home/srinjoy/hb_task2_ws/install/hb_bot/share/hb_bot//urdf/hb_bot_2.urdf.xacro
[3.062s] -- Symlinking: /home/srinjoy/hb_task2_ws/install/hb_bot/share/hb_bot//urdf/hb_bot_3.urdf.xacro
[3.068s] -- Symlinking: /home/srinjoy/hb_task2_ws/install/hb_bot/share/hb_bot//urdf/materials.xacro
[3.073s] -- Symlinking: /home/srinjoy/hb_task2_ws/install/hb_bot/share/ament_index/resource_index/package_run_dependencies/hb_bot
[3.078s] -- Symlinking: /home/srinjoy/hb_task2_ws/install/hb_bot/share/ament_index/resource_index/parent_prefix_path/hb_bot
[3.083s] -- Symlinking: /home/srinjoy/hb_task2_ws/install/hb_bot/share/hb_bot/environment/ament_prefix_path.sh
[3.088s] -- Symlinking: /home/srinjoy/hb_task2_ws/install/hb_bot/share/hb_bot/environment/ament_prefix_path.dsv
[3.093s] -- Symlinking: /home/srinjoy/hb_task2_ws/install/hb_bot/share/hb_bot/environment/path.sh
[3.098s] -- Symlinking: /home/srinjoy/hb_task2_ws/install/hb_bot/share/hb_bot/environment/path.dsv
[3.103s] -- Symlinking: /home/srinjoy/hb_task2_ws/install/hb_bot/share/hb_bot/local_setup.bash
[3.108s] -- Symlinking: /home/srinjoy/hb_task2_ws/install/hb_bot/share/hb_bot/local_setup.sh
[3.113s] -- Symlinking: /home/srinjoy/hb_task2_ws/install/hb_bot/share/hb_bot/local_setup.zsh
[3.119s] -- Symlinking: /home/srinjoy/hb_task2_ws/install/hb_bot/share/hb_bot/local_setup.dsv
[3.124s] -- Symlinking: /home/srinjoy/hb_task2_ws/install/hb_bot/share/hb_bot/package.dsv
[3.129s] -- Symlinking: /home/srinjoy/hb_task2_ws/install/hb_bot/share/ament_index/resource_index/packages/hb_bot
[3.135s] -- Symlinking: /home/srinjoy/hb_task2_ws/install/hb_bot/share/hb_bot/cmake/hb_botConfig.cmake
[3.139s] -- Symlinking: /home/srinjoy/hb_task2_ws/install/hb_bot/share/hb_bot/cmake/hb_botConfig-version.cmake
[3.144s] -- Symlinking: /home/srinjoy/hb_task2_ws/install/hb_bot/share/hb_bot/package.xml
[3.155s] Invoked command in '/home/srinjoy/hb_task2_ws/build/hb_bot' returned '0': CMAKE_PREFIX_PATH=${CMAKE_PREFIX_PATH}:/home/srinjoy/hb_task2_ws/install/hb_task2b:/home/srinjoy/hb_task2_ws/install/hb_task2a:/home/srinjoy/ws_moveit/install/moveit_configs_utils:/opt/ros/humble /home/srinjoy/.local/bin/cmake --install /home/srinjoy/hb_task2_ws/build/hb_bot
