[0.769s] Invoking command in '/home/srinjoy/hb_task2_ws/build/my_robot_interfaces': CMAKE_PREFIX_PATH=${CMAKE_PREFIX_PATH}:/home/srinjoy/hb_task2_ws/install/hb_task2b:/home/srinjoy/hb_task2_ws/install/hb_task2a:/home/srinjoy/ws_moveit/install/moveit_configs_utils:/opt/ros/humble /home/srinjoy/.local/bin/cmake /home/srinjoy/hb_task2_ws/src/eYRC-2023_Hologlyph_Bots/my_robot_interfaces -DCMAKE_INSTALL_PREFIX=/home/srinjoy/hb_task2_ws/install/my_robot_interfaces
[0.802s] -- Found ament_cmake: 1.3.5 (/opt/ros/humble/share/ament_cmake/cmake)
[1.052s] -- Override CMake install command with custom implementation using symlinks instead of copying resources
[1.061s] -- Found rosidl_default_generators: 1.2.0 (/opt/ros/humble/share/rosidl_default_generators/cmake)
[1.068s] -- Using all available rosidl_typesupport_c: rosidl_typesupport_fastrtps_c;rosidl_typesupport_introspection_c
[1.072s] -- Found rosidl_adapter: 3.1.5 (/opt/ros/humble/share/rosidl_adapter/cmake)
[1.113s] -- Using all available rosidl_typesupport_cpp: rosidl_typesupport_fastrtps_cpp;rosidl_typesupport_introspection_cpp
[1.607s] -- Found ament_cmake_ros: 0.10.0 (/opt/ros/humble/share/ament_cmake_ros/cmake)
[2.073s] -- Using all available rosidl_typesupport_c: rosidl_typesupport_fastrtps_c;rosidl_typesupport_introspection_c
[2.673s] -- Using all available rosidl_typesupport_cpp: rosidl_typesupport_fastrtps_cpp;rosidl_typesupport_introspection_cpp
[2.678s] CMake Warning (dev) at /opt/ros/humble/share/rosidl_generator_py/cmake/rosidl_generator_py_generate_interfaces.cmake:20 (find_package):
[2.678s]   Policy CMP0148 is not set: The FindPythonInterp and FindPythonLibs modules
[2.678s]   are removed.  Run "cmake --help-policy CMP0148" for policy details.  Use
[2.678s]   the cmake_policy command to set the policy and suppress this warning.
[2.678s] 
[2.678s] Call Stack (most recent call first):
[2.678s]   /opt/ros/humble/share/ament_cmake_core/cmake/core/ament_execute_extensions.cmake:48 (include)
[2.679s]   /opt/ros/humble/share/rosidl_cmake/cmake/rosidl_generate_interfaces.cmake:286 (ament_execute_extensions)
[2.679s]   CMakeLists.txt:16 (rosidl_generate_interfaces)
[2.679s] This warning is for project developers.  Use -Wno-dev to suppress it.
[2.679s] 
[2.701s] -- Found python_cmake_module: 0.10.0 (/opt/ros/humble/share/python_cmake_module/cmake)
[2.702s] CMake Warning (dev) at /opt/ros/humble/share/python_cmake_module/cmake/Modules/FindPythonExtra.cmake:52 (find_package):
[2.703s]   Policy CMP0148 is not set: The FindPythonInterp and FindPythonLibs modules
[2.703s]   are removed.  Run "cmake --help-policy CMP0148" for policy details.  Use
[2.703s]   the cmake_policy command to set the policy and suppress this warning.
[2.703s] 
[2.703s] Call Stack (most recent call first):
[2.703s]   /opt/ros/humble/share/rosidl_generator_py/cmake/rosidl_generator_py_generate_interfaces.cmake:23 (find_package)
[2.703s]   /opt/ros/humble/share/ament_cmake_core/cmake/core/ament_execute_extensions.cmake:48 (include)
[2.703s]   /opt/ros/humble/share/rosidl_cmake/cmake/rosidl_generate_interfaces.cmake:286 (ament_execute_extensions)
[2.704s]   CMakeLists.txt:16 (rosidl_generate_interfaces)
[2.704s] This warning is for project developers.  Use -Wno-dev to suppress it.
[2.704s] 
[2.726s] CMake Warning (dev) at /opt/ros/humble/share/python_cmake_module/cmake/Modules/FindPythonExtra.cmake:140 (find_package):
[2.726s]   Policy CMP0148 is not set: The FindPythonInterp and FindPythonLibs modules
[2.727s]   are removed.  Run "cmake --help-policy CMP0148" for policy details.  Use
[2.727s]   the cmake_policy command to set the policy and suppress this warning.
[2.727s] 
[2.727s] Call Stack (most recent call first):
[2.727s]   /opt/ros/humble/share/rosidl_generator_py/cmake/rosidl_generator_py_generate_interfaces.cmake:23 (find_package)
[2.727s]   /opt/ros/humble/share/ament_cmake_core/cmake/core/ament_execute_extensions.cmake:48 (include)
[2.727s]   /opt/ros/humble/share/rosidl_cmake/cmake/rosidl_generate_interfaces.cmake:286 (ament_execute_extensions)
[2.728s]   CMakeLists.txt:16 (rosidl_generate_interfaces)
[2.728s] This warning is for project developers.  Use -Wno-dev to suppress it.
[2.728s] 
[2.731s] -- Using PYTHON_EXECUTABLE: /usr/bin/python3
[2.731s] -- Using PYTHON_INCLUDE_DIRS: /usr/include/python3.10
[2.731s] -- Using PYTHON_LIBRARIES: /usr/lib/x86_64-linux-gnu/libpython3.10.so
[2.783s] -- Configuring done (2.0s)
[2.817s] -- Generating done (0.0s)
[2.820s] -- Build files have been written to: /home/srinjoy/hb_task2_ws/build/my_robot_interfaces
