running egg_info
writing ../../../build/hb_task2a/hb_task2a.egg-info/PKG-INFO
writing dependency_links to ../../../build/hb_task2a/hb_task2a.egg-info/dependency_links.txt
writing entry points to ../../../build/hb_task2a/hb_task2a.egg-info/entry_points.txt
writing requirements to ../../../build/hb_task2a/hb_task2a.egg-info/requires.txt
writing top-level names to ../../../build/hb_task2a/hb_task2a.egg-info/top_level.txt
reading manifest file '../../../build/hb_task2a/hb_task2a.egg-info/SOURCES.txt'
writing manifest file '../../../build/hb_task2a/hb_task2a.egg-info/SOURCES.txt'
running build
running build_py
/usr/lib/python3/dist-packages/setuptools/command/install.py:34: SetuptoolsDeprecationWarning: setup.py install is deprecated. Use build and pip and other standards-based tools.
  warnings.warn(
running install
running install_lib
running install_data
copying scripts/service_node.py -> /home/srinjoy/hb_task2_ws/install/hb_task2a/share/hb_task2a/scripts
running install_egg_info
removing '/home/srinjoy/hb_task2_ws/install/hb_task2a/lib/python3.10/site-packages/hb_task2a-0.0.0-py3.10.egg-info' (and everything under it)
Copying ../../../build/hb_task2a/hb_task2a.egg-info to /home/srinjoy/hb_task2_ws/install/hb_task2a/lib/python3.10/site-packages/hb_task2a-0.0.0-py3.10.egg-info
running install_scripts
Installing feedback script to /home/srinjoy/hb_task2_ws/install/hb_task2a/lib/hb_task2a
writing list of installed files to '/home/srinjoy/hb_task2_ws/build/hb_task2a/install.log'
