[1.411s] Invoking command in '/home/srinjoy/hb_task2_ws/src/eYRC-2023_Hologlyph_Bots/hb_task2a': PYTHONPATH=/home/srinjoy/hb_task2_ws/build/hb_task2a/prefix_override:/home/srinjoy/hb_task2_ws/install/hb_task2a/lib/python3.10/site-packages:${PYTHONPATH} /usr/bin/python3 setup.py egg_info --egg-base ../../../build/hb_task2a build --build-base /home/srinjoy/hb_task2_ws/build/hb_task2a/build install --record /home/srinjoy/hb_task2_ws/build/hb_task2a/install.log --single-version-externally-managed
[1.637s] running egg_info
[1.638s] writing ../../../build/hb_task2a/hb_task2a.egg-info/PKG-INFO
[1.639s] writing dependency_links to ../../../build/hb_task2a/hb_task2a.egg-info/dependency_links.txt
[1.639s] writing entry points to ../../../build/hb_task2a/hb_task2a.egg-info/entry_points.txt
[1.639s] writing requirements to ../../../build/hb_task2a/hb_task2a.egg-info/requires.txt
[1.639s] writing top-level names to ../../../build/hb_task2a/hb_task2a.egg-info/top_level.txt
[1.641s] reading manifest file '../../../build/hb_task2a/hb_task2a.egg-info/SOURCES.txt'
[1.641s] writing manifest file '../../../build/hb_task2a/hb_task2a.egg-info/SOURCES.txt'
[1.642s] running build
[1.642s] running build_py
[1.642s] /usr/lib/python3/dist-packages/setuptools/command/install.py:34: SetuptoolsDeprecationWarning: setup.py install is deprecated. Use build and pip and other standards-based tools.
[1.642s]   warnings.warn(
[1.642s] running install
[1.642s] running install_lib
[1.644s] running install_data
[1.644s] copying scripts/service_node.py -> /home/srinjoy/hb_task2_ws/install/hb_task2a/share/hb_task2a/scripts
[1.645s] running install_egg_info
[1.646s] removing '/home/srinjoy/hb_task2_ws/install/hb_task2a/lib/python3.10/site-packages/hb_task2a-0.0.0-py3.10.egg-info' (and everything under it)
[1.647s] Copying ../../../build/hb_task2a/hb_task2a.egg-info to /home/srinjoy/hb_task2_ws/install/hb_task2a/lib/python3.10/site-packages/hb_task2a-0.0.0-py3.10.egg-info
[1.647s] running install_scripts
[1.668s] Installing feedback script to /home/srinjoy/hb_task2_ws/install/hb_task2a/lib/hb_task2a
[1.668s] writing list of installed files to '/home/srinjoy/hb_task2_ws/build/hb_task2a/install.log'
[1.769s] Invoked command in '/home/srinjoy/hb_task2_ws/src/eYRC-2023_Hologlyph_Bots/hb_task2a' returned '0': PYTHONPATH=/home/srinjoy/hb_task2_ws/build/hb_task2a/prefix_override:/home/srinjoy/hb_task2_ws/install/hb_task2a/lib/python3.10/site-packages:${PYTHONPATH} /usr/bin/python3 setup.py egg_info --egg-base ../../../build/hb_task2a build --build-base /home/srinjoy/hb_task2_ws/build/hb_task2a/build install --record /home/srinjoy/hb_task2_ws/build/hb_task2a/install.log --single-version-externally-managed
