[0.774s] Invoking command in '/home/srinjoy/hb_task2_ws/build/hb_world': CMAKE_PREFIX_PATH=${CMAKE_PREFIX_PATH}:/home/srinjoy/ws_moveit/install/moveit_configs_utils:/opt/ros/humble /home/srinjoy/.local/bin/cmake --build /home/srinjoy/hb_task2_ws/build/hb_world -- -j12 -l12
[0.832s] Invoked command in '/home/srinjoy/hb_task2_ws/build/hb_world' returned '0': CMAKE_PREFIX_PATH=${CMAKE_PREFIX_PATH}:/home/srinjoy/ws_moveit/install/moveit_configs_utils:/opt/ros/humble /home/srinjoy/.local/bin/cmake --build /home/srinjoy/hb_task2_ws/build/hb_world -- -j12 -l12
[0.905s] Invoking command in '/home/srinjoy/hb_task2_ws/build/hb_world': CMAKE_PREFIX_PATH=${CMAKE_PREFIX_PATH}:/home/srinjoy/ws_moveit/install/moveit_configs_utils:/opt/ros/humble /home/srinjoy/.local/bin/cmake --install /home/srinjoy/hb_task2_ws/build/hb_world
[0.937s] -- Install configuration: ""
[0.937s] -- Execute custom install script
[0.938s] -- Up-to-date symlink: /home/srinjoy/hb_task2_ws/install/hb_world/share/hb_world//launch/world.launch.py
[0.939s] -- Up-to-date symlink: /home/srinjoy/hb_task2_ws/install/hb_world/share/hb_world//worlds/gazebo.world
[0.939s] -- Up-to-date symlink: /home/srinjoy/hb_task2_ws/install/hb_world/share/hb_world//models/arena/meshes/arena.dae
[0.940s] -- Up-to-date symlink: /home/srinjoy/hb_task2_ws/install/hb_world/share/hb_world//models/arena/meshes/arena.jpg
[0.940s] -- Up-to-date symlink: /home/srinjoy/hb_task2_ws/install/hb_world/share/hb_world//models/arena/model.config
[0.940s] -- Up-to-date symlink: /home/srinjoy/hb_task2_ws/install/hb_world/share/hb_world//models/arena/model.sdf
[0.940s] -- Up-to-date symlink: /home/srinjoy/hb_task2_ws/install/hb_world/share/hb_world//models/e_camera/meshes/17eyantra_logo_large e.png
[0.940s] -- Up-to-date symlink: /home/srinjoy/hb_task2_ws/install/hb_world/share/hb_world//models/e_camera/meshes/camera.dae
[0.940s] -- Up-to-date symlink: /home/srinjoy/hb_task2_ws/install/hb_world/share/hb_world//models/e_camera/model.config
[0.940s] -- Up-to-date symlink: /home/srinjoy/hb_task2_ws/install/hb_world/share/hb_world//models/e_camera/model.sdf
[0.941s] -- Up-to-date symlink: /home/srinjoy/hb_task2_ws/install/hb_world/share/hb_world//models/ground_surface/meshes/geoglyph.jpg
[0.941s] -- Up-to-date symlink: /home/srinjoy/hb_task2_ws/install/hb_world/share/hb_world//models/ground_surface/meshes/ground_surface.dae
[0.942s] -- Up-to-date symlink: /home/srinjoy/hb_task2_ws/install/hb_world/share/hb_world//models/ground_surface/model.config
[0.942s] -- Up-to-date symlink: /home/srinjoy/hb_task2_ws/install/hb_world/share/hb_world//models/ground_surface/model.sdf
[0.942s] -- Up-to-date symlink: /home/srinjoy/hb_task2_ws/install/hb_world/share/ament_index/resource_index/package_run_dependencies/hb_world
[0.942s] -- Up-to-date symlink: /home/srinjoy/hb_task2_ws/install/hb_world/share/ament_index/resource_index/parent_prefix_path/hb_world
[0.942s] -- Up-to-date symlink: /home/srinjoy/hb_task2_ws/install/hb_world/share/hb_world/environment/ament_prefix_path.sh
[0.942s] -- Up-to-date symlink: /home/srinjoy/hb_task2_ws/install/hb_world/share/hb_world/environment/ament_prefix_path.dsv
[0.943s] -- Up-to-date symlink: /home/srinjoy/hb_task2_ws/install/hb_world/share/hb_world/environment/path.sh
[0.943s] -- Up-to-date symlink: /home/srinjoy/hb_task2_ws/install/hb_world/share/hb_world/environment/path.dsv
[0.943s] -- Up-to-date symlink: /home/srinjoy/hb_task2_ws/install/hb_world/share/hb_world/local_setup.bash
[0.944s] -- Up-to-date symlink: /home/srinjoy/hb_task2_ws/install/hb_world/share/hb_world/local_setup.sh
[0.944s] -- Up-to-date symlink: /home/srinjoy/hb_task2_ws/install/hb_world/share/hb_world/local_setup.zsh
[0.944s] -- Up-to-date symlink: /home/srinjoy/hb_task2_ws/install/hb_world/share/hb_world/local_setup.dsv
[0.944s] -- Symlinking: /home/srinjoy/hb_task2_ws/install/hb_world/share/hb_world/package.dsv
[0.950s] -- Up-to-date symlink: /home/srinjoy/hb_task2_ws/install/hb_world/share/ament_index/resource_index/packages/hb_world
[0.950s] -- Up-to-date symlink: /home/srinjoy/hb_task2_ws/install/hb_world/share/hb_world/cmake/hb_worldConfig.cmake
[0.950s] -- Up-to-date symlink: /home/srinjoy/hb_task2_ws/install/hb_world/share/hb_world/cmake/hb_worldConfig-version.cmake
[0.951s] -- Up-to-date symlink: /home/srinjoy/hb_task2_ws/install/hb_world/share/hb_world/package.xml
[1.010s] Invoked command in '/home/srinjoy/hb_task2_ws/build/hb_world' returned '0': CMAKE_PREFIX_PATH=${CMAKE_PREFIX_PATH}:/home/srinjoy/ws_moveit/install/moveit_configs_utils:/opt/ros/humble /home/srinjoy/.local/bin/cmake --install /home/srinjoy/hb_task2_ws/build/hb_world
