[1.530s] Invoking command in '/home/srinjoy/hb_task2_ws/build/hb_task2a': PYTHONPATH=/home/srinjoy/hb_task2_ws/build/hb_task2a/prefix_override:/home/srinjoy/hb_task2_ws/install/hb_task2a/lib/python3.10/site-packages:${PYTHONPATH} /usr/bin/python3 setup.py develop --editable --build-directory /home/srinjoy/hb_task2_ws/build/hb_task2a/build --no-deps install_data
[1.792s] running develop
[1.792s] /usr/lib/python3/dist-packages/setuptools/command/easy_install.py:158: EasyInstallDeprecationWarning: easy_install command is deprecated. Use build and pip and other standards-based tools.
[1.792s]   warnings.warn(
[1.792s] /usr/lib/python3/dist-packages/setuptools/command/install.py:34: SetuptoolsDeprecationWarning: setup.py install is deprecated. Use build and pip and other standards-based tools.
[1.792s]   warnings.warn(
[1.977s] running egg_info
[1.977s] writing hb_task2a.egg-info/PKG-INFO
[1.978s] writing dependency_links to hb_task2a.egg-info/dependency_links.txt
[1.978s] writing entry points to hb_task2a.egg-info/entry_points.txt
[1.978s] writing requirements to hb_task2a.egg-info/requires.txt
[1.978s] writing top-level names to hb_task2a.egg-info/top_level.txt
[1.980s] reading manifest file 'hb_task2a.egg-info/SOURCES.txt'
[1.980s] writing manifest file 'hb_task2a.egg-info/SOURCES.txt'
[1.982s] running build_ext
[1.982s] Creating /home/srinjoy/hb_task2_ws/install/hb_task2a/lib/python3.10/site-packages/hb-task2a.egg-link (link to .)
[1.983s] Installing feedback script to /home/srinjoy/hb_task2_ws/install/hb_task2a/lib/hb_task2a
[1.983s] 
[1.983s] Installed /home/srinjoy/hb_task2_ws/build/hb_task2a
[1.983s] running install_data
[2.038s] Invoked command in '/home/srinjoy/hb_task2_ws/build/hb_task2a' returned '0': PYTHONPATH=/home/srinjoy/hb_task2_ws/build/hb_task2a/prefix_override:/home/srinjoy/hb_task2_ws/install/hb_task2a/lib/python3.10/site-packages:${PYTHONPATH} /usr/bin/python3 setup.py develop --editable --build-directory /home/srinjoy/hb_task2_ws/build/hb_task2a/build --no-deps install_data
