[1.313s] DEBUG:colcon:Command line arguments: ['/usr/bin/colcon', 'build']
[1.313s] DEBUG:colcon:Parsed command line arguments: Namespace(log_base=None, log_level=None, verb_name='build', build_base='build', install_base='install', merge_install=False, symlink_install=False, test_result_base=None, continue_on_error=False, executor='parallel', parallel_workers=12, event_handlers=None, ignore_user_meta=False, metas=['./colcon.meta'], base_paths=['.'], packages_ignore=None, packages_ignore_regex=None, paths=None, packages_up_to=None, packages_up_to_regex=None, packages_above=None, packages_above_and_dependencies=None, packages_above_depth=None, packages_select_by_dep=None, packages_skip_by_dep=None, packages_skip_up_to=None, packages_select_build_failed=False, packages_skip_build_finished=False, packages_select_test_failures=False, packages_skip_test_passed=False, packages_select=None, packages_skip=None, packages_select_regex=None, packages_skip_regex=None, packages_start=None, packages_end=None, allow_overriding=[], cmake_args=None, cmake_target=None, cmake_target_skip_unavailable=False, cmake_clean_cache=False, cmake_clean_first=False, cmake_force_configure=False, ament_cmake_args=None, catkin_cmake_args=None, catkin_skip_building_tests=False, mixin_files=None, mixin=None, verb_parser=<colcon_mixin.mixin.mixin_argument.MixinArgumentDecorator object at 0x7f96e1dfb5e0>, verb_extension=<colcon_core.verb.build.BuildVerb object at 0x7f96e2025c90>, main=<bound method BuildVerb.main of <colcon_core.verb.build.BuildVerb object at 0x7f96e2025c90>>, mixin_verb=('build',))
[1.368s] Level 1:colcon.colcon_core.package_discovery:discover_packages(colcon_meta) check parameters
[1.368s] Level 1:colcon.colcon_core.package_discovery:discover_packages(recursive) check parameters
[1.368s] Level 1:colcon.colcon_core.package_discovery:discover_packages(ignore) check parameters
[1.368s] Level 1:colcon.colcon_core.package_discovery:discover_packages(path) check parameters
[1.368s] Level 1:colcon.colcon_core.package_discovery:discover_packages(colcon_meta) discover
[1.368s] Level 1:colcon.colcon_core.package_discovery:discover_packages(recursive) discover
[1.368s] INFO:colcon.colcon_core.package_discovery:Crawling recursively for packages in '/home/srinjoy/hb_task2_ws'
[1.368s] Level 1:colcon.colcon_core.package_identification:_identify(.) by extensions ['ignore', 'ignore_ament_install']
[1.368s] Level 1:colcon.colcon_core.package_identification:_identify(.) by extension 'ignore'
[1.368s] Level 1:colcon.colcon_core.package_identification:_identify(.) by extension 'ignore_ament_install'
[1.368s] Level 1:colcon.colcon_core.package_identification:_identify(.) by extensions ['colcon_pkg']
[1.368s] Level 1:colcon.colcon_core.package_identification:_identify(.) by extension 'colcon_pkg'
[1.368s] Level 1:colcon.colcon_core.package_identification:_identify(.) by extensions ['colcon_meta']
[1.368s] Level 1:colcon.colcon_core.package_identification:_identify(.) by extension 'colcon_meta'
[1.368s] Level 1:colcon.colcon_core.package_identification:_identify(.) by extensions ['ros']
[1.369s] Level 1:colcon.colcon_core.package_identification:_identify(.) by extension 'ros'
[1.378s] Level 1:colcon.colcon_core.package_identification:_identify(.) by extensions ['cmake', 'python']
[1.378s] Level 1:colcon.colcon_core.package_identification:_identify(.) by extension 'cmake'
[1.378s] Level 1:colcon.colcon_core.package_identification:_identify(.) by extension 'python'
[1.378s] Level 1:colcon.colcon_core.package_identification:_identify(.) by extensions ['python_setup_py']
[1.378s] Level 1:colcon.colcon_core.package_identification:_identify(.) by extension 'python_setup_py'
[1.378s] Level 1:colcon.colcon_core.package_identification:_identify(build) by extensions ['ignore', 'ignore_ament_install']
[1.378s] Level 1:colcon.colcon_core.package_identification:_identify(build) by extension 'ignore'
[1.378s] Level 1:colcon.colcon_core.package_identification:_identify(build) ignored
[1.378s] Level 1:colcon.colcon_core.package_identification:_identify(install) by extensions ['ignore', 'ignore_ament_install']
[1.378s] Level 1:colcon.colcon_core.package_identification:_identify(install) by extension 'ignore'
[1.378s] Level 1:colcon.colcon_core.package_identification:_identify(install) ignored
[1.379s] Level 1:colcon.colcon_core.package_identification:_identify(log) by extensions ['ignore', 'ignore_ament_install']
[1.379s] Level 1:colcon.colcon_core.package_identification:_identify(log) by extension 'ignore'
[1.379s] Level 1:colcon.colcon_core.package_identification:_identify(log) ignored
[1.379s] Level 1:colcon.colcon_core.package_identification:_identify(src) by extensions ['ignore', 'ignore_ament_install']
[1.379s] Level 1:colcon.colcon_core.package_identification:_identify(src) by extension 'ignore'
[1.379s] Level 1:colcon.colcon_core.package_identification:_identify(src) by extension 'ignore_ament_install'
[1.379s] Level 1:colcon.colcon_core.package_identification:_identify(src) by extensions ['colcon_pkg']
[1.379s] Level 1:colcon.colcon_core.package_identification:_identify(src) by extension 'colcon_pkg'
[1.379s] Level 1:colcon.colcon_core.package_identification:_identify(src) by extensions ['colcon_meta']
[1.379s] Level 1:colcon.colcon_core.package_identification:_identify(src) by extension 'colcon_meta'
[1.379s] Level 1:colcon.colcon_core.package_identification:_identify(src) by extensions ['ros']
[1.379s] Level 1:colcon.colcon_core.package_identification:_identify(src) by extension 'ros'
[1.379s] Level 1:colcon.colcon_core.package_identification:_identify(src) by extensions ['cmake', 'python']
[1.379s] Level 1:colcon.colcon_core.package_identification:_identify(src) by extension 'cmake'
[1.379s] Level 1:colcon.colcon_core.package_identification:_identify(src) by extension 'python'
[1.379s] Level 1:colcon.colcon_core.package_identification:_identify(src) by extensions ['python_setup_py']
[1.379s] Level 1:colcon.colcon_core.package_identification:_identify(src) by extension 'python_setup_py'
[1.379s] Level 1:colcon.colcon_core.package_identification:_identify(src/eYRC-2023_Hologlyph_Bots) by extensions ['ignore', 'ignore_ament_install']
[1.379s] Level 1:colcon.colcon_core.package_identification:_identify(src/eYRC-2023_Hologlyph_Bots) by extension 'ignore'
[1.379s] Level 1:colcon.colcon_core.package_identification:_identify(src/eYRC-2023_Hologlyph_Bots) by extension 'ignore_ament_install'
[1.379s] Level 1:colcon.colcon_core.package_identification:_identify(src/eYRC-2023_Hologlyph_Bots) by extensions ['colcon_pkg']
[1.379s] Level 1:colcon.colcon_core.package_identification:_identify(src/eYRC-2023_Hologlyph_Bots) by extension 'colcon_pkg'
[1.379s] Level 1:colcon.colcon_core.package_identification:_identify(src/eYRC-2023_Hologlyph_Bots) by extensions ['colcon_meta']
[1.379s] Level 1:colcon.colcon_core.package_identification:_identify(src/eYRC-2023_Hologlyph_Bots) by extension 'colcon_meta'
[1.380s] Level 1:colcon.colcon_core.package_identification:_identify(src/eYRC-2023_Hologlyph_Bots) by extensions ['ros']
[1.380s] Level 1:colcon.colcon_core.package_identification:_identify(src/eYRC-2023_Hologlyph_Bots) by extension 'ros'
[1.380s] Level 1:colcon.colcon_core.package_identification:_identify(src/eYRC-2023_Hologlyph_Bots) by extensions ['cmake', 'python']
[1.380s] Level 1:colcon.colcon_core.package_identification:_identify(src/eYRC-2023_Hologlyph_Bots) by extension 'cmake'
[1.380s] Level 1:colcon.colcon_core.package_identification:_identify(src/eYRC-2023_Hologlyph_Bots) by extension 'python'
[1.380s] Level 1:colcon.colcon_core.package_identification:_identify(src/eYRC-2023_Hologlyph_Bots) by extensions ['python_setup_py']
[1.380s] Level 1:colcon.colcon_core.package_identification:_identify(src/eYRC-2023_Hologlyph_Bots) by extension 'python_setup_py'
[1.380s] Level 1:colcon.colcon_core.package_identification:_identify(src/eYRC-2023_Hologlyph_Bots/hb_bot) by extensions ['ignore', 'ignore_ament_install']
[1.380s] Level 1:colcon.colcon_core.package_identification:_identify(src/eYRC-2023_Hologlyph_Bots/hb_bot) by extension 'ignore'
[1.380s] Level 1:colcon.colcon_core.package_identification:_identify(src/eYRC-2023_Hologlyph_Bots/hb_bot) by extension 'ignore_ament_install'
[1.380s] Level 1:colcon.colcon_core.package_identification:_identify(src/eYRC-2023_Hologlyph_Bots/hb_bot) by extensions ['colcon_pkg']
[1.380s] Level 1:colcon.colcon_core.package_identification:_identify(src/eYRC-2023_Hologlyph_Bots/hb_bot) by extension 'colcon_pkg'
[1.380s] Level 1:colcon.colcon_core.package_identification:_identify(src/eYRC-2023_Hologlyph_Bots/hb_bot) by extensions ['colcon_meta']
[1.380s] Level 1:colcon.colcon_core.package_identification:_identify(src/eYRC-2023_Hologlyph_Bots/hb_bot) by extension 'colcon_meta'
[1.380s] Level 1:colcon.colcon_core.package_identification:_identify(src/eYRC-2023_Hologlyph_Bots/hb_bot) by extensions ['ros']
[1.380s] Level 1:colcon.colcon_core.package_identification:_identify(src/eYRC-2023_Hologlyph_Bots/hb_bot) by extension 'ros'
[1.382s] DEBUG:colcon.colcon_core.package_identification:Package 'src/eYRC-2023_Hologlyph_Bots/hb_bot' with type 'ros.ament_cmake' and name 'hb_bot'
[1.382s] Level 1:colcon.colcon_core.package_identification:_identify(src/eYRC-2023_Hologlyph_Bots/hb_task2a) by extensions ['ignore', 'ignore_ament_install']
[1.382s] Level 1:colcon.colcon_core.package_identification:_identify(src/eYRC-2023_Hologlyph_Bots/hb_task2a) by extension 'ignore'
[1.382s] Level 1:colcon.colcon_core.package_identification:_identify(src/eYRC-2023_Hologlyph_Bots/hb_task2a) by extension 'ignore_ament_install'
[1.382s] Level 1:colcon.colcon_core.package_identification:_identify(src/eYRC-2023_Hologlyph_Bots/hb_task2a) by extensions ['colcon_pkg']
[1.382s] Level 1:colcon.colcon_core.package_identification:_identify(src/eYRC-2023_Hologlyph_Bots/hb_task2a) by extension 'colcon_pkg'
[1.383s] Level 1:colcon.colcon_core.package_identification:_identify(src/eYRC-2023_Hologlyph_Bots/hb_task2a) by extensions ['colcon_meta']
[1.383s] Level 1:colcon.colcon_core.package_identification:_identify(src/eYRC-2023_Hologlyph_Bots/hb_task2a) by extension 'colcon_meta'
[1.383s] Level 1:colcon.colcon_core.package_identification:_identify(src/eYRC-2023_Hologlyph_Bots/hb_task2a) by extensions ['ros']
[1.383s] Level 1:colcon.colcon_core.package_identification:_identify(src/eYRC-2023_Hologlyph_Bots/hb_task2a) by extension 'ros'
[1.383s] DEBUG:colcon.colcon_core.package_identification:Package 'src/eYRC-2023_Hologlyph_Bots/hb_task2a' with type 'ros.ament_python' and name 'hb_task2a'
[1.383s] Level 1:colcon.colcon_core.package_identification:_identify(src/eYRC-2023_Hologlyph_Bots/hb_task2b) by extensions ['ignore', 'ignore_ament_install']
[1.383s] Level 1:colcon.colcon_core.package_identification:_identify(src/eYRC-2023_Hologlyph_Bots/hb_task2b) by extension 'ignore'
[1.383s] Level 1:colcon.colcon_core.package_identification:_identify(src/eYRC-2023_Hologlyph_Bots/hb_task2b) by extension 'ignore_ament_install'
[1.383s] Level 1:colcon.colcon_core.package_identification:_identify(src/eYRC-2023_Hologlyph_Bots/hb_task2b) by extensions ['colcon_pkg']
[1.383s] Level 1:colcon.colcon_core.package_identification:_identify(src/eYRC-2023_Hologlyph_Bots/hb_task2b) by extension 'colcon_pkg'
[1.383s] Level 1:colcon.colcon_core.package_identification:_identify(src/eYRC-2023_Hologlyph_Bots/hb_task2b) by extensions ['colcon_meta']
[1.384s] Level 1:colcon.colcon_core.package_identification:_identify(src/eYRC-2023_Hologlyph_Bots/hb_task2b) by extension 'colcon_meta'
[1.384s] Level 1:colcon.colcon_core.package_identification:_identify(src/eYRC-2023_Hologlyph_Bots/hb_task2b) by extensions ['ros']
[1.384s] Level 1:colcon.colcon_core.package_identification:_identify(src/eYRC-2023_Hologlyph_Bots/hb_task2b) by extension 'ros'
[1.384s] DEBUG:colcon.colcon_core.package_identification:Package 'src/eYRC-2023_Hologlyph_Bots/hb_task2b' with type 'ros.ament_python' and name 'hb_task2b'
[1.384s] Level 1:colcon.colcon_core.package_identification:_identify(src/eYRC-2023_Hologlyph_Bots/hb_world) by extensions ['ignore', 'ignore_ament_install']
[1.384s] Level 1:colcon.colcon_core.package_identification:_identify(src/eYRC-2023_Hologlyph_Bots/hb_world) by extension 'ignore'
[1.384s] Level 1:colcon.colcon_core.package_identification:_identify(src/eYRC-2023_Hologlyph_Bots/hb_world) by extension 'ignore_ament_install'
[1.384s] Level 1:colcon.colcon_core.package_identification:_identify(src/eYRC-2023_Hologlyph_Bots/hb_world) by extensions ['colcon_pkg']
[1.384s] Level 1:colcon.colcon_core.package_identification:_identify(src/eYRC-2023_Hologlyph_Bots/hb_world) by extension 'colcon_pkg'
[1.384s] Level 1:colcon.colcon_core.package_identification:_identify(src/eYRC-2023_Hologlyph_Bots/hb_world) by extensions ['colcon_meta']
[1.385s] Level 1:colcon.colcon_core.package_identification:_identify(src/eYRC-2023_Hologlyph_Bots/hb_world) by extension 'colcon_meta'
[1.385s] Level 1:colcon.colcon_core.package_identification:_identify(src/eYRC-2023_Hologlyph_Bots/hb_world) by extensions ['ros']
[1.385s] Level 1:colcon.colcon_core.package_identification:_identify(src/eYRC-2023_Hologlyph_Bots/hb_world) by extension 'ros'
[1.385s] DEBUG:colcon.colcon_core.package_identification:Package 'src/eYRC-2023_Hologlyph_Bots/hb_world' with type 'ros.ament_cmake' and name 'hb_world'
[1.385s] Level 1:colcon.colcon_core.package_identification:_identify(src/eYRC-2023_Hologlyph_Bots/my_robot_interfaces) by extensions ['ignore', 'ignore_ament_install']
[1.385s] Level 1:colcon.colcon_core.package_identification:_identify(src/eYRC-2023_Hologlyph_Bots/my_robot_interfaces) by extension 'ignore'
[1.385s] Level 1:colcon.colcon_core.package_identification:_identify(src/eYRC-2023_Hologlyph_Bots/my_robot_interfaces) by extension 'ignore_ament_install'
[1.385s] Level 1:colcon.colcon_core.package_identification:_identify(src/eYRC-2023_Hologlyph_Bots/my_robot_interfaces) by extensions ['colcon_pkg']
[1.385s] Level 1:colcon.colcon_core.package_identification:_identify(src/eYRC-2023_Hologlyph_Bots/my_robot_interfaces) by extension 'colcon_pkg'
[1.385s] Level 1:colcon.colcon_core.package_identification:_identify(src/eYRC-2023_Hologlyph_Bots/my_robot_interfaces) by extensions ['colcon_meta']
[1.385s] Level 1:colcon.colcon_core.package_identification:_identify(src/eYRC-2023_Hologlyph_Bots/my_robot_interfaces) by extension 'colcon_meta'
[1.385s] Level 1:colcon.colcon_core.package_identification:_identify(src/eYRC-2023_Hologlyph_Bots/my_robot_interfaces) by extensions ['ros']
[1.385s] Level 1:colcon.colcon_core.package_identification:_identify(src/eYRC-2023_Hologlyph_Bots/my_robot_interfaces) by extension 'ros'
[1.386s] DEBUG:colcon.colcon_core.package_identification:Package 'src/eYRC-2023_Hologlyph_Bots/my_robot_interfaces' with type 'ros.ament_cmake' and name 'my_robot_interfaces'
[1.386s] Level 1:colcon.colcon_core.package_discovery:discover_packages(recursive) using defaults
[1.386s] Level 1:colcon.colcon_core.package_discovery:discover_packages(ignore) discover
[1.386s] Level 1:colcon.colcon_core.package_discovery:discover_packages(ignore) using defaults
[1.386s] Level 1:colcon.colcon_core.package_discovery:discover_packages(path) discover
[1.386s] Level 1:colcon.colcon_core.package_discovery:discover_packages(path) using defaults
[1.477s] Level 1:colcon.colcon_core.package_discovery:discover_packages(prefix_path) check parameters
[1.477s] Level 1:colcon.colcon_core.package_discovery:discover_packages(prefix_path) discover
[1.510s] DEBUG:colcon.colcon_installed_package_information.package_discovery:Found 33 installed packages in /home/srinjoy/ws_moveit/install
[1.526s] DEBUG:colcon.colcon_installed_package_information.package_discovery:Found 329 installed packages in /opt/ros/humble
[1.528s] Level 1:colcon.colcon_core.package_discovery:discover_packages(prefix_path) using defaults
[1.616s] Level 5:colcon.colcon_core.verb:set package 'hb_bot' build argument 'cmake_args' from command line to 'None'
[1.616s] Level 5:colcon.colcon_core.verb:set package 'hb_bot' build argument 'cmake_target' from command line to 'None'
[1.616s] Level 5:colcon.colcon_core.verb:set package 'hb_bot' build argument 'cmake_target_skip_unavailable' from command line to 'False'
[1.616s] Level 5:colcon.colcon_core.verb:set package 'hb_bot' build argument 'cmake_clean_cache' from command line to 'False'
[1.616s] Level 5:colcon.colcon_core.verb:set package 'hb_bot' build argument 'cmake_clean_first' from command line to 'False'
[1.616s] Level 5:colcon.colcon_core.verb:set package 'hb_bot' build argument 'cmake_force_configure' from command line to 'False'
[1.616s] Level 5:colcon.colcon_core.verb:set package 'hb_bot' build argument 'ament_cmake_args' from command line to 'None'
[1.616s] Level 5:colcon.colcon_core.verb:set package 'hb_bot' build argument 'catkin_cmake_args' from command line to 'None'
[1.616s] Level 5:colcon.colcon_core.verb:set package 'hb_bot' build argument 'catkin_skip_building_tests' from command line to 'False'
[1.616s] DEBUG:colcon.colcon_core.verb:Building package 'hb_bot' with the following arguments: {'ament_cmake_args': None, 'build_base': '/home/srinjoy/hb_task2_ws/build/hb_bot', 'catkin_cmake_args': None, 'catkin_skip_building_tests': False, 'cmake_args': None, 'cmake_clean_cache': False, 'cmake_clean_first': False, 'cmake_force_configure': False, 'cmake_target': None, 'cmake_target_skip_unavailable': False, 'install_base': '/home/srinjoy/hb_task2_ws/install/hb_bot', 'merge_install': False, 'path': '/home/srinjoy/hb_task2_ws/src/eYRC-2023_Hologlyph_Bots/hb_bot', 'symlink_install': False, 'test_result_base': None}
[1.631s] Level 5:colcon.colcon_core.verb:set package 'hb_task2a' build argument 'cmake_args' from command line to 'None'
[1.632s] Level 5:colcon.colcon_core.verb:set package 'hb_task2a' build argument 'cmake_target' from command line to 'None'
[1.632s] Level 5:colcon.colcon_core.verb:set package 'hb_task2a' build argument 'cmake_target_skip_unavailable' from command line to 'False'
[1.632s] Level 5:colcon.colcon_core.verb:set package 'hb_task2a' build argument 'cmake_clean_cache' from command line to 'False'
[1.632s] Level 5:colcon.colcon_core.verb:set package 'hb_task2a' build argument 'cmake_clean_first' from command line to 'False'
[1.632s] Level 5:colcon.colcon_core.verb:set package 'hb_task2a' build argument 'cmake_force_configure' from command line to 'False'
[1.632s] Level 5:colcon.colcon_core.verb:set package 'hb_task2a' build argument 'ament_cmake_args' from command line to 'None'
[1.632s] Level 5:colcon.colcon_core.verb:set package 'hb_task2a' build argument 'catkin_cmake_args' from command line to 'None'
[1.632s] Level 5:colcon.colcon_core.verb:set package 'hb_task2a' build argument 'catkin_skip_building_tests' from command line to 'False'
[1.632s] DEBUG:colcon.colcon_core.verb:Building package 'hb_task2a' with the following arguments: {'ament_cmake_args': None, 'build_base': '/home/srinjoy/hb_task2_ws/build/hb_task2a', 'catkin_cmake_args': None, 'catkin_skip_building_tests': False, 'cmake_args': None, 'cmake_clean_cache': False, 'cmake_clean_first': False, 'cmake_force_configure': False, 'cmake_target': None, 'cmake_target_skip_unavailable': False, 'install_base': '/home/srinjoy/hb_task2_ws/install/hb_task2a', 'merge_install': False, 'path': '/home/srinjoy/hb_task2_ws/src/eYRC-2023_Hologlyph_Bots/hb_task2a', 'symlink_install': False, 'test_result_base': None}
[1.647s] Level 5:colcon.colcon_core.verb:set package 'hb_task2b' build argument 'cmake_args' from command line to 'None'
[1.647s] Level 5:colcon.colcon_core.verb:set package 'hb_task2b' build argument 'cmake_target' from command line to 'None'
[1.647s] Level 5:colcon.colcon_core.verb:set package 'hb_task2b' build argument 'cmake_target_skip_unavailable' from command line to 'False'
[1.647s] Level 5:colcon.colcon_core.verb:set package 'hb_task2b' build argument 'cmake_clean_cache' from command line to 'False'
[1.647s] Level 5:colcon.colcon_core.verb:set package 'hb_task2b' build argument 'cmake_clean_first' from command line to 'False'
[1.647s] Level 5:colcon.colcon_core.verb:set package 'hb_task2b' build argument 'cmake_force_configure' from command line to 'False'
[1.647s] Level 5:colcon.colcon_core.verb:set package 'hb_task2b' build argument 'ament_cmake_args' from command line to 'None'
[1.647s] Level 5:colcon.colcon_core.verb:set package 'hb_task2b' build argument 'catkin_cmake_args' from command line to 'None'
[1.647s] Level 5:colcon.colcon_core.verb:set package 'hb_task2b' build argument 'catkin_skip_building_tests' from command line to 'False'
[1.647s] DEBUG:colcon.colcon_core.verb:Building package 'hb_task2b' with the following arguments: {'ament_cmake_args': None, 'build_base': '/home/srinjoy/hb_task2_ws/build/hb_task2b', 'catkin_cmake_args': None, 'catkin_skip_building_tests': False, 'cmake_args': None, 'cmake_clean_cache': False, 'cmake_clean_first': False, 'cmake_force_configure': False, 'cmake_target': None, 'cmake_target_skip_unavailable': False, 'install_base': '/home/srinjoy/hb_task2_ws/install/hb_task2b', 'merge_install': False, 'path': '/home/srinjoy/hb_task2_ws/src/eYRC-2023_Hologlyph_Bots/hb_task2b', 'symlink_install': False, 'test_result_base': None}
[1.663s] Level 5:colcon.colcon_core.verb:set package 'hb_world' build argument 'cmake_args' from command line to 'None'
[1.663s] Level 5:colcon.colcon_core.verb:set package 'hb_world' build argument 'cmake_target' from command line to 'None'
[1.663s] Level 5:colcon.colcon_core.verb:set package 'hb_world' build argument 'cmake_target_skip_unavailable' from command line to 'False'
[1.663s] Level 5:colcon.colcon_core.verb:set package 'hb_world' build argument 'cmake_clean_cache' from command line to 'False'
[1.663s] Level 5:colcon.colcon_core.verb:set package 'hb_world' build argument 'cmake_clean_first' from command line to 'False'
[1.663s] Level 5:colcon.colcon_core.verb:set package 'hb_world' build argument 'cmake_force_configure' from command line to 'False'
[1.663s] Level 5:colcon.colcon_core.verb:set package 'hb_world' build argument 'ament_cmake_args' from command line to 'None'
[1.663s] Level 5:colcon.colcon_core.verb:set package 'hb_world' build argument 'catkin_cmake_args' from command line to 'None'
[1.663s] Level 5:colcon.colcon_core.verb:set package 'hb_world' build argument 'catkin_skip_building_tests' from command line to 'False'
[1.663s] DEBUG:colcon.colcon_core.verb:Building package 'hb_world' with the following arguments: {'ament_cmake_args': None, 'build_base': '/home/srinjoy/hb_task2_ws/build/hb_world', 'catkin_cmake_args': None, 'catkin_skip_building_tests': False, 'cmake_args': None, 'cmake_clean_cache': False, 'cmake_clean_first': False, 'cmake_force_configure': False, 'cmake_target': None, 'cmake_target_skip_unavailable': False, 'install_base': '/home/srinjoy/hb_task2_ws/install/hb_world', 'merge_install': False, 'path': '/home/srinjoy/hb_task2_ws/src/eYRC-2023_Hologlyph_Bots/hb_world', 'symlink_install': False, 'test_result_base': None}
[1.678s] Level 5:colcon.colcon_core.verb:set package 'my_robot_interfaces' build argument 'cmake_args' from command line to 'None'
[1.678s] Level 5:colcon.colcon_core.verb:set package 'my_robot_interfaces' build argument 'cmake_target' from command line to 'None'
[1.678s] Level 5:colcon.colcon_core.verb:set package 'my_robot_interfaces' build argument 'cmake_target_skip_unavailable' from command line to 'False'
[1.678s] Level 5:colcon.colcon_core.verb:set package 'my_robot_interfaces' build argument 'cmake_clean_cache' from command line to 'False'
[1.678s] Level 5:colcon.colcon_core.verb:set package 'my_robot_interfaces' build argument 'cmake_clean_first' from command line to 'False'
[1.678s] Level 5:colcon.colcon_core.verb:set package 'my_robot_interfaces' build argument 'cmake_force_configure' from command line to 'False'
[1.678s] Level 5:colcon.colcon_core.verb:set package 'my_robot_interfaces' build argument 'ament_cmake_args' from command line to 'None'
[1.678s] Level 5:colcon.colcon_core.verb:set package 'my_robot_interfaces' build argument 'catkin_cmake_args' from command line to 'None'
[1.678s] Level 5:colcon.colcon_core.verb:set package 'my_robot_interfaces' build argument 'catkin_skip_building_tests' from command line to 'False'
[1.678s] DEBUG:colcon.colcon_core.verb:Building package 'my_robot_interfaces' with the following arguments: {'ament_cmake_args': None, 'build_base': '/home/srinjoy/hb_task2_ws/build/my_robot_interfaces', 'catkin_cmake_args': None, 'catkin_skip_building_tests': False, 'cmake_args': None, 'cmake_clean_cache': False, 'cmake_clean_first': False, 'cmake_force_configure': False, 'cmake_target': None, 'cmake_target_skip_unavailable': False, 'install_base': '/home/srinjoy/hb_task2_ws/install/my_robot_interfaces', 'merge_install': False, 'path': '/home/srinjoy/hb_task2_ws/src/eYRC-2023_Hologlyph_Bots/my_robot_interfaces', 'symlink_install': False, 'test_result_base': None}
[1.693s] INFO:colcon.colcon_core.executor:Executing jobs using 'parallel' executor
[1.709s] DEBUG:colcon.colcon_parallel_executor.executor.parallel:run_until_complete
[1.709s] INFO:colcon.colcon_ros.task.ament_cmake.build:Building ROS package in '/home/srinjoy/hb_task2_ws/src/eYRC-2023_Hologlyph_Bots/hb_bot' with build type 'ament_cmake'
[1.710s] INFO:colcon.colcon_cmake.task.cmake.build:Building CMake package in '/home/srinjoy/hb_task2_ws/src/eYRC-2023_Hologlyph_Bots/hb_bot'
[1.727s] INFO:colcon.colcon_core.plugin_system:Skipping extension 'colcon_core.shell.bat': Not used on non-Windows systems
[1.727s] INFO:colcon.colcon_core.shell:Skip shell extension 'powershell' for command environment: Not usable outside of PowerShell
[1.727s] DEBUG:colcon.colcon_core.shell:Skip shell extension 'dsv' for command environment
[1.777s] INFO:colcon.colcon_ros.task.ament_python.build:Building ROS package in '/home/srinjoy/hb_task2_ws/src/eYRC-2023_Hologlyph_Bots/hb_task2a' with build type 'ament_python'
[1.777s] Level 1:colcon.colcon_core.shell:create_environment_hook('hb_task2a', 'ament_prefix_path')
[1.793s] INFO:colcon.colcon_core.shell:Creating environment hook '/home/srinjoy/hb_task2_ws/install/hb_task2a/share/hb_task2a/hook/ament_prefix_path.ps1'
[1.793s] INFO:colcon.colcon_core.shell:Creating environment descriptor '/home/srinjoy/hb_task2_ws/install/hb_task2a/share/hb_task2a/hook/ament_prefix_path.dsv'
[1.794s] INFO:colcon.colcon_core.shell:Creating environment hook '/home/srinjoy/hb_task2_ws/install/hb_task2a/share/hb_task2a/hook/ament_prefix_path.sh'
[1.809s] INFO:colcon.colcon_core.shell:Skip shell extension 'powershell' for command environment: Not usable outside of PowerShell
[1.809s] DEBUG:colcon.colcon_core.shell:Skip shell extension 'dsv' for command environment
[1.862s] INFO:colcon.colcon_ros.task.ament_python.build:Building ROS package in '/home/srinjoy/hb_task2_ws/src/eYRC-2023_Hologlyph_Bots/hb_task2b' with build type 'ament_python'
[1.862s] Level 1:colcon.colcon_core.shell:create_environment_hook('hb_task2b', 'ament_prefix_path')
[1.877s] INFO:colcon.colcon_core.shell:Creating environment hook '/home/srinjoy/hb_task2_ws/install/hb_task2b/share/hb_task2b/hook/ament_prefix_path.ps1'
[1.878s] INFO:colcon.colcon_core.shell:Creating environment descriptor '/home/srinjoy/hb_task2_ws/install/hb_task2b/share/hb_task2b/hook/ament_prefix_path.dsv'
[1.878s] INFO:colcon.colcon_core.shell:Creating environment hook '/home/srinjoy/hb_task2_ws/install/hb_task2b/share/hb_task2b/hook/ament_prefix_path.sh'
[1.893s] INFO:colcon.colcon_core.shell:Skip shell extension 'powershell' for command environment: Not usable outside of PowerShell
[1.893s] DEBUG:colcon.colcon_core.shell:Skip shell extension 'dsv' for command environment
[1.943s] INFO:colcon.colcon_ros.task.ament_cmake.build:Building ROS package in '/home/srinjoy/hb_task2_ws/src/eYRC-2023_Hologlyph_Bots/hb_world' with build type 'ament_cmake'
[1.943s] INFO:colcon.colcon_cmake.task.cmake.build:Building CMake package in '/home/srinjoy/hb_task2_ws/src/eYRC-2023_Hologlyph_Bots/hb_world'
[1.959s] INFO:colcon.colcon_core.shell:Skip shell extension 'powershell' for command environment: Not usable outside of PowerShell
[1.959s] DEBUG:colcon.colcon_core.shell:Skip shell extension 'dsv' for command environment
[2.009s] INFO:colcon.colcon_ros.task.ament_cmake.build:Building ROS package in '/home/srinjoy/hb_task2_ws/src/eYRC-2023_Hologlyph_Bots/my_robot_interfaces' with build type 'ament_cmake'
[2.009s] INFO:colcon.colcon_cmake.task.cmake.build:Building CMake package in '/home/srinjoy/hb_task2_ws/src/eYRC-2023_Hologlyph_Bots/my_robot_interfaces'
[2.025s] INFO:colcon.colcon_core.shell:Skip shell extension 'powershell' for command environment: Not usable outside of PowerShell
[2.025s] DEBUG:colcon.colcon_core.shell:Skip shell extension 'dsv' for command environment
[2.079s] DEBUG:colcon.colcon_core.event_handler.log_command:Invoking command in '/home/srinjoy/hb_task2_ws/build/hb_bot': CMAKE_PREFIX_PATH=${CMAKE_PREFIX_PATH}:/home/srinjoy/ws_moveit/install/moveit_configs_utils:/opt/ros/humble /home/srinjoy/.local/bin/cmake /home/srinjoy/hb_task2_ws/src/eYRC-2023_Hologlyph_Bots/hb_bot -DCMAKE_INSTALL_PREFIX=/home/srinjoy/hb_task2_ws/install/hb_bot
[2.326s] INFO:colcon.colcon_core.task.python.build:Building Python package in '/home/srinjoy/hb_task2_ws/src/eYRC-2023_Hologlyph_Bots/hb_task2a'
[2.358s] INFO:colcon.colcon_core.shell:Skip shell extension 'powershell' for command environment: Not usable outside of PowerShell
[2.358s] DEBUG:colcon.colcon_core.shell:Skip shell extension 'dsv' for command environment
[2.653s] INFO:colcon.colcon_core.task.python.build:Building Python package in '/home/srinjoy/hb_task2_ws/src/eYRC-2023_Hologlyph_Bots/hb_task2b'
[2.668s] INFO:colcon.colcon_core.shell:Skip shell extension 'powershell' for command environment: Not usable outside of PowerShell
[2.668s] DEBUG:colcon.colcon_core.shell:Skip shell extension 'dsv' for command environment
[2.722s] DEBUG:colcon.colcon_core.event_handler.log_command:Invoking command in '/home/srinjoy/hb_task2_ws/build/hb_world': CMAKE_PREFIX_PATH=${CMAKE_PREFIX_PATH}:/home/srinjoy/ws_moveit/install/moveit_configs_utils:/opt/ros/humble /home/srinjoy/.local/bin/cmake /home/srinjoy/hb_task2_ws/src/eYRC-2023_Hologlyph_Bots/hb_world -DCMAKE_INSTALL_PREFIX=/home/srinjoy/hb_task2_ws/install/hb_world
[2.726s] DEBUG:colcon.colcon_core.event_handler.log_command:Invoking command in '/home/srinjoy/hb_task2_ws/build/my_robot_interfaces': CMAKE_PREFIX_PATH=${CMAKE_PREFIX_PATH}:/home/srinjoy/ws_moveit/install/moveit_configs_utils:/opt/ros/humble /home/srinjoy/.local/bin/cmake /home/srinjoy/hb_task2_ws/src/eYRC-2023_Hologlyph_Bots/my_robot_interfaces -DCMAKE_INSTALL_PREFIX=/home/srinjoy/hb_task2_ws/install/my_robot_interfaces
[3.113s] DEBUG:colcon.colcon_core.event_handler.log_command:Invoking command in '/home/srinjoy/hb_task2_ws/src/eYRC-2023_Hologlyph_Bots/hb_task2a': PYTHONPATH=/home/srinjoy/hb_task2_ws/build/hb_task2a/prefix_override:/home/srinjoy/hb_task2_ws/install/hb_task2a/lib/python3.10/site-packages:${PYTHONPATH} /usr/bin/python3 setup.py egg_info --egg-base ../../../build/hb_task2a build --build-base /home/srinjoy/hb_task2_ws/build/hb_task2a/build install --record /home/srinjoy/hb_task2_ws/build/hb_task2a/install.log --single-version-externally-managed
[3.149s] DEBUG:colcon.colcon_core.event_handler.log_command:Invoking command in '/home/srinjoy/hb_task2_ws/src/eYRC-2023_Hologlyph_Bots/hb_task2b': PYTHONPATH=/home/srinjoy/hb_task2_ws/build/hb_task2b/prefix_override:/home/srinjoy/hb_task2_ws/install/hb_task2b/lib/python3.10/site-packages:${PYTHONPATH} /usr/bin/python3 setup.py egg_info --egg-base ../../../build/hb_task2b build --build-base /home/srinjoy/hb_task2_ws/build/hb_task2b/build install --record /home/srinjoy/hb_task2_ws/build/hb_task2b/install.log --single-version-externally-managed
[3.436s] DEBUG:colcon.colcon_core.event_handler.log_command:Invoked command in '/home/srinjoy/hb_task2_ws/src/eYRC-2023_Hologlyph_Bots/hb_task2a' returned '0': PYTHONPATH=/home/srinjoy/hb_task2_ws/build/hb_task2a/prefix_override:/home/srinjoy/hb_task2_ws/install/hb_task2a/lib/python3.10/site-packages:${PYTHONPATH} /usr/bin/python3 setup.py egg_info --egg-base ../../../build/hb_task2a build --build-base /home/srinjoy/hb_task2_ws/build/hb_task2a/build install --record /home/srinjoy/hb_task2_ws/build/hb_task2a/install.log --single-version-externally-managed
[3.462s] Level 1:colcon.colcon_core.environment:checking '/home/srinjoy/hb_task2_ws/install/hb_task2a' for CMake module files
[3.463s] Level 1:colcon.colcon_core.environment:checking '/home/srinjoy/hb_task2_ws/install/hb_task2a' for CMake config files
[3.464s] Level 1:colcon.colcon_core.environment:checking '/home/srinjoy/hb_task2_ws/install/hb_task2a/lib'
[3.464s] Level 1:colcon.colcon_core.environment:checking '/home/srinjoy/hb_task2_ws/install/hb_task2a/bin'
[3.464s] Level 1:colcon.colcon_core.environment:checking '/home/srinjoy/hb_task2_ws/install/hb_task2a/lib/pkgconfig/hb_task2a.pc'
[3.465s] Level 1:colcon.colcon_core.environment:checking '/home/srinjoy/hb_task2_ws/install/hb_task2a/lib/python3.10/site-packages'
[3.465s] Level 1:colcon.colcon_core.shell:create_environment_hook('hb_task2a', 'pythonpath')
[3.481s] INFO:colcon.colcon_core.shell:Creating environment hook '/home/srinjoy/hb_task2_ws/install/hb_task2a/share/hb_task2a/hook/pythonpath.ps1'
[3.481s] INFO:colcon.colcon_core.shell:Creating environment descriptor '/home/srinjoy/hb_task2_ws/install/hb_task2a/share/hb_task2a/hook/pythonpath.dsv'
[3.482s] INFO:colcon.colcon_core.shell:Creating environment hook '/home/srinjoy/hb_task2_ws/install/hb_task2a/share/hb_task2a/hook/pythonpath.sh'
[3.482s] Level 1:colcon.colcon_core.environment:checking '/home/srinjoy/hb_task2_ws/install/hb_task2a/bin'
[3.482s] Level 1:colcon.colcon_core.environment:create_environment_scripts_only(hb_task2a)
[3.498s] INFO:colcon.colcon_core.shell:Creating package script '/home/srinjoy/hb_task2_ws/install/hb_task2a/share/hb_task2a/package.ps1'
[3.499s] INFO:colcon.colcon_core.shell:Creating package descriptor '/home/srinjoy/hb_task2_ws/install/hb_task2a/share/hb_task2a/package.dsv'
[3.499s] INFO:colcon.colcon_core.shell:Creating package script '/home/srinjoy/hb_task2_ws/install/hb_task2a/share/hb_task2a/package.sh'
[3.500s] INFO:colcon.colcon_core.shell:Creating package script '/home/srinjoy/hb_task2_ws/install/hb_task2a/share/hb_task2a/package.bash'
[3.500s] INFO:colcon.colcon_core.shell:Creating package script '/home/srinjoy/hb_task2_ws/install/hb_task2a/share/hb_task2a/package.zsh'
[3.501s] Level 1:colcon.colcon_core.environment:create_file_with_runtime_dependencies(/home/srinjoy/hb_task2_ws/install/hb_task2a/share/colcon-core/packages/hb_task2a)
[3.503s] DEBUG:colcon.colcon_core.event_handler.log_command:Invoked command in '/home/srinjoy/hb_task2_ws/src/eYRC-2023_Hologlyph_Bots/hb_task2b' returned '0': PYTHONPATH=/home/srinjoy/hb_task2_ws/build/hb_task2b/prefix_override:/home/srinjoy/hb_task2_ws/install/hb_task2b/lib/python3.10/site-packages:${PYTHONPATH} /usr/bin/python3 setup.py egg_info --egg-base ../../../build/hb_task2b build --build-base /home/srinjoy/hb_task2_ws/build/hb_task2b/build install --record /home/srinjoy/hb_task2_ws/build/hb_task2b/install.log --single-version-externally-managed
[3.519s] Level 1:colcon.colcon_core.environment:checking '/home/srinjoy/hb_task2_ws/install/hb_task2b' for CMake module files
[3.519s] Level 1:colcon.colcon_core.environment:checking '/home/srinjoy/hb_task2_ws/install/hb_task2b' for CMake config files
[3.520s] Level 1:colcon.colcon_core.environment:checking '/home/srinjoy/hb_task2_ws/install/hb_task2b/lib'
[3.520s] Level 1:colcon.colcon_core.environment:checking '/home/srinjoy/hb_task2_ws/install/hb_task2b/bin'
[3.520s] Level 1:colcon.colcon_core.environment:checking '/home/srinjoy/hb_task2_ws/install/hb_task2b/lib/pkgconfig/hb_task2b.pc'
[3.520s] Level 1:colcon.colcon_core.environment:checking '/home/srinjoy/hb_task2_ws/install/hb_task2b/lib/python3.10/site-packages'
[3.520s] Level 1:colcon.colcon_core.shell:create_environment_hook('hb_task2b', 'pythonpath')
[3.537s] INFO:colcon.colcon_core.shell:Creating environment hook '/home/srinjoy/hb_task2_ws/install/hb_task2b/share/hb_task2b/hook/pythonpath.ps1'
[3.537s] INFO:colcon.colcon_core.shell:Creating environment descriptor '/home/srinjoy/hb_task2_ws/install/hb_task2b/share/hb_task2b/hook/pythonpath.dsv'
[3.537s] INFO:colcon.colcon_core.shell:Creating environment hook '/home/srinjoy/hb_task2_ws/install/hb_task2b/share/hb_task2b/hook/pythonpath.sh'
[3.538s] Level 1:colcon.colcon_core.environment:checking '/home/srinjoy/hb_task2_ws/install/hb_task2b/bin'
[3.538s] Level 1:colcon.colcon_core.environment:create_environment_scripts_only(hb_task2b)
[3.553s] INFO:colcon.colcon_core.shell:Creating package script '/home/srinjoy/hb_task2_ws/install/hb_task2b/share/hb_task2b/package.ps1'
[3.554s] INFO:colcon.colcon_core.shell:Creating package descriptor '/home/srinjoy/hb_task2_ws/install/hb_task2b/share/hb_task2b/package.dsv'
[3.554s] INFO:colcon.colcon_core.shell:Creating package script '/home/srinjoy/hb_task2_ws/install/hb_task2b/share/hb_task2b/package.sh'
[3.554s] INFO:colcon.colcon_core.shell:Creating package script '/home/srinjoy/hb_task2_ws/install/hb_task2b/share/hb_task2b/package.bash'
[3.554s] INFO:colcon.colcon_core.shell:Creating package script '/home/srinjoy/hb_task2_ws/install/hb_task2b/share/hb_task2b/package.zsh'
[3.555s] Level 1:colcon.colcon_core.environment:create_file_with_runtime_dependencies(/home/srinjoy/hb_task2_ws/install/hb_task2b/share/colcon-core/packages/hb_task2b)
[4.374s] DEBUG:colcon.colcon_core.event_handler.log_command:Invoked command in '/home/srinjoy/hb_task2_ws/build/hb_bot' returned '0': CMAKE_PREFIX_PATH=${CMAKE_PREFIX_PATH}:/home/srinjoy/ws_moveit/install/moveit_configs_utils:/opt/ros/humble /home/srinjoy/.local/bin/cmake /home/srinjoy/hb_task2_ws/src/eYRC-2023_Hologlyph_Bots/hb_bot -DCMAKE_INSTALL_PREFIX=/home/srinjoy/hb_task2_ws/install/hb_bot
[4.377s] DEBUG:colcon.colcon_core.event_handler.log_command:Invoking command in '/home/srinjoy/hb_task2_ws/build/hb_bot': CMAKE_PREFIX_PATH=${CMAKE_PREFIX_PATH}:/home/srinjoy/ws_moveit/install/moveit_configs_utils:/opt/ros/humble /home/srinjoy/.local/bin/cmake --build /home/srinjoy/hb_task2_ws/build/hb_bot -- -j12 -l12
[4.428s] DEBUG:colcon.colcon_core.event_handler.log_command:Invoked command in '/home/srinjoy/hb_task2_ws/build/hb_bot' returned '0': CMAKE_PREFIX_PATH=${CMAKE_PREFIX_PATH}:/home/srinjoy/ws_moveit/install/moveit_configs_utils:/opt/ros/humble /home/srinjoy/.local/bin/cmake --build /home/srinjoy/hb_task2_ws/build/hb_bot -- -j12 -l12
[4.525s] DEBUG:colcon.colcon_core.event_handler.log_command:Invoking command in '/home/srinjoy/hb_task2_ws/build/hb_bot': CMAKE_PREFIX_PATH=${CMAKE_PREFIX_PATH}:/home/srinjoy/ws_moveit/install/moveit_configs_utils:/opt/ros/humble /home/srinjoy/.local/bin/cmake --install /home/srinjoy/hb_task2_ws/build/hb_bot
[4.580s] Level 1:colcon.colcon_core.environment:create_environment_scripts_only(hb_bot)
[4.581s] DEBUG:colcon.colcon_core.event_handler.log_command:Invoked command in '/home/srinjoy/hb_task2_ws/build/hb_bot' returned '0': CMAKE_PREFIX_PATH=${CMAKE_PREFIX_PATH}:/home/srinjoy/ws_moveit/install/moveit_configs_utils:/opt/ros/humble /home/srinjoy/.local/bin/cmake --install /home/srinjoy/hb_task2_ws/build/hb_bot
[4.596s] Level 1:colcon.colcon_core.environment:checking '/home/srinjoy/hb_task2_ws/install/hb_bot' for CMake module files
[4.597s] Level 1:colcon.colcon_core.environment:checking '/home/srinjoy/hb_task2_ws/install/hb_bot' for CMake config files
[4.597s] Level 1:colcon.colcon_core.shell:create_environment_hook('hb_bot', 'cmake_prefix_path')
[4.612s] INFO:colcon.colcon_core.shell:Creating environment hook '/home/srinjoy/hb_task2_ws/install/hb_bot/share/hb_bot/hook/cmake_prefix_path.ps1'
[4.613s] INFO:colcon.colcon_core.shell:Creating environment descriptor '/home/srinjoy/hb_task2_ws/install/hb_bot/share/hb_bot/hook/cmake_prefix_path.dsv'
[4.613s] INFO:colcon.colcon_core.shell:Creating environment hook '/home/srinjoy/hb_task2_ws/install/hb_bot/share/hb_bot/hook/cmake_prefix_path.sh'
[4.613s] Level 1:colcon.colcon_core.environment:checking '/home/srinjoy/hb_task2_ws/install/hb_bot/bin'
[4.613s] Level 1:colcon.colcon_core.environment:checking '/home/srinjoy/hb_task2_ws/install/hb_bot/lib/pkgconfig/hb_bot.pc'
[4.613s] Level 1:colcon.colcon_core.environment:checking '/home/srinjoy/hb_task2_ws/install/hb_bot/lib/python3.10/site-packages'
[4.614s] Level 1:colcon.colcon_core.environment:checking '/home/srinjoy/hb_task2_ws/install/hb_bot/bin'
[4.630s] INFO:colcon.colcon_core.shell:Creating package script '/home/srinjoy/hb_task2_ws/install/hb_bot/share/hb_bot/package.ps1'
[4.630s] INFO:colcon.colcon_core.shell:Creating package descriptor '/home/srinjoy/hb_task2_ws/install/hb_bot/share/hb_bot/package.dsv'
[4.631s] INFO:colcon.colcon_core.shell:Creating package script '/home/srinjoy/hb_task2_ws/install/hb_bot/share/hb_bot/package.sh'
[4.631s] INFO:colcon.colcon_core.shell:Creating package script '/home/srinjoy/hb_task2_ws/install/hb_bot/share/hb_bot/package.bash'
[4.631s] INFO:colcon.colcon_core.shell:Creating package script '/home/srinjoy/hb_task2_ws/install/hb_bot/share/hb_bot/package.zsh'
[4.631s] Level 1:colcon.colcon_core.environment:create_file_with_runtime_dependencies(/home/srinjoy/hb_task2_ws/install/hb_bot/share/colcon-core/packages/hb_bot)
[4.714s] Level 1:colcon.colcon_core.environment:create_environment_scripts_only(hb_bot)
[4.729s] Level 1:colcon.colcon_core.environment:checking '/home/srinjoy/hb_task2_ws/install/hb_bot' for CMake module files
[4.730s] Level 1:colcon.colcon_core.environment:checking '/home/srinjoy/hb_task2_ws/install/hb_bot' for CMake config files
[4.730s] Level 1:colcon.colcon_core.shell:create_environment_hook('hb_bot', 'cmake_prefix_path')
[4.745s] INFO:colcon.colcon_core.shell:Creating environment hook '/home/srinjoy/hb_task2_ws/install/hb_bot/share/hb_bot/hook/cmake_prefix_path.ps1'
[4.746s] INFO:colcon.colcon_core.shell:Creating environment descriptor '/home/srinjoy/hb_task2_ws/install/hb_bot/share/hb_bot/hook/cmake_prefix_path.dsv'
[4.746s] INFO:colcon.colcon_core.shell:Creating environment hook '/home/srinjoy/hb_task2_ws/install/hb_bot/share/hb_bot/hook/cmake_prefix_path.sh'
[4.747s] Level 1:colcon.colcon_core.environment:checking '/home/srinjoy/hb_task2_ws/install/hb_bot/bin'
[4.747s] Level 1:colcon.colcon_core.environment:checking '/home/srinjoy/hb_task2_ws/install/hb_bot/lib/pkgconfig/hb_bot.pc'
[4.747s] Level 1:colcon.colcon_core.environment:checking '/home/srinjoy/hb_task2_ws/install/hb_bot/lib/python3.10/site-packages'
[4.747s] Level 1:colcon.colcon_core.environment:checking '/home/srinjoy/hb_task2_ws/install/hb_bot/bin'
[4.763s] INFO:colcon.colcon_core.shell:Creating package script '/home/srinjoy/hb_task2_ws/install/hb_bot/share/hb_bot/package.ps1'
[4.764s] INFO:colcon.colcon_core.shell:Creating package descriptor '/home/srinjoy/hb_task2_ws/install/hb_bot/share/hb_bot/package.dsv'
[4.764s] INFO:colcon.colcon_core.shell:Creating package script '/home/srinjoy/hb_task2_ws/install/hb_bot/share/hb_bot/package.sh'
[4.764s] INFO:colcon.colcon_core.shell:Creating package script '/home/srinjoy/hb_task2_ws/install/hb_bot/share/hb_bot/package.bash'
[4.764s] INFO:colcon.colcon_core.shell:Creating package script '/home/srinjoy/hb_task2_ws/install/hb_bot/share/hb_bot/package.zsh'
[4.765s] Level 1:colcon.colcon_core.environment:create_file_with_runtime_dependencies(/home/srinjoy/hb_task2_ws/install/hb_bot/share/colcon-core/packages/hb_bot)
[4.999s] DEBUG:colcon.colcon_core.event_handler.log_command:Invoked command in '/home/srinjoy/hb_task2_ws/build/hb_world' returned '0': CMAKE_PREFIX_PATH=${CMAKE_PREFIX_PATH}:/home/srinjoy/ws_moveit/install/moveit_configs_utils:/opt/ros/humble /home/srinjoy/.local/bin/cmake /home/srinjoy/hb_task2_ws/src/eYRC-2023_Hologlyph_Bots/hb_world -DCMAKE_INSTALL_PREFIX=/home/srinjoy/hb_task2_ws/install/hb_world
[5.000s] DEBUG:colcon.colcon_core.event_handler.log_command:Invoking command in '/home/srinjoy/hb_task2_ws/build/hb_world': CMAKE_PREFIX_PATH=${CMAKE_PREFIX_PATH}:/home/srinjoy/ws_moveit/install/moveit_configs_utils:/opt/ros/humble /home/srinjoy/.local/bin/cmake --build /home/srinjoy/hb_task2_ws/build/hb_world -- -j12 -l12
[5.054s] DEBUG:colcon.colcon_core.event_handler.log_command:Invoked command in '/home/srinjoy/hb_task2_ws/build/hb_world' returned '0': CMAKE_PREFIX_PATH=${CMAKE_PREFIX_PATH}:/home/srinjoy/ws_moveit/install/moveit_configs_utils:/opt/ros/humble /home/srinjoy/.local/bin/cmake --build /home/srinjoy/hb_task2_ws/build/hb_world -- -j12 -l12
[5.116s] DEBUG:colcon.colcon_core.event_handler.log_command:Invoking command in '/home/srinjoy/hb_task2_ws/build/hb_world': CMAKE_PREFIX_PATH=${CMAKE_PREFIX_PATH}:/home/srinjoy/ws_moveit/install/moveit_configs_utils:/opt/ros/humble /home/srinjoy/.local/bin/cmake --install /home/srinjoy/hb_task2_ws/build/hb_world
[5.152s] Level 1:colcon.colcon_core.environment:create_environment_scripts_only(hb_world)
[5.153s] DEBUG:colcon.colcon_core.event_handler.log_command:Invoked command in '/home/srinjoy/hb_task2_ws/build/hb_world' returned '0': CMAKE_PREFIX_PATH=${CMAKE_PREFIX_PATH}:/home/srinjoy/ws_moveit/install/moveit_configs_utils:/opt/ros/humble /home/srinjoy/.local/bin/cmake --install /home/srinjoy/hb_task2_ws/build/hb_world
[5.168s] Level 1:colcon.colcon_core.environment:checking '/home/srinjoy/hb_task2_ws/install/hb_world' for CMake module files
[5.169s] Level 1:colcon.colcon_core.environment:checking '/home/srinjoy/hb_task2_ws/install/hb_world' for CMake config files
[5.169s] Level 1:colcon.colcon_core.shell:create_environment_hook('hb_world', 'cmake_prefix_path')
[5.184s] INFO:colcon.colcon_core.shell:Creating environment hook '/home/srinjoy/hb_task2_ws/install/hb_world/share/hb_world/hook/cmake_prefix_path.ps1'
[5.184s] INFO:colcon.colcon_core.shell:Creating environment descriptor '/home/srinjoy/hb_task2_ws/install/hb_world/share/hb_world/hook/cmake_prefix_path.dsv'
[5.185s] INFO:colcon.colcon_core.shell:Creating environment hook '/home/srinjoy/hb_task2_ws/install/hb_world/share/hb_world/hook/cmake_prefix_path.sh'
[5.185s] Level 1:colcon.colcon_core.environment:checking '/home/srinjoy/hb_task2_ws/install/hb_world/bin'
[5.185s] Level 1:colcon.colcon_core.environment:checking '/home/srinjoy/hb_task2_ws/install/hb_world/lib/pkgconfig/hb_world.pc'
[5.185s] Level 1:colcon.colcon_core.environment:checking '/home/srinjoy/hb_task2_ws/install/hb_world/lib/python3.10/site-packages'
[5.185s] Level 1:colcon.colcon_core.environment:checking '/home/srinjoy/hb_task2_ws/install/hb_world/bin'
[5.200s] INFO:colcon.colcon_core.shell:Creating package script '/home/srinjoy/hb_task2_ws/install/hb_world/share/hb_world/package.ps1'
[5.201s] INFO:colcon.colcon_core.shell:Creating package descriptor '/home/srinjoy/hb_task2_ws/install/hb_world/share/hb_world/package.dsv'
[5.201s] INFO:colcon.colcon_core.shell:Creating package script '/home/srinjoy/hb_task2_ws/install/hb_world/share/hb_world/package.sh'
[5.201s] INFO:colcon.colcon_core.shell:Creating package script '/home/srinjoy/hb_task2_ws/install/hb_world/share/hb_world/package.bash'
[5.202s] INFO:colcon.colcon_core.shell:Creating package script '/home/srinjoy/hb_task2_ws/install/hb_world/share/hb_world/package.zsh'
[5.202s] Level 1:colcon.colcon_core.environment:create_file_with_runtime_dependencies(/home/srinjoy/hb_task2_ws/install/hb_world/share/colcon-core/packages/hb_world)
[5.278s] Level 1:colcon.colcon_core.environment:create_environment_scripts_only(hb_world)
[5.293s] Level 1:colcon.colcon_core.environment:checking '/home/srinjoy/hb_task2_ws/install/hb_world' for CMake module files
[5.293s] Level 1:colcon.colcon_core.environment:checking '/home/srinjoy/hb_task2_ws/install/hb_world' for CMake config files
[5.293s] Level 1:colcon.colcon_core.shell:create_environment_hook('hb_world', 'cmake_prefix_path')
[5.308s] INFO:colcon.colcon_core.shell:Creating environment hook '/home/srinjoy/hb_task2_ws/install/hb_world/share/hb_world/hook/cmake_prefix_path.ps1'
[5.309s] INFO:colcon.colcon_core.shell:Creating environment descriptor '/home/srinjoy/hb_task2_ws/install/hb_world/share/hb_world/hook/cmake_prefix_path.dsv'
[5.309s] INFO:colcon.colcon_core.shell:Creating environment hook '/home/srinjoy/hb_task2_ws/install/hb_world/share/hb_world/hook/cmake_prefix_path.sh'
[5.310s] Level 1:colcon.colcon_core.environment:checking '/home/srinjoy/hb_task2_ws/install/hb_world/bin'
[5.310s] Level 1:colcon.colcon_core.environment:checking '/home/srinjoy/hb_task2_ws/install/hb_world/lib/pkgconfig/hb_world.pc'
[5.310s] Level 1:colcon.colcon_core.environment:checking '/home/srinjoy/hb_task2_ws/install/hb_world/lib/python3.10/site-packages'
[5.310s] Level 1:colcon.colcon_core.environment:checking '/home/srinjoy/hb_task2_ws/install/hb_world/bin'
[5.326s] INFO:colcon.colcon_core.shell:Creating package script '/home/srinjoy/hb_task2_ws/install/hb_world/share/hb_world/package.ps1'
[5.327s] INFO:colcon.colcon_core.shell:Creating package descriptor '/home/srinjoy/hb_task2_ws/install/hb_world/share/hb_world/package.dsv'
[5.327s] INFO:colcon.colcon_core.shell:Creating package script '/home/srinjoy/hb_task2_ws/install/hb_world/share/hb_world/package.sh'
[5.327s] INFO:colcon.colcon_core.shell:Creating package script '/home/srinjoy/hb_task2_ws/install/hb_world/share/hb_world/package.bash'
[5.328s] INFO:colcon.colcon_core.shell:Creating package script '/home/srinjoy/hb_task2_ws/install/hb_world/share/hb_world/package.zsh'
[5.328s] Level 1:colcon.colcon_core.environment:create_file_with_runtime_dependencies(/home/srinjoy/hb_task2_ws/install/hb_world/share/colcon-core/packages/hb_world)
[5.648s] DEBUG:colcon.colcon_core.event_handler.log_command:Invoked command in '/home/srinjoy/hb_task2_ws/build/my_robot_interfaces' returned '0': CMAKE_PREFIX_PATH=${CMAKE_PREFIX_PATH}:/home/srinjoy/ws_moveit/install/moveit_configs_utils:/opt/ros/humble /home/srinjoy/.local/bin/cmake /home/srinjoy/hb_task2_ws/src/eYRC-2023_Hologlyph_Bots/my_robot_interfaces -DCMAKE_INSTALL_PREFIX=/home/srinjoy/hb_task2_ws/install/my_robot_interfaces
[5.650s] DEBUG:colcon.colcon_core.event_handler.log_command:Invoking command in '/home/srinjoy/hb_task2_ws/build/my_robot_interfaces': CMAKE_PREFIX_PATH=${CMAKE_PREFIX_PATH}:/home/srinjoy/ws_moveit/install/moveit_configs_utils:/opt/ros/humble /home/srinjoy/.local/bin/cmake --build /home/srinjoy/hb_task2_ws/build/my_robot_interfaces -- -j12 -l12
[7.992s] DEBUG:colcon.colcon_core.event_handler.log_command:Invoked command in '/home/srinjoy/hb_task2_ws/build/my_robot_interfaces' returned '0': CMAKE_PREFIX_PATH=${CMAKE_PREFIX_PATH}:/home/srinjoy/ws_moveit/install/moveit_configs_utils:/opt/ros/humble /home/srinjoy/.local/bin/cmake --build /home/srinjoy/hb_task2_ws/build/my_robot_interfaces -- -j12 -l12
[8.239s] DEBUG:colcon.colcon_core.event_handler.log_command:Invoking command in '/home/srinjoy/hb_task2_ws/build/my_robot_interfaces': CMAKE_PREFIX_PATH=${CMAKE_PREFIX_PATH}:/home/srinjoy/ws_moveit/install/moveit_configs_utils:/opt/ros/humble /home/srinjoy/.local/bin/cmake --install /home/srinjoy/hb_task2_ws/build/my_robot_interfaces
[8.334s] Level 1:colcon.colcon_core.environment:create_environment_scripts_only(my_robot_interfaces)
[8.335s] DEBUG:colcon.colcon_core.event_handler.log_command:Invoked command in '/home/srinjoy/hb_task2_ws/build/my_robot_interfaces' returned '0': CMAKE_PREFIX_PATH=${CMAKE_PREFIX_PATH}:/home/srinjoy/ws_moveit/install/moveit_configs_utils:/opt/ros/humble /home/srinjoy/.local/bin/cmake --install /home/srinjoy/hb_task2_ws/build/my_robot_interfaces
[8.376s] Level 1:colcon.colcon_core.environment:checking '/home/srinjoy/hb_task2_ws/install/my_robot_interfaces' for CMake module files
[8.377s] Level 1:colcon.colcon_core.environment:checking '/home/srinjoy/hb_task2_ws/install/my_robot_interfaces' for CMake config files
[8.377s] Level 1:colcon.colcon_core.shell:create_environment_hook('my_robot_interfaces', 'cmake_prefix_path')
[8.392s] INFO:colcon.colcon_core.shell:Creating environment hook '/home/srinjoy/hb_task2_ws/install/my_robot_interfaces/share/my_robot_interfaces/hook/cmake_prefix_path.ps1'
[8.392s] INFO:colcon.colcon_core.shell:Creating environment descriptor '/home/srinjoy/hb_task2_ws/install/my_robot_interfaces/share/my_robot_interfaces/hook/cmake_prefix_path.dsv'
[8.393s] INFO:colcon.colcon_core.shell:Creating environment hook '/home/srinjoy/hb_task2_ws/install/my_robot_interfaces/share/my_robot_interfaces/hook/cmake_prefix_path.sh'
[8.393s] Level 1:colcon.colcon_core.environment:checking '/home/srinjoy/hb_task2_ws/install/my_robot_interfaces/lib'
[8.393s] Level 1:colcon.colcon_core.shell:create_environment_hook('my_robot_interfaces', 'ld_library_path_lib')
[8.408s] INFO:colcon.colcon_core.shell:Creating environment hook '/home/srinjoy/hb_task2_ws/install/my_robot_interfaces/share/my_robot_interfaces/hook/ld_library_path_lib.ps1'
[8.409s] INFO:colcon.colcon_core.shell:Creating environment descriptor '/home/srinjoy/hb_task2_ws/install/my_robot_interfaces/share/my_robot_interfaces/hook/ld_library_path_lib.dsv'
[8.409s] INFO:colcon.colcon_core.shell:Creating environment hook '/home/srinjoy/hb_task2_ws/install/my_robot_interfaces/share/my_robot_interfaces/hook/ld_library_path_lib.sh'
[8.409s] Level 1:colcon.colcon_core.environment:checking '/home/srinjoy/hb_task2_ws/install/my_robot_interfaces/bin'
[8.409s] Level 1:colcon.colcon_core.environment:checking '/home/srinjoy/hb_task2_ws/install/my_robot_interfaces/lib/pkgconfig/my_robot_interfaces.pc'
[8.409s] Level 1:colcon.colcon_core.environment:checking '/home/srinjoy/hb_task2_ws/install/my_robot_interfaces/lib/python3.10/site-packages'
[8.409s] Level 1:colcon.colcon_core.environment:checking '/home/srinjoy/hb_task2_ws/install/my_robot_interfaces/bin'
[8.426s] INFO:colcon.colcon_core.shell:Creating package script '/home/srinjoy/hb_task2_ws/install/my_robot_interfaces/share/my_robot_interfaces/package.ps1'
[8.426s] INFO:colcon.colcon_core.shell:Creating package descriptor '/home/srinjoy/hb_task2_ws/install/my_robot_interfaces/share/my_robot_interfaces/package.dsv'
[8.427s] INFO:colcon.colcon_core.shell:Creating package script '/home/srinjoy/hb_task2_ws/install/my_robot_interfaces/share/my_robot_interfaces/package.sh'
[8.427s] INFO:colcon.colcon_core.shell:Creating package script '/home/srinjoy/hb_task2_ws/install/my_robot_interfaces/share/my_robot_interfaces/package.bash'
[8.427s] INFO:colcon.colcon_core.shell:Creating package script '/home/srinjoy/hb_task2_ws/install/my_robot_interfaces/share/my_robot_interfaces/package.zsh'
[8.427s] Level 1:colcon.colcon_core.environment:create_file_with_runtime_dependencies(/home/srinjoy/hb_task2_ws/install/my_robot_interfaces/share/colcon-core/packages/my_robot_interfaces)
[8.705s] Level 1:colcon.colcon_core.environment:create_environment_scripts_only(my_robot_interfaces)
[8.721s] Level 1:colcon.colcon_core.environment:checking '/home/srinjoy/hb_task2_ws/install/my_robot_interfaces' for CMake module files
[8.722s] Level 1:colcon.colcon_core.environment:checking '/home/srinjoy/hb_task2_ws/install/my_robot_interfaces' for CMake config files
[8.722s] Level 1:colcon.colcon_core.shell:create_environment_hook('my_robot_interfaces', 'cmake_prefix_path')
[8.738s] INFO:colcon.colcon_core.shell:Creating environment hook '/home/srinjoy/hb_task2_ws/install/my_robot_interfaces/share/my_robot_interfaces/hook/cmake_prefix_path.ps1'
[8.739s] INFO:colcon.colcon_core.shell:Creating environment descriptor '/home/srinjoy/hb_task2_ws/install/my_robot_interfaces/share/my_robot_interfaces/hook/cmake_prefix_path.dsv'
[8.739s] INFO:colcon.colcon_core.shell:Creating environment hook '/home/srinjoy/hb_task2_ws/install/my_robot_interfaces/share/my_robot_interfaces/hook/cmake_prefix_path.sh'
[8.739s] Level 1:colcon.colcon_core.environment:checking '/home/srinjoy/hb_task2_ws/install/my_robot_interfaces/lib'
[8.739s] Level 1:colcon.colcon_core.shell:create_environment_hook('my_robot_interfaces', 'ld_library_path_lib')
[8.755s] INFO:colcon.colcon_core.shell:Creating environment hook '/home/srinjoy/hb_task2_ws/install/my_robot_interfaces/share/my_robot_interfaces/hook/ld_library_path_lib.ps1'
[8.755s] INFO:colcon.colcon_core.shell:Creating environment descriptor '/home/srinjoy/hb_task2_ws/install/my_robot_interfaces/share/my_robot_interfaces/hook/ld_library_path_lib.dsv'
[8.755s] INFO:colcon.colcon_core.shell:Creating environment hook '/home/srinjoy/hb_task2_ws/install/my_robot_interfaces/share/my_robot_interfaces/hook/ld_library_path_lib.sh'
[8.756s] Level 1:colcon.colcon_core.environment:checking '/home/srinjoy/hb_task2_ws/install/my_robot_interfaces/bin'
[8.756s] Level 1:colcon.colcon_core.environment:checking '/home/srinjoy/hb_task2_ws/install/my_robot_interfaces/lib/pkgconfig/my_robot_interfaces.pc'
[8.756s] Level 1:colcon.colcon_core.environment:checking '/home/srinjoy/hb_task2_ws/install/my_robot_interfaces/lib/python3.10/site-packages'
[8.756s] Level 1:colcon.colcon_core.environment:checking '/home/srinjoy/hb_task2_ws/install/my_robot_interfaces/bin'
[8.771s] INFO:colcon.colcon_core.shell:Creating package script '/home/srinjoy/hb_task2_ws/install/my_robot_interfaces/share/my_robot_interfaces/package.ps1'
[8.772s] INFO:colcon.colcon_core.shell:Creating package descriptor '/home/srinjoy/hb_task2_ws/install/my_robot_interfaces/share/my_robot_interfaces/package.dsv'
[8.772s] INFO:colcon.colcon_core.shell:Creating package script '/home/srinjoy/hb_task2_ws/install/my_robot_interfaces/share/my_robot_interfaces/package.sh'
[8.773s] INFO:colcon.colcon_core.shell:Creating package script '/home/srinjoy/hb_task2_ws/install/my_robot_interfaces/share/my_robot_interfaces/package.bash'
[8.773s] INFO:colcon.colcon_core.shell:Creating package script '/home/srinjoy/hb_task2_ws/install/my_robot_interfaces/share/my_robot_interfaces/package.zsh'
[8.773s] Level 1:colcon.colcon_core.environment:create_file_with_runtime_dependencies(/home/srinjoy/hb_task2_ws/install/my_robot_interfaces/share/colcon-core/packages/my_robot_interfaces)
[8.773s] DEBUG:colcon.colcon_parallel_executor.executor.parallel:closing loop
[8.774s] DEBUG:colcon.colcon_parallel_executor.executor.parallel:loop closed
[8.774s] DEBUG:colcon.colcon_parallel_executor.executor.parallel:run_until_complete finished with '0'
[8.774s] DEBUG:colcon.colcon_core.event_reactor:joining thread
[8.795s] INFO:colcon.colcon_core.plugin_system:Skipping extension 'colcon_notification.desktop_notification.terminal_notifier': Not used on non-Darwin systems
[8.795s] INFO:colcon.colcon_core.plugin_system:Skipping extension 'colcon_notification.desktop_notification.win32': Not used on non-Windows systems
[8.795s] INFO:colcon.colcon_notification.desktop_notification:Sending desktop notification using 'notify2'
[8.816s] DEBUG:colcon.colcon_core.event_reactor:joined thread
[8.833s] INFO:colcon.colcon_core.shell:Creating prefix script '/home/srinjoy/hb_task2_ws/install/local_setup.ps1'
[8.833s] INFO:colcon.colcon_core.shell:Creating prefix util module '/home/srinjoy/hb_task2_ws/install/_local_setup_util_ps1.py'
[8.834s] INFO:colcon.colcon_core.shell:Creating prefix chain script '/home/srinjoy/hb_task2_ws/install/setup.ps1'
[8.852s] INFO:colcon.colcon_core.shell:Creating prefix script '/home/srinjoy/hb_task2_ws/install/local_setup.sh'
[8.852s] INFO:colcon.colcon_core.shell:Creating prefix util module '/home/srinjoy/hb_task2_ws/install/_local_setup_util_sh.py'
[8.853s] INFO:colcon.colcon_core.shell:Creating prefix chain script '/home/srinjoy/hb_task2_ws/install/setup.sh'
[8.869s] INFO:colcon.colcon_core.shell:Creating prefix script '/home/srinjoy/hb_task2_ws/install/local_setup.bash'
[8.870s] INFO:colcon.colcon_core.shell:Creating prefix chain script '/home/srinjoy/hb_task2_ws/install/setup.bash'
[8.887s] INFO:colcon.colcon_core.shell:Creating prefix script '/home/srinjoy/hb_task2_ws/install/local_setup.zsh'
[8.887s] INFO:colcon.colcon_core.shell:Creating prefix chain script '/home/srinjoy/hb_task2_ws/install/setup.zsh'
