[1.328s] Invoking command in '/home/srinjoy/hb_task2_ws/src/eYRC-2023_Hologlyph_Bots/hb_task2b': PYTHONPATH=/home/srinjoy/hb_task2_ws/build/hb_task2b/prefix_override:/home/srinjoy/hb_task2_ws/install/hb_task2b/lib/python3.10/site-packages:${PYTHONPATH} /usr/bin/python3 setup.py egg_info --egg-base ../../../build/hb_task2b build --build-base /home/srinjoy/hb_task2_ws/build/hb_task2b/build install --record /home/srinjoy/hb_task2_ws/build/hb_task2b/install.log --single-version-externally-managed
[1.551s] running egg_info
[1.552s] writing ../../../build/hb_task2b/hb_task2b.egg-info/PKG-INFO
[1.552s] writing dependency_links to ../../../build/hb_task2b/hb_task2b.egg-info/dependency_links.txt
[1.552s] writing entry points to ../../../build/hb_task2b/hb_task2b.egg-info/entry_points.txt
[1.552s] writing requirements to ../../../build/hb_task2b/hb_task2b.egg-info/requires.txt
[1.553s] writing top-level names to ../../../build/hb_task2b/hb_task2b.egg-info/top_level.txt
[1.554s] reading manifest file '../../../build/hb_task2b/hb_task2b.egg-info/SOURCES.txt'
[1.555s] writing manifest file '../../../build/hb_task2b/hb_task2b.egg-info/SOURCES.txt'
[1.555s] running build
[1.555s] running build_py
[1.555s] running install
[1.556s] /usr/lib/python3/dist-packages/setuptools/command/install.py:34: SetuptoolsDeprecationWarning: setup.py install is deprecated. Use build and pip and other standards-based tools.
[1.556s]   warnings.warn(
[1.556s] running install_lib
[1.557s] running install_data
[1.557s] running install_egg_info
[1.559s] removing '/home/srinjoy/hb_task2_ws/install/hb_task2b/lib/python3.10/site-packages/hb_task2b-0.0.0-py3.10.egg-info' (and everything under it)
[1.559s] Copying ../../../build/hb_task2b/hb_task2b.egg-info to /home/srinjoy/hb_task2_ws/install/hb_task2b/lib/python3.10/site-packages/hb_task2b-0.0.0-py3.10.egg-info
[1.560s] running install_scripts
[1.578s] Installing controller script to /home/srinjoy/hb_task2_ws/install/hb_task2b/lib/hb_task2b
[1.579s] Installing nextgoalpub script to /home/srinjoy/hb_task2_ws/install/hb_task2b/lib/hb_task2b
[1.579s] writing list of installed files to '/home/srinjoy/hb_task2_ws/build/hb_task2b/install.log'
[1.620s] Invoked command in '/home/srinjoy/hb_task2_ws/src/eYRC-2023_Hologlyph_Bots/hb_task2b' returned '0': PYTHONPATH=/home/srinjoy/hb_task2_ws/build/hb_task2b/prefix_override:/home/srinjoy/hb_task2_ws/install/hb_task2b/lib/python3.10/site-packages:${PYTHONPATH} /usr/bin/python3 setup.py egg_info --egg-base ../../../build/hb_task2b build --build-base /home/srinjoy/hb_task2_ws/build/hb_task2b/build install --record /home/srinjoy/hb_task2_ws/build/hb_task2b/install.log --single-version-externally-managed
